[0.987s] Invoking command in '/home/sulieman/quadrotor_target_tracking/src/robots_description': PYTHONPATH=/home/sulieman/quadrotor_target_tracking/build/robots_description/prefix_override:/home/sulieman/quadrotor_target_tracking/install/robots_description/lib/python3.10/site-packages:${PYTHONPATH} /usr/bin/python3 setup.py egg_info --egg-base ../../build/robots_description build --build-base /home/sulieman/quadrotor_target_tracking/build/robots_description/build install --record /home/sulieman/quadrotor_target_tracking/build/robots_description/install.log --single-version-externally-managed
[1.149s] running egg_info
[1.151s] creating ../../build/robots_description/robots_description.egg-info
[1.165s] writing ../../build/robots_description/robots_description.egg-info/PKG-INFO
[1.165s] writing dependency_links to ../../build/robots_description/robots_description.egg-info/dependency_links.txt
[1.165s] writing requirements to ../../build/robots_description/robots_description.egg-info/requires.txt
[1.165s] writing top-level names to ../../build/robots_description/robots_description.egg-info/top_level.txt
[1.252s] writing manifest file '../../build/robots_description/robots_description.egg-info/SOURCES.txt'
[1.278s] reading manifest file '../../build/robots_description/robots_description.egg-info/SOURCES.txt'
[1.279s] writing manifest file '../../build/robots_description/robots_description.egg-info/SOURCES.txt'
[1.279s] running build
[1.279s] running build_py
[1.279s] creating /home/sulieman/quadrotor_target_tracking/build/robots_description/build
[1.279s] creating /home/sulieman/quadrotor_target_tracking/build/robots_description/build/lib
[1.279s] creating /home/sulieman/quadrotor_target_tracking/build/robots_description/build/lib/robots_description
[1.279s] copying robots_description/__init__.py -> /home/sulieman/quadrotor_target_tracking/build/robots_description/build/lib/robots_description
[1.279s] running install
[1.279s] /home/sulieman/.local/lib/python3.10/site-packages/setuptools/_distutils/cmd.py:66: SetuptoolsDeprecationWarning: setup.py install is deprecated.
[1.279s] !!
[1.279s] 
[1.279s]         ********************************************************************************
[1.279s]         Please avoid running ``setup.py`` directly.
[1.280s]         Instead, use pypa/build, pypa/installer or other
[1.280s]         standards-based tools.
[1.280s] 
[1.280s]         See https://blog.ganssle.io/articles/2021/10/setup-py-deprecated.html for details.
[1.280s]         ********************************************************************************
[1.280s] 
[1.280s] !!
[1.280s]   self.initialize_options()
[1.283s] running install_lib
[1.295s] creating /home/sulieman/quadrotor_target_tracking/install/robots_description/lib/python3.10/site-packages/robots_description
[1.295s] copying /home/sulieman/quadrotor_target_tracking/build/robots_description/build/lib/robots_description/__init__.py -> /home/sulieman/quadrotor_target_tracking/install/robots_description/lib/python3.10/site-packages/robots_description
[1.295s] byte-compiling /home/sulieman/quadrotor_target_tracking/install/robots_description/lib/python3.10/site-packages/robots_description/__init__.py to __init__.cpython-310.pyc
[1.296s] running install_data
[1.308s] creating /home/sulieman/quadrotor_target_tracking/install/robots_description/share/ament_index
[1.308s] creating /home/sulieman/quadrotor_target_tracking/install/robots_description/share/ament_index/resource_index
[1.308s] creating /home/sulieman/quadrotor_target_tracking/install/robots_description/share/ament_index/resource_index/packages
[1.308s] copying resource/robots_description -> /home/sulieman/quadrotor_target_tracking/install/robots_description/share/ament_index/resource_index/packages
[1.308s] copying package.xml -> /home/sulieman/quadrotor_target_tracking/install/robots_description/share/robots_description
[1.309s] creating /home/sulieman/quadrotor_target_tracking/install/robots_description/share/robots_description/robots
[1.309s] copying robots/ground_robot.xacro -> /home/sulieman/quadrotor_target_tracking/install/robots_description/share/robots_description/robots
[1.309s] copying robots/dji_m100.xacro -> /home/sulieman/quadrotor_target_tracking/install/robots_description/share/robots_description/robots
[1.309s] creating /home/sulieman/quadrotor_target_tracking/install/robots_description/share/robots_description/meshes
[1.309s] copying meshes/dji_m100.dae -> /home/sulieman/quadrotor_target_tracking/install/robots_description/share/robots_description/meshes
[1.315s] copying meshes/Marker0.obj -> /home/sulieman/quadrotor_target_tracking/install/robots_description/share/robots_description/meshes
[1.316s] copying meshes/Marker0.jpeg -> /home/sulieman/quadrotor_target_tracking/install/robots_description/share/robots_description/meshes
[1.316s] copying meshes/Marker0.mtl -> /home/sulieman/quadrotor_target_tracking/install/robots_description/share/robots_description/meshes
[1.316s] creating /home/sulieman/quadrotor_target_tracking/install/robots_description/share/robots_description/config
[1.316s] copying config/dji_m100_params.yaml -> /home/sulieman/quadrotor_target_tracking/install/robots_description/share/robots_description/config
[1.316s] running install_egg_info
[1.329s] Copying ../../build/robots_description/robots_description.egg-info to /home/sulieman/quadrotor_target_tracking/install/robots_description/lib/python3.10/site-packages/robots_description-0.0.0-py3.10.egg-info
[1.329s] running install_scripts
[1.366s] writing list of installed files to '/home/sulieman/quadrotor_target_tracking/build/robots_description/install.log'
