[0.705s] DEBUG:colcon:Command line arguments: ['/usr/bin/colcon', 'build']
[0.706s] DEBUG:colcon:Parsed command line arguments: Namespace(log_base=None, log_level=None, verb_name='build', build_base='build', install_base='install', merge_install=False, symlink_install=False, test_result_base=None, continue_on_error=False, executor='parallel', parallel_workers=16, event_handlers=None, ignore_user_meta=False, metas=['./colcon.meta'], base_paths=['.'], packages_ignore=None, packages_ignore_regex=None, paths=None, packages_up_to=None, packages_up_to_regex=None, packages_above=None, packages_above_and_dependencies=None, packages_above_depth=None, packages_select_by_dep=None, packages_skip_by_dep=None, packages_skip_up_to=None, packages_select_build_failed=False, packages_skip_build_finished=False, packages_select_test_failures=False, packages_skip_test_passed=False, packages_select=None, packages_skip=None, packages_select_regex=None, packages_skip_regex=None, packages_start=None, packages_end=None, allow_overriding=[], cmake_args=None, cmake_target=None, cmake_target_skip_unavailable=False, cmake_clean_cache=False, cmake_clean_first=False, cmake_force_configure=False, ament_cmake_args=None, catkin_cmake_args=None, catkin_skip_building_tests=False, verb_parser=<colcon_defaults.argument_parser.defaults.DefaultArgumentsDecorator object at 0x7b37c46006a0>, verb_extension=<colcon_core.verb.build.BuildVerb object at 0x7b37c46001c0>, main=<bound method BuildVerb.main of <colcon_core.verb.build.BuildVerb object at 0x7b37c46001c0>>)
[0.741s] Level 1:colcon.colcon_core.package_discovery:discover_packages(colcon_meta) check parameters
[0.741s] Level 1:colcon.colcon_core.package_discovery:discover_packages(recursive) check parameters
[0.741s] Level 1:colcon.colcon_core.package_discovery:discover_packages(ignore) check parameters
[0.741s] Level 1:colcon.colcon_core.package_discovery:discover_packages(path) check parameters
[0.741s] Level 1:colcon.colcon_core.package_discovery:discover_packages(colcon_meta) discover
[0.741s] Level 1:colcon.colcon_core.package_discovery:discover_packages(recursive) discover
[0.741s] INFO:colcon.colcon_core.package_discovery:Crawling recursively for packages in '/home/sulieman/quadrotor_target_tracking'
[0.741s] Level 1:colcon.colcon_core.package_identification:_identify(.) by extensions ['ignore', 'ignore_ament_install']
[0.741s] Level 1:colcon.colcon_core.package_identification:_identify(.) by extension 'ignore'
[0.741s] Level 1:colcon.colcon_core.package_identification:_identify(.) by extension 'ignore_ament_install'
[0.741s] Level 1:colcon.colcon_core.package_identification:_identify(.) by extensions ['colcon_pkg']
[0.741s] Level 1:colcon.colcon_core.package_identification:_identify(.) by extension 'colcon_pkg'
[0.741s] Level 1:colcon.colcon_core.package_identification:_identify(.) by extensions ['colcon_meta']
[0.741s] Level 1:colcon.colcon_core.package_identification:_identify(.) by extension 'colcon_meta'
[0.741s] Level 1:colcon.colcon_core.package_identification:_identify(.) by extensions ['ros']
[0.742s] Level 1:colcon.colcon_core.package_identification:_identify(.) by extension 'ros'
[0.749s] Level 1:colcon.colcon_core.package_identification:_identify(.) by extensions ['cmake', 'python']
[0.749s] Level 1:colcon.colcon_core.package_identification:_identify(.) by extension 'cmake'
[0.749s] Level 1:colcon.colcon_core.package_identification:_identify(.) by extension 'python'
[0.749s] Level 1:colcon.colcon_core.package_identification:_identify(.) by extensions ['python_setup_py']
[0.749s] Level 1:colcon.colcon_core.package_identification:_identify(.) by extension 'python_setup_py'
[0.750s] Level 1:colcon.colcon_core.package_identification:_identify(build) by extensions ['ignore', 'ignore_ament_install']
[0.750s] Level 1:colcon.colcon_core.package_identification:_identify(build) by extension 'ignore'
[0.750s] Level 1:colcon.colcon_core.package_identification:_identify(build) ignored
[0.750s] Level 1:colcon.colcon_core.package_identification:_identify(install) by extensions ['ignore', 'ignore_ament_install']
[0.750s] Level 1:colcon.colcon_core.package_identification:_identify(install) by extension 'ignore'
[0.750s] Level 1:colcon.colcon_core.package_identification:_identify(install) ignored
[0.750s] Level 1:colcon.colcon_core.package_identification:_identify(log) by extensions ['ignore', 'ignore_ament_install']
[0.750s] Level 1:colcon.colcon_core.package_identification:_identify(log) by extension 'ignore'
[0.750s] Level 1:colcon.colcon_core.package_identification:_identify(log) ignored
[0.750s] Level 1:colcon.colcon_core.package_identification:_identify(src) by extensions ['ignore', 'ignore_ament_install']
[0.750s] Level 1:colcon.colcon_core.package_identification:_identify(src) by extension 'ignore'
[0.750s] Level 1:colcon.colcon_core.package_identification:_identify(src) by extension 'ignore_ament_install'
[0.750s] Level 1:colcon.colcon_core.package_identification:_identify(src) by extensions ['colcon_pkg']
[0.750s] Level 1:colcon.colcon_core.package_identification:_identify(src) by extension 'colcon_pkg'
[0.750s] Level 1:colcon.colcon_core.package_identification:_identify(src) by extensions ['colcon_meta']
[0.750s] Level 1:colcon.colcon_core.package_identification:_identify(src) by extension 'colcon_meta'
[0.750s] Level 1:colcon.colcon_core.package_identification:_identify(src) by extensions ['ros']
[0.750s] Level 1:colcon.colcon_core.package_identification:_identify(src) by extension 'ros'
[0.750s] Level 1:colcon.colcon_core.package_identification:_identify(src) by extensions ['cmake', 'python']
[0.750s] Level 1:colcon.colcon_core.package_identification:_identify(src) by extension 'cmake'
[0.750s] Level 1:colcon.colcon_core.package_identification:_identify(src) by extension 'python'
[0.750s] Level 1:colcon.colcon_core.package_identification:_identify(src) by extensions ['python_setup_py']
[0.750s] Level 1:colcon.colcon_core.package_identification:_identify(src) by extension 'python_setup_py'
[0.750s] Level 1:colcon.colcon_core.package_identification:_identify(src/custom_interfaces) by extensions ['ignore', 'ignore_ament_install']
[0.750s] Level 1:colcon.colcon_core.package_identification:_identify(src/custom_interfaces) by extension 'ignore'
[0.750s] Level 1:colcon.colcon_core.package_identification:_identify(src/custom_interfaces) by extension 'ignore_ament_install'
[0.750s] Level 1:colcon.colcon_core.package_identification:_identify(src/custom_interfaces) by extensions ['colcon_pkg']
[0.750s] Level 1:colcon.colcon_core.package_identification:_identify(src/custom_interfaces) by extension 'colcon_pkg'
[0.750s] Level 1:colcon.colcon_core.package_identification:_identify(src/custom_interfaces) by extensions ['colcon_meta']
[0.750s] Level 1:colcon.colcon_core.package_identification:_identify(src/custom_interfaces) by extension 'colcon_meta'
[0.750s] Level 1:colcon.colcon_core.package_identification:_identify(src/custom_interfaces) by extensions ['ros']
[0.750s] Level 1:colcon.colcon_core.package_identification:_identify(src/custom_interfaces) by extension 'ros'
[0.752s] DEBUG:colcon.colcon_core.package_identification:Package 'src/custom_interfaces' with type 'ros.ament_cmake' and name 'custom_interfaces'
[0.752s] Level 1:colcon.colcon_core.package_identification:_identify(src/ground_robot_control) by extensions ['ignore', 'ignore_ament_install']
[0.752s] Level 1:colcon.colcon_core.package_identification:_identify(src/ground_robot_control) by extension 'ignore'
[0.752s] Level 1:colcon.colcon_core.package_identification:_identify(src/ground_robot_control) by extension 'ignore_ament_install'
[0.752s] Level 1:colcon.colcon_core.package_identification:_identify(src/ground_robot_control) by extensions ['colcon_pkg']
[0.752s] Level 1:colcon.colcon_core.package_identification:_identify(src/ground_robot_control) by extension 'colcon_pkg'
[0.752s] Level 1:colcon.colcon_core.package_identification:_identify(src/ground_robot_control) by extensions ['colcon_meta']
[0.752s] Level 1:colcon.colcon_core.package_identification:_identify(src/ground_robot_control) by extension 'colcon_meta'
[0.752s] Level 1:colcon.colcon_core.package_identification:_identify(src/ground_robot_control) by extensions ['ros']
[0.752s] Level 1:colcon.colcon_core.package_identification:_identify(src/ground_robot_control) by extension 'ros'
[0.752s] DEBUG:colcon.colcon_core.package_identification:Package 'src/ground_robot_control' with type 'ros.ament_cmake' and name 'ground_robot_control'
[0.752s] Level 1:colcon.colcon_core.package_identification:_identify(src/quadrotor_control) by extensions ['ignore', 'ignore_ament_install']
[0.752s] Level 1:colcon.colcon_core.package_identification:_identify(src/quadrotor_control) by extension 'ignore'
[0.752s] Level 1:colcon.colcon_core.package_identification:_identify(src/quadrotor_control) by extension 'ignore_ament_install'
[0.752s] Level 1:colcon.colcon_core.package_identification:_identify(src/quadrotor_control) by extensions ['colcon_pkg']
[0.752s] Level 1:colcon.colcon_core.package_identification:_identify(src/quadrotor_control) by extension 'colcon_pkg'
[0.752s] Level 1:colcon.colcon_core.package_identification:_identify(src/quadrotor_control) by extensions ['colcon_meta']
[0.752s] Level 1:colcon.colcon_core.package_identification:_identify(src/quadrotor_control) by extension 'colcon_meta'
[0.752s] Level 1:colcon.colcon_core.package_identification:_identify(src/quadrotor_control) by extensions ['ros']
[0.752s] Level 1:colcon.colcon_core.package_identification:_identify(src/quadrotor_control) by extension 'ros'
[0.753s] DEBUG:colcon.colcon_core.package_identification:Package 'src/quadrotor_control' with type 'ros.ament_cmake' and name 'quadrotor_control'
[0.753s] Level 1:colcon.colcon_core.package_identification:_identify(src/robots_description) by extensions ['ignore', 'ignore_ament_install']
[0.753s] Level 1:colcon.colcon_core.package_identification:_identify(src/robots_description) by extension 'ignore'
[0.753s] Level 1:colcon.colcon_core.package_identification:_identify(src/robots_description) by extension 'ignore_ament_install'
[0.753s] Level 1:colcon.colcon_core.package_identification:_identify(src/robots_description) by extensions ['colcon_pkg']
[0.753s] Level 1:colcon.colcon_core.package_identification:_identify(src/robots_description) by extension 'colcon_pkg'
[0.753s] Level 1:colcon.colcon_core.package_identification:_identify(src/robots_description) by extensions ['colcon_meta']
[0.753s] Level 1:colcon.colcon_core.package_identification:_identify(src/robots_description) by extension 'colcon_meta'
[0.753s] Level 1:colcon.colcon_core.package_identification:_identify(src/robots_description) by extensions ['ros']
[0.753s] Level 1:colcon.colcon_core.package_identification:_identify(src/robots_description) by extension 'ros'
[0.753s] DEBUG:colcon.colcon_core.package_identification:Package 'src/robots_description' with type 'ros.ament_python' and name 'robots_description'
[0.753s] Level 1:colcon.colcon_core.package_identification:_identify(src/simulation) by extensions ['ignore', 'ignore_ament_install']
[0.753s] Level 1:colcon.colcon_core.package_identification:_identify(src/simulation) by extension 'ignore'
[0.753s] Level 1:colcon.colcon_core.package_identification:_identify(src/simulation) by extension 'ignore_ament_install'
[0.753s] Level 1:colcon.colcon_core.package_identification:_identify(src/simulation) by extensions ['colcon_pkg']
[0.753s] Level 1:colcon.colcon_core.package_identification:_identify(src/simulation) by extension 'colcon_pkg'
[0.753s] Level 1:colcon.colcon_core.package_identification:_identify(src/simulation) by extensions ['colcon_meta']
[0.753s] Level 1:colcon.colcon_core.package_identification:_identify(src/simulation) by extension 'colcon_meta'
[0.753s] Level 1:colcon.colcon_core.package_identification:_identify(src/simulation) by extensions ['ros']
[0.753s] Level 1:colcon.colcon_core.package_identification:_identify(src/simulation) by extension 'ros'
[0.754s] DEBUG:colcon.colcon_core.package_identification:Package 'src/simulation' with type 'ros.ament_python' and name 'simulation'
[0.754s] Level 1:colcon.colcon_core.package_discovery:discover_packages(recursive) using defaults
[0.754s] Level 1:colcon.colcon_core.package_discovery:discover_packages(ignore) discover
[0.754s] Level 1:colcon.colcon_core.package_discovery:discover_packages(ignore) using defaults
[0.754s] Level 1:colcon.colcon_core.package_discovery:discover_packages(path) discover
[0.754s] Level 1:colcon.colcon_core.package_discovery:discover_packages(path) using defaults
[0.828s] Level 1:colcon.colcon_core.package_discovery:discover_packages(prefix_path) check parameters
[0.828s] Level 1:colcon.colcon_core.package_discovery:discover_packages(prefix_path) discover
[0.850s] DEBUG:colcon.colcon_installed_package_information.package_discovery:Found 5 installed packages in /home/sulieman/quadrotor_target_tracking/install
[0.862s] DEBUG:colcon.colcon_installed_package_information.package_discovery:Found 363 installed packages in /opt/ros/humble
[0.863s] Level 1:colcon.colcon_core.package_discovery:discover_packages(prefix_path) using defaults
[0.914s] Level 5:colcon.colcon_core.verb:set package 'custom_interfaces' build argument 'cmake_args' from command line to 'None'
[0.914s] Level 5:colcon.colcon_core.verb:set package 'custom_interfaces' build argument 'cmake_target' from command line to 'None'
[0.914s] Level 5:colcon.colcon_core.verb:set package 'custom_interfaces' build argument 'cmake_target_skip_unavailable' from command line to 'False'
[0.914s] Level 5:colcon.colcon_core.verb:set package 'custom_interfaces' build argument 'cmake_clean_cache' from command line to 'False'
[0.914s] Level 5:colcon.colcon_core.verb:set package 'custom_interfaces' build argument 'cmake_clean_first' from command line to 'False'
[0.914s] Level 5:colcon.colcon_core.verb:set package 'custom_interfaces' build argument 'cmake_force_configure' from command line to 'False'
[0.914s] Level 5:colcon.colcon_core.verb:set package 'custom_interfaces' build argument 'ament_cmake_args' from command line to 'None'
[0.914s] Level 5:colcon.colcon_core.verb:set package 'custom_interfaces' build argument 'catkin_cmake_args' from command line to 'None'
[0.914s] Level 5:colcon.colcon_core.verb:set package 'custom_interfaces' build argument 'catkin_skip_building_tests' from command line to 'False'
[0.914s] DEBUG:colcon.colcon_core.verb:Building package 'custom_interfaces' with the following arguments: {'ament_cmake_args': None, 'build_base': '/home/sulieman/quadrotor_target_tracking/build/custom_interfaces', 'catkin_cmake_args': None, 'catkin_skip_building_tests': False, 'cmake_args': None, 'cmake_clean_cache': False, 'cmake_clean_first': False, 'cmake_force_configure': False, 'cmake_target': None, 'cmake_target_skip_unavailable': False, 'install_base': '/home/sulieman/quadrotor_target_tracking/install/custom_interfaces', 'merge_install': False, 'path': '/home/sulieman/quadrotor_target_tracking/src/custom_interfaces', 'symlink_install': False, 'test_result_base': None}
[0.925s] Level 5:colcon.colcon_core.verb:set package 'ground_robot_control' build argument 'cmake_args' from command line to 'None'
[0.925s] Level 5:colcon.colcon_core.verb:set package 'ground_robot_control' build argument 'cmake_target' from command line to 'None'
[0.925s] Level 5:colcon.colcon_core.verb:set package 'ground_robot_control' build argument 'cmake_target_skip_unavailable' from command line to 'False'
[0.925s] Level 5:colcon.colcon_core.verb:set package 'ground_robot_control' build argument 'cmake_clean_cache' from command line to 'False'
[0.925s] Level 5:colcon.colcon_core.verb:set package 'ground_robot_control' build argument 'cmake_clean_first' from command line to 'False'
[0.925s] Level 5:colcon.colcon_core.verb:set package 'ground_robot_control' build argument 'cmake_force_configure' from command line to 'False'
[0.925s] Level 5:colcon.colcon_core.verb:set package 'ground_robot_control' build argument 'ament_cmake_args' from command line to 'None'
[0.925s] Level 5:colcon.colcon_core.verb:set package 'ground_robot_control' build argument 'catkin_cmake_args' from command line to 'None'
[0.925s] Level 5:colcon.colcon_core.verb:set package 'ground_robot_control' build argument 'catkin_skip_building_tests' from command line to 'False'
[0.925s] DEBUG:colcon.colcon_core.verb:Building package 'ground_robot_control' with the following arguments: {'ament_cmake_args': None, 'build_base': '/home/sulieman/quadrotor_target_tracking/build/ground_robot_control', 'catkin_cmake_args': None, 'catkin_skip_building_tests': False, 'cmake_args': None, 'cmake_clean_cache': False, 'cmake_clean_first': False, 'cmake_force_configure': False, 'cmake_target': None, 'cmake_target_skip_unavailable': False, 'install_base': '/home/sulieman/quadrotor_target_tracking/install/ground_robot_control', 'merge_install': False, 'path': '/home/sulieman/quadrotor_target_tracking/src/ground_robot_control', 'symlink_install': False, 'test_result_base': None}
[0.936s] Level 5:colcon.colcon_core.verb:set package 'quadrotor_control' build argument 'cmake_args' from command line to 'None'
[0.936s] Level 5:colcon.colcon_core.verb:set package 'quadrotor_control' build argument 'cmake_target' from command line to 'None'
[0.936s] Level 5:colcon.colcon_core.verb:set package 'quadrotor_control' build argument 'cmake_target_skip_unavailable' from command line to 'False'
[0.936s] Level 5:colcon.colcon_core.verb:set package 'quadrotor_control' build argument 'cmake_clean_cache' from command line to 'False'
[0.936s] Level 5:colcon.colcon_core.verb:set package 'quadrotor_control' build argument 'cmake_clean_first' from command line to 'False'
[0.936s] Level 5:colcon.colcon_core.verb:set package 'quadrotor_control' build argument 'cmake_force_configure' from command line to 'False'
[0.936s] Level 5:colcon.colcon_core.verb:set package 'quadrotor_control' build argument 'ament_cmake_args' from command line to 'None'
[0.936s] Level 5:colcon.colcon_core.verb:set package 'quadrotor_control' build argument 'catkin_cmake_args' from command line to 'None'
[0.936s] Level 5:colcon.colcon_core.verb:set package 'quadrotor_control' build argument 'catkin_skip_building_tests' from command line to 'False'
[0.936s] DEBUG:colcon.colcon_core.verb:Building package 'quadrotor_control' with the following arguments: {'ament_cmake_args': None, 'build_base': '/home/sulieman/quadrotor_target_tracking/build/quadrotor_control', 'catkin_cmake_args': None, 'catkin_skip_building_tests': False, 'cmake_args': None, 'cmake_clean_cache': False, 'cmake_clean_first': False, 'cmake_force_configure': False, 'cmake_target': None, 'cmake_target_skip_unavailable': False, 'install_base': '/home/sulieman/quadrotor_target_tracking/install/quadrotor_control', 'merge_install': False, 'path': '/home/sulieman/quadrotor_target_tracking/src/quadrotor_control', 'symlink_install': False, 'test_result_base': None}
[0.947s] Level 5:colcon.colcon_core.verb:set package 'robots_description' build argument 'cmake_args' from command line to 'None'
[0.948s] Level 5:colcon.colcon_core.verb:set package 'robots_description' build argument 'cmake_target' from command line to 'None'
[0.948s] Level 5:colcon.colcon_core.verb:set package 'robots_description' build argument 'cmake_target_skip_unavailable' from command line to 'False'
[0.948s] Level 5:colcon.colcon_core.verb:set package 'robots_description' build argument 'cmake_clean_cache' from command line to 'False'
[0.948s] Level 5:colcon.colcon_core.verb:set package 'robots_description' build argument 'cmake_clean_first' from command line to 'False'
[0.948s] Level 5:colcon.colcon_core.verb:set package 'robots_description' build argument 'cmake_force_configure' from command line to 'False'
[0.948s] Level 5:colcon.colcon_core.verb:set package 'robots_description' build argument 'ament_cmake_args' from command line to 'None'
[0.948s] Level 5:colcon.colcon_core.verb:set package 'robots_description' build argument 'catkin_cmake_args' from command line to 'None'
[0.948s] Level 5:colcon.colcon_core.verb:set package 'robots_description' build argument 'catkin_skip_building_tests' from command line to 'False'
[0.948s] DEBUG:colcon.colcon_core.verb:Building package 'robots_description' with the following arguments: {'ament_cmake_args': None, 'build_base': '/home/sulieman/quadrotor_target_tracking/build/robots_description', 'catkin_cmake_args': None, 'catkin_skip_building_tests': False, 'cmake_args': None, 'cmake_clean_cache': False, 'cmake_clean_first': False, 'cmake_force_configure': False, 'cmake_target': None, 'cmake_target_skip_unavailable': False, 'install_base': '/home/sulieman/quadrotor_target_tracking/install/robots_description', 'merge_install': False, 'path': '/home/sulieman/quadrotor_target_tracking/src/robots_description', 'symlink_install': False, 'test_result_base': None}
[0.959s] Level 5:colcon.colcon_core.verb:set package 'simulation' build argument 'cmake_args' from command line to 'None'
[0.959s] Level 5:colcon.colcon_core.verb:set package 'simulation' build argument 'cmake_target' from command line to 'None'
[0.959s] Level 5:colcon.colcon_core.verb:set package 'simulation' build argument 'cmake_target_skip_unavailable' from command line to 'False'
[0.959s] Level 5:colcon.colcon_core.verb:set package 'simulation' build argument 'cmake_clean_cache' from command line to 'False'
[0.959s] Level 5:colcon.colcon_core.verb:set package 'simulation' build argument 'cmake_clean_first' from command line to 'False'
[0.959s] Level 5:colcon.colcon_core.verb:set package 'simulation' build argument 'cmake_force_configure' from command line to 'False'
[0.959s] Level 5:colcon.colcon_core.verb:set package 'simulation' build argument 'ament_cmake_args' from command line to 'None'
[0.959s] Level 5:colcon.colcon_core.verb:set package 'simulation' build argument 'catkin_cmake_args' from command line to 'None'
[0.959s] Level 5:colcon.colcon_core.verb:set package 'simulation' build argument 'catkin_skip_building_tests' from command line to 'False'
[0.960s] DEBUG:colcon.colcon_core.verb:Building package 'simulation' with the following arguments: {'ament_cmake_args': None, 'build_base': '/home/sulieman/quadrotor_target_tracking/build/simulation', 'catkin_cmake_args': None, 'catkin_skip_building_tests': False, 'cmake_args': None, 'cmake_clean_cache': False, 'cmake_clean_first': False, 'cmake_force_configure': False, 'cmake_target': None, 'cmake_target_skip_unavailable': False, 'install_base': '/home/sulieman/quadrotor_target_tracking/install/simulation', 'merge_install': False, 'path': '/home/sulieman/quadrotor_target_tracking/src/simulation', 'symlink_install': False, 'test_result_base': None}
[0.971s] INFO:colcon.colcon_core.executor:Executing jobs using 'parallel' executor
[0.983s] DEBUG:colcon.colcon_parallel_executor.executor.parallel:run_until_complete
[0.983s] INFO:colcon.colcon_ros.task.ament_cmake.build:Building ROS package in '/home/sulieman/quadrotor_target_tracking/src/custom_interfaces' with build type 'ament_cmake'
[0.983s] INFO:colcon.colcon_cmake.task.cmake.build:Building CMake package in '/home/sulieman/quadrotor_target_tracking/src/custom_interfaces'
[0.997s] INFO:colcon.colcon_core.plugin_system:Skipping extension 'colcon_core.shell.bat': Not used on non-Windows systems
[0.997s] INFO:colcon.colcon_core.shell:Skip shell extension 'powershell' for command environment: Not usable outside of PowerShell
[0.997s] DEBUG:colcon.colcon_core.shell:Skip shell extension 'dsv' for command environment
[1.034s] INFO:colcon.colcon_ros.task.ament_cmake.build:Building ROS package in '/home/sulieman/quadrotor_target_tracking/src/ground_robot_control' with build type 'ament_cmake'
[1.034s] INFO:colcon.colcon_cmake.task.cmake.build:Building CMake package in '/home/sulieman/quadrotor_target_tracking/src/ground_robot_control'
[1.046s] INFO:colcon.colcon_core.shell:Skip shell extension 'powershell' for command environment: Not usable outside of PowerShell
[1.046s] DEBUG:colcon.colcon_core.shell:Skip shell extension 'dsv' for command environment
[1.081s] INFO:colcon.colcon_ros.task.ament_cmake.build:Building ROS package in '/home/sulieman/quadrotor_target_tracking/src/quadrotor_control' with build type 'ament_cmake'
[1.082s] INFO:colcon.colcon_cmake.task.cmake.build:Building CMake package in '/home/sulieman/quadrotor_target_tracking/src/quadrotor_control'
[1.094s] INFO:colcon.colcon_core.shell:Skip shell extension 'powershell' for command environment: Not usable outside of PowerShell
[1.094s] DEBUG:colcon.colcon_core.shell:Skip shell extension 'dsv' for command environment
[1.129s] INFO:colcon.colcon_ros.task.ament_python.build:Building ROS package in '/home/sulieman/quadrotor_target_tracking/src/robots_description' with build type 'ament_python'
[1.129s] Level 1:colcon.colcon_core.shell:create_environment_hook('robots_description', 'ament_prefix_path')
[1.140s] INFO:colcon.colcon_core.shell:Creating environment hook '/home/sulieman/quadrotor_target_tracking/install/robots_description/share/robots_description/hook/ament_prefix_path.ps1'
[1.141s] INFO:colcon.colcon_core.shell:Creating environment descriptor '/home/sulieman/quadrotor_target_tracking/install/robots_description/share/robots_description/hook/ament_prefix_path.dsv'
[1.141s] INFO:colcon.colcon_core.shell:Creating environment hook '/home/sulieman/quadrotor_target_tracking/install/robots_description/share/robots_description/hook/ament_prefix_path.sh'
[1.152s] INFO:colcon.colcon_core.shell:Skip shell extension 'powershell' for command environment: Not usable outside of PowerShell
[1.152s] DEBUG:colcon.colcon_core.shell:Skip shell extension 'dsv' for command environment
[1.187s] INFO:colcon.colcon_ros.task.ament_python.build:Building ROS package in '/home/sulieman/quadrotor_target_tracking/src/simulation' with build type 'ament_python'
[1.187s] Level 1:colcon.colcon_core.shell:create_environment_hook('simulation', 'ament_prefix_path')
[1.198s] INFO:colcon.colcon_core.shell:Creating environment hook '/home/sulieman/quadrotor_target_tracking/install/simulation/share/simulation/hook/ament_prefix_path.ps1'
[1.198s] INFO:colcon.colcon_core.shell:Creating environment descriptor '/home/sulieman/quadrotor_target_tracking/install/simulation/share/simulation/hook/ament_prefix_path.dsv'
[1.198s] INFO:colcon.colcon_core.shell:Creating environment hook '/home/sulieman/quadrotor_target_tracking/install/simulation/share/simulation/hook/ament_prefix_path.sh'
[1.210s] INFO:colcon.colcon_core.shell:Skip shell extension 'powershell' for command environment: Not usable outside of PowerShell
[1.210s] DEBUG:colcon.colcon_core.shell:Skip shell extension 'dsv' for command environment
[1.248s] DEBUG:colcon.colcon_core.event_handler.log_command:Invoking command in '/home/sulieman/quadrotor_target_tracking/build/custom_interfaces': CMAKE_PREFIX_PATH=${CMAKE_PREFIX_PATH}:/home/sulieman/quadrotor_target_tracking/install/simulation:/home/sulieman/quadrotor_target_tracking/install/robots_description:/opt/ros/humble /usr/bin/cmake --build /home/sulieman/quadrotor_target_tracking/build/custom_interfaces -- -j16 -l16
[1.250s] DEBUG:colcon.colcon_core.event_handler.log_command:Invoking command in '/home/sulieman/quadrotor_target_tracking/build/ground_robot_control': CMAKE_PREFIX_PATH=${CMAKE_PREFIX_PATH}:/home/sulieman/quadrotor_target_tracking/install/simulation:/home/sulieman/quadrotor_target_tracking/install/robots_description:/opt/ros/humble /usr/bin/cmake --build /home/sulieman/quadrotor_target_tracking/build/ground_robot_control -- -j16 -l16
[1.251s] DEBUG:colcon.colcon_core.event_handler.log_command:Invoking command in '/home/sulieman/quadrotor_target_tracking/build/quadrotor_control': CMAKE_PREFIX_PATH=${CMAKE_PREFIX_PATH}:/home/sulieman/quadrotor_target_tracking/install/simulation:/home/sulieman/quadrotor_target_tracking/install/robots_description:/opt/ros/humble /usr/bin/cmake --build /home/sulieman/quadrotor_target_tracking/build/quadrotor_control -- -j16 -l16
[1.406s] INFO:colcon.colcon_core.task.python.build:Building Python package in '/home/sulieman/quadrotor_target_tracking/src/robots_description'
[1.418s] INFO:colcon.colcon_core.shell:Skip shell extension 'powershell' for command environment: Not usable outside of PowerShell
[1.418s] DEBUG:colcon.colcon_core.shell:Skip shell extension 'dsv' for command environment
[1.595s] INFO:colcon.colcon_core.task.python.build:Building Python package in '/home/sulieman/quadrotor_target_tracking/src/simulation'
[1.607s] INFO:colcon.colcon_core.shell:Skip shell extension 'powershell' for command environment: Not usable outside of PowerShell
[1.607s] DEBUG:colcon.colcon_core.shell:Skip shell extension 'dsv' for command environment
[1.643s] DEBUG:colcon.colcon_core.event_handler.log_command:Invoked command in '/home/sulieman/quadrotor_target_tracking/build/quadrotor_control' returned '0': CMAKE_PREFIX_PATH=${CMAKE_PREFIX_PATH}:/home/sulieman/quadrotor_target_tracking/install/simulation:/home/sulieman/quadrotor_target_tracking/install/robots_description:/opt/ros/humble /usr/bin/cmake --build /home/sulieman/quadrotor_target_tracking/build/quadrotor_control -- -j16 -l16
[1.645s] DEBUG:colcon.colcon_core.event_handler.log_command:Invoked command in '/home/sulieman/quadrotor_target_tracking/build/custom_interfaces' returned '0': CMAKE_PREFIX_PATH=${CMAKE_PREFIX_PATH}:/home/sulieman/quadrotor_target_tracking/install/simulation:/home/sulieman/quadrotor_target_tracking/install/robots_description:/opt/ros/humble /usr/bin/cmake --build /home/sulieman/quadrotor_target_tracking/build/custom_interfaces -- -j16 -l16
[1.666s] DEBUG:colcon.colcon_core.event_handler.log_command:Invoking command in '/home/sulieman/quadrotor_target_tracking/build/quadrotor_control': CMAKE_PREFIX_PATH=${CMAKE_PREFIX_PATH}:/home/sulieman/quadrotor_target_tracking/install/simulation:/home/sulieman/quadrotor_target_tracking/install/robots_description:/opt/ros/humble /usr/bin/cmake --install /home/sulieman/quadrotor_target_tracking/build/quadrotor_control
[1.672s] Level 1:colcon.colcon_core.environment:create_environment_scripts_only(quadrotor_control)
[1.673s] DEBUG:colcon.colcon_core.event_handler.log_command:Invoked command in '/home/sulieman/quadrotor_target_tracking/build/quadrotor_control' returned '0': CMAKE_PREFIX_PATH=${CMAKE_PREFIX_PATH}:/home/sulieman/quadrotor_target_tracking/install/simulation:/home/sulieman/quadrotor_target_tracking/install/robots_description:/opt/ros/humble /usr/bin/cmake --install /home/sulieman/quadrotor_target_tracking/build/quadrotor_control
[1.692s] Level 1:colcon.colcon_core.environment:checking '/home/sulieman/quadrotor_target_tracking/install/quadrotor_control' for CMake module files
[1.693s] Level 1:colcon.colcon_core.environment:checking '/home/sulieman/quadrotor_target_tracking/install/quadrotor_control' for CMake config files
[1.693s] Level 1:colcon.colcon_core.shell:create_environment_hook('quadrotor_control', 'cmake_prefix_path')
[1.706s] INFO:colcon.colcon_core.shell:Creating environment hook '/home/sulieman/quadrotor_target_tracking/install/quadrotor_control/share/quadrotor_control/hook/cmake_prefix_path.ps1'
[1.706s] INFO:colcon.colcon_core.shell:Creating environment descriptor '/home/sulieman/quadrotor_target_tracking/install/quadrotor_control/share/quadrotor_control/hook/cmake_prefix_path.dsv'
[1.706s] INFO:colcon.colcon_core.shell:Creating environment hook '/home/sulieman/quadrotor_target_tracking/install/quadrotor_control/share/quadrotor_control/hook/cmake_prefix_path.sh'
[1.707s] Level 1:colcon.colcon_core.environment:checking '/home/sulieman/quadrotor_target_tracking/install/quadrotor_control/lib'
[1.707s] Level 1:colcon.colcon_core.environment:checking '/home/sulieman/quadrotor_target_tracking/install/quadrotor_control/bin'
[1.707s] Level 1:colcon.colcon_core.environment:checking '/home/sulieman/quadrotor_target_tracking/install/quadrotor_control/lib/pkgconfig/quadrotor_control.pc'
[1.707s] Level 1:colcon.colcon_core.environment:checking '/home/sulieman/quadrotor_target_tracking/install/quadrotor_control/lib/python3.10/site-packages'
[1.707s] Level 1:colcon.colcon_core.environment:checking '/home/sulieman/quadrotor_target_tracking/install/quadrotor_control/bin'
[1.719s] INFO:colcon.colcon_core.shell:Creating package script '/home/sulieman/quadrotor_target_tracking/install/quadrotor_control/share/quadrotor_control/package.ps1'
[1.720s] INFO:colcon.colcon_core.shell:Creating package descriptor '/home/sulieman/quadrotor_target_tracking/install/quadrotor_control/share/quadrotor_control/package.dsv'
[1.720s] INFO:colcon.colcon_core.shell:Creating package script '/home/sulieman/quadrotor_target_tracking/install/quadrotor_control/share/quadrotor_control/package.sh'
[1.721s] INFO:colcon.colcon_core.shell:Creating package script '/home/sulieman/quadrotor_target_tracking/install/quadrotor_control/share/quadrotor_control/package.bash'
[1.721s] INFO:colcon.colcon_core.shell:Creating package script '/home/sulieman/quadrotor_target_tracking/install/quadrotor_control/share/quadrotor_control/package.zsh'
[1.721s] Level 1:colcon.colcon_core.environment:create_file_with_runtime_dependencies(/home/sulieman/quadrotor_target_tracking/install/quadrotor_control/share/colcon-core/packages/quadrotor_control)
[1.723s] DEBUG:colcon.colcon_core.event_handler.log_command:Invoking command in '/home/sulieman/quadrotor_target_tracking/build/custom_interfaces': CMAKE_PREFIX_PATH=${CMAKE_PREFIX_PATH}:/home/sulieman/quadrotor_target_tracking/install/simulation:/home/sulieman/quadrotor_target_tracking/install/robots_description:/opt/ros/humble /usr/bin/cmake --install /home/sulieman/quadrotor_target_tracking/build/custom_interfaces
[1.770s] Level 1:colcon.colcon_core.environment:create_environment_scripts_only(quadrotor_control)
[1.785s] Level 1:colcon.colcon_core.environment:checking '/home/sulieman/quadrotor_target_tracking/install/quadrotor_control' for CMake module files
[1.786s] Level 1:colcon.colcon_core.environment:checking '/home/sulieman/quadrotor_target_tracking/install/quadrotor_control' for CMake config files
[1.786s] Level 1:colcon.colcon_core.shell:create_environment_hook('quadrotor_control', 'cmake_prefix_path')
[1.798s] INFO:colcon.colcon_core.shell:Creating environment hook '/home/sulieman/quadrotor_target_tracking/install/quadrotor_control/share/quadrotor_control/hook/cmake_prefix_path.ps1'
[1.799s] INFO:colcon.colcon_core.shell:Creating environment descriptor '/home/sulieman/quadrotor_target_tracking/install/quadrotor_control/share/quadrotor_control/hook/cmake_prefix_path.dsv'
[1.799s] INFO:colcon.colcon_core.shell:Creating environment hook '/home/sulieman/quadrotor_target_tracking/install/quadrotor_control/share/quadrotor_control/hook/cmake_prefix_path.sh'
[1.799s] Level 1:colcon.colcon_core.environment:checking '/home/sulieman/quadrotor_target_tracking/install/quadrotor_control/lib'
[1.799s] Level 1:colcon.colcon_core.environment:checking '/home/sulieman/quadrotor_target_tracking/install/quadrotor_control/bin'
[1.799s] Level 1:colcon.colcon_core.environment:checking '/home/sulieman/quadrotor_target_tracking/install/quadrotor_control/lib/pkgconfig/quadrotor_control.pc'
[1.800s] Level 1:colcon.colcon_core.environment:checking '/home/sulieman/quadrotor_target_tracking/install/quadrotor_control/lib/python3.10/site-packages'
[1.800s] Level 1:colcon.colcon_core.environment:checking '/home/sulieman/quadrotor_target_tracking/install/quadrotor_control/bin'
[1.812s] INFO:colcon.colcon_core.shell:Creating package script '/home/sulieman/quadrotor_target_tracking/install/quadrotor_control/share/quadrotor_control/package.ps1'
[1.812s] INFO:colcon.colcon_core.shell:Creating package descriptor '/home/sulieman/quadrotor_target_tracking/install/quadrotor_control/share/quadrotor_control/package.dsv'
[1.813s] INFO:colcon.colcon_core.shell:Creating package script '/home/sulieman/quadrotor_target_tracking/install/quadrotor_control/share/quadrotor_control/package.sh'
[1.813s] INFO:colcon.colcon_core.shell:Creating package script '/home/sulieman/quadrotor_target_tracking/install/quadrotor_control/share/quadrotor_control/package.bash'
[1.813s] INFO:colcon.colcon_core.shell:Creating package script '/home/sulieman/quadrotor_target_tracking/install/quadrotor_control/share/quadrotor_control/package.zsh'
[1.813s] Level 1:colcon.colcon_core.environment:create_file_with_runtime_dependencies(/home/sulieman/quadrotor_target_tracking/install/quadrotor_control/share/colcon-core/packages/quadrotor_control)
[1.814s] Level 1:colcon.colcon_core.environment:create_environment_scripts_only(custom_interfaces)
[1.814s] DEBUG:colcon.colcon_core.event_handler.log_command:Invoked command in '/home/sulieman/quadrotor_target_tracking/build/custom_interfaces' returned '0': CMAKE_PREFIX_PATH=${CMAKE_PREFIX_PATH}:/home/sulieman/quadrotor_target_tracking/install/simulation:/home/sulieman/quadrotor_target_tracking/install/robots_description:/opt/ros/humble /usr/bin/cmake --install /home/sulieman/quadrotor_target_tracking/build/custom_interfaces
[1.826s] Level 1:colcon.colcon_core.environment:checking '/home/sulieman/quadrotor_target_tracking/install/custom_interfaces' for CMake module files
[1.827s] Level 1:colcon.colcon_core.environment:checking '/home/sulieman/quadrotor_target_tracking/install/custom_interfaces' for CMake config files
[1.827s] Level 1:colcon.colcon_core.shell:create_environment_hook('custom_interfaces', 'cmake_prefix_path')
[1.839s] INFO:colcon.colcon_core.shell:Creating environment hook '/home/sulieman/quadrotor_target_tracking/install/custom_interfaces/share/custom_interfaces/hook/cmake_prefix_path.ps1'
[1.839s] INFO:colcon.colcon_core.shell:Creating environment descriptor '/home/sulieman/quadrotor_target_tracking/install/custom_interfaces/share/custom_interfaces/hook/cmake_prefix_path.dsv'
[1.840s] INFO:colcon.colcon_core.shell:Creating environment hook '/home/sulieman/quadrotor_target_tracking/install/custom_interfaces/share/custom_interfaces/hook/cmake_prefix_path.sh'
[1.840s] Level 1:colcon.colcon_core.environment:checking '/home/sulieman/quadrotor_target_tracking/install/custom_interfaces/lib'
[1.840s] Level 1:colcon.colcon_core.shell:create_environment_hook('custom_interfaces', 'ld_library_path_lib')
[1.852s] INFO:colcon.colcon_core.shell:Creating environment hook '/home/sulieman/quadrotor_target_tracking/install/custom_interfaces/share/custom_interfaces/hook/ld_library_path_lib.ps1'
[1.852s] INFO:colcon.colcon_core.shell:Creating environment descriptor '/home/sulieman/quadrotor_target_tracking/install/custom_interfaces/share/custom_interfaces/hook/ld_library_path_lib.dsv'
[1.852s] INFO:colcon.colcon_core.shell:Creating environment hook '/home/sulieman/quadrotor_target_tracking/install/custom_interfaces/share/custom_interfaces/hook/ld_library_path_lib.sh'
[1.853s] Level 1:colcon.colcon_core.environment:checking '/home/sulieman/quadrotor_target_tracking/install/custom_interfaces/bin'
[1.853s] Level 1:colcon.colcon_core.environment:checking '/home/sulieman/quadrotor_target_tracking/install/custom_interfaces/lib/pkgconfig/custom_interfaces.pc'
[1.853s] Level 1:colcon.colcon_core.environment:checking '/home/sulieman/quadrotor_target_tracking/install/custom_interfaces/lib/python3.10/site-packages'
[1.853s] Level 1:colcon.colcon_core.environment:checking '/home/sulieman/quadrotor_target_tracking/install/custom_interfaces/bin'
[1.865s] INFO:colcon.colcon_core.shell:Creating package script '/home/sulieman/quadrotor_target_tracking/install/custom_interfaces/share/custom_interfaces/package.ps1'
[1.865s] INFO:colcon.colcon_core.shell:Creating package descriptor '/home/sulieman/quadrotor_target_tracking/install/custom_interfaces/share/custom_interfaces/package.dsv'
[1.865s] INFO:colcon.colcon_core.shell:Creating package script '/home/sulieman/quadrotor_target_tracking/install/custom_interfaces/share/custom_interfaces/package.sh'
[1.866s] INFO:colcon.colcon_core.shell:Creating package script '/home/sulieman/quadrotor_target_tracking/install/custom_interfaces/share/custom_interfaces/package.bash'
[1.866s] INFO:colcon.colcon_core.shell:Creating package script '/home/sulieman/quadrotor_target_tracking/install/custom_interfaces/share/custom_interfaces/package.zsh'
[1.866s] Level 1:colcon.colcon_core.environment:create_file_with_runtime_dependencies(/home/sulieman/quadrotor_target_tracking/install/custom_interfaces/share/colcon-core/packages/custom_interfaces)
[1.909s] Level 1:colcon.colcon_core.environment:create_environment_scripts_only(custom_interfaces)
[1.929s] Level 1:colcon.colcon_core.environment:checking '/home/sulieman/quadrotor_target_tracking/install/custom_interfaces' for CMake module files
[1.929s] Level 1:colcon.colcon_core.environment:checking '/home/sulieman/quadrotor_target_tracking/install/custom_interfaces' for CMake config files
[1.930s] Level 1:colcon.colcon_core.shell:create_environment_hook('custom_interfaces', 'cmake_prefix_path')
[1.941s] INFO:colcon.colcon_core.shell:Creating environment hook '/home/sulieman/quadrotor_target_tracking/install/custom_interfaces/share/custom_interfaces/hook/cmake_prefix_path.ps1'
[1.942s] INFO:colcon.colcon_core.shell:Creating environment descriptor '/home/sulieman/quadrotor_target_tracking/install/custom_interfaces/share/custom_interfaces/hook/cmake_prefix_path.dsv'
[1.942s] INFO:colcon.colcon_core.shell:Creating environment hook '/home/sulieman/quadrotor_target_tracking/install/custom_interfaces/share/custom_interfaces/hook/cmake_prefix_path.sh'
[1.942s] Level 1:colcon.colcon_core.environment:checking '/home/sulieman/quadrotor_target_tracking/install/custom_interfaces/lib'
[1.942s] Level 1:colcon.colcon_core.shell:create_environment_hook('custom_interfaces', 'ld_library_path_lib')
[1.954s] INFO:colcon.colcon_core.shell:Creating environment hook '/home/sulieman/quadrotor_target_tracking/install/custom_interfaces/share/custom_interfaces/hook/ld_library_path_lib.ps1'
[1.954s] INFO:colcon.colcon_core.shell:Creating environment descriptor '/home/sulieman/quadrotor_target_tracking/install/custom_interfaces/share/custom_interfaces/hook/ld_library_path_lib.dsv'
[1.955s] INFO:colcon.colcon_core.shell:Creating environment hook '/home/sulieman/quadrotor_target_tracking/install/custom_interfaces/share/custom_interfaces/hook/ld_library_path_lib.sh'
[1.955s] Level 1:colcon.colcon_core.environment:checking '/home/sulieman/quadrotor_target_tracking/install/custom_interfaces/bin'
[1.955s] Level 1:colcon.colcon_core.environment:checking '/home/sulieman/quadrotor_target_tracking/install/custom_interfaces/lib/pkgconfig/custom_interfaces.pc'
[1.955s] Level 1:colcon.colcon_core.environment:checking '/home/sulieman/quadrotor_target_tracking/install/custom_interfaces/lib/python3.10/site-packages'
[1.955s] Level 1:colcon.colcon_core.environment:checking '/home/sulieman/quadrotor_target_tracking/install/custom_interfaces/bin'
[1.967s] INFO:colcon.colcon_core.shell:Creating package script '/home/sulieman/quadrotor_target_tracking/install/custom_interfaces/share/custom_interfaces/package.ps1'
[1.968s] INFO:colcon.colcon_core.shell:Creating package descriptor '/home/sulieman/quadrotor_target_tracking/install/custom_interfaces/share/custom_interfaces/package.dsv'
[1.968s] INFO:colcon.colcon_core.shell:Creating package script '/home/sulieman/quadrotor_target_tracking/install/custom_interfaces/share/custom_interfaces/package.sh'
[1.968s] INFO:colcon.colcon_core.shell:Creating package script '/home/sulieman/quadrotor_target_tracking/install/custom_interfaces/share/custom_interfaces/package.bash'
[1.968s] INFO:colcon.colcon_core.shell:Creating package script '/home/sulieman/quadrotor_target_tracking/install/custom_interfaces/share/custom_interfaces/package.zsh'
[1.969s] Level 1:colcon.colcon_core.environment:create_file_with_runtime_dependencies(/home/sulieman/quadrotor_target_tracking/install/custom_interfaces/share/colcon-core/packages/custom_interfaces)
[2.066s] DEBUG:colcon.colcon_core.event_handler.log_command:Invoking command in '/home/sulieman/quadrotor_target_tracking/src/robots_description': PYTHONPATH=/home/sulieman/quadrotor_target_tracking/build/robots_description/prefix_override:/home/sulieman/quadrotor_target_tracking/install/robots_description/lib/python3.10/site-packages:${PYTHONPATH} /usr/bin/python3 setup.py egg_info --egg-base ../../build/robots_description build --build-base /home/sulieman/quadrotor_target_tracking/build/robots_description/build install --record /home/sulieman/quadrotor_target_tracking/build/robots_description/install.log --single-version-externally-managed
[2.084s] DEBUG:colcon.colcon_core.event_handler.log_command:Invoking command in '/home/sulieman/quadrotor_target_tracking/src/simulation': PYTHONPATH=/home/sulieman/quadrotor_target_tracking/build/simulation/prefix_override:/home/sulieman/quadrotor_target_tracking/install/simulation/lib/python3.10/site-packages:${PYTHONPATH} /usr/bin/python3 setup.py egg_info --egg-base ../../build/simulation build --build-base /home/sulieman/quadrotor_target_tracking/build/simulation/build install --record /home/sulieman/quadrotor_target_tracking/build/simulation/install.log --single-version-externally-managed
[2.451s] DEBUG:colcon.colcon_core.event_handler.log_command:Invoked command in '/home/sulieman/quadrotor_target_tracking/src/robots_description' returned '0': PYTHONPATH=/home/sulieman/quadrotor_target_tracking/build/robots_description/prefix_override:/home/sulieman/quadrotor_target_tracking/install/robots_description/lib/python3.10/site-packages:${PYTHONPATH} /usr/bin/python3 setup.py egg_info --egg-base ../../build/robots_description build --build-base /home/sulieman/quadrotor_target_tracking/build/robots_description/build install --record /home/sulieman/quadrotor_target_tracking/build/robots_description/install.log --single-version-externally-managed
[2.464s] Level 1:colcon.colcon_core.environment:checking '/home/sulieman/quadrotor_target_tracking/install/robots_description' for CMake module files
[2.464s] Level 1:colcon.colcon_core.environment:checking '/home/sulieman/quadrotor_target_tracking/install/robots_description' for CMake config files
[2.464s] Level 1:colcon.colcon_core.environment:checking '/home/sulieman/quadrotor_target_tracking/install/robots_description/lib'
[2.464s] Level 1:colcon.colcon_core.environment:checking '/home/sulieman/quadrotor_target_tracking/install/robots_description/bin'
[2.464s] Level 1:colcon.colcon_core.environment:checking '/home/sulieman/quadrotor_target_tracking/install/robots_description/lib/pkgconfig/robots_description.pc'
[2.465s] Level 1:colcon.colcon_core.environment:checking '/home/sulieman/quadrotor_target_tracking/install/robots_description/lib/python3.10/site-packages'
[2.465s] Level 1:colcon.colcon_core.shell:create_environment_hook('robots_description', 'pythonpath')
[2.476s] INFO:colcon.colcon_core.shell:Creating environment hook '/home/sulieman/quadrotor_target_tracking/install/robots_description/share/robots_description/hook/pythonpath.ps1'
[2.476s] INFO:colcon.colcon_core.shell:Creating environment descriptor '/home/sulieman/quadrotor_target_tracking/install/robots_description/share/robots_description/hook/pythonpath.dsv'
[2.476s] INFO:colcon.colcon_core.shell:Creating environment hook '/home/sulieman/quadrotor_target_tracking/install/robots_description/share/robots_description/hook/pythonpath.sh'
[2.477s] Level 1:colcon.colcon_core.environment:checking '/home/sulieman/quadrotor_target_tracking/install/robots_description/bin'
[2.477s] Level 1:colcon.colcon_core.environment:create_environment_scripts_only(robots_description)
[2.488s] INFO:colcon.colcon_core.shell:Creating package script '/home/sulieman/quadrotor_target_tracking/install/robots_description/share/robots_description/package.ps1'
[2.489s] INFO:colcon.colcon_core.shell:Creating package descriptor '/home/sulieman/quadrotor_target_tracking/install/robots_description/share/robots_description/package.dsv'
[2.489s] INFO:colcon.colcon_core.shell:Creating package script '/home/sulieman/quadrotor_target_tracking/install/robots_description/share/robots_description/package.sh'
[2.489s] INFO:colcon.colcon_core.shell:Creating package script '/home/sulieman/quadrotor_target_tracking/install/robots_description/share/robots_description/package.bash'
[2.489s] INFO:colcon.colcon_core.shell:Creating package script '/home/sulieman/quadrotor_target_tracking/install/robots_description/share/robots_description/package.zsh'
[2.489s] Level 1:colcon.colcon_core.environment:create_file_with_runtime_dependencies(/home/sulieman/quadrotor_target_tracking/install/robots_description/share/colcon-core/packages/robots_description)
[2.491s] DEBUG:colcon.colcon_core.event_handler.log_command:Invoked command in '/home/sulieman/quadrotor_target_tracking/src/simulation' returned '0': PYTHONPATH=/home/sulieman/quadrotor_target_tracking/build/simulation/prefix_override:/home/sulieman/quadrotor_target_tracking/install/simulation/lib/python3.10/site-packages:${PYTHONPATH} /usr/bin/python3 setup.py egg_info --egg-base ../../build/simulation build --build-base /home/sulieman/quadrotor_target_tracking/build/simulation/build install --record /home/sulieman/quadrotor_target_tracking/build/simulation/install.log --single-version-externally-managed
[2.503s] Level 1:colcon.colcon_core.environment:checking '/home/sulieman/quadrotor_target_tracking/install/simulation' for CMake module files
[2.503s] Level 1:colcon.colcon_core.environment:checking '/home/sulieman/quadrotor_target_tracking/install/simulation' for CMake config files
[2.503s] Level 1:colcon.colcon_core.environment:checking '/home/sulieman/quadrotor_target_tracking/install/simulation/lib'
[2.504s] Level 1:colcon.colcon_core.environment:checking '/home/sulieman/quadrotor_target_tracking/install/simulation/bin'
[2.504s] Level 1:colcon.colcon_core.environment:checking '/home/sulieman/quadrotor_target_tracking/install/simulation/lib/pkgconfig/simulation.pc'
[2.504s] Level 1:colcon.colcon_core.environment:checking '/home/sulieman/quadrotor_target_tracking/install/simulation/lib/python3.10/site-packages'
[2.504s] Level 1:colcon.colcon_core.shell:create_environment_hook('simulation', 'pythonpath')
[2.516s] INFO:colcon.colcon_core.shell:Creating environment hook '/home/sulieman/quadrotor_target_tracking/install/simulation/share/simulation/hook/pythonpath.ps1'
[2.516s] INFO:colcon.colcon_core.shell:Creating environment descriptor '/home/sulieman/quadrotor_target_tracking/install/simulation/share/simulation/hook/pythonpath.dsv'
[2.516s] INFO:colcon.colcon_core.shell:Creating environment hook '/home/sulieman/quadrotor_target_tracking/install/simulation/share/simulation/hook/pythonpath.sh'
[2.516s] Level 1:colcon.colcon_core.environment:checking '/home/sulieman/quadrotor_target_tracking/install/simulation/bin'
[2.516s] Level 1:colcon.colcon_core.environment:create_environment_scripts_only(simulation)
[2.528s] INFO:colcon.colcon_core.shell:Creating package script '/home/sulieman/quadrotor_target_tracking/install/simulation/share/simulation/package.ps1'
[2.528s] INFO:colcon.colcon_core.shell:Creating package descriptor '/home/sulieman/quadrotor_target_tracking/install/simulation/share/simulation/package.dsv'
[2.528s] INFO:colcon.colcon_core.shell:Creating package script '/home/sulieman/quadrotor_target_tracking/install/simulation/share/simulation/package.sh'
[2.528s] INFO:colcon.colcon_core.shell:Creating package script '/home/sulieman/quadrotor_target_tracking/install/simulation/share/simulation/package.bash'
[2.529s] INFO:colcon.colcon_core.shell:Creating package script '/home/sulieman/quadrotor_target_tracking/install/simulation/share/simulation/package.zsh'
[2.529s] Level 1:colcon.colcon_core.environment:create_file_with_runtime_dependencies(/home/sulieman/quadrotor_target_tracking/install/simulation/share/colcon-core/packages/simulation)
[3.825s] DEBUG:colcon.colcon_core.event_handler.log_command:Invoked command in '/home/sulieman/quadrotor_target_tracking/build/ground_robot_control' returned '0': CMAKE_PREFIX_PATH=${CMAKE_PREFIX_PATH}:/home/sulieman/quadrotor_target_tracking/install/simulation:/home/sulieman/quadrotor_target_tracking/install/robots_description:/opt/ros/humble /usr/bin/cmake --build /home/sulieman/quadrotor_target_tracking/build/ground_robot_control -- -j16 -l16
[3.842s] DEBUG:colcon.colcon_core.event_handler.log_command:Invoking command in '/home/sulieman/quadrotor_target_tracking/build/ground_robot_control': CMAKE_PREFIX_PATH=${CMAKE_PREFIX_PATH}:/home/sulieman/quadrotor_target_tracking/install/simulation:/home/sulieman/quadrotor_target_tracking/install/robots_description:/opt/ros/humble /usr/bin/cmake --install /home/sulieman/quadrotor_target_tracking/build/ground_robot_control
[3.849s] Level 1:colcon.colcon_core.environment:create_environment_scripts_only(ground_robot_control)
[3.849s] DEBUG:colcon.colcon_core.event_handler.log_command:Invoked command in '/home/sulieman/quadrotor_target_tracking/build/ground_robot_control' returned '0': CMAKE_PREFIX_PATH=${CMAKE_PREFIX_PATH}:/home/sulieman/quadrotor_target_tracking/install/simulation:/home/sulieman/quadrotor_target_tracking/install/robots_description:/opt/ros/humble /usr/bin/cmake --install /home/sulieman/quadrotor_target_tracking/build/ground_robot_control
[3.861s] Level 1:colcon.colcon_core.environment:checking '/home/sulieman/quadrotor_target_tracking/install/ground_robot_control' for CMake module files
[3.861s] Level 1:colcon.colcon_core.environment:checking '/home/sulieman/quadrotor_target_tracking/install/ground_robot_control' for CMake config files
[3.862s] Level 1:colcon.colcon_core.shell:create_environment_hook('ground_robot_control', 'cmake_prefix_path')
[3.873s] INFO:colcon.colcon_core.shell:Creating environment hook '/home/sulieman/quadrotor_target_tracking/install/ground_robot_control/share/ground_robot_control/hook/cmake_prefix_path.ps1'
[3.873s] INFO:colcon.colcon_core.shell:Creating environment descriptor '/home/sulieman/quadrotor_target_tracking/install/ground_robot_control/share/ground_robot_control/hook/cmake_prefix_path.dsv'
[3.873s] INFO:colcon.colcon_core.shell:Creating environment hook '/home/sulieman/quadrotor_target_tracking/install/ground_robot_control/share/ground_robot_control/hook/cmake_prefix_path.sh'
[3.873s] Level 1:colcon.colcon_core.environment:checking '/home/sulieman/quadrotor_target_tracking/install/ground_robot_control/lib'
[3.873s] Level 1:colcon.colcon_core.environment:checking '/home/sulieman/quadrotor_target_tracking/install/ground_robot_control/bin'
[3.873s] Level 1:colcon.colcon_core.environment:checking '/home/sulieman/quadrotor_target_tracking/install/ground_robot_control/lib/pkgconfig/ground_robot_control.pc'
[3.874s] Level 1:colcon.colcon_core.environment:checking '/home/sulieman/quadrotor_target_tracking/install/ground_robot_control/lib/python3.10/site-packages'
[3.874s] Level 1:colcon.colcon_core.environment:checking '/home/sulieman/quadrotor_target_tracking/install/ground_robot_control/bin'
[3.885s] INFO:colcon.colcon_core.shell:Creating package script '/home/sulieman/quadrotor_target_tracking/install/ground_robot_control/share/ground_robot_control/package.ps1'
[3.885s] INFO:colcon.colcon_core.shell:Creating package descriptor '/home/sulieman/quadrotor_target_tracking/install/ground_robot_control/share/ground_robot_control/package.dsv'
[3.885s] INFO:colcon.colcon_core.shell:Creating package script '/home/sulieman/quadrotor_target_tracking/install/ground_robot_control/share/ground_robot_control/package.sh'
[3.885s] INFO:colcon.colcon_core.shell:Creating package script '/home/sulieman/quadrotor_target_tracking/install/ground_robot_control/share/ground_robot_control/package.bash'
[3.885s] INFO:colcon.colcon_core.shell:Creating package script '/home/sulieman/quadrotor_target_tracking/install/ground_robot_control/share/ground_robot_control/package.zsh'
[3.886s] Level 1:colcon.colcon_core.environment:create_file_with_runtime_dependencies(/home/sulieman/quadrotor_target_tracking/install/ground_robot_control/share/colcon-core/packages/ground_robot_control)
[3.914s] Level 1:colcon.colcon_core.environment:create_environment_scripts_only(ground_robot_control)
[3.925s] Level 1:colcon.colcon_core.environment:checking '/home/sulieman/quadrotor_target_tracking/install/ground_robot_control' for CMake module files
[3.925s] Level 1:colcon.colcon_core.environment:checking '/home/sulieman/quadrotor_target_tracking/install/ground_robot_control' for CMake config files
[3.925s] Level 1:colcon.colcon_core.shell:create_environment_hook('ground_robot_control', 'cmake_prefix_path')
[3.936s] INFO:colcon.colcon_core.shell:Creating environment hook '/home/sulieman/quadrotor_target_tracking/install/ground_robot_control/share/ground_robot_control/hook/cmake_prefix_path.ps1'
[3.936s] INFO:colcon.colcon_core.shell:Creating environment descriptor '/home/sulieman/quadrotor_target_tracking/install/ground_robot_control/share/ground_robot_control/hook/cmake_prefix_path.dsv'
[3.936s] INFO:colcon.colcon_core.shell:Creating environment hook '/home/sulieman/quadrotor_target_tracking/install/ground_robot_control/share/ground_robot_control/hook/cmake_prefix_path.sh'
[3.937s] Level 1:colcon.colcon_core.environment:checking '/home/sulieman/quadrotor_target_tracking/install/ground_robot_control/lib'
[3.937s] Level 1:colcon.colcon_core.environment:checking '/home/sulieman/quadrotor_target_tracking/install/ground_robot_control/bin'
[3.937s] Level 1:colcon.colcon_core.environment:checking '/home/sulieman/quadrotor_target_tracking/install/ground_robot_control/lib/pkgconfig/ground_robot_control.pc'
[3.937s] Level 1:colcon.colcon_core.environment:checking '/home/sulieman/quadrotor_target_tracking/install/ground_robot_control/lib/python3.10/site-packages'
[3.937s] Level 1:colcon.colcon_core.environment:checking '/home/sulieman/quadrotor_target_tracking/install/ground_robot_control/bin'
[3.948s] INFO:colcon.colcon_core.shell:Creating package script '/home/sulieman/quadrotor_target_tracking/install/ground_robot_control/share/ground_robot_control/package.ps1'
[3.948s] INFO:colcon.colcon_core.shell:Creating package descriptor '/home/sulieman/quadrotor_target_tracking/install/ground_robot_control/share/ground_robot_control/package.dsv'
[3.948s] INFO:colcon.colcon_core.shell:Creating package script '/home/sulieman/quadrotor_target_tracking/install/ground_robot_control/share/ground_robot_control/package.sh'
[3.949s] INFO:colcon.colcon_core.shell:Creating package script '/home/sulieman/quadrotor_target_tracking/install/ground_robot_control/share/ground_robot_control/package.bash'
[3.949s] INFO:colcon.colcon_core.shell:Creating package script '/home/sulieman/quadrotor_target_tracking/install/ground_robot_control/share/ground_robot_control/package.zsh'
[3.949s] Level 1:colcon.colcon_core.environment:create_file_with_runtime_dependencies(/home/sulieman/quadrotor_target_tracking/install/ground_robot_control/share/colcon-core/packages/ground_robot_control)
[3.949s] DEBUG:colcon.colcon_parallel_executor.executor.parallel:closing loop
[3.949s] DEBUG:colcon.colcon_parallel_executor.executor.parallel:loop closed
[3.949s] DEBUG:colcon.colcon_parallel_executor.executor.parallel:run_until_complete finished with '0'
[3.949s] DEBUG:colcon.colcon_core.event_reactor:joining thread
[3.964s] INFO:colcon.colcon_core.plugin_system:Skipping extension 'colcon_notification.desktop_notification.terminal_notifier': Not used on non-Darwin systems
[3.964s] INFO:colcon.colcon_core.plugin_system:Skipping extension 'colcon_notification.desktop_notification.win32': Not used on non-Windows systems
[3.964s] INFO:colcon.colcon_notification.desktop_notification:Sending desktop notification using 'notify2'
[3.971s] DEBUG:colcon.colcon_core.event_reactor:joined thread
[3.983s] INFO:colcon.colcon_core.shell:Creating prefix script '/home/sulieman/quadrotor_target_tracking/install/local_setup.ps1'
[3.984s] INFO:colcon.colcon_core.shell:Creating prefix util module '/home/sulieman/quadrotor_target_tracking/install/_local_setup_util_ps1.py'
[3.984s] INFO:colcon.colcon_core.shell:Creating prefix chain script '/home/sulieman/quadrotor_target_tracking/install/setup.ps1'
[3.996s] INFO:colcon.colcon_core.shell:Creating prefix script '/home/sulieman/quadrotor_target_tracking/install/local_setup.sh'
[3.997s] INFO:colcon.colcon_core.shell:Creating prefix util module '/home/sulieman/quadrotor_target_tracking/install/_local_setup_util_sh.py'
[3.997s] INFO:colcon.colcon_core.shell:Creating prefix chain script '/home/sulieman/quadrotor_target_tracking/install/setup.sh'
[4.008s] INFO:colcon.colcon_core.shell:Creating prefix script '/home/sulieman/quadrotor_target_tracking/install/local_setup.bash'
[4.009s] INFO:colcon.colcon_core.shell:Creating prefix chain script '/home/sulieman/quadrotor_target_tracking/install/setup.bash'
[4.021s] INFO:colcon.colcon_core.shell:Creating prefix script '/home/sulieman/quadrotor_target_tracking/install/local_setup.zsh'
[4.021s] INFO:colcon.colcon_core.shell:Creating prefix chain script '/home/sulieman/quadrotor_target_tracking/install/setup.zsh'
