[0.184s] Invoking command in '/home/sulieman/quadrotor_target_tracking/build/quadrotor_control': CMAKE_PREFIX_PATH=${CMAKE_PREFIX_PATH}:/home/sulieman/quadrotor_target_tracking/install/simulation:/home/sulieman/quadrotor_target_tracking/install/robots_description:/opt/ros/humble /usr/bin/cmake --build /home/sulieman/quadrotor_target_tracking/build/quadrotor_control -- -j16 -l16
[0.394s] [35m[1mConsolidate compiler generated dependencies of target quadrotor_vision[0m
[0.394s] [ 50%] Built target quadrotor_mpc
[0.394s] [ 75%] [32mBuilding CXX object CMakeFiles/quadrotor_vision.dir/src/quadrotor_vision.cpp.o[0m
[2.409s] [01m[K/home/sulieman/quadrotor_target_tracking/src/quadrotor_control/src/quadrotor_vision.cpp:[m[K In lambda function:
[2.409s] [01m[K/home/sulieman/quadrotor_target_tracking/src/quadrotor_control/src/quadrotor_vision.cpp:123:39:[m[K [01;35m[Kwarning: [m[Kcomparison of integer expressions of different signedness: ‘[01m[Kint[m[K’ and ‘[01m[Kstd::vector<int>::size_type[m[K’ {aka ‘[01m[Klong unsigned int[m[K’} [[01;35m[K]8;;https://gcc.gnu.org/onlinedocs/gcc/Warning-Options.html#index-Wsign-compare-Wsign-compare]8;;[m[K]
[2.409s]   123 |                     for (int i = 0; [01;35m[Ki < markerIds.size()[m[K; i++)
[2.409s]       |                                     [01;35m[K~~^~~~~~~~~~~~~~~~~~[m[K
[2.422s] [01m[K/home/sulieman/quadrotor_target_tracking/src/quadrotor_control/src/quadrotor_vision.cpp:184:25:[m[K [01;31m[Kerror: [m[Kdeclaration of ‘[01m[Kauto next_y[m[K’ has no initializer
[2.422s]   184 |                         [01;31m[Kauto[m[K P_future = cv::Mat_<float>(4, 1)<<next_x, next_y, 0.0, 1.0;
[2.422s]       |                         [01;31m[K^~~~[m[K
[2.422s] [01m[K/home/sulieman/quadrotor_target_tracking/src/quadrotor_control/src/quadrotor_vision.cpp:184:80:[m[K [01;31m[Kerror: [m[Kexpected unqualified-id before numeric constant
[2.422s]   184 |                         auto P_future = cv::Mat_<float>(4, 1)<<next_x, next_y, [01;31m[K0.0[m[K, 1.0;
[2.422s]       |                                                                                [01;31m[K^~~[m[K
[2.423s] [01m[K/home/sulieman/quadrotor_target_tracking/src/quadrotor_control/src/quadrotor_vision.cpp:186:44:[m[K [01;31m[Kerror: [m[Kexpected initializer before ‘[01m[K.[m[K’ token
[2.423s]   186 |                         T.inverse()(0,0), T[01;31m[K.[m[Kinverse()(0,1), T.inverse()(0,2), T.inverse()(0,3),
[2.423s]       |                                            [01;31m[K^[m[K
[2.423s] [01m[K/home/sulieman/quadrotor_target_tracking/src/quadrotor_control/src/quadrotor_vision.cpp:192:73:[m[K [01;31m[Kerror: [m[Kno match for call to ‘[01m[K(cv::MatExpr) (int)[m[K’
[2.423s]   192 |                         P_future_PIXEL = P_future_PIXEL / [01;31m[KP_future_PIXEL(2)[m[K;
[2.423s]       |                                                           [01;31m[K~~~~~~~~~~~~~~^~~[m[K
[2.423s] In file included from [01m[K/usr/include/opencv4/opencv2/core.hpp:58[m[K,
[2.423s]                  from [01m[K/usr/include/opencv4/opencv2/core/core.hpp:48[m[K,
[2.423s]                  from [01m[K/opt/ros/humble/include/cv_bridge/cv_bridge/cv_bridge.h:43[m[K,
[2.423s]                  from [01m[K/home/sulieman/quadrotor_target_tracking/src/quadrotor_control/src/quadrotor_vision.cpp:7[m[K:
[2.423s] [01m[K/usr/include/opencv4/opencv2/core/mat.hpp:3572:13:[m[K [01;36m[Knote: [m[Kcandidate: ‘[01m[Kcv::MatExpr cv::MatExpr::operator()(const cv::Range&, const cv::Range&) const[m[K’
[2.423s]  3572 |     MatExpr [01;36m[Koperator[m[K()( const Range& rowRange, const Range& colRange ) const;
[2.423s]       |             [01;36m[K^~~~~~~~[m[K
[2.423s] [01m[K/usr/include/opencv4/opencv2/core/mat.hpp:3572:13:[m[K [01;36m[Knote: [m[K  candidate expects 2 arguments, 1 provided
[2.424s] [01m[K/usr/include/opencv4/opencv2/core/mat.hpp:3573:13:[m[K [01;36m[Knote: [m[Kcandidate: ‘[01m[Kcv::MatExpr cv::MatExpr::operator()(const Rect&) const[m[K’
[2.424s]  3573 |     MatExpr [01;36m[Koperator[m[K()( const Rect& roi ) const;
[2.424s]       |             [01;36m[K^~~~~~~~[m[K
[2.424s] [01m[K/usr/include/opencv4/opencv2/core/mat.hpp:3573:37:[m[K [01;36m[Knote: [m[K  no known conversion for argument 1 from ‘[01m[Kint[m[K’ to ‘[01m[Kconst Rect&[m[K’ {aka ‘[01m[Kconst cv::Rect_<int>&[m[K’}
[2.424s]  3573 |     MatExpr operator()( [01;36m[Kconst Rect& roi[m[K ) const;
[2.424s]       |                         [01;36m[K~~~~~~~~~~~~^~~[m[K
[2.424s] [01m[K/home/sulieman/quadrotor_target_tracking/src/quadrotor_control/src/quadrotor_vision.cpp:193:70:[m[K [01;31m[Kerror: [m[Kno match for call to ‘[01m[K(cv::MatExpr) (int)[m[K’
[2.424s]   193 |                         cv::circle(img_copy, cv::Point([01;31m[KP_future_PIXEL(0)[m[K, P_future_PIXEL(1)), 5, cv::Scalar(0, 0, 255), -1);
[2.424s]       |                                                        [01;31m[K~~~~~~~~~~~~~~^~~[m[K
[2.424s] In file included from [01m[K/usr/include/opencv4/opencv2/core.hpp:58[m[K,
[2.424s]                  from [01m[K/usr/include/opencv4/opencv2/core/core.hpp:48[m[K,
[2.424s]                  from [01m[K/opt/ros/humble/include/cv_bridge/cv_bridge/cv_bridge.h:43[m[K,
[2.424s]                  from [01m[K/home/sulieman/quadrotor_target_tracking/src/quadrotor_control/src/quadrotor_vision.cpp:7[m[K:
[2.424s] [01m[K/usr/include/opencv4/opencv2/core/mat.hpp:3572:13:[m[K [01;36m[Knote: [m[Kcandidate: ‘[01m[Kcv::MatExpr cv::MatExpr::operator()(const cv::Range&, const cv::Range&) const[m[K’
[2.424s]  3572 |     MatExpr [01;36m[Koperator[m[K()( const Range& rowRange, const Range& colRange ) const;
[2.424s]       |             [01;36m[K^~~~~~~~[m[K
[2.424s] [01m[K/usr/include/opencv4/opencv2/core/mat.hpp:3572:13:[m[K [01;36m[Knote: [m[K  candidate expects 2 arguments, 1 provided
[2.424s] [01m[K/usr/include/opencv4/opencv2/core/mat.hpp:3573:13:[m[K [01;36m[Knote: [m[Kcandidate: ‘[01m[Kcv::MatExpr cv::MatExpr::operator()(const Rect&) const[m[K’
[2.424s]  3573 |     MatExpr [01;36m[Koperator[m[K()( const Rect& roi ) const;
[2.424s]       |             [01;36m[K^~~~~~~~[m[K
[2.424s] [01m[K/usr/include/opencv4/opencv2/core/mat.hpp:3573:37:[m[K [01;36m[Knote: [m[K  no known conversion for argument 1 from ‘[01m[Kint[m[K’ to ‘[01m[Kconst Rect&[m[K’ {aka ‘[01m[Kconst cv::Rect_<int>&[m[K’}
[2.424s]  3573 |     MatExpr operator()( [01;36m[Kconst Rect& roi[m[K ) const;
[2.424s]       |                         [01;36m[K~~~~~~~~~~~~^~~[m[K
[2.424s] [01m[K/home/sulieman/quadrotor_target_tracking/src/quadrotor_control/src/quadrotor_vision.cpp:193:89:[m[K [01;31m[Kerror: [m[Kno match for call to ‘[01m[K(cv::MatExpr) (int)[m[K’
[2.424s]   193 |                         cv::circle(img_copy, cv::Point(P_future_PIXEL(0), [01;31m[KP_future_PIXEL(1)[m[K), 5, cv::Scalar(0, 0, 255), -1);
[2.424s]       |                                                                           [01;31m[K~~~~~~~~~~~~~~^~~[m[K
[2.424s] In file included from [01m[K/usr/include/opencv4/opencv2/core.hpp:58[m[K,
[2.424s]                  from [01m[K/usr/include/opencv4/opencv2/core/core.hpp:48[m[K,
[2.424s]                  from [01m[K/opt/ros/humble/include/cv_bridge/cv_bridge/cv_bridge.h:43[m[K,
[2.424s]                  from [01m[K/home/sulieman/quadrotor_target_tracking/src/quadrotor_control/src/quadrotor_vision.cpp:7[m[K:
[2.424s] [01m[K/usr/include/opencv4/opencv2/core/mat.hpp:3572:13:[m[K [01;36m[Knote: [m[Kcandidate: ‘[01m[Kcv::MatExpr cv::MatExpr::operator()(const cv::Range&, const cv::Range&) const[m[K’
[2.424s]  3572 |     MatExpr [01;36m[Koperator[m[K()( const Range& rowRange, const Range& colRange ) const;
[2.424s]       |             [01;36m[K^~~~~~~~[m[K
[2.424s] [01m[K/usr/include/opencv4/opencv2/core/mat.hpp:3572:13:[m[K [01;36m[Knote: [m[K  candidate expects 2 arguments, 1 provided
[2.424s] [01m[K/usr/include/opencv4/opencv2/core/mat.hpp:3573:13:[m[K [01;36m[Knote: [m[Kcandidate: ‘[01m[Kcv::MatExpr cv::MatExpr::operator()(const Rect&) const[m[K’
[2.425s]  3573 |     MatExpr [01;36m[Koperator[m[K()( const Rect& roi ) const;
[2.425s]       |             [01;36m[K^~~~~~~~[m[K
[2.425s] [01m[K/usr/include/opencv4/opencv2/core/mat.hpp:3573:37:[m[K [01;36m[Knote: [m[K  no known conversion for argument 1 from ‘[01m[Kint[m[K’ to ‘[01m[Kconst Rect&[m[K’ {aka ‘[01m[Kconst cv::Rect_<int>&[m[K’}
[2.425s]  3573 |     MatExpr operator()( [01;36m[Kconst Rect& roi[m[K ) const;
[2.425s]       |                         [01;36m[K~~~~~~~~~~~~^~~[m[K
[5.326s] gmake[2]: *** [CMakeFiles/quadrotor_vision.dir/build.make:76: CMakeFiles/quadrotor_vision.dir/src/quadrotor_vision.cpp.o] Error 1
[5.326s] gmake[1]: *** [CMakeFiles/Makefile2:165: CMakeFiles/quadrotor_vision.dir/all] Error 2
[5.326s] gmake: *** [Makefile:146: all] Error 2
[5.328s] Invoked command in '/home/sulieman/quadrotor_target_tracking/build/quadrotor_control' returned '2': CMAKE_PREFIX_PATH=${CMAKE_PREFIX_PATH}:/home/sulieman/quadrotor_target_tracking/install/simulation:/home/sulieman/quadrotor_target_tracking/install/robots_description:/opt/ros/humble /usr/bin/cmake --build /home/sulieman/quadrotor_target_tracking/build/quadrotor_control -- -j16 -l16
