[0.159s] Invoking command in '/home/sulieman/quadrotor_target_tracking/build/quadrotor_control': CMAKE_PREFIX_PATH=${CMAKE_PREFIX_PATH}:/home/sulieman/quadrotor_target_tracking/install/simulation:/opt/ros/humble /usr/bin/cmake --build /home/sulieman/quadrotor_target_tracking/build/quadrotor_control -- -j16 -l16
[0.345s] [35m[1mConsolidate compiler generated dependencies of target quadrotor_vision[0m
[0.345s] [ 50%] Built target quadrotor_mpc
[0.345s] [ 75%] [32mBuilding CXX object CMakeFiles/quadrotor_vision.dir/src/quadrotor_vision.cpp.o[0m
[2.596s] [100%] [32m[1mLinking CXX executable quadrotor_vision[0m
[2.710s] [100%] Built target quadrotor_vision
[2.718s] Invoked command in '/home/sulieman/quadrotor_target_tracking/build/quadrotor_control' returned '0': CMAKE_PREFIX_PATH=${CMAKE_PREFIX_PATH}:/home/sulieman/quadrotor_target_tracking/install/simulation:/opt/ros/humble /usr/bin/cmake --build /home/sulieman/quadrotor_target_tracking/build/quadrotor_control -- -j16 -l16
[2.733s] Invoking command in '/home/sulieman/quadrotor_target_tracking/build/quadrotor_control': CMAKE_PREFIX_PATH=${CMAKE_PREFIX_PATH}:/home/sulieman/quadrotor_target_tracking/install/simulation:/opt/ros/humble /usr/bin/cmake --install /home/sulieman/quadrotor_target_tracking/build/quadrotor_control
[2.737s] -- Install configuration: ""
[2.738s] -- Execute custom install script
[2.738s] -- Up-to-date symlink: /home/sulieman/quadrotor_target_tracking/install/quadrotor_control/lib/quadrotor_control/quadrotor_mpc
[2.738s] -- Up-to-date symlink: /home/sulieman/quadrotor_target_tracking/install/quadrotor_control/lib/quadrotor_control/quadrotor_vision
[2.738s] -- Up-to-date symlink: /home/sulieman/quadrotor_target_tracking/install/quadrotor_control/share/ament_index/resource_index/package_run_dependencies/quadrotor_control
[2.738s] -- Up-to-date symlink: /home/sulieman/quadrotor_target_tracking/install/quadrotor_control/share/ament_index/resource_index/parent_prefix_path/quadrotor_control
[2.738s] -- Up-to-date symlink: /home/sulieman/quadrotor_target_tracking/install/quadrotor_control/share/quadrotor_control/environment/ament_prefix_path.sh
[2.738s] -- Up-to-date symlink: /home/sulieman/quadrotor_target_tracking/install/quadrotor_control/share/quadrotor_control/environment/ament_prefix_path.dsv
[2.739s] -- Up-to-date symlink: /home/sulieman/quadrotor_target_tracking/install/quadrotor_control/share/quadrotor_control/environment/path.sh
[2.739s] -- Up-to-date symlink: /home/sulieman/quadrotor_target_tracking/install/quadrotor_control/share/quadrotor_control/environment/path.dsv
[2.739s] -- Up-to-date symlink: /home/sulieman/quadrotor_target_tracking/install/quadrotor_control/share/quadrotor_control/local_setup.bash
[2.739s] -- Up-to-date symlink: /home/sulieman/quadrotor_target_tracking/install/quadrotor_control/share/quadrotor_control/local_setup.sh
[2.739s] -- Up-to-date symlink: /home/sulieman/quadrotor_target_tracking/install/quadrotor_control/share/quadrotor_control/local_setup.zsh
[2.739s] -- Up-to-date symlink: /home/sulieman/quadrotor_target_tracking/install/quadrotor_control/share/quadrotor_control/local_setup.dsv
[2.739s] -- Symlinking: /home/sulieman/quadrotor_target_tracking/install/quadrotor_control/share/quadrotor_control/package.dsv
[2.744s] -- Up-to-date symlink: /home/sulieman/quadrotor_target_tracking/install/quadrotor_control/share/ament_index/resource_index/packages/quadrotor_control
[2.744s] -- Up-to-date symlink: /home/sulieman/quadrotor_target_tracking/install/quadrotor_control/share/quadrotor_control/cmake/quadrotor_controlConfig.cmake
[2.744s] -- Up-to-date symlink: /home/sulieman/quadrotor_target_tracking/install/quadrotor_control/share/quadrotor_control/cmake/quadrotor_controlConfig-version.cmake
[2.744s] -- Up-to-date symlink: /home/sulieman/quadrotor_target_tracking/install/quadrotor_control/share/quadrotor_control/package.xml
[2.745s] Invoked command in '/home/sulieman/quadrotor_target_tracking/build/quadrotor_control' returned '0': CMAKE_PREFIX_PATH=${CMAKE_PREFIX_PATH}:/home/sulieman/quadrotor_target_tracking/install/simulation:/opt/ros/humble /usr/bin/cmake --install /home/sulieman/quadrotor_target_tracking/build/quadrotor_control
