[35m[1mConsolidate compiler generated dependencies of target quadrotor_vision[0m
[ 50%] Built target quadrotor_mpc
[ 75%] [32mBuilding CXX object CMakeFiles/quadrotor_vision.dir/src/quadrotor_vision.cpp.o[0m
[01m[K/home/sulieman/quadrotor_target_tracking/src/quadrotor_control/src/quadrotor_vision.cpp:[m[K In lambda function:
[01m[K/home/sulieman/quadrotor_target_tracking/src/quadrotor_control/src/quadrotor_vision.cpp:123:39:[m[K [01;35m[Kwarning: [m[Kcomparison of integer expressions of different signedness: ‘[01m[Kint[m[K’ and ‘[01m[Kstd::vector<int>::size_type[m[K’ {aka ‘[01m[Klong unsigned int[m[K’} [[01;35m[K]8;;https://gcc.gnu.org/onlinedocs/gcc/Warning-Options.html#index-Wsign-compare-Wsign-compare]8;;[m[K]
  123 |                     for (int i = 0; [01;35m[Ki < markerIds.size()[m[K; i++)
      |                                     [01;35m[K~~^~~~~~~~~~~~~~~~~~[m[K
[01m[K/home/sulieman/quadrotor_target_tracking/src/quadrotor_control/src/quadrotor_vision.cpp:184:47:[m[K [01;31m[Kerror: [m[Kexpected ‘[01m[K;[m[K’ before ‘[01m[KP_future[m[K’
  184 |                         cv::Mat_<float>(4, 1) [01;31m[KP_future[m[K << next_x, next_y, 0.0, 1.0;
      |                                               [01;31m[K^~~~~~~~[m[K
[01m[K/home/sulieman/quadrotor_target_tracking/src/quadrotor_control/src/quadrotor_vision.cpp:185:47:[m[K [01;31m[Kerror: [m[Kexpected ‘[01m[K;[m[K’ before ‘[01m[KT_world_to_cam[m[K’
  185 |                         cv::Mat_<float>(4, 4) [01;31m[KT_world_to_cam[m[K << T.inverse();
      |                                               [01;31m[K^~~~~~~~~~~~~~[m[K
[01m[K/home/sulieman/quadrotor_target_tracking/src/quadrotor_control/src/quadrotor_vision.cpp:187:47:[m[K [01;31m[Kerror: [m[Kexpected ‘[01m[K;[m[K’ before ‘[01m[KP_future_PIXEL[m[K’
  187 |                         cv::Mat_<float>(4, 1) [01;31m[KP_future_PIXEL[m[K = cam_matrix * T_world_to_cam*P_future;
      |                                               [01;31m[K^~~~~~~~~~~~~~[m[K
[01m[K/home/sulieman/quadrotor_target_tracking/src/quadrotor_control/src/quadrotor_vision.cpp:188:25:[m[K [01;31m[Kerror: [m[K‘[01m[KP_future_PIXEL[m[K’ was not declared in this scope
  188 |                         [01;31m[KP_future_PIXEL[m[K = P_future_PIXEL / P_future_PIXEL(2);
      |                         [01;31m[K^~~~~~~~~~~~~~[m[K
gmake[2]: *** [CMakeFiles/quadrotor_vision.dir/build.make:76: CMakeFiles/quadrotor_vision.dir/src/quadrotor_vision.cpp.o] Error 1
gmake[1]: *** [CMakeFiles/Makefile2:165: CMakeFiles/quadrotor_vision.dir/all] Error 2
gmake: *** [Makefile:146: all] Error 2
