[0.203s] Invoking command in '/home/sulieman/quadrotor_target_tracking/build/ground_robot_control': CMAKE_PREFIX_PATH=${CMAKE_PREFIX_PATH}:/home/sulieman/quadrotor_target_tracking/install/simulation:/home/sulieman/quadrotor_target_tracking/install/robots_description:/opt/ros/humble /usr/bin/cmake --build /home/sulieman/quadrotor_target_tracking/build/ground_robot_control -- -j16 -l16
[0.401s] [35m[1mConsolidate compiler generated dependencies of target ground_robot_reference[0m
[0.402s] [ 25%] [32mBuilding CXX object CMakeFiles/ground_robot_PID.dir/src/ground_robot_PID.cpp.o[0m
[0.402s] [ 75%] Built target ground_robot_reference
[5.708s] [100%] [32m[1mLinking CXX executable ground_robot_PID[0m
[5.967s] [100%] Built target ground_robot_PID
[5.974s] Invoked command in '/home/sulieman/quadrotor_target_tracking/build/ground_robot_control' returned '0': CMAKE_PREFIX_PATH=${CMAKE_PREFIX_PATH}:/home/sulieman/quadrotor_target_tracking/install/simulation:/home/sulieman/quadrotor_target_tracking/install/robots_description:/opt/ros/humble /usr/bin/cmake --build /home/sulieman/quadrotor_target_tracking/build/ground_robot_control -- -j16 -l16
[5.989s] Invoking command in '/home/sulieman/quadrotor_target_tracking/build/ground_robot_control': CMAKE_PREFIX_PATH=${CMAKE_PREFIX_PATH}:/home/sulieman/quadrotor_target_tracking/install/simulation:/home/sulieman/quadrotor_target_tracking/install/robots_description:/opt/ros/humble /usr/bin/cmake --install /home/sulieman/quadrotor_target_tracking/build/ground_robot_control
[5.994s] -- Install configuration: ""
[5.994s] -- Installing: /home/sulieman/quadrotor_target_tracking/install/ground_robot_control/lib/ground_robot_control/ground_robot_PID
[5.997s] -- Set runtime path of "/home/sulieman/quadrotor_target_tracking/install/ground_robot_control/lib/ground_robot_control/ground_robot_PID" to ""
[5.997s] -- Up-to-date: /home/sulieman/quadrotor_target_tracking/install/ground_robot_control/lib/ground_robot_control/ground_robot_reference
[5.997s] -- Up-to-date: /home/sulieman/quadrotor_target_tracking/install/ground_robot_control/share/ament_index/resource_index/package_run_dependencies/ground_robot_control
[5.997s] -- Up-to-date: /home/sulieman/quadrotor_target_tracking/install/ground_robot_control/share/ament_index/resource_index/parent_prefix_path/ground_robot_control
[5.997s] -- Up-to-date: /home/sulieman/quadrotor_target_tracking/install/ground_robot_control/share/ground_robot_control/environment/ament_prefix_path.sh
[5.997s] -- Up-to-date: /home/sulieman/quadrotor_target_tracking/install/ground_robot_control/share/ground_robot_control/environment/ament_prefix_path.dsv
[5.998s] -- Up-to-date: /home/sulieman/quadrotor_target_tracking/install/ground_robot_control/share/ground_robot_control/environment/path.sh
[5.998s] -- Up-to-date: /home/sulieman/quadrotor_target_tracking/install/ground_robot_control/share/ground_robot_control/environment/path.dsv
[5.998s] -- Up-to-date: /home/sulieman/quadrotor_target_tracking/install/ground_robot_control/share/ground_robot_control/local_setup.bash
[5.998s] -- Up-to-date: /home/sulieman/quadrotor_target_tracking/install/ground_robot_control/share/ground_robot_control/local_setup.sh
[5.998s] -- Up-to-date: /home/sulieman/quadrotor_target_tracking/install/ground_robot_control/share/ground_robot_control/local_setup.zsh
[5.998s] -- Up-to-date: /home/sulieman/quadrotor_target_tracking/install/ground_robot_control/share/ground_robot_control/local_setup.dsv
[5.998s] -- Installing: /home/sulieman/quadrotor_target_tracking/install/ground_robot_control/share/ground_robot_control/package.dsv
[5.998s] -- Up-to-date: /home/sulieman/quadrotor_target_tracking/install/ground_robot_control/share/ament_index/resource_index/packages/ground_robot_control
[5.998s] -- Up-to-date: /home/sulieman/quadrotor_target_tracking/install/ground_robot_control/share/ground_robot_control/cmake/ground_robot_controlConfig.cmake
[5.998s] -- Up-to-date: /home/sulieman/quadrotor_target_tracking/install/ground_robot_control/share/ground_robot_control/cmake/ground_robot_controlConfig-version.cmake
[5.998s] -- Up-to-date: /home/sulieman/quadrotor_target_tracking/install/ground_robot_control/share/ground_robot_control/package.xml
[5.999s] Invoked command in '/home/sulieman/quadrotor_target_tracking/build/ground_robot_control' returned '0': CMAKE_PREFIX_PATH=${CMAKE_PREFIX_PATH}:/home/sulieman/quadrotor_target_tracking/install/simulation:/home/sulieman/quadrotor_target_tracking/install/robots_description:/opt/ros/humble /usr/bin/cmake --install /home/sulieman/quadrotor_target_tracking/build/ground_robot_control
