[0.192s] Invoking command in '/home/sulieman/quadrotor_target_tracking/build/custom_interfaces': CMAKE_PREFIX_PATH=${CMAKE_PREFIX_PATH}:/home/sulieman/quadrotor_target_tracking/install/simulation:/home/sulieman/quadrotor_target_tracking/install/robots_description:/opt/ros/humble /usr/bin/cmake /home/sulieman/quadrotor_target_tracking/src/custom_interfaces -DAMENT_CMAKE_SYMLINK_INSTALL=1 -DCMAKE_INSTALL_PREFIX=/home/sulieman/quadrotor_target_tracking/install/custom_interfaces
[0.376s] -- Found ament_cmake: 1.3.6 (/opt/ros/humble/share/ament_cmake/cmake)
[0.377s] -- Override CMake install command with custom implementation using symlinks instead of copying resources
[0.377s] -- Found geometry_msgs: 4.2.3 (/opt/ros/humble/share/geometry_msgs/cmake)
[0.377s] -- Found rosidl_generator_c: 3.1.5 (/opt/ros/humble/share/rosidl_generator_c/cmake)
[0.377s] -- Found rosidl_adapter: 3.1.5 (/opt/ros/humble/share/rosidl_adapter/cmake)
[0.377s] -- Found rosidl_generator_cpp: 3.1.5 (/opt/ros/humble/share/rosidl_generator_cpp/cmake)
[0.377s] -- Using all available rosidl_typesupport_c: rosidl_typesupport_fastrtps_c;rosidl_typesupport_introspection_c
[0.378s] -- Using all available rosidl_typesupport_cpp: rosidl_typesupport_fastrtps_cpp;rosidl_typesupport_introspection_cpp
[0.415s] -- Found rosidl_default_generators: 1.2.0 (/opt/ros/humble/share/rosidl_default_generators/cmake)
[0.595s] -- Found ament_cmake_ros: 0.10.0 (/opt/ros/humble/share/ament_cmake_ros/cmake)
[0.850s] -- Using all available rosidl_typesupport_c: rosidl_typesupport_fastrtps_c;rosidl_typesupport_introspection_c
[0.956s] -- Using all available rosidl_typesupport_cpp: rosidl_typesupport_fastrtps_cpp;rosidl_typesupport_introspection_cpp
[0.973s] -- Found python_cmake_module: 0.10.0 (/opt/ros/humble/share/python_cmake_module/cmake)
[0.990s] -- Using PYTHON_EXECUTABLE: /usr/bin/python3
[0.991s] -- Using PYTHON_INCLUDE_DIRS: /usr/include/python3.10
[0.991s] -- Using PYTHON_LIBRARIES: /usr/lib/x86_64-linux-gnu/libpython3.10.so
[1.013s] -- Found ament_lint_auto: 0.12.9 (/opt/ros/humble/share/ament_lint_auto/cmake)
[1.020s] -- Added test 'lint_cmake' to check CMake code style
[1.020s] -- Added test 'xmllint' to check XML markup files
[1.023s] -- Configuring done
[1.043s] -- Generating done
[1.044s] -- Build files have been written to: /home/sulieman/quadrotor_target_tracking/build/custom_interfaces
[1.050s] Invoked command in '/home/sulieman/quadrotor_target_tracking/build/custom_interfaces' returned '0': CMAKE_PREFIX_PATH=${CMAKE_PREFIX_PATH}:/home/sulieman/quadrotor_target_tracking/install/simulation:/home/sulieman/quadrotor_target_tracking/install/robots_description:/opt/ros/humble /usr/bin/cmake /home/sulieman/quadrotor_target_tracking/src/custom_interfaces -DAMENT_CMAKE_SYMLINK_INSTALL=1 -DCMAKE_INSTALL_PREFIX=/home/sulieman/quadrotor_target_tracking/install/custom_interfaces
[1.051s] Invoking command in '/home/sulieman/quadrotor_target_tracking/build/custom_interfaces': CMAKE_PREFIX_PATH=${CMAKE_PREFIX_PATH}:/home/sulieman/quadrotor_target_tracking/install/simulation:/home/sulieman/quadrotor_target_tracking/install/robots_description:/opt/ros/humble /usr/bin/cmake --build /home/sulieman/quadrotor_target_tracking/build/custom_interfaces -- -j16 -l16
[1.073s] [35m[1mConsolidate compiler generated dependencies of target custom_interfaces__rosidl_generator_c[0m
[1.079s] [  3%] Built target custom_interfaces__cpp
[1.079s] [ 12%] Built target custom_interfaces__rosidl_generator_c
[1.083s] [ 12%] Built target ament_cmake_python_symlink_custom_interfaces
[1.085s] [35m[1mConsolidate compiler generated dependencies of target custom_interfaces__rosidl_typesupport_c[0m
[1.085s] [35m[1mConsolidate compiler generated dependencies of target custom_interfaces__rosidl_typesupport_cpp[0m
[1.086s] [35m[1mConsolidate compiler generated dependencies of target custom_interfaces__rosidl_typesupport_fastrtps_cpp[0m
[1.086s] [35m[1mConsolidate compiler generated dependencies of target custom_interfaces__rosidl_typesupport_introspection_cpp[0m
[1.087s] [35m[1mConsolidate compiler generated dependencies of target custom_interfaces__rosidl_typesupport_fastrtps_c[0m
[1.087s] [35m[1mConsolidate compiler generated dependencies of target custom_interfaces__rosidl_typesupport_introspection_c[0m
[1.092s] [ 22%] Built target custom_interfaces__rosidl_typesupport_c
[1.093s] [ 32%] Built target custom_interfaces__rosidl_typesupport_cpp
[1.095s] [ 41%] Built target custom_interfaces__rosidl_typesupport_introspection_c
[1.095s] [ 51%] Built target custom_interfaces__rosidl_typesupport_fastrtps_cpp
[1.096s] [ 61%] Built target custom_interfaces__rosidl_typesupport_introspection_cpp
[1.097s] [ 70%] Built target custom_interfaces__rosidl_typesupport_fastrtps_c
[1.108s] [ 70%] Built target custom_interfaces
[1.120s] [ 74%] Built target custom_interfaces__py
[1.126s] [35m[1mConsolidate compiler generated dependencies of target custom_interfaces__rosidl_generator_py[0m
[1.134s] [ 80%] Built target custom_interfaces__rosidl_generator_py
[1.140s] [35m[1mConsolidate compiler generated dependencies of target custom_interfaces__rosidl_typesupport_fastrtps_c__pyext[0m
[1.140s] [35m[1mConsolidate compiler generated dependencies of target custom_interfaces__rosidl_typesupport_introspection_c__pyext[0m
[1.142s] [35m[1mConsolidate compiler generated dependencies of target custom_interfaces__rosidl_typesupport_c__pyext[0m
[1.148s] [ 93%] Built target custom_interfaces__rosidl_typesupport_fastrtps_c__pyext
[1.148s] [ 93%] Built target custom_interfaces__rosidl_typesupport_introspection_c__pyext
[1.151s] [100%] Built target custom_interfaces__rosidl_typesupport_c__pyext
[1.224s] running egg_info
[1.235s] writing custom_interfaces.egg-info/PKG-INFO
[1.235s] writing dependency_links to custom_interfaces.egg-info/dependency_links.txt
[1.235s] writing top-level names to custom_interfaces.egg-info/top_level.txt
[1.337s] reading manifest file 'custom_interfaces.egg-info/SOURCES.txt'
[1.338s] writing manifest file 'custom_interfaces.egg-info/SOURCES.txt'
[1.356s] [100%] Built target ament_cmake_python_build_custom_interfaces_egg
[1.363s] Invoked command in '/home/sulieman/quadrotor_target_tracking/build/custom_interfaces' returned '0': CMAKE_PREFIX_PATH=${CMAKE_PREFIX_PATH}:/home/sulieman/quadrotor_target_tracking/install/simulation:/home/sulieman/quadrotor_target_tracking/install/robots_description:/opt/ros/humble /usr/bin/cmake --build /home/sulieman/quadrotor_target_tracking/build/custom_interfaces -- -j16 -l16
[1.394s] Invoking command in '/home/sulieman/quadrotor_target_tracking/build/custom_interfaces': CMAKE_PREFIX_PATH=${CMAKE_PREFIX_PATH}:/home/sulieman/quadrotor_target_tracking/install/simulation:/home/sulieman/quadrotor_target_tracking/install/robots_description:/opt/ros/humble /usr/bin/cmake --install /home/sulieman/quadrotor_target_tracking/build/custom_interfaces
[1.399s] -- Install configuration: ""
[1.399s] -- Execute custom install script
[1.399s] -- Up-to-date symlink: /home/sulieman/quadrotor_target_tracking/install/custom_interfaces/share/ament_index/resource_index/rosidl_interfaces/custom_interfaces
[1.399s] -- Up-to-date symlink: /home/sulieman/quadrotor_target_tracking/install/custom_interfaces/include/custom_interfaces/custom_interfaces/msg/detail/reference_state__functions.h
[1.399s] -- Up-to-date symlink: /home/sulieman/quadrotor_target_tracking/install/custom_interfaces/include/custom_interfaces/custom_interfaces/msg/detail/reference_state__struct.h
[1.399s] -- Up-to-date symlink: /home/sulieman/quadrotor_target_tracking/install/custom_interfaces/include/custom_interfaces/custom_interfaces/msg/detail/reference_state__type_support.h
[1.400s] -- Up-to-date symlink: /home/sulieman/quadrotor_target_tracking/install/custom_interfaces/include/custom_interfaces/custom_interfaces/msg/reference_state.h
[1.400s] -- Up-to-date symlink: /home/sulieman/quadrotor_target_tracking/install/custom_interfaces/include/custom_interfaces/custom_interfaces/msg/rosidl_generator_c__visibility_control.h
[1.400s] -- Up-to-date symlink: /home/sulieman/quadrotor_target_tracking/install/custom_interfaces/share/custom_interfaces/environment/library_path.sh
[1.400s] -- Up-to-date symlink: /home/sulieman/quadrotor_target_tracking/install/custom_interfaces/share/custom_interfaces/environment/library_path.dsv
[1.400s] -- Up-to-date symlink: /home/sulieman/quadrotor_target_tracking/install/custom_interfaces/include/custom_interfaces/custom_interfaces/msg/detail/reference_state__rosidl_typesupport_fastrtps_c.h
[1.400s] -- Up-to-date symlink: /home/sulieman/quadrotor_target_tracking/install/custom_interfaces/include/custom_interfaces/custom_interfaces/msg/rosidl_typesupport_fastrtps_c__visibility_control.h
[1.400s] -- Up-to-date symlink: /home/sulieman/quadrotor_target_tracking/install/custom_interfaces/include/custom_interfaces/custom_interfaces/msg/detail/reference_state__builder.hpp
[1.400s] -- Up-to-date symlink: /home/sulieman/quadrotor_target_tracking/install/custom_interfaces/include/custom_interfaces/custom_interfaces/msg/detail/reference_state__struct.hpp
[1.400s] -- Up-to-date symlink: /home/sulieman/quadrotor_target_tracking/install/custom_interfaces/include/custom_interfaces/custom_interfaces/msg/detail/reference_state__traits.hpp
[1.400s] -- Up-to-date symlink: /home/sulieman/quadrotor_target_tracking/install/custom_interfaces/include/custom_interfaces/custom_interfaces/msg/reference_state.hpp
[1.400s] -- Up-to-date symlink: /home/sulieman/quadrotor_target_tracking/install/custom_interfaces/include/custom_interfaces/custom_interfaces/msg/detail/reference_state__rosidl_typesupport_fastrtps_cpp.hpp
[1.400s] -- Up-to-date symlink: /home/sulieman/quadrotor_target_tracking/install/custom_interfaces/include/custom_interfaces/custom_interfaces/msg/rosidl_typesupport_fastrtps_cpp__visibility_control.h
[1.401s] -- Up-to-date symlink: /home/sulieman/quadrotor_target_tracking/install/custom_interfaces/include/custom_interfaces/custom_interfaces/msg/detail/reference_state__rosidl_typesupport_introspection_c.h
[1.401s] -- Up-to-date symlink: /home/sulieman/quadrotor_target_tracking/install/custom_interfaces/include/custom_interfaces/custom_interfaces/msg/rosidl_typesupport_introspection_c__visibility_control.h
[1.401s] -- Up-to-date symlink: /home/sulieman/quadrotor_target_tracking/install/custom_interfaces/include/custom_interfaces/custom_interfaces/msg/detail/reference_state__rosidl_typesupport_introspection_cpp.hpp
[1.401s] -- Up-to-date symlink: /home/sulieman/quadrotor_target_tracking/install/custom_interfaces/share/custom_interfaces/environment/pythonpath.sh
[1.401s] -- Up-to-date symlink: /home/sulieman/quadrotor_target_tracking/install/custom_interfaces/share/custom_interfaces/environment/pythonpath.dsv
[1.401s] -- Up-to-date symlink: /home/sulieman/quadrotor_target_tracking/install/custom_interfaces/local/lib/python3.10/dist-packages/custom_interfaces-0.0.0-py3.10.egg-info/PKG-INFO
[1.401s] -- Up-to-date symlink: /home/sulieman/quadrotor_target_tracking/install/custom_interfaces/local/lib/python3.10/dist-packages/custom_interfaces-0.0.0-py3.10.egg-info/SOURCES.txt
[1.401s] -- Up-to-date symlink: /home/sulieman/quadrotor_target_tracking/install/custom_interfaces/local/lib/python3.10/dist-packages/custom_interfaces-0.0.0-py3.10.egg-info/dependency_links.txt
[1.402s] -- Up-to-date symlink: /home/sulieman/quadrotor_target_tracking/install/custom_interfaces/local/lib/python3.10/dist-packages/custom_interfaces-0.0.0-py3.10.egg-info/top_level.txt
[1.402s] -- Up-to-date symlink: /home/sulieman/quadrotor_target_tracking/install/custom_interfaces/local/lib/python3.10/dist-packages/custom_interfaces/__init__.py
[1.402s] -- Up-to-date symlink: /home/sulieman/quadrotor_target_tracking/install/custom_interfaces/local/lib/python3.10/dist-packages/custom_interfaces/_custom_interfaces_s.ep.rosidl_typesupport_c.c
[1.402s] -- Up-to-date symlink: /home/sulieman/quadrotor_target_tracking/install/custom_interfaces/local/lib/python3.10/dist-packages/custom_interfaces/_custom_interfaces_s.ep.rosidl_typesupport_fastrtps_c.c
[1.402s] -- Up-to-date symlink: /home/sulieman/quadrotor_target_tracking/install/custom_interfaces/local/lib/python3.10/dist-packages/custom_interfaces/_custom_interfaces_s.ep.rosidl_typesupport_introspection_c.c
[1.402s] -- Up-to-date symlink: /home/sulieman/quadrotor_target_tracking/install/custom_interfaces/local/lib/python3.10/dist-packages/custom_interfaces/custom_interfaces_s__rosidl_typesupport_c.cpython-310-x86_64-linux-gnu.so
[1.402s] -- Up-to-date symlink: /home/sulieman/quadrotor_target_tracking/install/custom_interfaces/local/lib/python3.10/dist-packages/custom_interfaces/custom_interfaces_s__rosidl_typesupport_fastrtps_c.cpython-310-x86_64-linux-gnu.so
[1.402s] -- Up-to-date symlink: /home/sulieman/quadrotor_target_tracking/install/custom_interfaces/local/lib/python3.10/dist-packages/custom_interfaces/custom_interfaces_s__rosidl_typesupport_introspection_c.cpython-310-x86_64-linux-gnu.so
[1.402s] -- Up-to-date symlink: /home/sulieman/quadrotor_target_tracking/install/custom_interfaces/local/lib/python3.10/dist-packages/custom_interfaces/libcustom_interfaces__rosidl_generator_py.so
[1.402s] -- Up-to-date symlink: /home/sulieman/quadrotor_target_tracking/install/custom_interfaces/local/lib/python3.10/dist-packages/custom_interfaces/msg/__init__.py
[1.402s] -- Up-to-date symlink: /home/sulieman/quadrotor_target_tracking/install/custom_interfaces/local/lib/python3.10/dist-packages/custom_interfaces/msg/_reference_state.py
[1.402s] -- Up-to-date symlink: /home/sulieman/quadrotor_target_tracking/install/custom_interfaces/local/lib/python3.10/dist-packages/custom_interfaces/msg/_reference_state_s.c
[1.402s] -- Up-to-date symlink: /home/sulieman/quadrotor_target_tracking/install/custom_interfaces/local/lib/python3.10/dist-packages/custom_interfaces/custom_interfaces_s__rosidl_typesupport_fastrtps_c.cpython-310-x86_64-linux-gnu.so
[1.402s] -- Up-to-date symlink: /home/sulieman/quadrotor_target_tracking/install/custom_interfaces/local/lib/python3.10/dist-packages/custom_interfaces/custom_interfaces_s__rosidl_typesupport_introspection_c.cpython-310-x86_64-linux-gnu.so
[1.403s] -- Up-to-date symlink: /home/sulieman/quadrotor_target_tracking/install/custom_interfaces/local/lib/python3.10/dist-packages/custom_interfaces/custom_interfaces_s__rosidl_typesupport_c.cpython-310-x86_64-linux-gnu.so
[1.403s] -- Up-to-date symlink: /home/sulieman/quadrotor_target_tracking/install/custom_interfaces/share/custom_interfaces/msg/ReferenceState.idl
[1.403s] -- Up-to-date symlink: /home/sulieman/quadrotor_target_tracking/install/custom_interfaces/share/custom_interfaces/msg/ReferenceState.msg
[1.403s] -- Up-to-date symlink: /home/sulieman/quadrotor_target_tracking/install/custom_interfaces/share/ament_index/resource_index/package_run_dependencies/custom_interfaces
[1.403s] -- Up-to-date symlink: /home/sulieman/quadrotor_target_tracking/install/custom_interfaces/share/ament_index/resource_index/parent_prefix_path/custom_interfaces
[1.403s] -- Up-to-date symlink: /home/sulieman/quadrotor_target_tracking/install/custom_interfaces/share/custom_interfaces/environment/ament_prefix_path.sh
[1.403s] -- Up-to-date symlink: /home/sulieman/quadrotor_target_tracking/install/custom_interfaces/share/custom_interfaces/environment/ament_prefix_path.dsv
[1.403s] -- Up-to-date symlink: /home/sulieman/quadrotor_target_tracking/install/custom_interfaces/share/custom_interfaces/environment/path.sh
[1.403s] -- Up-to-date symlink: /home/sulieman/quadrotor_target_tracking/install/custom_interfaces/share/custom_interfaces/environment/path.dsv
[1.403s] -- Up-to-date symlink: /home/sulieman/quadrotor_target_tracking/install/custom_interfaces/share/custom_interfaces/local_setup.bash
[1.403s] -- Up-to-date symlink: /home/sulieman/quadrotor_target_tracking/install/custom_interfaces/share/custom_interfaces/local_setup.sh
[1.403s] -- Up-to-date symlink: /home/sulieman/quadrotor_target_tracking/install/custom_interfaces/share/custom_interfaces/local_setup.zsh
[1.403s] -- Up-to-date symlink: /home/sulieman/quadrotor_target_tracking/install/custom_interfaces/share/custom_interfaces/local_setup.dsv
[1.403s] -- Symlinking: /home/sulieman/quadrotor_target_tracking/install/custom_interfaces/share/custom_interfaces/package.dsv
[1.409s] -- Up-to-date symlink: /home/sulieman/quadrotor_target_tracking/install/custom_interfaces/share/ament_index/resource_index/packages/custom_interfaces
[1.409s] -- Up-to-date symlink: /home/sulieman/quadrotor_target_tracking/install/custom_interfaces/share/custom_interfaces/cmake/rosidl_cmake-extras.cmake
[1.409s] -- Up-to-date symlink: /home/sulieman/quadrotor_target_tracking/install/custom_interfaces/share/custom_interfaces/cmake/ament_cmake_export_dependencies-extras.cmake
[1.410s] -- Up-to-date symlink: /home/sulieman/quadrotor_target_tracking/install/custom_interfaces/share/custom_interfaces/cmake/ament_cmake_export_include_directories-extras.cmake
[1.410s] -- Up-to-date symlink: /home/sulieman/quadrotor_target_tracking/install/custom_interfaces/share/custom_interfaces/cmake/ament_cmake_export_libraries-extras.cmake
[1.410s] -- Up-to-date symlink: /home/sulieman/quadrotor_target_tracking/install/custom_interfaces/share/custom_interfaces/cmake/ament_cmake_export_targets-extras.cmake
[1.410s] -- Up-to-date symlink: /home/sulieman/quadrotor_target_tracking/install/custom_interfaces/share/custom_interfaces/cmake/rosidl_cmake_export_typesupport_targets-extras.cmake
[1.410s] -- Up-to-date symlink: /home/sulieman/quadrotor_target_tracking/install/custom_interfaces/share/custom_interfaces/cmake/rosidl_cmake_export_typesupport_libraries-extras.cmake
[1.410s] -- Up-to-date symlink: /home/sulieman/quadrotor_target_tracking/install/custom_interfaces/share/custom_interfaces/cmake/custom_interfacesConfig.cmake
[1.410s] -- Up-to-date symlink: /home/sulieman/quadrotor_target_tracking/install/custom_interfaces/share/custom_interfaces/cmake/custom_interfacesConfig-version.cmake
[1.410s] -- Up-to-date symlink: /home/sulieman/quadrotor_target_tracking/install/custom_interfaces/share/custom_interfaces/package.xml
[1.411s] -- Up-to-date: /home/sulieman/quadrotor_target_tracking/install/custom_interfaces/lib/libcustom_interfaces__rosidl_generator_c.so
[1.411s] -- Up-to-date: /home/sulieman/quadrotor_target_tracking/install/custom_interfaces/lib/libcustom_interfaces__rosidl_typesupport_fastrtps_c.so
[1.411s] -- Up-to-date: /home/sulieman/quadrotor_target_tracking/install/custom_interfaces/lib/libcustom_interfaces__rosidl_typesupport_fastrtps_cpp.so
[1.411s] -- Up-to-date: /home/sulieman/quadrotor_target_tracking/install/custom_interfaces/lib/libcustom_interfaces__rosidl_typesupport_introspection_c.so
[1.411s] -- Up-to-date: /home/sulieman/quadrotor_target_tracking/install/custom_interfaces/lib/libcustom_interfaces__rosidl_typesupport_c.so
[1.412s] -- Up-to-date: /home/sulieman/quadrotor_target_tracking/install/custom_interfaces/lib/libcustom_interfaces__rosidl_typesupport_introspection_cpp.so
[1.412s] -- Up-to-date: /home/sulieman/quadrotor_target_tracking/install/custom_interfaces/lib/libcustom_interfaces__rosidl_typesupport_cpp.so
[1.436s] Listing '/home/sulieman/quadrotor_target_tracking/install/custom_interfaces/local/lib/python3.10/dist-packages/custom_interfaces'...
[1.436s] Compiling '/home/sulieman/quadrotor_target_tracking/install/custom_interfaces/local/lib/python3.10/dist-packages/custom_interfaces/__init__.py'...
[1.436s] Listing '/home/sulieman/quadrotor_target_tracking/install/custom_interfaces/local/lib/python3.10/dist-packages/custom_interfaces/msg'...
[1.439s] -- Up-to-date: /home/sulieman/quadrotor_target_tracking/install/custom_interfaces/lib/libcustom_interfaces__rosidl_generator_py.so
[1.439s] -- Up-to-date: /home/sulieman/quadrotor_target_tracking/install/custom_interfaces/share/custom_interfaces/cmake/export_custom_interfaces__rosidl_generator_cExport.cmake
[1.439s] -- Up-to-date: /home/sulieman/quadrotor_target_tracking/install/custom_interfaces/share/custom_interfaces/cmake/export_custom_interfaces__rosidl_generator_cExport-noconfig.cmake
[1.439s] -- Up-to-date: /home/sulieman/quadrotor_target_tracking/install/custom_interfaces/share/custom_interfaces/cmake/export_custom_interfaces__rosidl_typesupport_fastrtps_cExport.cmake
[1.439s] -- Up-to-date: /home/sulieman/quadrotor_target_tracking/install/custom_interfaces/share/custom_interfaces/cmake/export_custom_interfaces__rosidl_typesupport_fastrtps_cExport-noconfig.cmake
[1.439s] -- Up-to-date: /home/sulieman/quadrotor_target_tracking/install/custom_interfaces/share/custom_interfaces/cmake/export_custom_interfaces__rosidl_generator_cppExport.cmake
[1.439s] -- Up-to-date: /home/sulieman/quadrotor_target_tracking/install/custom_interfaces/share/custom_interfaces/cmake/export_custom_interfaces__rosidl_typesupport_fastrtps_cppExport.cmake
[1.439s] -- Up-to-date: /home/sulieman/quadrotor_target_tracking/install/custom_interfaces/share/custom_interfaces/cmake/export_custom_interfaces__rosidl_typesupport_fastrtps_cppExport-noconfig.cmake
[1.439s] -- Up-to-date: /home/sulieman/quadrotor_target_tracking/install/custom_interfaces/share/custom_interfaces/cmake/custom_interfaces__rosidl_typesupport_introspection_cExport.cmake
[1.440s] -- Up-to-date: /home/sulieman/quadrotor_target_tracking/install/custom_interfaces/share/custom_interfaces/cmake/custom_interfaces__rosidl_typesupport_introspection_cExport-noconfig.cmake
[1.440s] -- Up-to-date: /home/sulieman/quadrotor_target_tracking/install/custom_interfaces/share/custom_interfaces/cmake/custom_interfaces__rosidl_typesupport_cExport.cmake
[1.440s] -- Up-to-date: /home/sulieman/quadrotor_target_tracking/install/custom_interfaces/share/custom_interfaces/cmake/custom_interfaces__rosidl_typesupport_cExport-noconfig.cmake
[1.440s] -- Up-to-date: /home/sulieman/quadrotor_target_tracking/install/custom_interfaces/share/custom_interfaces/cmake/custom_interfaces__rosidl_typesupport_introspection_cppExport.cmake
[1.440s] -- Up-to-date: /home/sulieman/quadrotor_target_tracking/install/custom_interfaces/share/custom_interfaces/cmake/custom_interfaces__rosidl_typesupport_introspection_cppExport-noconfig.cmake
[1.440s] -- Up-to-date: /home/sulieman/quadrotor_target_tracking/install/custom_interfaces/share/custom_interfaces/cmake/custom_interfaces__rosidl_typesupport_cppExport.cmake
[1.440s] -- Up-to-date: /home/sulieman/quadrotor_target_tracking/install/custom_interfaces/share/custom_interfaces/cmake/custom_interfaces__rosidl_typesupport_cppExport-noconfig.cmake
[1.440s] -- Up-to-date: /home/sulieman/quadrotor_target_tracking/install/custom_interfaces/share/custom_interfaces/cmake/export_custom_interfaces__rosidl_generator_pyExport.cmake
[1.440s] -- Up-to-date: /home/sulieman/quadrotor_target_tracking/install/custom_interfaces/share/custom_interfaces/cmake/export_custom_interfaces__rosidl_generator_pyExport-noconfig.cmake
[1.526s] Invoked command in '/home/sulieman/quadrotor_target_tracking/build/custom_interfaces' returned '0': CMAKE_PREFIX_PATH=${CMAKE_PREFIX_PATH}:/home/sulieman/quadrotor_target_tracking/install/simulation:/home/sulieman/quadrotor_target_tracking/install/robots_description:/opt/ros/humble /usr/bin/cmake --install /home/sulieman/quadrotor_target_tracking/build/custom_interfaces
