-- Found rclcpp: 16.0.7 (/opt/ros/humble/share/rclcpp/cmake)
-- Override CMake install command with custom implementation using symlinks instead of copying resources
-- Found rosidl_generator_c: 3.1.5 (/opt/ros/humble/share/rosidl_generator_c/cmake)
-- Found rosidl_adapter: 3.1.5 (/opt/ros/humble/share/rosidl_adapter/cmake)
-- Found rosidl_generator_cpp: 3.1.5 (/opt/ros/humble/share/rosidl_generator_cpp/cmake)
-- Using all available rosidl_typesupport_c: rosidl_typesupport_fastrtps_c;rosidl_typesupport_introspection_c
-- Using all available rosidl_typesupport_cpp: rosidl_typesupport_fastrtps_cpp;rosidl_typesupport_introspection_cpp
-- Found rmw_implementation_cmake: 6.1.1 (/opt/ros/humble/share/rmw_implementation_cmake/cmake)
-- Found rmw_fastrtps_cpp: 6.2.5 (/opt/ros/humble/share/rmw_fastrtps_cpp/cmake)
-- Using RMW implementation 'rmw_fastrtps_cpp' as default
-- Found geometry_msgs: 4.2.3 (/opt/ros/humble/share/geometry_msgs/cmake)
-- Found sensor_msgs: 4.2.3 (/opt/ros/humble/share/sensor_msgs/cmake)
-- Found custom_interfaces: 0.0.0 (/home/sulieman/quadrotor_target_tracking/install/custom_interfaces/share/custom_interfaces/cmake)
-- Found gazebo_msgs: 3.7.0 (/opt/ros/humble/share/gazebo_msgs/cmake)
-- Found ament_lint_auto: 0.12.9 (/opt/ros/humble/share/ament_lint_auto/cmake)
-- Added test 'cppcheck' to perform static code analysis on C / C++ code
-- Configured cppcheck include dirs: $<BUILD_INTERFACE:/home/sulieman/quadrotor_target_tracking/src/quadrotor_control/include/quadrotor_control>
-- Configured cppcheck exclude dirs and/or files: 
-- Added test 'lint_cmake' to check CMake code style
-- Added test 'uncrustify' to check C / C++ code style
-- Configured uncrustify additional arguments: 
-- Added test 'xmllint' to check XML markup files
-- Configuring done
-- Generating done
-- Build files have been written to: /home/sulieman/quadrotor_target_tracking/build/quadrotor_control
[35m[1mConsolidate compiler generated dependencies of target quadrotor_vision[0m
[35m[1mConsolidate compiler generated dependencies of target quadrotor_mpc[0m
[ 50%] Built target quadrotor_vision
[100%] Built target quadrotor_mpc
-- Install configuration: ""
-- Execute custom install script
-- Up-to-date symlink: /home/sulieman/quadrotor_target_tracking/install/quadrotor_control/lib/quadrotor_control/quadrotor_mpc
-- Up-to-date symlink: /home/sulieman/quadrotor_target_tracking/install/quadrotor_control/lib/quadrotor_control/quadrotor_vision
-- Up-to-date symlink: /home/sulieman/quadrotor_target_tracking/install/quadrotor_control/share/ament_index/resource_index/package_run_dependencies/quadrotor_control
-- Up-to-date symlink: /home/sulieman/quadrotor_target_tracking/install/quadrotor_control/share/ament_index/resource_index/parent_prefix_path/quadrotor_control
-- Up-to-date symlink: /home/sulieman/quadrotor_target_tracking/install/quadrotor_control/share/quadrotor_control/environment/ament_prefix_path.sh
-- Up-to-date symlink: /home/sulieman/quadrotor_target_tracking/install/quadrotor_control/share/quadrotor_control/environment/ament_prefix_path.dsv
-- Up-to-date symlink: /home/sulieman/quadrotor_target_tracking/install/quadrotor_control/share/quadrotor_control/environment/path.sh
-- Up-to-date symlink: /home/sulieman/quadrotor_target_tracking/install/quadrotor_control/share/quadrotor_control/environment/path.dsv
-- Up-to-date symlink: /home/sulieman/quadrotor_target_tracking/install/quadrotor_control/share/quadrotor_control/local_setup.bash
-- Up-to-date symlink: /home/sulieman/quadrotor_target_tracking/install/quadrotor_control/share/quadrotor_control/local_setup.sh
-- Up-to-date symlink: /home/sulieman/quadrotor_target_tracking/install/quadrotor_control/share/quadrotor_control/local_setup.zsh
-- Up-to-date symlink: /home/sulieman/quadrotor_target_tracking/install/quadrotor_control/share/quadrotor_control/local_setup.dsv
-- Symlinking: /home/sulieman/quadrotor_target_tracking/install/quadrotor_control/share/quadrotor_control/package.dsv
-- Up-to-date symlink: /home/sulieman/quadrotor_target_tracking/install/quadrotor_control/share/ament_index/resource_index/packages/quadrotor_control
-- Up-to-date symlink: /home/sulieman/quadrotor_target_tracking/install/quadrotor_control/share/quadrotor_control/cmake/quadrotor_controlConfig.cmake
-- Up-to-date symlink: /home/sulieman/quadrotor_target_tracking/install/quadrotor_control/share/quadrotor_control/cmake/quadrotor_controlConfig-version.cmake
-- Up-to-date symlink: /home/sulieman/quadrotor_target_tracking/install/quadrotor_control/share/quadrotor_control/package.xml
