[0.154s] Invoking command in '/home/sulieman/quadrotor_target_tracking/build/quadrotor_control': CMAKE_PREFIX_PATH=${CMAKE_PREFIX_PATH}:/home/sulieman/quadrotor_target_tracking/install/simulation:/home/sulieman/quadrotor_target_tracking/install/robots_description:/opt/ros/humble /usr/bin/cmake /home/sulieman/quadrotor_target_tracking/src/quadrotor_control -DCMAKE_INSTALL_PREFIX=/home/sulieman/quadrotor_target_tracking/install/quadrotor_control
[0.361s] -- The C compiler identification is GNU 11.4.0
[0.361s] -- The CXX compiler identification is GNU 11.4.0
[0.361s] -- Detecting C compiler ABI info
[0.361s] -- Detecting C compiler ABI info - done
[0.361s] -- Check for working C compiler: /usr/bin/cc - skipped
[0.361s] -- Detecting C compile features
[0.361s] -- Detecting C compile features - done
[0.361s] -- Detecting CXX compiler ABI info
[0.361s] -- Detecting CXX compiler ABI info - done
[0.361s] -- Check for working CXX compiler: /usr/bin/c++ - skipped
[0.361s] -- Detecting CXX compile features
[0.361s] -- Detecting CXX compile features - done
[0.361s] -- Found rclcpp: 16.0.7 (/opt/ros/humble/share/rclcpp/cmake)
[0.563s] -- Found Python3: /usr/bin/python3.10 (found version "3.10.12") found components: Interpreter 
[0.655s] -- Found rosidl_generator_c: 3.1.5 (/opt/ros/humble/share/rosidl_generator_c/cmake)
[0.657s] -- Found rosidl_adapter: 3.1.5 (/opt/ros/humble/share/rosidl_adapter/cmake)
[0.663s] -- Found rosidl_generator_cpp: 3.1.5 (/opt/ros/humble/share/rosidl_generator_cpp/cmake)
[0.671s] -- Using all available rosidl_typesupport_c: rosidl_typesupport_fastrtps_c;rosidl_typesupport_introspection_c
[0.683s] -- Using all available rosidl_typesupport_cpp: rosidl_typesupport_fastrtps_cpp;rosidl_typesupport_introspection_cpp
[0.729s] -- Found rmw_implementation_cmake: 6.1.1 (/opt/ros/humble/share/rmw_implementation_cmake/cmake)
[0.731s] -- Found rmw_fastrtps_cpp: 6.2.5 (/opt/ros/humble/share/rmw_fastrtps_cpp/cmake)
[0.794s] -- Found OpenSSL: /usr/lib/x86_64-linux-gnu/libcrypto.so (found version "3.0.2")  
[0.807s] -- Found FastRTPS: /opt/ros/humble/include  
[0.826s] -- Using RMW implementation 'rmw_fastrtps_cpp' as default
[0.833s] -- Looking for pthread.h
[0.877s] -- Looking for pthread.h - found
[0.877s] -- Performing Test CMAKE_HAVE_LIBC_PTHREAD
[0.921s] -- Performing Test CMAKE_HAVE_LIBC_PTHREAD - Success
[0.921s] -- Found Threads: TRUE  
[1.019s] -- Found geometry_msgs: 4.2.3 (/opt/ros/humble/share/geometry_msgs/cmake)
[1.045s] -- Found sensor_msgs: 4.2.3 (/opt/ros/humble/share/sensor_msgs/cmake)
[1.094s] -- Found custom_interfaces: 0.0.0 (/home/sulieman/quadrotor_target_tracking/install/custom_interfaces/share/custom_interfaces/cmake)
[1.137s] -- Found gazebo_msgs: 3.7.0 (/opt/ros/humble/share/gazebo_msgs/cmake)
[1.264s] -- Found cv_bridge: 3.2.1 (/opt/ros/humble/share/cv_bridge/cmake)
[1.276s] -- Found OpenCV: /usr (found version "4.5.4") 
[1.283s] -- Found ament_lint_auto: 0.12.9 (/opt/ros/humble/share/ament_lint_auto/cmake)
[1.334s] -- Added test 'cppcheck' to perform static code analysis on C / C++ code
[1.334s] -- Configured cppcheck include dirs: $<BUILD_INTERFACE:/home/sulieman/quadrotor_target_tracking/src/quadrotor_control/include/quadrotor_control>
[1.335s] -- Configured cppcheck exclude dirs and/or files: 
[1.335s] -- Added test 'lint_cmake' to check CMake code style
[1.335s] -- Added test 'uncrustify' to check C / C++ code style
[1.335s] -- Configured uncrustify additional arguments: 
[1.336s] -- Added test 'xmllint' to check XML markup files
[1.336s] -- Configuring done
[1.347s] -- Generating done
[1.348s] -- Build files have been written to: /home/sulieman/quadrotor_target_tracking/build/quadrotor_control
[1.409s] Invoked command in '/home/sulieman/quadrotor_target_tracking/build/quadrotor_control' returned '0': CMAKE_PREFIX_PATH=${CMAKE_PREFIX_PATH}:/home/sulieman/quadrotor_target_tracking/install/simulation:/home/sulieman/quadrotor_target_tracking/install/robots_description:/opt/ros/humble /usr/bin/cmake /home/sulieman/quadrotor_target_tracking/src/quadrotor_control -DCMAKE_INSTALL_PREFIX=/home/sulieman/quadrotor_target_tracking/install/quadrotor_control
[1.410s] Invoking command in '/home/sulieman/quadrotor_target_tracking/build/quadrotor_control': CMAKE_PREFIX_PATH=${CMAKE_PREFIX_PATH}:/home/sulieman/quadrotor_target_tracking/install/simulation:/home/sulieman/quadrotor_target_tracking/install/robots_description:/opt/ros/humble /usr/bin/cmake --build /home/sulieman/quadrotor_target_tracking/build/quadrotor_control -- -j16 -l16
[1.438s] [ 25%] [32mBuilding CXX object CMakeFiles/quadrotor_mpc.dir/src/quadrotor_mpc.cpp.o[0m
[1.439s] [ 50%] [32mBuilding CXX object CMakeFiles/quadrotor_vision.dir/src/quadrotor_vision.cpp.o[0m
[1.606s] [01m[K/home/sulieman/quadrotor_target_tracking/src/quadrotor_control/src/quadrotor_vision.cpp:10:10:[m[K [01;31m[Kfatal error: [m[KEigen/Dense>: No such file or directory
[1.606s]    10 | #include [01;31m[K<Eigen/Dense>s[m[K
[1.606s]       |          [01;31m[K^~~~~~~~~~~~~~[m[K
[1.606s] compilation terminated.
[1.613s] gmake[2]: *** [CMakeFiles/quadrotor_vision.dir/build.make:76: CMakeFiles/quadrotor_vision.dir/src/quadrotor_vision.cpp.o] Error 1
[1.613s] gmake[1]: *** [CMakeFiles/Makefile2:165: CMakeFiles/quadrotor_vision.dir/all] Error 2
[1.613s] gmake[1]: *** Waiting for unfinished jobs....
[8.164s] [ 75%] [32m[1mLinking CXX executable quadrotor_mpc[0m
[8.462s] [ 75%] Built target quadrotor_mpc
[8.463s] gmake: *** [Makefile:146: all] Error 2
[8.464s] Invoked command in '/home/sulieman/quadrotor_target_tracking/build/quadrotor_control' returned '2': CMAKE_PREFIX_PATH=${CMAKE_PREFIX_PATH}:/home/sulieman/quadrotor_target_tracking/install/simulation:/home/sulieman/quadrotor_target_tracking/install/robots_description:/opt/ros/humble /usr/bin/cmake --build /home/sulieman/quadrotor_target_tracking/build/quadrotor_control -- -j16 -l16
