[0.796s] Invoking command in '/home/sulieman/quadrotor_target_tracking/build/simulation': PYTHONPATH=/home/sulieman/quadrotor_target_tracking/build/simulation/prefix_override:/home/sulieman/quadrotor_target_tracking/install/simulation/lib/python3.10/site-packages:${PYTHONPATH} /usr/bin/python3 setup.py develop --editable --build-directory /home/sulieman/quadrotor_target_tracking/build/simulation/build --no-deps install_data
[0.999s] /home/sulieman/.local/lib/python3.10/site-packages/setuptools/command/develop.py:40: EasyInstallDeprecationWarning: easy_install command is deprecated.
[0.999s] !!
[0.999s] 
[0.999s]         ********************************************************************************
[0.999s]         Please avoid running ``setup.py`` and ``easy_install``.
[0.999s]         Instead, use pypa/build, pypa/installer or other
[0.999s]         standards-based tools.
[0.999s] 
[0.999s]         See https://github.com/pypa/setuptools/issues/917 for details.
[0.999s]         ********************************************************************************
[0.999s] 
[0.999s] !!
[0.999s]   easy_install.initialize_options(self)
[0.999s] running develop
[1.019s] /home/sulieman/.local/lib/python3.10/site-packages/setuptools/_distutils/cmd.py:66: SetuptoolsDeprecationWarning: setup.py install is deprecated.
[1.019s] !!
[1.020s] 
[1.020s]         ********************************************************************************
[1.020s]         Please avoid running ``setup.py`` directly.
[1.020s]         Instead, use pypa/build, pypa/installer or other
[1.020s]         standards-based tools.
[1.020s] 
[1.020s]         See https://blog.ganssle.io/articles/2021/10/setup-py-deprecated.html for details.
[1.020s]         ********************************************************************************
[1.020s] 
[1.020s] !!
[1.020s]   self.initialize_options()
[1.135s] running egg_info
[1.150s] writing simulation.egg-info/PKG-INFO
[1.150s] writing dependency_links to simulation.egg-info/dependency_links.txt
[1.151s] writing requirements to simulation.egg-info/requires.txt
[1.151s] writing top-level names to simulation.egg-info/top_level.txt
[1.172s] reading manifest file 'simulation.egg-info/SOURCES.txt'
[1.172s] writing manifest file 'simulation.egg-info/SOURCES.txt'
[1.193s] running build_ext
[1.193s] Creating /home/sulieman/quadrotor_target_tracking/install/simulation/lib/python3.10/site-packages/simulation.egg-link (link to .)
[1.193s] 
[1.193s] Installed /home/sulieman/quadrotor_target_tracking/build/simulation
[1.193s] running install_data
[1.193s] copying resource/simulation -> /home/sulieman/quadrotor_target_tracking/install/simulation/share/ament_index/resource_index/packages
[1.193s] copying package.xml -> /home/sulieman/quadrotor_target_tracking/install/simulation/share/simulation
[1.193s] copying world/canyonview_field.world -> /home/sulieman/quadrotor_target_tracking/install/simulation/share/simulation/world
[1.194s] copying launch/target_tracking.launch.py -> /home/sulieman/quadrotor_target_tracking/install/simulation/share/simulation/launch
[1.194s] copying config/simulation.yaml -> /home/sulieman/quadrotor_target_tracking/install/simulation/share/simulation/config
[1.216s] Invoked command in '/home/sulieman/quadrotor_target_tracking/build/simulation' returned '0': PYTHONPATH=/home/sulieman/quadrotor_target_tracking/build/simulation/prefix_override:/home/sulieman/quadrotor_target_tracking/install/simulation/lib/python3.10/site-packages:${PYTHONPATH} /usr/bin/python3 setup.py develop --editable --build-directory /home/sulieman/quadrotor_target_tracking/build/simulation/build --no-deps install_data
