/home/sulieman/.local/lib/python3.10/site-packages/setuptools/command/develop.py:40: EasyInstallDeprecationWarning: easy_install command is deprecated.
!!

        ********************************************************************************
        Please avoid running ``setup.py`` and ``easy_install``.
        Instead, use pypa/build, pypa/installer or other
        standards-based tools.

        See https://github.com/pypa/setuptools/issues/917 for details.
        ********************************************************************************

!!
  easy_install.initialize_options(self)
running develop
/home/sulieman/.local/lib/python3.10/site-packages/setuptools/_distutils/cmd.py:66: SetuptoolsDeprecationWarning: setup.py install is deprecated.
!!

        ********************************************************************************
        Please avoid running ``setup.py`` directly.
        Instead, use pypa/build, pypa/installer or other
        standards-based tools.

        See https://blog.ganssle.io/articles/2021/10/setup-py-deprecated.html for details.
        ********************************************************************************

!!
  self.initialize_options()
running egg_info
writing robots_description.egg-info/PKG-INFO
writing dependency_links to robots_description.egg-info/dependency_links.txt
writing requirements to robots_description.egg-info/requires.txt
writing top-level names to robots_description.egg-info/top_level.txt
reading manifest file 'robots_description.egg-info/SOURCES.txt'
writing manifest file 'robots_description.egg-info/SOURCES.txt'
running build_ext
Creating /home/sulieman/quadrotor_target_tracking/install/robots_description/lib/python3.10/site-packages/robots-description.egg-link (link to .)

Installed /home/sulieman/quadrotor_target_tracking/build/robots_description
running install_data
copying resource/robots_description -> /home/sulieman/quadrotor_target_tracking/install/robots_description/share/ament_index/resource_index/packages
copying package.xml -> /home/sulieman/quadrotor_target_tracking/install/robots_description/share/robots_description
copying robots/dji_m100.urdf -> /home/sulieman/quadrotor_target_tracking/install/robots_description/share/robots_description/robots
copying robots/ground_robot.xacro -> /home/sulieman/quadrotor_target_tracking/install/robots_description/share/robots_description/robots
copying robots/ground_robot.xacro.urdf -> /home/sulieman/quadrotor_target_tracking/install/robots_description/share/robots_description/robots
copying meshes/dji_m100.dae -> /home/sulieman/quadrotor_target_tracking/install/robots_description/share/robots_description/meshes
copying meshes/Marker0.obj -> /home/sulieman/quadrotor_target_tracking/install/robots_description/share/robots_description/meshes
copying meshes/Marker0.jpeg -> /home/sulieman/quadrotor_target_tracking/install/robots_description/share/robots_description/meshes
copying meshes/Marker0.mtl -> /home/sulieman/quadrotor_target_tracking/install/robots_description/share/robots_description/meshes
copying config/dji_m100_params.yaml -> /home/sulieman/quadrotor_target_tracking/install/robots_description/share/robots_description/config
