[0.178s] Invoking command in '/home/sulieman/quadrotor_target_tracking/build/quadrotor_control': CMAKE_PREFIX_PATH=${CMAKE_PREFIX_PATH}:/home/sulieman/quadrotor_target_tracking/install/simulation:/home/sulieman/quadrotor_target_tracking/install/robots_description:/opt/ros/humble /usr/bin/cmake --build /home/sulieman/quadrotor_target_tracking/build/quadrotor_control -- -j16 -l16
[0.406s] [35m[1mConsolidate compiler generated dependencies of target quadrotor_vision[0m
[0.406s] [ 50%] Built target quadrotor_mpc
[0.406s] [ 75%] [32mBuilding CXX object CMakeFiles/quadrotor_vision.dir/src/quadrotor_vision.cpp.o[0m
[2.446s] [01m[K/home/sulieman/quadrotor_target_tracking/src/quadrotor_control/src/quadrotor_vision.cpp:[m[K In lambda function:
[2.446s] [01m[K/home/sulieman/quadrotor_target_tracking/src/quadrotor_control/src/quadrotor_vision.cpp:123:39:[m[K [01;35m[Kwarning: [m[Kcomparison of integer expressions of different signedness: ‘[01m[Kint[m[K’ and ‘[01m[Kstd::vector<int>::size_type[m[K’ {aka ‘[01m[Klong unsigned int[m[K’} [[01;35m[K]8;;https://gcc.gnu.org/onlinedocs/gcc/Warning-Options.html#index-Wsign-compare-Wsign-compare]8;;[m[K]
[2.446s]   123 |                     for (int i = 0; [01;35m[Ki < markerIds.size()[m[K; i++)
[2.446s]       |                                     [01;35m[K~~^~~~~~~~~~~~~~~~~~[m[K
[2.459s] [01m[K/home/sulieman/quadrotor_target_tracking/src/quadrotor_control/src/quadrotor_vision.cpp:163:81:[m[K [01;31m[Kerror: [m[Kconflicting declaration ‘[01m[Kauto T_inv[m[K’
[2.459s]   163 |                     auto T_world_to_cam = cv::Mat_<float>(4, 4) << T_inv(0, 0), [01;31m[KT_inv[m[K(0, 1), T_inv(0, 2), T_inv(0, 3),
[2.459s]       |                                                                                 [01;31m[K^~~~~[m[K
[2.459s] [01m[K/home/sulieman/quadrotor_target_tracking/src/quadrotor_control/src/quadrotor_vision.cpp:162:26:[m[K [01;36m[Knote: [m[Kprevious declaration as ‘[01m[KEigen::Inverse<Eigen::Matrix<double, 4, 4> > T_inv[m[K’
[2.459s]   162 |                     auto [01;36m[KT_inv[m[K = T.inverse();
[2.459s]       |                          [01;36m[K^~~~~[m[K
[2.459s] [01m[K/home/sulieman/quadrotor_target_tracking/src/quadrotor_control/src/quadrotor_vision.cpp:163:21:[m[K [01;31m[Kerror: [m[Kinconsistent deduction for ‘[01m[Kauto[m[K’: ‘[01m[Kcv::MatCommaInitializer_<float>[m[K’ and then ‘[01m[K<type error>[m[K’
[2.460s]   163 |                     [01;31m[Kauto[m[K T_world_to_cam = cv::Mat_<float>(4, 4) << T_inv(0, 0), T_inv(0, 1), T_inv(0, 2), T_inv(0, 3),
[2.460s]       |                     [01;31m[K^~~~[m[K
[2.460s] [01m[K/home/sulieman/quadrotor_target_tracking/src/quadrotor_control/src/quadrotor_vision.cpp:163:94:[m[K [01;31m[Kerror: [m[Kconflicting declaration ‘[01m[Kauto T_inv[m[K’
[2.460s]   163 |                     auto T_world_to_cam = cv::Mat_<float>(4, 4) << T_inv(0, 0), T_inv(0, 1), [01;31m[KT_inv[m[K(0, 2), T_inv(0, 3),
[2.460s]       |                                                                                              [01;31m[K^~~~~[m[K
[2.460s] [01m[K/home/sulieman/quadrotor_target_tracking/src/quadrotor_control/src/quadrotor_vision.cpp:162:26:[m[K [01;36m[Knote: [m[Kprevious declaration as ‘[01m[KEigen::Inverse<Eigen::Matrix<double, 4, 4> > T_inv[m[K’
[2.460s]   162 |                     auto [01;36m[KT_inv[m[K = T.inverse();
[2.460s]       |                          [01;36m[K^~~~~[m[K
[2.460s] [01m[K/home/sulieman/quadrotor_target_tracking/src/quadrotor_control/src/quadrotor_vision.cpp:163:107:[m[K [01;31m[Kerror: [m[Kconflicting declaration ‘[01m[Kauto T_inv[m[K’
[2.460s]   163 |                     auto T_world_to_cam = cv::Mat_<float>(4, 4) << T_inv(0, 0), T_inv(0, 1), T_inv(0, 2), [01;31m[KT_inv[m[K(0, 3),
[2.460s]       |                                                                                                           [01;31m[K^~~~~[m[K
[2.460s] [01m[K/home/sulieman/quadrotor_target_tracking/src/quadrotor_control/src/quadrotor_vision.cpp:162:26:[m[K [01;36m[Knote: [m[Kprevious declaration as ‘[01m[KEigen::Inverse<Eigen::Matrix<double, 4, 4> > T_inv[m[K’
[2.460s]   162 |                     auto [01;36m[KT_inv[m[K = T.inverse();
[2.460s]       |                          [01;36m[K^~~~~[m[K
[2.460s] [01m[K/home/sulieman/quadrotor_target_tracking/src/quadrotor_control/src/quadrotor_vision.cpp:164:26:[m[K [01;31m[Kerror: [m[Kconflicting declaration ‘[01m[Kauto T_inv[m[K’
[2.461s]   164 |                          [01;31m[KT_inv[m[K(1, 0), T_inv(1, 1), T_inv(1, 2), T_inv(1, 3),
[2.461s]       |                          [01;31m[K^~~~~[m[K
[2.461s] [01m[K/home/sulieman/quadrotor_target_tracking/src/quadrotor_control/src/quadrotor_vision.cpp:162:26:[m[K [01;36m[Knote: [m[Kprevious declaration as ‘[01m[KEigen::Inverse<Eigen::Matrix<double, 4, 4> > T_inv[m[K’
[2.461s]   162 |                     auto [01;36m[KT_inv[m[K = T.inverse();
[2.461s]       |                          [01;36m[K^~~~~[m[K
[2.461s] [01m[K/home/sulieman/quadrotor_target_tracking/src/quadrotor_control/src/quadrotor_vision.cpp:164:39:[m[K [01;31m[Kerror: [m[Kconflicting declaration ‘[01m[Kauto T_inv[m[K’
[2.461s]   164 |                          T_inv(1, 0), [01;31m[KT_inv[m[K(1, 1), T_inv(1, 2), T_inv(1, 3),
[2.461s]       |                                       [01;31m[K^~~~~[m[K
[2.461s] [01m[K/home/sulieman/quadrotor_target_tracking/src/quadrotor_control/src/quadrotor_vision.cpp:162:26:[m[K [01;36m[Knote: [m[Kprevious declaration as ‘[01m[KEigen::Inverse<Eigen::Matrix<double, 4, 4> > T_inv[m[K’
[2.461s]   162 |                     auto [01;36m[KT_inv[m[K = T.inverse();
[2.461s]       |                          [01;36m[K^~~~~[m[K
[2.461s] [01m[K/home/sulieman/quadrotor_target_tracking/src/quadrotor_control/src/quadrotor_vision.cpp:164:52:[m[K [01;31m[Kerror: [m[Kconflicting declaration ‘[01m[Kauto T_inv[m[K’
[2.461s]   164 |                          T_inv(1, 0), T_inv(1, 1), [01;31m[KT_inv[m[K(1, 2), T_inv(1, 3),
[2.461s]       |                                                    [01;31m[K^~~~~[m[K
[2.461s] [01m[K/home/sulieman/quadrotor_target_tracking/src/quadrotor_control/src/quadrotor_vision.cpp:162:26:[m[K [01;36m[Knote: [m[Kprevious declaration as ‘[01m[KEigen::Inverse<Eigen::Matrix<double, 4, 4> > T_inv[m[K’
[2.461s]   162 |                     auto [01;36m[KT_inv[m[K = T.inverse();
[2.461s]       |                          [01;36m[K^~~~~[m[K
[2.461s] [01m[K/home/sulieman/quadrotor_target_tracking/src/quadrotor_control/src/quadrotor_vision.cpp:164:65:[m[K [01;31m[Kerror: [m[Kconflicting declaration ‘[01m[Kauto T_inv[m[K’
[2.461s]   164 |                          T_inv(1, 0), T_inv(1, 1), T_inv(1, 2), [01;31m[KT_inv[m[K(1, 3),
[2.461s]       |                                                                 [01;31m[K^~~~~[m[K
[2.461s] [01m[K/home/sulieman/quadrotor_target_tracking/src/quadrotor_control/src/quadrotor_vision.cpp:162:26:[m[K [01;36m[Knote: [m[Kprevious declaration as ‘[01m[KEigen::Inverse<Eigen::Matrix<double, 4, 4> > T_inv[m[K’
[2.461s]   162 |                     auto [01;36m[KT_inv[m[K = T.inverse();
[2.461s]       |                          [01;36m[K^~~~~[m[K
[2.461s] [01m[K/home/sulieman/quadrotor_target_tracking/src/quadrotor_control/src/quadrotor_vision.cpp:165:26:[m[K [01;31m[Kerror: [m[Kconflicting declaration ‘[01m[Kauto T_inv[m[K’
[2.461s]   165 |                          [01;31m[KT_inv[m[K(2, 0), T_inv(2, 1), T_inv(2, 2), T_inv(2, 3),
[2.461s]       |                          [01;31m[K^~~~~[m[K
[2.461s] [01m[K/home/sulieman/quadrotor_target_tracking/src/quadrotor_control/src/quadrotor_vision.cpp:162:26:[m[K [01;36m[Knote: [m[Kprevious declaration as ‘[01m[KEigen::Inverse<Eigen::Matrix<double, 4, 4> > T_inv[m[K’
[2.461s]   162 |                     auto [01;36m[KT_inv[m[K = T.inverse();
[2.461s]       |                          [01;36m[K^~~~~[m[K
[2.461s] [01m[K/home/sulieman/quadrotor_target_tracking/src/quadrotor_control/src/quadrotor_vision.cpp:165:39:[m[K [01;31m[Kerror: [m[Kconflicting declaration ‘[01m[Kauto T_inv[m[K’
[2.461s]   165 |                          T_inv(2, 0), [01;31m[KT_inv[m[K(2, 1), T_inv(2, 2), T_inv(2, 3),
[2.461s]       |                                       [01;31m[K^~~~~[m[K
[2.461s] [01m[K/home/sulieman/quadrotor_target_tracking/src/quadrotor_control/src/quadrotor_vision.cpp:162:26:[m[K [01;36m[Knote: [m[Kprevious declaration as ‘[01m[KEigen::Inverse<Eigen::Matrix<double, 4, 4> > T_inv[m[K’
[2.462s]   162 |                     auto [01;36m[KT_inv[m[K = T.inverse();
[2.462s]       |                          [01;36m[K^~~~~[m[K
[2.462s] [01m[K/home/sulieman/quadrotor_target_tracking/src/quadrotor_control/src/quadrotor_vision.cpp:165:52:[m[K [01;31m[Kerror: [m[Kconflicting declaration ‘[01m[Kauto T_inv[m[K’
[2.462s]   165 |                          T_inv(2, 0), T_inv(2, 1), [01;31m[KT_inv[m[K(2, 2), T_inv(2, 3),
[2.462s]       |                                                    [01;31m[K^~~~~[m[K
[2.462s] [01m[K/home/sulieman/quadrotor_target_tracking/src/quadrotor_control/src/quadrotor_vision.cpp:162:26:[m[K [01;36m[Knote: [m[Kprevious declaration as ‘[01m[KEigen::Inverse<Eigen::Matrix<double, 4, 4> > T_inv[m[K’
[2.462s]   162 |                     auto [01;36m[KT_inv[m[K = T.inverse();
[2.462s]       |                          [01;36m[K^~~~~[m[K
[2.462s] [01m[K/home/sulieman/quadrotor_target_tracking/src/quadrotor_control/src/quadrotor_vision.cpp:165:65:[m[K [01;31m[Kerror: [m[Kconflicting declaration ‘[01m[Kauto T_inv[m[K’
[2.462s]   165 |                          T_inv(2, 0), T_inv(2, 1), T_inv(2, 2), [01;31m[KT_inv[m[K(2, 3),
[2.462s]       |                                                                 [01;31m[K^~~~~[m[K
[2.462s] [01m[K/home/sulieman/quadrotor_target_tracking/src/quadrotor_control/src/quadrotor_vision.cpp:162:26:[m[K [01;36m[Knote: [m[Kprevious declaration as ‘[01m[KEigen::Inverse<Eigen::Matrix<double, 4, 4> > T_inv[m[K’
[2.462s]   162 |                     auto [01;36m[KT_inv[m[K = T.inverse();
[2.462s]       |                          [01;36m[K^~~~~[m[K
[2.462s] [01m[K/home/sulieman/quadrotor_target_tracking/src/quadrotor_control/src/quadrotor_vision.cpp:166:26:[m[K [01;31m[Kerror: [m[Kexpected unqualified-id before numeric constant
[2.462s]   166 |                          [01;31m[K0[m[K, 0, 0, 1;
[2.462s]       |                          [01;31m[K^[m[K
[2.462s] [01m[K/home/sulieman/quadrotor_target_tracking/src/quadrotor_control/src/quadrotor_vision.cpp:190:77:[m[K [01;31m[Kerror: [m[Kconflicting declaration ‘[01m[Kcv::Mat next_y[m[K’
[2.462s]   190 |                         cv::Mat P_future = cv::Mat_<float>(4, 1) << next_x, [01;31m[Knext_y[m[K, 0.0, 1.0;
[2.462s]       |                                                                             [01;31m[K^~~~~~[m[K
[2.462s] [01m[K/home/sulieman/quadrotor_target_tracking/src/quadrotor_control/src/quadrotor_vision.cpp:174:32:[m[K [01;36m[Knote: [m[Kprevious declaration as ‘[01m[Kdouble next_y[m[K’
[2.462s]   174 |                         double [01;36m[Knext_y[m[K = prediction.at<float>(1) + prediction.at<float>(3) * (i + 1) * dt_future + 0.5 * prediction.at<float>(5) * pow((i + 1) * dt_future, 2);
[2.462s]       |                                [01;36m[K^~~~~~[m[K
[2.462s] [01m[K/home/sulieman/quadrotor_target_tracking/src/quadrotor_control/src/quadrotor_vision.cpp:190:85:[m[K [01;31m[Kerror: [m[Kexpected unqualified-id before numeric constant
[2.462s]   190 |                         cv::Mat P_future = cv::Mat_<float>(4, 1) << next_x, next_y, [01;31m[K0.0[m[K, 1.0;
[2.462s]       |                                                                                     [01;31m[K^~~[m[K
[2.462s] [01m[K/home/sulieman/quadrotor_target_tracking/src/quadrotor_control/src/quadrotor_vision.cpp:193:73:[m[K [01;31m[Kerror: [m[Kno match for call to ‘[01m[K(cv::Mat) (int)[m[K’
[2.462s]   193 |                         P_future_PIXEL = P_future_PIXEL / [01;31m[KP_future_PIXEL(2)[m[K;
[2.462s]       |                                                           [01;31m[K~~~~~~~~~~~~~~^~~[m[K
[2.462s] In file included from [01m[K/usr/include/opencv4/opencv2/core/mat.hpp:3764[m[K,
[2.462s]                  from [01m[K/usr/include/opencv4/opencv2/core.hpp:58[m[K,
[2.462s]                  from [01m[K/usr/include/opencv4/opencv2/core/core.hpp:48[m[K,
[2.462s]                  from [01m[K/opt/ros/humble/include/cv_bridge/cv_bridge/cv_bridge.h:43[m[K,
[2.462s]                  from [01m[K/home/sulieman/quadrotor_target_tracking/src/quadrotor_control/src/quadrotor_vision.cpp:7[m[K:
[2.462s] [01m[K/usr/include/opencv4/opencv2/core/mat.inl.hpp:631:5:[m[K [01;36m[Knote: [m[Kcandidate: ‘[01m[Kcv::Mat cv::Mat::operator()(cv::Range, cv::Range) const[m[K’
[2.463s]   631 | Mat [01;36m[KMat[m[K::operator()( Range _rowRange, Range _colRange ) const
[2.463s]       |     [01;36m[K^~~[m[K
[2.463s] [01m[K/usr/include/opencv4/opencv2/core/mat.inl.hpp:631:5:[m[K [01;36m[Knote: [m[K  candidate expects 2 arguments, 1 provided
[2.463s] [01m[K/usr/include/opencv4/opencv2/core/mat.inl.hpp:637:5:[m[K [01;36m[Knote: [m[Kcandidate: ‘[01m[Kcv::Mat cv::Mat::operator()(const Rect&) const[m[K’
[2.463s]   637 | Mat [01;36m[KMat[m[K::operator()( const Rect& roi ) const
[2.463s]       |     [01;36m[K^~~[m[K
[2.463s] [01m[K/usr/include/opencv4/opencv2/core/mat.inl.hpp:637:34:[m[K [01;36m[Knote: [m[K  no known conversion for argument 1 from ‘[01m[Kint[m[K’ to ‘[01m[Kconst Rect&[m[K’ {aka ‘[01m[Kconst cv::Rect_<int>&[m[K’}
[2.463s]   637 | Mat Mat::operator()( [01;36m[Kconst Rect& roi[m[K ) const
[2.463s]       |                      [01;36m[K~~~~~~~~~~~~^~~[m[K
[2.463s] [01m[K/usr/include/opencv4/opencv2/core/mat.inl.hpp:643:5:[m[K [01;36m[Knote: [m[Kcandidate: ‘[01m[Kcv::Mat cv::Mat::operator()(const cv::Range*) const[m[K’ (near match)
[2.463s]   643 | Mat [01;36m[KMat[m[K::operator()(const Range* ranges) const
[2.463s]       |     [01;36m[K^~~[m[K
[2.463s] [01m[K/usr/include/opencv4/opencv2/core/mat.inl.hpp:643:5:[m[K [01;36m[Knote: [m[K  conversion of argument 1 would be ill-formed:
[2.463s] [01m[K/home/sulieman/quadrotor_target_tracking/src/quadrotor_control/src/quadrotor_vision.cpp:193:74:[m[K [01;31m[Kerror: [m[Kinvalid conversion from ‘[01m[Kint[m[K’ to ‘[01m[Kconst cv::Range*[m[K’ [[01;31m[K]8;;https://gcc.gnu.org/onlinedocs/gcc/Warning-Options.html#index-fpermissive-fpermissive]8;;[m[K]
[2.463s]   193 |                         P_future_PIXEL = P_future_PIXEL / P_future_PIXEL([01;31m[K2[m[K);
[2.463s]       |                                                                          [01;31m[K^[m[K
[2.463s]       |                                                                          [01;31m[K|[m[K
[2.463s]       |                                                                          [01;31m[Kint[m[K
[2.463s] In file included from [01m[K/usr/include/opencv4/opencv2/core/mat.hpp:3764[m[K,
[2.463s]                  from [01m[K/usr/include/opencv4/opencv2/core.hpp:58[m[K,
[2.463s]                  from [01m[K/usr/include/opencv4/opencv2/core/core.hpp:48[m[K,
[2.463s]                  from [01m[K/opt/ros/humble/include/cv_bridge/cv_bridge/cv_bridge.h:43[m[K,
[2.463s]                  from [01m[K/home/sulieman/quadrotor_target_tracking/src/quadrotor_control/src/quadrotor_vision.cpp:7[m[K:
[2.463s] [01m[K/usr/include/opencv4/opencv2/core/mat.inl.hpp:649:5:[m[K [01;36m[Knote: [m[Kcandidate: ‘[01m[Kcv::Mat cv::Mat::operator()(const std::vector<cv::Range>&) const[m[K’
[2.463s]   649 | Mat [01;36m[KMat[m[K::operator()(const std::vector<Range>& ranges) const
[2.463s]       |     [01;36m[K^~~[m[K
[2.463s] [01m[K/usr/include/opencv4/opencv2/core/mat.inl.hpp:649:47:[m[K [01;36m[Knote: [m[K  no known conversion for argument 1 from ‘[01m[Kint[m[K’ to ‘[01m[Kconst std::vector<cv::Range>&[m[K’
[2.463s]   649 | Mat Mat::operator()([01;36m[Kconst std::vector<Range>& ranges[m[K) const
[2.463s]       |                     [01;36m[K~~~~~~~~~~~~~~~~~~~~~~~~~~^~~~~~[m[K
[5.287s] gmake[2]: *** [CMakeFiles/quadrotor_vision.dir/build.make:76: CMakeFiles/quadrotor_vision.dir/src/quadrotor_vision.cpp.o] Error 1
[5.287s] gmake[1]: *** [CMakeFiles/Makefile2:165: CMakeFiles/quadrotor_vision.dir/all] Error 2
[5.287s] gmake: *** [Makefile:146: all] Error 2
[5.289s] Invoked command in '/home/sulieman/quadrotor_target_tracking/build/quadrotor_control' returned '2': CMAKE_PREFIX_PATH=${CMAKE_PREFIX_PATH}:/home/sulieman/quadrotor_target_tracking/install/simulation:/home/sulieman/quadrotor_target_tracking/install/robots_description:/opt/ros/humble /usr/bin/cmake --build /home/sulieman/quadrotor_target_tracking/build/quadrotor_control -- -j16 -l16
