-- Found rclcpp: 16.0.7 (/opt/ros/humble/share/rclcpp/cmake)
-- Override CMake install command with custom implementation using symlinks instead of copying resources
-- Found rosidl_generator_c: 3.1.5 (/opt/ros/humble/share/rosidl_generator_c/cmake)
-- Found rosidl_adapter: 3.1.5 (/opt/ros/humble/share/rosidl_adapter/cmake)
-- Found rosidl_generator_cpp: 3.1.5 (/opt/ros/humble/share/rosidl_generator_cpp/cmake)
-- Using all available rosidl_typesupport_c: rosidl_typesupport_fastrtps_c;rosidl_typesupport_introspection_c
-- Using all available rosidl_typesupport_cpp: rosidl_typesupport_fastrtps_cpp;rosidl_typesupport_introspection_cpp
-- Found rmw_implementation_cmake: 6.1.1 (/opt/ros/humble/share/rmw_implementation_cmake/cmake)
-- Found rmw_fastrtps_cpp: 6.2.5 (/opt/ros/humble/share/rmw_fastrtps_cpp/cmake)
-- Using RMW implementation 'rmw_fastrtps_cpp' as default
-- Found geometry_msgs: 4.2.3 (/opt/ros/humble/share/geometry_msgs/cmake)
-- Found sensor_msgs: 4.2.3 (/opt/ros/humble/share/sensor_msgs/cmake)
-- Found custom_interfaces: 0.0.0 (/home/sulieman/quadrotor_target_tracking/install/custom_interfaces/share/custom_interfaces/cmake)
-- Found gazebo_msgs: 3.7.0 (/opt/ros/humble/share/gazebo_msgs/cmake)
-- Found cv_bridge: 3.2.1 (/opt/ros/humble/share/cv_bridge/cmake)
-- Found ament_lint_auto: 0.12.9 (/opt/ros/humble/share/ament_lint_auto/cmake)
-- Added test 'cppcheck' to perform static code analysis on C / C++ code
-- Configured cppcheck include dirs: $<BUILD_INTERFACE:/home/sulieman/quadrotor_target_tracking/src/quadrotor_control/include/quadrotor_control>
-- Configured cppcheck exclude dirs and/or files: 
-- Added test 'lint_cmake' to check CMake code style
-- Added test 'uncrustify' to check C / C++ code style
-- Configured uncrustify additional arguments: 
-- Added test 'xmllint' to check XML markup files
-- Configuring done
-- Generating done
-- Build files have been written to: /home/sulieman/quadrotor_target_tracking/build/quadrotor_control
[35m[1mConsolidate compiler generated dependencies of target quadrotor_vision[0m
[35m[1mConsolidate compiler generated dependencies of target quadrotor_mpc[0m
[ 25%] [32mBuilding CXX object CMakeFiles/quadrotor_vision.dir/src/quadrotor_vision.cpp.o[0m
[ 50%] [32mBuilding CXX object CMakeFiles/quadrotor_mpc.dir/src/quadrotor_mpc.cpp.o[0m
[ 75%] [32m[1mLinking CXX executable quadrotor_vision[0m
/usr/bin/ld: CMakeFiles/quadrotor_vision.dir/src/quadrotor_vision.cpp.o: in function `QuadrotorReferencePublisher::QuadrotorReferencePublisher()::{lambda(std::shared_ptr<sensor_msgs::msg::Image_<std::allocator<void> > >)#2}::operator()(std::shared_ptr<sensor_msgs::msg::Image_<std::allocator<void> > >) const':
quadrotor_vision.cpp:(.text._ZZN27QuadrotorReferencePublisherC4EvENKUlSt10shared_ptrIN11sensor_msgs3msg6Image_ISaIvEEEEE0_clES6_[_ZZN27QuadrotorReferencePublisherC4EvENKUlSt10shared_ptrIN11sensor_msgs3msg6Image_ISaIvEEEEE0_clES6_]+0x184): undefined reference to `cv::imshow(std::__cxx11::basic_string<char, std::char_traits<char>, std::allocator<char> > const&, cv::_InputArray const&)'
/usr/bin/ld: quadrotor_vision.cpp:(.text._ZZN27QuadrotorReferencePublisherC4EvENKUlSt10shared_ptrIN11sensor_msgs3msg6Image_ISaIvEEEEE0_clES6_[_ZZN27QuadrotorReferencePublisherC4EvENKUlSt10shared_ptrIN11sensor_msgs3msg6Image_ISaIvEEEEE0_clES6_]+0x1bb): undefined reference to `cv::waitKey(int)'
collect2: error: ld returned 1 exit status
gmake[2]: *** [CMakeFiles/quadrotor_vision.dir/build.make:205: quadrotor_vision] Error 1
gmake[1]: *** [CMakeFiles/Makefile2:165: CMakeFiles/quadrotor_vision.dir/all] Error 2
gmake[1]: *** Waiting for unfinished jobs....
[100%] [32m[1mLinking CXX executable quadrotor_mpc[0m
[100%] Built target quadrotor_mpc
gmake: *** [Makefile:146: all] Error 2
