[0.150s] Invoking command in '/home/sulieman/quadrotor_target_tracking/build/quadrotor_control': CMAKE_PREFIX_PATH=${CMAKE_PREFIX_PATH}:/home/sulieman/quadrotor_target_tracking/install/simulation:/home/sulieman/quadrotor_target_tracking/install/robots_description:/opt/ros/humble /usr/bin/cmake --build /home/sulieman/quadrotor_target_tracking/build/quadrotor_control -- -j16 -l16
[0.333s] -- Found rclcpp: 16.0.7 (/opt/ros/humble/share/rclcpp/cmake)
[0.333s] -- Override CMake install command with custom implementation using symlinks instead of copying resources
[0.333s] -- Found rosidl_generator_c: 3.1.5 (/opt/ros/humble/share/rosidl_generator_c/cmake)
[0.334s] -- Found rosidl_adapter: 3.1.5 (/opt/ros/humble/share/rosidl_adapter/cmake)
[0.334s] -- Found rosidl_generator_cpp: 3.1.5 (/opt/ros/humble/share/rosidl_generator_cpp/cmake)
[0.334s] -- Using all available rosidl_typesupport_c: rosidl_typesupport_fastrtps_c;rosidl_typesupport_introspection_c
[0.334s] -- Using all available rosidl_typesupport_cpp: rosidl_typesupport_fastrtps_cpp;rosidl_typesupport_introspection_cpp
[0.337s] -- Found rmw_implementation_cmake: 6.1.1 (/opt/ros/humble/share/rmw_implementation_cmake/cmake)
[0.337s] -- Found rmw_fastrtps_cpp: 6.2.5 (/opt/ros/humble/share/rmw_fastrtps_cpp/cmake)
[0.389s] -- Using RMW implementation 'rmw_fastrtps_cpp' as default
[0.488s] -- Found geometry_msgs: 4.2.3 (/opt/ros/humble/share/geometry_msgs/cmake)
[0.511s] -- Found sensor_msgs: 4.2.3 (/opt/ros/humble/share/sensor_msgs/cmake)
[0.565s] -- Found custom_interfaces: 0.0.0 (/home/sulieman/quadrotor_target_tracking/install/custom_interfaces/share/custom_interfaces/cmake)
[0.595s] -- Found gazebo_msgs: 3.7.0 (/opt/ros/humble/share/gazebo_msgs/cmake)
[0.724s] -- Found cv_bridge: 3.2.1 (/opt/ros/humble/share/cv_bridge/cmake)
[0.739s] -- Found ament_lint_auto: 0.12.9 (/opt/ros/humble/share/ament_lint_auto/cmake)
[0.785s] -- Added test 'cppcheck' to perform static code analysis on C / C++ code
[0.785s] -- Configured cppcheck include dirs: $<BUILD_INTERFACE:/home/sulieman/quadrotor_target_tracking/src/quadrotor_control/include/quadrotor_control>
[0.785s] -- Configured cppcheck exclude dirs and/or files: 
[0.785s] -- Added test 'lint_cmake' to check CMake code style
[0.786s] -- Added test 'uncrustify' to check C / C++ code style
[0.786s] -- Configured uncrustify additional arguments: 
[0.786s] -- Added test 'xmllint' to check XML markup files
[0.786s] -- Configuring done
[0.795s] -- Generating done
[0.796s] -- Build files have been written to: /home/sulieman/quadrotor_target_tracking/build/quadrotor_control
[0.815s] [35m[1mConsolidate compiler generated dependencies of target quadrotor_vision[0m
[0.815s] [35m[1mConsolidate compiler generated dependencies of target quadrotor_mpc[0m
[0.826s] [ 25%] [32mBuilding CXX object CMakeFiles/quadrotor_vision.dir/src/quadrotor_vision.cpp.o[0m
[0.829s] [ 50%] [32mBuilding CXX object CMakeFiles/quadrotor_mpc.dir/src/quadrotor_mpc.cpp.o[0m
[6.040s] [ 75%] [32m[1mLinking CXX executable quadrotor_vision[0m
[6.384s] /usr/bin/ld: CMakeFiles/quadrotor_vision.dir/src/quadrotor_vision.cpp.o: in function `QuadrotorReferencePublisher::QuadrotorReferencePublisher()::{lambda(std::shared_ptr<sensor_msgs::msg::Image_<std::allocator<void> > >)#2}::operator()(std::shared_ptr<sensor_msgs::msg::Image_<std::allocator<void> > >) const':
[6.384s] quadrotor_vision.cpp:(.text._ZZN27QuadrotorReferencePublisherC4EvENKUlSt10shared_ptrIN11sensor_msgs3msg6Image_ISaIvEEEEE0_clES6_[_ZZN27QuadrotorReferencePublisherC4EvENKUlSt10shared_ptrIN11sensor_msgs3msg6Image_ISaIvEEEEE0_clES6_]+0x184): undefined reference to `cv::imshow(std::__cxx11::basic_string<char, std::char_traits<char>, std::allocator<char> > const&, cv::_InputArray const&)'
[6.384s] /usr/bin/ld: quadrotor_vision.cpp:(.text._ZZN27QuadrotorReferencePublisherC4EvENKUlSt10shared_ptrIN11sensor_msgs3msg6Image_ISaIvEEEEE0_clES6_[_ZZN27QuadrotorReferencePublisherC4EvENKUlSt10shared_ptrIN11sensor_msgs3msg6Image_ISaIvEEEEE0_clES6_]+0x1bb): undefined reference to `cv::waitKey(int)'
[6.419s] collect2: error: ld returned 1 exit status
[6.420s] gmake[2]: *** [CMakeFiles/quadrotor_vision.dir/build.make:205: quadrotor_vision] Error 1
[6.420s] gmake[1]: *** [CMakeFiles/Makefile2:165: CMakeFiles/quadrotor_vision.dir/all] Error 2
[6.420s] gmake[1]: *** Waiting for unfinished jobs....
[7.465s] [100%] [32m[1mLinking CXX executable quadrotor_mpc[0m
[7.767s] [100%] Built target quadrotor_mpc
[7.768s] gmake: *** [Makefile:146: all] Error 2
[7.770s] Invoked command in '/home/sulieman/quadrotor_target_tracking/build/quadrotor_control' returned '2': CMAKE_PREFIX_PATH=${CMAKE_PREFIX_PATH}:/home/sulieman/quadrotor_target_tracking/install/simulation:/home/sulieman/quadrotor_target_tracking/install/robots_description:/opt/ros/humble /usr/bin/cmake --build /home/sulieman/quadrotor_target_tracking/build/quadrotor_control -- -j16 -l16
