[0.882s] Invoking command in '/home/sulieman/quadrotor_target_tracking/build/simulation': PYTHONPATH=/home/sulieman/quadrotor_target_tracking/build/simulation/prefix_override:/home/sulieman/quadrotor_target_tracking/install/simulation/lib/python3.10/site-packages:${PYTHONPATH} /usr/bin/python3 setup.py develop --editable --build-directory /home/sulieman/quadrotor_target_tracking/build/simulation/build --no-deps install_data
[1.107s] /home/sulieman/.local/lib/python3.10/site-packages/setuptools/command/develop.py:40: EasyInstallDeprecationWarning: easy_install command is deprecated.
[1.107s] !!
[1.107s] 
[1.107s]         ********************************************************************************
[1.107s]         Please avoid running ``setup.py`` and ``easy_install``.
[1.108s]         Instead, use pypa/build, pypa/installer or other
[1.108s]         standards-based tools.
[1.108s] 
[1.108s]         See https://github.com/pypa/setuptools/issues/917 for details.
[1.108s]         ********************************************************************************
[1.108s] 
[1.108s] !!
[1.108s]   easy_install.initialize_options(self)
[1.108s] running develop
[1.130s] /home/sulieman/.local/lib/python3.10/site-packages/setuptools/_distutils/cmd.py:66: SetuptoolsDeprecationWarning: setup.py install is deprecated.
[1.130s] !!
[1.130s] 
[1.130s]         ********************************************************************************
[1.130s]         Please avoid running ``setup.py`` directly.
[1.130s]         Instead, use pypa/build, pypa/installer or other
[1.130s]         standards-based tools.
[1.130s] 
[1.130s]         See https://blog.ganssle.io/articles/2021/10/setup-py-deprecated.html for details.
[1.130s]         ********************************************************************************
[1.130s] 
[1.130s] !!
[1.130s]   self.initialize_options()
[1.263s] running egg_info
[1.284s] writing simulation.egg-info/PKG-INFO
[1.284s] writing dependency_links to simulation.egg-info/dependency_links.txt
[1.284s] writing requirements to simulation.egg-info/requires.txt
[1.284s] writing top-level names to simulation.egg-info/top_level.txt
[1.311s] reading manifest file 'simulation.egg-info/SOURCES.txt'
[1.312s] writing manifest file 'simulation.egg-info/SOURCES.txt'
[1.325s] running build_ext
[1.325s] Creating /home/sulieman/quadrotor_target_tracking/install/simulation/lib/python3.10/site-packages/simulation.egg-link (link to .)
[1.325s] 
[1.326s] Installed /home/sulieman/quadrotor_target_tracking/build/simulation
[1.326s] running install_data
[1.326s] copying resource/simulation -> /home/sulieman/quadrotor_target_tracking/install/simulation/share/ament_index/resource_index/packages
[1.326s] copying package.xml -> /home/sulieman/quadrotor_target_tracking/install/simulation/share/simulation
[1.326s] copying world/canyonview_field.world -> /home/sulieman/quadrotor_target_tracking/install/simulation/share/simulation/world
[1.326s] copying launch/target_tracking.launch.py -> /home/sulieman/quadrotor_target_tracking/install/simulation/share/simulation/launch
[1.326s] copying config/simulation.yaml -> /home/sulieman/quadrotor_target_tracking/install/simulation/share/simulation/config
[1.352s] Invoked command in '/home/sulieman/quadrotor_target_tracking/build/simulation' returned '0': PYTHONPATH=/home/sulieman/quadrotor_target_tracking/build/simulation/prefix_override:/home/sulieman/quadrotor_target_tracking/install/simulation/lib/python3.10/site-packages:${PYTHONPATH} /usr/bin/python3 setup.py develop --editable --build-directory /home/sulieman/quadrotor_target_tracking/build/simulation/build --no-deps install_data
