[0.828s] Invoking command in '/home/sulieman/quadrotor_target_tracking/src/simulation': PYTHONPATH=/home/sulieman/quadrotor_target_tracking/build/simulation/prefix_override:/home/sulieman/quadrotor_target_tracking/install/simulation/lib/python3.10/site-packages:${PYTHONPATH} /usr/bin/python3 setup.py egg_info --egg-base ../../build/simulation build --build-base /home/sulieman/quadrotor_target_tracking/build/simulation/build install --record /home/sulieman/quadrotor_target_tracking/build/simulation/install.log --single-version-externally-managed
[0.971s] running egg_info
[0.983s] writing ../../build/simulation/simulation.egg-info/PKG-INFO
[0.983s] writing dependency_links to ../../build/simulation/simulation.egg-info/dependency_links.txt
[0.983s] writing requirements to ../../build/simulation/simulation.egg-info/requires.txt
[0.983s] writing top-level names to ../../build/simulation/simulation.egg-info/top_level.txt
[1.072s] reading manifest file '../../build/simulation/simulation.egg-info/SOURCES.txt'
[1.072s] writing manifest file '../../build/simulation/simulation.egg-info/SOURCES.txt'
[1.072s] running build
[1.073s] running build_py
[1.073s] copying simulation/__init__.py -> /home/sulieman/quadrotor_target_tracking/build/simulation/build/lib/simulation
[1.073s] running install
[1.073s] /home/sulieman/.local/lib/python3.10/site-packages/setuptools/_distutils/cmd.py:66: SetuptoolsDeprecationWarning: setup.py install is deprecated.
[1.073s] !!
[1.073s] 
[1.073s]         ********************************************************************************
[1.073s]         Please avoid running ``setup.py`` directly.
[1.073s]         Instead, use pypa/build, pypa/installer or other
[1.073s]         standards-based tools.
[1.073s] 
[1.073s]         See https://blog.ganssle.io/articles/2021/10/setup-py-deprecated.html for details.
[1.074s]         ********************************************************************************
[1.074s] 
[1.074s] !!
[1.074s]   self.initialize_options()
[1.076s] running install_lib
[1.087s] running install_data
[1.097s] copying resource/simulation -> /home/sulieman/quadrotor_target_tracking/install/simulation/share/ament_index/resource_index/packages
[1.097s] copying package.xml -> /home/sulieman/quadrotor_target_tracking/install/simulation/share/simulation
[1.098s] copying world/canyonview_field.world -> /home/sulieman/quadrotor_target_tracking/install/simulation/share/simulation/world
[1.098s] copying launch/target_tracking.launch.py -> /home/sulieman/quadrotor_target_tracking/install/simulation/share/simulation/launch
[1.098s] copying config/simulation.yaml -> /home/sulieman/quadrotor_target_tracking/install/simulation/share/simulation/config
[1.098s] running install_egg_info
[1.109s] removing '/home/sulieman/quadrotor_target_tracking/install/simulation/lib/python3.10/site-packages/simulation-0.0.0-py3.10.egg-info' (and everything under it)
[1.109s] Copying ../../build/simulation/simulation.egg-info to /home/sulieman/quadrotor_target_tracking/install/simulation/lib/python3.10/site-packages/simulation-0.0.0-py3.10.egg-info
[1.110s] running install_scripts
[1.142s] writing list of installed files to '/home/sulieman/quadrotor_target_tracking/build/simulation/install.log'
[1.197s] Invoked command in '/home/sulieman/quadrotor_target_tracking/src/simulation' returned '0': PYTHONPATH=/home/sulieman/quadrotor_target_tracking/build/simulation/prefix_override:/home/sulieman/quadrotor_target_tracking/install/simulation/lib/python3.10/site-packages:${PYTHONPATH} /usr/bin/python3 setup.py egg_info --egg-base ../../build/simulation build --build-base /home/sulieman/quadrotor_target_tracking/build/simulation/build install --record /home/sulieman/quadrotor_target_tracking/build/simulation/install.log --single-version-externally-managed
