[0.176s] Invoking command in '/home/sulieman/quadrotor_target_tracking/build/quadrotor_control': CMAKE_PREFIX_PATH=${CMAKE_PREFIX_PATH}:/home/sulieman/quadrotor_target_tracking/install/simulation:/home/sulieman/quadrotor_target_tracking/install/robots_description:/opt/ros/humble /usr/bin/cmake --build /home/sulieman/quadrotor_target_tracking/build/quadrotor_control -- -j16 -l16
[0.370s] [35m[1mConsolidate compiler generated dependencies of target quadrotor_vision[0m
[0.371s] [ 50%] Built target quadrotor_mpc
[0.371s] [ 75%] [32mBuilding CXX object CMakeFiles/quadrotor_vision.dir/src/quadrotor_vision.cpp.o[0m
[2.289s] [01m[K/home/sulieman/quadrotor_target_tracking/src/quadrotor_control/src/quadrotor_vision.cpp:[m[K In constructor ‘[01m[KQuadrotorReferencePublisher::QuadrotorReferencePublisher()[m[K’:
[2.289s] [01m[K/home/sulieman/quadrotor_target_tracking/src/quadrotor_control/src/quadrotor_vision.cpp:25:15:[m[K [01;31m[Kerror: [m[K‘[01m[Kclass QuadrotorReferencePublisher[m[K’ has no member named ‘[01m[Kdecalre_parameter[m[K’; did you mean ‘[01m[Kdeclare_parameter[m[K’?
[2.289s]    25 |         this->[01;31m[Kdecalre_parameter[m[K("state_topic", "quadrotor_state");
[2.289s]       |               [01;31m[K^~~~~~~~~~~~~~~~~[m[K
[2.289s]       |               [32m[Kdeclare_parameter[m[K
[2.304s] [01m[K/home/sulieman/quadrotor_target_tracking/src/quadrotor_control/src/quadrotor_vision.cpp:[m[K In lambda function:
[2.304s] [01m[K/home/sulieman/quadrotor_target_tracking/src/quadrotor_control/src/quadrotor_vision.cpp:86:47:[m[K [01;31m[Kerror: [m[Kno match for ‘[01m[Koperator<<[m[K’ (operand types are ‘[01m[Kstd::basic_ostream<char>[m[K’ and ‘[01m[Kcustom_interfaces::msg::ReferenceState[m[K’ {aka ‘[01m[Kcustom_interfaces::msg::ReferenceState_<std::allocator<void> >[m[K’})
[2.304s]    86 |             [32m[Kstd::cout << "reference state:\n"[m[K [01;31m[K<<[m[K[34m[Kreference_state_msg[m[K<< std::endl;
[2.304s]       |             [32m[K~~~~~~~~~~~~~~~~~~~~~~~~~~~~~~~~~[m[K [01;31m[K^~[m[K[34m[K~~~~~~~~~~~~~~~~~~~[m[K
[2.304s]       |                       [32m[K|[m[K                         [34m[K|[m[K
[2.304s]       |                       [32m[Kstd::basic_ostream<char>[m[K  [34m[Kcustom_interfaces::msg::ReferenceState {aka custom_interfaces::msg::ReferenceState_<std::allocator<void> >}[m[K
[2.304s] In file included from [01m[K/usr/include/c++/11/iostream:39[m[K,
[2.304s]                  from [01m[K/opt/ros/humble/include/rclcpp/rclcpp/executor.hpp:22[m[K,
[2.304s]                  from [01m[K/opt/ros/humble/include/rclcpp/rclcpp/executors/multi_threaded_executor.hpp:25[m[K,
[2.304s]                  from [01m[K/opt/ros/humble/include/rclcpp/rclcpp/executors.hpp:21[m[K,
[2.304s]                  from [01m[K/opt/ros/humble/include/rclcpp/rclcpp/rclcpp.hpp:155[m[K,
[2.304s]                  from [01m[K/home/sulieman/quadrotor_target_tracking/src/quadrotor_control/src/quadrotor_vision.cpp:1[m[K:
[2.304s] [01m[K/usr/include/c++/11/ostream:108:7:[m[K [01;36m[Knote: [m[Kcandidate: ‘[01m[Kstd::basic_ostream<_CharT, _Traits>::__ostream_type& std::basic_ostream<_CharT, _Traits>::operator<<(std::basic_ostream<_CharT, _Traits>::__ostream_type& (*)(std::basic_ostream<_CharT, _Traits>::__ostream_type&)) [with _CharT = char; _Traits = std::char_traits<char>; std::basic_ostream<_CharT, _Traits>::__ostream_type = std::basic_ostream<char>][m[K’
[2.304s]   108 |       [01;36m[Koperator[m[K<<(__ostream_type& (*__pf)(__ostream_type&))
[2.304s]       |       [01;36m[K^~~~~~~~[m[K
[2.304s] [01m[K/usr/include/c++/11/ostream:108:36:[m[K [01;36m[Knote: [m[K  no known conversion for argument 1 from ‘[01m[Kcustom_interfaces::msg::ReferenceState[m[K’ {aka ‘[01m[Kcustom_interfaces::msg::ReferenceState_<std::allocator<void> >[m[K’} to ‘[01m[Kstd::basic_ostream<char>::__ostream_type& (*)(std::basic_ostream<char>::__ostream_type&)[m[K’ {aka ‘[01m[Kstd::basic_ostream<char>& (*)(std::basic_ostream<char>&)[m[K’}
[2.304s]   108 |       operator<<([01;36m[K__ostream_type& (*__pf)(__ostream_type&)[m[K)
[2.305s]       |                  [01;36m[K~~~~~~~~~~~~~~~~~~^~~~~~~~~~~~~~~~~~~~~~[m[K
[2.305s] [01m[K/usr/include/c++/11/ostream:117:7:[m[K [01;36m[Knote: [m[Kcandidate: ‘[01m[Kstd::basic_ostream<_CharT, _Traits>::__ostream_type& std::basic_ostream<_CharT, _Traits>::operator<<(std::basic_ostream<_CharT, _Traits>::__ios_type& (*)(std::basic_ostream<_CharT, _Traits>::__ios_type&)) [with _CharT = char; _Traits = std::char_traits<char>; std::basic_ostream<_CharT, _Traits>::__ostream_type = std::basic_ostream<char>; std::basic_ostream<_CharT, _Traits>::__ios_type = std::basic_ios<char>][m[K’
[2.305s]   117 |       [01;36m[Koperator[m[K<<(__ios_type& (*__pf)(__ios_type&))
[2.305s]       |       [01;36m[K^~~~~~~~[m[K
[2.305s] [01m[K/usr/include/c++/11/ostream:117:32:[m[K [01;36m[Knote: [m[K  no known conversion for argument 1 from ‘[01m[Kcustom_interfaces::msg::ReferenceState[m[K’ {aka ‘[01m[Kcustom_interfaces::msg::ReferenceState_<std::allocator<void> >[m[K’} to ‘[01m[Kstd::basic_ostream<char>::__ios_type& (*)(std::basic_ostream<char>::__ios_type&)[m[K’ {aka ‘[01m[Kstd::basic_ios<char>& (*)(std::basic_ios<char>&)[m[K’}
[2.305s]   117 |       operator<<([01;36m[K__ios_type& (*__pf)(__ios_type&)[m[K)
[2.305s]       |                  [01;36m[K~~~~~~~~~~~~~~^~~~~~~~~~~~~~~~~~[m[K
[2.305s] [01m[K/usr/include/c++/11/ostream:127:7:[m[K [01;36m[Knote: [m[Kcandidate: ‘[01m[Kstd::basic_ostream<_CharT, _Traits>::__ostream_type& std::basic_ostream<_CharT, _Traits>::operator<<(std::ios_base& (*)(std::ios_base&)) [with _CharT = char; _Traits = std::char_traits<char>; std::basic_ostream<_CharT, _Traits>::__ostream_type = std::basic_ostream<char>][m[K’
[2.305s]   127 |       [01;36m[Koperator[m[K<<(ios_base& (*__pf) (ios_base&))
[2.305s]       |       [01;36m[K^~~~~~~~[m[K
[2.305s] [01m[K/usr/include/c++/11/ostream:127:30:[m[K [01;36m[Knote: [m[K  no known conversion for argument 1 from ‘[01m[Kcustom_interfaces::msg::ReferenceState[m[K’ {aka ‘[01m[Kcustom_interfaces::msg::ReferenceState_<std::allocator<void> >[m[K’} to ‘[01m[Kstd::ios_base& (*)(std::ios_base&)[m[K’
[2.305s]   127 |       operator<<([01;36m[Kios_base& (*__pf) (ios_base&)[m[K)
[2.305s]       |                  [01;36m[K~~~~~~~~~~~~^~~~~~~~~~~~~~~~~[m[K
[2.305s] [01m[K/usr/include/c++/11/ostream:166:7:[m[K [01;36m[Knote: [m[Kcandidate: ‘[01m[Kstd::basic_ostream<_CharT, _Traits>::__ostream_type& std::basic_ostream<_CharT, _Traits>::operator<<(long int) [with _CharT = char; _Traits = std::char_traits<char>; std::basic_ostream<_CharT, _Traits>::__ostream_type = std::basic_ostream<char>][m[K’
[2.305s]   166 |       [01;36m[Koperator[m[K<<(long __n)
[2.305s]       |       [01;36m[K^~~~~~~~[m[K
[2.305s] [01m[K/usr/include/c++/11/ostream:166:23:[m[K [01;36m[Knote: [m[K  no known conversion for argument 1 from ‘[01m[Kcustom_interfaces::msg::ReferenceState[m[K’ {aka ‘[01m[Kcustom_interfaces::msg::ReferenceState_<std::allocator<void> >[m[K’} to ‘[01m[Klong int[m[K’
[2.305s]   166 |       operator<<([01;36m[Klong __n[m[K)
[2.305s]       |                  [01;36m[K~~~~~^~~[m[K
[2.305s] [01m[K/usr/include/c++/11/ostream:170:7:[m[K [01;36m[Knote: [m[Kcandidate: ‘[01m[Kstd::basic_ostream<_CharT, _Traits>::__ostream_type& std::basic_ostream<_CharT, _Traits>::operator<<(long unsigned int) [with _CharT = char; _Traits = std::char_traits<char>; std::basic_ostream<_CharT, _Traits>::__ostream_type = std::basic_ostream<char>][m[K’
[2.305s]   170 |       [01;36m[Koperator[m[K<<(unsigned long __n)
[2.305s]       |       [01;36m[K^~~~~~~~[m[K
[2.305s] [01m[K/usr/include/c++/11/ostream:170:32:[m[K [01;36m[Knote: [m[K  no known conversion for argument 1 from ‘[01m[Kcustom_interfaces::msg::ReferenceState[m[K’ {aka ‘[01m[Kcustom_interfaces::msg::ReferenceState_<std::allocator<void> >[m[K’} to ‘[01m[Klong unsigned int[m[K’
[2.305s]   170 |       operator<<([01;36m[Kunsigned long __n[m[K)
[2.305s]       |                  [01;36m[K~~~~~~~~~~~~~~^~~[m[K
[2.306s] [01m[K/usr/include/c++/11/ostream:174:7:[m[K [01;36m[Knote: [m[Kcandidate: ‘[01m[Kstd::basic_ostream<_CharT, _Traits>::__ostream_type& std::basic_ostream<_CharT, _Traits>::operator<<(bool) [with _CharT = char; _Traits = std::char_traits<char>; std::basic_ostream<_CharT, _Traits>::__ostream_type = std::basic_ostream<char>][m[K’
[2.306s]   174 |       [01;36m[Koperator[m[K<<(bool __n)
[2.306s]       |       [01;36m[K^~~~~~~~[m[K
[2.306s] [01m[K/usr/include/c++/11/ostream:174:23:[m[K [01;36m[Knote: [m[K  no known conversion for argument 1 from ‘[01m[Kcustom_interfaces::msg::ReferenceState[m[K’ {aka ‘[01m[Kcustom_interfaces::msg::ReferenceState_<std::allocator<void> >[m[K’} to ‘[01m[Kbool[m[K’
[2.306s]   174 |       operator<<([01;36m[Kbool __n[m[K)
[2.306s]       |                  [01;36m[K~~~~~^~~[m[K
[2.306s] In file included from [01m[K/usr/include/c++/11/ostream:829[m[K,
[2.306s]                  from [01m[K/usr/include/c++/11/iostream:39[m[K,
[2.306s]                  from [01m[K/opt/ros/humble/include/rclcpp/rclcpp/executor.hpp:22[m[K,
[2.306s]                  from [01m[K/opt/ros/humble/include/rclcpp/rclcpp/executors/multi_threaded_executor.hpp:25[m[K,
[2.306s]                  from [01m[K/opt/ros/humble/include/rclcpp/rclcpp/executors.hpp:21[m[K,
[2.306s]                  from [01m[K/opt/ros/humble/include/rclcpp/rclcpp/rclcpp.hpp:155[m[K,
[2.306s]                  from [01m[K/home/sulieman/quadrotor_target_tracking/src/quadrotor_control/src/quadrotor_vision.cpp:1[m[K:
[2.306s] [01m[K/usr/include/c++/11/bits/ostream.tcc:91:5:[m[K [01;36m[Knote: [m[Kcandidate: ‘[01m[Kstd::basic_ostream<_Ch, _Tr>& std::basic_ostream<_CharT, _Traits>::operator<<(short int) [with _CharT = char; _Traits = std::char_traits<char>][m[K’
[2.306s]    91 |     [01;36m[Kbasic_ostream<_CharT, _Traits>[m[K::
[2.306s]       |     [01;36m[K^~~~~~~~~~~~~~~~~~~~~~~~~~~~~~[m[K
[2.306s] [01m[K/usr/include/c++/11/bits/ostream.tcc:92:22:[m[K [01;36m[Knote: [m[K  no known conversion for argument 1 from ‘[01m[Kcustom_interfaces::msg::ReferenceState[m[K’ {aka ‘[01m[Kcustom_interfaces::msg::ReferenceState_<std::allocator<void> >[m[K’} to ‘[01m[Kshort int[m[K’
[2.306s]    92 |     operator<<([01;36m[Kshort __n[m[K)
[2.306s]       |                [01;36m[K~~~~~~^~~[m[K
[2.306s] In file included from [01m[K/usr/include/c++/11/iostream:39[m[K,
[2.306s]                  from [01m[K/opt/ros/humble/include/rclcpp/rclcpp/executor.hpp:22[m[K,
[2.306s]                  from [01m[K/opt/ros/humble/include/rclcpp/rclcpp/executors/multi_threaded_executor.hpp:25[m[K,
[2.306s]                  from [01m[K/opt/ros/humble/include/rclcpp/rclcpp/executors.hpp:21[m[K,
[2.306s]                  from [01m[K/opt/ros/humble/include/rclcpp/rclcpp/rclcpp.hpp:155[m[K,
[2.306s]                  from [01m[K/home/sulieman/quadrotor_target_tracking/src/quadrotor_control/src/quadrotor_vision.cpp:1[m[K:
[2.306s] [01m[K/usr/include/c++/11/ostream:181:7:[m[K [01;36m[Knote: [m[Kcandidate: ‘[01m[Kstd::basic_ostream<_CharT, _Traits>::__ostream_type& std::basic_ostream<_CharT, _Traits>::operator<<(short unsigned int) [with _CharT = char; _Traits = std::char_traits<char>; std::basic_ostream<_CharT, _Traits>::__ostream_type = std::basic_ostream<char>][m[K’
[2.306s]   181 |       [01;36m[Koperator[m[K<<(unsigned short __n)
[2.306s]       |       [01;36m[K^~~~~~~~[m[K
[2.306s] [01m[K/usr/include/c++/11/ostream:181:33:[m[K [01;36m[Knote: [m[K  no known conversion for argument 1 from ‘[01m[Kcustom_interfaces::msg::ReferenceState[m[K’ {aka ‘[01m[Kcustom_interfaces::msg::ReferenceState_<std::allocator<void> >[m[K’} to ‘[01m[Kshort unsigned int[m[K’
[2.306s]   181 |       operator<<([01;36m[Kunsigned short __n[m[K)
[2.307s]       |                  [01;36m[K~~~~~~~~~~~~~~~^~~[m[K
[2.307s] In file included from [01m[K/usr/include/c++/11/ostream:829[m[K,
[2.307s]                  from [01m[K/usr/include/c++/11/iostream:39[m[K,
[2.307s]                  from [01m[K/opt/ros/humble/include/rclcpp/rclcpp/executor.hpp:22[m[K,
[2.307s]                  from [01m[K/opt/ros/humble/include/rclcpp/rclcpp/executors/multi_threaded_executor.hpp:25[m[K,
[2.307s]                  from [01m[K/opt/ros/humble/include/rclcpp/rclcpp/executors.hpp:21[m[K,
[2.307s]                  from [01m[K/opt/ros/humble/include/rclcpp/rclcpp/rclcpp.hpp:155[m[K,
[2.307s]                  from [01m[K/home/sulieman/quadrotor_target_tracking/src/quadrotor_control/src/quadrotor_vision.cpp:1[m[K:
[2.307s] [01m[K/usr/include/c++/11/bits/ostream.tcc:105:5:[m[K [01;36m[Knote: [m[Kcandidate: ‘[01m[Kstd::basic_ostream<_Ch, _Tr>& std::basic_ostream<_CharT, _Traits>::operator<<(int) [with _CharT = char; _Traits = std::char_traits<char>][m[K’
[2.307s]   105 |     [01;36m[Kbasic_ostream<_CharT, _Traits>[m[K::
[2.307s]       |     [01;36m[K^~~~~~~~~~~~~~~~~~~~~~~~~~~~~~[m[K
[2.307s] [01m[K/usr/include/c++/11/bits/ostream.tcc:106:20:[m[K [01;36m[Knote: [m[K  no known conversion for argument 1 from ‘[01m[Kcustom_interfaces::msg::ReferenceState[m[K’ {aka ‘[01m[Kcustom_interfaces::msg::ReferenceState_<std::allocator<void> >[m[K’} to ‘[01m[Kint[m[K’
[2.307s]   106 |     operator<<([01;36m[Kint __n[m[K)
[2.307s]       |                [01;36m[K~~~~^~~[m[K
[2.307s] In file included from [01m[K/usr/include/c++/11/iostream:39[m[K,
[2.307s]                  from [01m[K/opt/ros/humble/include/rclcpp/rclcpp/executor.hpp:22[m[K,
[2.307s]                  from [01m[K/opt/ros/humble/include/rclcpp/rclcpp/executors/multi_threaded_executor.hpp:25[m[K,
[2.307s]                  from [01m[K/opt/ros/humble/include/rclcpp/rclcpp/executors.hpp:21[m[K,
[2.307s]                  from [01m[K/opt/ros/humble/include/rclcpp/rclcpp/rclcpp.hpp:155[m[K,
[2.307s]                  from [01m[K/home/sulieman/quadrotor_target_tracking/src/quadrotor_control/src/quadrotor_vision.cpp:1[m[K:
[2.307s] [01m[K/usr/include/c++/11/ostream:192:7:[m[K [01;36m[Knote: [m[Kcandidate: ‘[01m[Kstd::basic_ostream<_CharT, _Traits>::__ostream_type& std::basic_ostream<_CharT, _Traits>::operator<<(unsigned int) [with _CharT = char; _Traits = std::char_traits<char>; std::basic_ostream<_CharT, _Traits>::__ostream_type = std::basic_ostream<char>][m[K’
[2.307s]   192 |       [01;36m[Koperator[m[K<<(unsigned int __n)
[2.307s]       |       [01;36m[K^~~~~~~~[m[K
[2.307s] [01m[K/usr/include/c++/11/ostream:192:31:[m[K [01;36m[Knote: [m[K  no known conversion for argument 1 from ‘[01m[Kcustom_interfaces::msg::ReferenceState[m[K’ {aka ‘[01m[Kcustom_interfaces::msg::ReferenceState_<std::allocator<void> >[m[K’} to ‘[01m[Kunsigned int[m[K’
[2.307s]   192 |       operator<<([01;36m[Kunsigned int __n[m[K)
[2.307s]       |                  [01;36m[K~~~~~~~~~~~~~^~~[m[K
[2.307s] [01m[K/usr/include/c++/11/ostream:201:7:[m[K [01;36m[Knote: [m[Kcandidate: ‘[01m[Kstd::basic_ostream<_CharT, _Traits>::__ostream_type& std::basic_ostream<_CharT, _Traits>::operator<<(long long int) [with _CharT = char; _Traits = std::char_traits<char>; std::basic_ostream<_CharT, _Traits>::__ostream_type = std::basic_ostream<char>][m[K’
[2.307s]   201 |       [01;36m[Koperator[m[K<<(long long __n)
[2.307s]       |       [01;36m[K^~~~~~~~[m[K
[2.307s] [01m[K/usr/include/c++/11/ostream:201:28:[m[K [01;36m[Knote: [m[K  no known conversion for argument 1 from ‘[01m[Kcustom_interfaces::msg::ReferenceState[m[K’ {aka ‘[01m[Kcustom_interfaces::msg::ReferenceState_<std::allocator<void> >[m[K’} to ‘[01m[Klong long int[m[K’
[2.307s]   201 |       operator<<([01;36m[Klong long __n[m[K)
[2.307s]       |                  [01;36m[K~~~~~~~~~~^~~[m[K
[2.307s] [01m[K/usr/include/c++/11/ostream:205:7:[m[K [01;36m[Knote: [m[Kcandidate: ‘[01m[Kstd::basic_ostream<_CharT, _Traits>::__ostream_type& std::basic_ostream<_CharT, _Traits>::operator<<(long long unsigned int) [with _CharT = char; _Traits = std::char_traits<char>; std::basic_ostream<_CharT, _Traits>::__ostream_type = std::basic_ostream<char>][m[K’
[2.307s]   205 |       [01;36m[Koperator[m[K<<(unsigned long long __n)
[2.307s]       |       [01;36m[K^~~~~~~~[m[K
[2.307s] [01m[K/usr/include/c++/11/ostream:205:37:[m[K [01;36m[Knote: [m[K  no known conversion for argument 1 from ‘[01m[Kcustom_interfaces::msg::ReferenceState[m[K’ {aka ‘[01m[Kcustom_interfaces::msg::ReferenceState_<std::allocator<void> >[m[K’} to ‘[01m[Klong long unsigned int[m[K’
[2.307s]   205 |       operator<<([01;36m[Kunsigned long long __n[m[K)
[2.307s]       |                  [01;36m[K~~~~~~~~~~~~~~~~~~~^~~[m[K
[2.307s] [01m[K/usr/include/c++/11/ostream:220:7:[m[K [01;36m[Knote: [m[Kcandidate: ‘[01m[Kstd::basic_ostream<_CharT, _Traits>::__ostream_type& std::basic_ostream<_CharT, _Traits>::operator<<(double) [with _CharT = char; _Traits = std::char_traits<char>; std::basic_ostream<_CharT, _Traits>::__ostream_type = std::basic_ostream<char>][m[K’
[2.307s]   220 |       [01;36m[Koperator[m[K<<(double __f)
[2.308s]       |       [01;36m[K^~~~~~~~[m[K
[2.308s] [01m[K/usr/include/c++/11/ostream:220:25:[m[K [01;36m[Knote: [m[K  no known conversion for argument 1 from ‘[01m[Kcustom_interfaces::msg::ReferenceState[m[K’ {aka ‘[01m[Kcustom_interfaces::msg::ReferenceState_<std::allocator<void> >[m[K’} to ‘[01m[Kdouble[m[K’
[2.308s]   220 |       operator<<([01;36m[Kdouble __f[m[K)
[2.308s]       |                  [01;36m[K~~~~~~~^~~[m[K
[2.308s] [01m[K/usr/include/c++/11/ostream:224:7:[m[K [01;36m[Knote: [m[Kcandidate: ‘[01m[Kstd::basic_ostream<_CharT, _Traits>::__ostream_type& std::basic_ostream<_CharT, _Traits>::operator<<(float) [with _CharT = char; _Traits = std::char_traits<char>; std::basic_ostream<_CharT, _Traits>::__ostream_type = std::basic_ostream<char>][m[K’
[2.308s]   224 |       [01;36m[Koperator[m[K<<(float __f)
[2.308s]       |       [01;36m[K^~~~~~~~[m[K
[2.308s] [01m[K/usr/include/c++/11/ostream:224:24:[m[K [01;36m[Knote: [m[K  no known conversion for argument 1 from ‘[01m[Kcustom_interfaces::msg::ReferenceState[m[K’ {aka ‘[01m[Kcustom_interfaces::msg::ReferenceState_<std::allocator<void> >[m[K’} to ‘[01m[Kfloat[m[K’
[2.308s]   224 |       operator<<([01;36m[Kfloat __f[m[K)
[2.308s]       |                  [01;36m[K~~~~~~^~~[m[K
[2.308s] [01m[K/usr/include/c++/11/ostream:232:7:[m[K [01;36m[Knote: [m[Kcandidate: ‘[01m[Kstd::basic_ostream<_CharT, _Traits>::__ostream_type& std::basic_ostream<_CharT, _Traits>::operator<<(long double) [with _CharT = char; _Traits = std::char_traits<char>; std::basic_ostream<_CharT, _Traits>::__ostream_type = std::basic_ostream<char>][m[K’
[2.308s]   232 |       [01;36m[Koperator[m[K<<(long double __f)
[2.308s]       |       [01;36m[K^~~~~~~~[m[K
[2.308s] [01m[K/usr/include/c++/11/ostream:232:30:[m[K [01;36m[Knote: [m[K  no known conversion for argument 1 from ‘[01m[Kcustom_interfaces::msg::ReferenceState[m[K’ {aka ‘[01m[Kcustom_interfaces::msg::ReferenceState_<std::allocator<void> >[m[K’} to ‘[01m[Klong double[m[K’
[2.308s]   232 |       operator<<([01;36m[Klong double __f[m[K)
[2.308s]       |                  [01;36m[K~~~~~~~~~~~~^~~[m[K
[2.308s] [01m[K/usr/include/c++/11/ostream:245:7:[m[K [01;36m[Knote: [m[Kcandidate: ‘[01m[Kstd::basic_ostream<_CharT, _Traits>::__ostream_type& std::basic_ostream<_CharT, _Traits>::operator<<(const void*) [with _CharT = char; _Traits = std::char_traits<char>; std::basic_ostream<_CharT, _Traits>::__ostream_type = std::basic_ostream<char>][m[K’
[2.308s]   245 |       [01;36m[Koperator[m[K<<(const void* __p)
[2.308s]       |       [01;36m[K^~~~~~~~[m[K
[2.308s] [01m[K/usr/include/c++/11/ostream:245:30:[m[K [01;36m[Knote: [m[K  no known conversion for argument 1 from ‘[01m[Kcustom_interfaces::msg::ReferenceState[m[K’ {aka ‘[01m[Kcustom_interfaces::msg::ReferenceState_<std::allocator<void> >[m[K’} to ‘[01m[Kconst void*[m[K’
[2.308s]   245 |       operator<<([01;36m[Kconst void* __p[m[K)
[2.308s]       |                  [01;36m[K~~~~~~~~~~~~^~~[m[K
[2.308s] [01m[K/usr/include/c++/11/ostream:250:7:[m[K [01;36m[Knote: [m[Kcandidate: ‘[01m[Kstd::basic_ostream<_CharT, _Traits>::__ostream_type& std::basic_ostream<_CharT, _Traits>::operator<<(std::nullptr_t) [with _CharT = char; _Traits = std::char_traits<char>; std::basic_ostream<_CharT, _Traits>::__ostream_type = std::basic_ostream<char>; std::nullptr_t = std::nullptr_t][m[K’
[2.308s]   250 |       [01;36m[Koperator[m[K<<(nullptr_t)
[2.308s]       |       [01;36m[K^~~~~~~~[m[K
[2.308s] [01m[K/usr/include/c++/11/ostream:250:18:[m[K [01;36m[Knote: [m[K  no known conversion for argument 1 from ‘[01m[Kcustom_interfaces::msg::ReferenceState[m[K’ {aka ‘[01m[Kcustom_interfaces::msg::ReferenceState_<std::allocator<void> >[m[K’} to ‘[01m[Kstd::nullptr_t[m[K’
[2.308s]   250 |       operator<<([01;36m[Knullptr_t[m[K)
[2.308s]       |                  [01;36m[K^~~~~~~~~[m[K
[2.308s] In file included from [01m[K/usr/include/c++/11/ostream:829[m[K,
[2.308s]                  from [01m[K/usr/include/c++/11/iostream:39[m[K,
[2.308s]                  from [01m[K/opt/ros/humble/include/rclcpp/rclcpp/executor.hpp:22[m[K,
[2.308s]                  from [01m[K/opt/ros/humble/include/rclcpp/rclcpp/executors/multi_threaded_executor.hpp:25[m[K,
[2.308s]                  from [01m[K/opt/ros/humble/include/rclcpp/rclcpp/executors.hpp:21[m[K,
[2.308s]                  from [01m[K/opt/ros/humble/include/rclcpp/rclcpp/rclcpp.hpp:155[m[K,
[2.308s]                  from [01m[K/home/sulieman/quadrotor_target_tracking/src/quadrotor_control/src/quadrotor_vision.cpp:1[m[K:
[2.308s] [01m[K/usr/include/c++/11/bits/ostream.tcc:119:5:[m[K [01;36m[Knote: [m[Kcandidate: ‘[01m[Kstd::basic_ostream<_Ch, _Tr>& std::basic_ostream<_CharT, _Traits>::operator<<(std::basic_ostream<_CharT, _Traits>::__streambuf_type*) [with _CharT = char; _Traits = std::char_traits<char>; std::basic_ostream<_CharT, _Traits>::__streambuf_type = std::basic_streambuf<char>][m[K’
[2.308s]   119 |     [01;36m[Kbasic_ostream<_CharT, _Traits>[m[K::
[2.308s]       |     [01;36m[K^~~~~~~~~~~~~~~~~~~~~~~~~~~~~~[m[K
[2.308s] [01m[K/usr/include/c++/11/bits/ostream.tcc:120:34:[m[K [01;36m[Knote: [m[K  no known conversion for argument 1 from ‘[01m[Kcustom_interfaces::msg::ReferenceState[m[K’ {aka ‘[01m[Kcustom_interfaces::msg::ReferenceState_<std::allocator<void> >[m[K’} to ‘[01m[Kstd::basic_ostream<char>::__streambuf_type*[m[K’ {aka ‘[01m[Kstd::basic_streambuf<char>*[m[K’}
[2.308s]   120 |     operator<<([01;36m[K__streambuf_type* __sbin[m[K)
[2.309s]       |                [01;36m[K~~~~~~~~~~~~~~~~~~^~~~~~[m[K
[2.309s] In file included from [01m[K/usr/include/c++/11/memory:77[m[K,
[2.309s]                  from [01m[K/opt/ros/humble/include/rclcpp/rclcpp/rclcpp.hpp:153[m[K,
[2.309s]                  from [01m[K/home/sulieman/quadrotor_target_tracking/src/quadrotor_control/src/quadrotor_vision.cpp:1[m[K:
[2.309s] [01m[K/usr/include/c++/11/bits/shared_ptr.h:70:5:[m[K [01;36m[Knote: [m[Kcandidate: ‘[01m[Ktemplate<class _Ch, class _Tr, class _Tp, __gnu_cxx::_Lock_policy _Lp> std::basic_ostream<_Ch, _Tr>& std::operator<<(std::basic_ostream<_Ch, _Tr>&, const std::__shared_ptr<_Tp, _Lp>&)[m[K’
[2.309s]    70 |     [01;36m[Koperator[m[K<<(std::basic_ostream<_Ch, _Tr>& __os,
[2.309s]       |     [01;36m[K^~~~~~~~[m[K
[2.309s] [01m[K/usr/include/c++/11/bits/shared_ptr.h:70:5:[m[K [01;36m[Knote: [m[K  template argument deduction/substitution failed:
[2.309s] [01m[K/home/sulieman/quadrotor_target_tracking/src/quadrotor_control/src/quadrotor_vision.cpp:86:49:[m[K [01;36m[Knote: [m[K  ‘[01m[Kcustom_interfaces::msg::ReferenceState[m[K’ {aka ‘[01m[Kcustom_interfaces::msg::ReferenceState_<std::allocator<void> >[m[K’} is not derived from ‘[01m[Kconst std::__shared_ptr<_Tp, _Lp>[m[K’
[2.309s]    86 |             std::cout << "reference state:\n" <<[01;36m[Kreference_state_msg[m[K<< std::endl;
[2.309s]       |                                                 [01;36m[K^~~~~~~~~~~~~~~~~~~[m[K
[2.309s] In file included from [01m[K/usr/include/c++/11/bits/basic_string.h:48[m[K,
[2.309s]                  from [01m[K/usr/include/c++/11/string:55[m[K,
[2.309s]                  from [01m[K/usr/include/c++/11/stdexcept:39[m[K,
[2.309s]                  from [01m[K/usr/include/c++/11/system_error:41[m[K,
[2.309s]                  from [01m[K/usr/include/c++/11/mutex:42[m[K,
[2.309s]                  from [01m[K/usr/include/c++/11/future:38[m[K,
[2.309s]                  from [01m[K/opt/ros/humble/include/rclcpp/rclcpp/executors.hpp:18[m[K,
[2.309s]                  from [01m[K/opt/ros/humble/include/rclcpp/rclcpp/rclcpp.hpp:155[m[K,
[2.309s]                  from [01m[K/home/sulieman/quadrotor_target_tracking/src/quadrotor_control/src/quadrotor_vision.cpp:1[m[K:
[2.309s] [01m[K/usr/include/c++/11/string_view:667:5:[m[K [01;36m[Knote: [m[Kcandidate: ‘[01m[Ktemplate<class _CharT, class _Traits> std::basic_ostream<_Ch, _Tr>& std::operator<<(std::basic_ostream<_Ch, _Tr>&, std::basic_string_view<_CharT, _Traits>)[m[K’
[2.309s]   667 |     [01;36m[Koperator[m[K<<(basic_ostream<_CharT, _Traits>& __os,
[2.309s]       |     [01;36m[K^~~~~~~~[m[K
[2.309s] [01m[K/usr/include/c++/11/string_view:667:5:[m[K [01;36m[Knote: [m[K  template argument deduction/substitution failed:
[2.309s] [01m[K/home/sulieman/quadrotor_target_tracking/src/quadrotor_control/src/quadrotor_vision.cpp:86:49:[m[K [01;36m[Knote: [m[K  ‘[01m[Kcustom_interfaces::msg::ReferenceState_<std::allocator<void> >[m[K’ is not derived from ‘[01m[Kstd::basic_string_view<_CharT, _Traits>[m[K’
[2.309s]    86 |             std::cout << "reference state:\n" <<[01;36m[Kreference_state_msg[m[K<< std::endl;
[2.309s]       |                                                 [01;36m[K^~~~~~~~~~~~~~~~~~~[m[K
[2.309s] In file included from [01m[K/usr/include/c++/11/string:55[m[K,
[2.309s]                  from [01m[K/usr/include/c++/11/stdexcept:39[m[K,
[2.309s]                  from [01m[K/usr/include/c++/11/system_error:41[m[K,
[2.309s]                  from [01m[K/usr/include/c++/11/mutex:42[m[K,
[2.309s]                  from [01m[K/usr/include/c++/11/future:38[m[K,
[2.309s]                  from [01m[K/opt/ros/humble/include/rclcpp/rclcpp/executors.hpp:18[m[K,
[2.309s]                  from [01m[K/opt/ros/humble/include/rclcpp/rclcpp/rclcpp.hpp:155[m[K,
[2.309s]                  from [01m[K/home/sulieman/quadrotor_target_tracking/src/quadrotor_control/src/quadrotor_vision.cpp:1[m[K:
[2.309s] [01m[K/usr/include/c++/11/bits/basic_string.h:6531:5:[m[K [01;36m[Knote: [m[Kcandidate: ‘[01m[Ktemplate<class _CharT, class _Traits, class _Alloc> std::basic_ostream<_Ch, _Tr>& std::operator<<(std::basic_ostream<_Ch, _Tr>&, const std::__cxx11::basic_string<_CharT, _Traits, _Allocator>&)[m[K’
[2.309s]  6531 |     [01;36m[Koperator[m[K<<(basic_ostream<_CharT, _Traits>& __os,
[2.309s]       |     [01;36m[K^~~~~~~~[m[K
[2.309s] [01m[K/usr/include/c++/11/bits/basic_string.h:6531:5:[m[K [01;36m[Knote: [m[K  template argument deduction/substitution failed:
[2.309s] [01m[K/home/sulieman/quadrotor_target_tracking/src/quadrotor_control/src/quadrotor_vision.cpp:86:49:[m[K [01;36m[Knote: [m[K  ‘[01m[Kcustom_interfaces::msg::ReferenceState[m[K’ {aka ‘[01m[Kcustom_interfaces::msg::ReferenceState_<std::allocator<void> >[m[K’} is not derived from ‘[01m[Kconst std::__cxx11::basic_string<_CharT, _Traits, _Allocator>[m[K’
[2.310s]    86 |             std::cout << "reference state:\n" <<[01;36m[Kreference_state_msg[m[K<< std::endl;
[2.310s]       |                                                 [01;36m[K^~~~~~~~~~~~~~~~~~~[m[K
[2.310s] In file included from [01m[K/usr/include/c++/11/mutex:42[m[K,
[2.310s]                  from [01m[K/usr/include/c++/11/future:38[m[K,
[2.310s]                  from [01m[K/opt/ros/humble/include/rclcpp/rclcpp/executors.hpp:18[m[K,
[2.310s]                  from [01m[K/opt/ros/humble/include/rclcpp/rclcpp/rclcpp.hpp:155[m[K,
[2.310s]                  from [01m[K/home/sulieman/quadrotor_target_tracking/src/quadrotor_control/src/quadrotor_vision.cpp:1[m[K:
[2.310s] [01m[K/usr/include/c++/11/system_error:279:5:[m[K [01;36m[Knote: [m[Kcandidate: ‘[01m[Ktemplate<class _CharT, class _Traits> std::basic_ostream<_Ch, _Tr>& std::operator<<(std::basic_ostream<_Ch, _Tr>&, const std::error_code&)[m[K’
[2.310s]   279 |     [01;36m[Koperator[m[K<<(basic_ostream<_CharT, _Traits>& __os, const error_code& __e)
[2.310s]       |     [01;36m[K^~~~~~~~[m[K
[2.310s] [01m[K/usr/include/c++/11/system_error:279:5:[m[K [01;36m[Knote: [m[K  template argument deduction/substitution failed:
[2.310s] [01m[K/home/sulieman/quadrotor_target_tracking/src/quadrotor_control/src/quadrotor_vision.cpp:86:49:[m[K [01;36m[Knote: [m[K  cannot convert ‘[01m[Kthis->QuadrotorReferencePublisher::reference_state_msg[m[K’ (type ‘[01m[Kcustom_interfaces::msg::ReferenceState[m[K’ {aka ‘[01m[Kcustom_interfaces::msg::ReferenceState_<std::allocator<void> >[m[K’}) to type ‘[01m[Kconst std::error_code&[m[K’
[2.310s]    86 |             std::cout << "reference state:\n" <<[01;36m[Kreference_state_msg[m[K<< std::endl;
[2.310s]       |                                                 [01;36m[K^~~~~~~~~~~~~~~~~~~[m[K
[2.310s] In file included from [01m[K/opt/ros/humble/include/rclcpp/rclcpp/executors/multi_threaded_executor.hpp:22[m[K,
[2.310s]                  from [01m[K/opt/ros/humble/include/rclcpp/rclcpp/executors.hpp:21[m[K,
[2.310s]                  from [01m[K/opt/ros/humble/include/rclcpp/rclcpp/rclcpp.hpp:155[m[K,
[2.310s]                  from [01m[K/home/sulieman/quadrotor_target_tracking/src/quadrotor_control/src/quadrotor_vision.cpp:1[m[K:
[2.310s] [01m[K/usr/include/c++/11/thread:92:5:[m[K [01;36m[Knote: [m[Kcandidate: ‘[01m[Ktemplate<class _CharT, class _Traits> std::basic_ostream<_Ch, _Tr>& std::operator<<(std::basic_ostream<_Ch, _Tr>&, std::thread::id)[m[K’
[2.310s]    92 |     [01;36m[Koperator[m[K<<(basic_ostream<_CharT, _Traits>& __out, thread::id __id)
[2.310s]       |     [01;36m[K^~~~~~~~[m[K
[2.310s] [01m[K/usr/include/c++/11/thread:92:5:[m[K [01;36m[Knote: [m[K  template argument deduction/substitution failed:
[2.310s] [01m[K/home/sulieman/quadrotor_target_tracking/src/quadrotor_control/src/quadrotor_vision.cpp:86:49:[m[K [01;36m[Knote: [m[K  cannot convert ‘[01m[Kthis->QuadrotorReferencePublisher::reference_state_msg[m[K’ (type ‘[01m[Kcustom_interfaces::msg::ReferenceState[m[K’ {aka ‘[01m[Kcustom_interfaces::msg::ReferenceState_<std::allocator<void> >[m[K’}) to type ‘[01m[Kstd::thread::id[m[K’
[2.310s]    86 |             std::cout << "reference state:\n" <<[01;36m[Kreference_state_msg[m[K<< std::endl;
[2.310s]       |                                                 [01;36m[K^~~~~~~~~~~~~~~~~~~[m[K
[2.310s] In file included from [01m[K/usr/include/c++/11/iostream:39[m[K,
[2.310s]                  from [01m[K/opt/ros/humble/include/rclcpp/rclcpp/executor.hpp:22[m[K,
[2.310s]                  from [01m[K/opt/ros/humble/include/rclcpp/rclcpp/executors/multi_threaded_executor.hpp:25[m[K,
[2.310s]                  from [01m[K/opt/ros/humble/include/rclcpp/rclcpp/executors.hpp:21[m[K,
[2.310s]                  from [01m[K/opt/ros/humble/include/rclcpp/rclcpp/rclcpp.hpp:155[m[K,
[2.310s]                  from [01m[K/home/sulieman/quadrotor_target_tracking/src/quadrotor_control/src/quadrotor_vision.cpp:1[m[K:
[2.310s] [01m[K/usr/include/c++/11/ostream:513:5:[m[K [01;36m[Knote: [m[Kcandidate: ‘[01m[Ktemplate<class _CharT, class _Traits> std::basic_ostream<_Ch, _Tr>& std::operator<<(std::basic_ostream<_Ch, _Tr>&, _CharT)[m[K’
[2.310s]   513 |     [01;36m[Koperator[m[K<<(basic_ostream<_CharT, _Traits>& __out, _CharT __c)
[2.310s]       |     [01;36m[K^~~~~~~~[m[K
[2.310s] [01m[K/usr/include/c++/11/ostream:513:5:[m[K [01;36m[Knote: [m[K  template argument deduction/substitution failed:
[2.310s] [01m[K/home/sulieman/quadrotor_target_tracking/src/quadrotor_control/src/quadrotor_vision.cpp:86:49:[m[K [01;36m[Knote: [m[K  deduced conflicting types for parameter ‘[01m[K_CharT[m[K’ (‘[01m[Kchar[m[K’ and ‘[01m[Kcustom_interfaces::msg::ReferenceState_<std::allocator<void> >[m[K’)
[2.311s]    86 |             std::cout << "reference state:\n" <<[01;36m[Kreference_state_msg[m[K<< std::endl;
[2.311s]       |                                                 [01;36m[K^~~~~~~~~~~~~~~~~~~[m[K
[2.311s] In file included from [01m[K/usr/include/c++/11/iostream:39[m[K,
[2.311s]                  from [01m[K/opt/ros/humble/include/rclcpp/rclcpp/executor.hpp:22[m[K,
[2.311s]                  from [01m[K/opt/ros/humble/include/rclcpp/rclcpp/executors/multi_threaded_executor.hpp:25[m[K,
[2.311s]                  from [01m[K/opt/ros/humble/include/rclcpp/rclcpp/executors.hpp:21[m[K,
[2.311s]                  from [01m[K/opt/ros/humble/include/rclcpp/rclcpp/rclcpp.hpp:155[m[K,
[2.311s]                  from [01m[K/home/sulieman/quadrotor_target_tracking/src/quadrotor_control/src/quadrotor_vision.cpp:1[m[K:
[2.311s] [01m[K/usr/include/c++/11/ostream:518:5:[m[K [01;36m[Knote: [m[Kcandidate: ‘[01m[Ktemplate<class _CharT, class _Traits> std::basic_ostream<_Ch, _Tr>& std::operator<<(std::basic_ostream<_Ch, _Tr>&, char)[m[K’
[2.311s]   518 |     [01;36m[Koperator[m[K<<(basic_ostream<_CharT, _Traits>& __out, char __c)
[2.311s]       |     [01;36m[K^~~~~~~~[m[K
[2.311s] [01m[K/usr/include/c++/11/ostream:518:5:[m[K [01;36m[Knote: [m[K  template argument deduction/substitution failed:
[2.311s] [01m[K/home/sulieman/quadrotor_target_tracking/src/quadrotor_control/src/quadrotor_vision.cpp:86:49:[m[K [01;36m[Knote: [m[K  cannot convert ‘[01m[Kthis->QuadrotorReferencePublisher::reference_state_msg[m[K’ (type ‘[01m[Kcustom_interfaces::msg::ReferenceState[m[K’ {aka ‘[01m[Kcustom_interfaces::msg::ReferenceState_<std::allocator<void> >[m[K’}) to type ‘[01m[Kchar[m[K’
[2.311s]    86 |             std::cout << "reference state:\n" <<[01;36m[Kreference_state_msg[m[K<< std::endl;
[2.311s]       |                                                 [01;36m[K^~~~~~~~~~~~~~~~~~~[m[K
[2.311s] In file included from [01m[K/usr/include/c++/11/iostream:39[m[K,
[2.311s]                  from [01m[K/opt/ros/humble/include/rclcpp/rclcpp/executor.hpp:22[m[K,
[2.311s]                  from [01m[K/opt/ros/humble/include/rclcpp/rclcpp/executors/multi_threaded_executor.hpp:25[m[K,
[2.311s]                  from [01m[K/opt/ros/humble/include/rclcpp/rclcpp/executors.hpp:21[m[K,
[2.311s]                  from [01m[K/opt/ros/humble/include/rclcpp/rclcpp/rclcpp.hpp:155[m[K,
[2.311s]                  from [01m[K/home/sulieman/quadrotor_target_tracking/src/quadrotor_control/src/quadrotor_vision.cpp:1[m[K:
[2.311s] [01m[K/usr/include/c++/11/ostream:524:5:[m[K [01;36m[Knote: [m[Kcandidate: ‘[01m[Ktemplate<class _Traits> std::basic_ostream<char, _Traits>& std::operator<<(std::basic_ostream<char, _Traits>&, char)[m[K’
[2.311s]   524 |     [01;36m[Koperator[m[K<<(basic_ostream<char, _Traits>& __out, char __c)
[2.311s]       |     [01;36m[K^~~~~~~~[m[K
[2.311s] [01m[K/usr/include/c++/11/ostream:524:5:[m[K [01;36m[Knote: [m[K  template argument deduction/substitution failed:
[2.311s] [01m[K/home/sulieman/quadrotor_target_tracking/src/quadrotor_control/src/quadrotor_vision.cpp:86:49:[m[K [01;36m[Knote: [m[K  cannot convert ‘[01m[Kthis->QuadrotorReferencePublisher::reference_state_msg[m[K’ (type ‘[01m[Kcustom_interfaces::msg::ReferenceState[m[K’ {aka ‘[01m[Kcustom_interfaces::msg::ReferenceState_<std::allocator<void> >[m[K’}) to type ‘[01m[Kchar[m[K’
[2.311s]    86 |             std::cout << "reference state:\n" <<[01;36m[Kreference_state_msg[m[K<< std::endl;
[2.311s]       |                                                 [01;36m[K^~~~~~~~~~~~~~~~~~~[m[K
[2.311s] In file included from [01m[K/usr/include/c++/11/iostream:39[m[K,
[2.311s]                  from [01m[K/opt/ros/humble/include/rclcpp/rclcpp/executor.hpp:22[m[K,
[2.311s]                  from [01m[K/opt/ros/humble/include/rclcpp/rclcpp/executors/multi_threaded_executor.hpp:25[m[K,
[2.311s]                  from [01m[K/opt/ros/humble/include/rclcpp/rclcpp/executors.hpp:21[m[K,
[2.311s]                  from [01m[K/opt/ros/humble/include/rclcpp/rclcpp/rclcpp.hpp:155[m[K,
[2.311s]                  from [01m[K/home/sulieman/quadrotor_target_tracking/src/quadrotor_control/src/quadrotor_vision.cpp:1[m[K:
[2.311s] [01m[K/usr/include/c++/11/ostream:530:5:[m[K [01;36m[Knote: [m[Kcandidate: ‘[01m[Ktemplate<class _Traits> std::basic_ostream<char, _Traits>& std::operator<<(std::basic_ostream<char, _Traits>&, signed char)[m[K’
[2.311s]   530 |     [01;36m[Koperator[m[K<<(basic_ostream<char, _Traits>& __out, signed char __c)
[2.311s]       |     [01;36m[K^~~~~~~~[m[K
[2.311s] [01m[K/usr/include/c++/11/ostream:530:5:[m[K [01;36m[Knote: [m[K  template argument deduction/substitution failed:
[2.311s] [01m[K/home/sulieman/quadrotor_target_tracking/src/quadrotor_control/src/quadrotor_vision.cpp:86:49:[m[K [01;36m[Knote: [m[K  cannot convert ‘[01m[Kthis->QuadrotorReferencePublisher::reference_state_msg[m[K’ (type ‘[01m[Kcustom_interfaces::msg::ReferenceState[m[K’ {aka ‘[01m[Kcustom_interfaces::msg::ReferenceState_<std::allocator<void> >[m[K’}) to type ‘[01m[Ksigned char[m[K’
[2.312s]    86 |             std::cout << "reference state:\n" <<[01;36m[Kreference_state_msg[m[K<< std::endl;
[2.312s]       |                                                 [01;36m[K^~~~~~~~~~~~~~~~~~~[m[K
[2.312s] In file included from [01m[K/usr/include/c++/11/iostream:39[m[K,
[2.312s]                  from [01m[K/opt/ros/humble/include/rclcpp/rclcpp/executor.hpp:22[m[K,
[2.312s]                  from [01m[K/opt/ros/humble/include/rclcpp/rclcpp/executors/multi_threaded_executor.hpp:25[m[K,
[2.312s]                  from [01m[K/opt/ros/humble/include/rclcpp/rclcpp/executors.hpp:21[m[K,
[2.312s]                  from [01m[K/opt/ros/humble/include/rclcpp/rclcpp/rclcpp.hpp:155[m[K,
[2.312s]                  from [01m[K/home/sulieman/quadrotor_target_tracking/src/quadrotor_control/src/quadrotor_vision.cpp:1[m[K:
[2.312s] [01m[K/usr/include/c++/11/ostream:535:5:[m[K [01;36m[Knote: [m[Kcandidate: ‘[01m[Ktemplate<class _Traits> std::basic_ostream<char, _Traits>& std::operator<<(std::basic_ostream<char, _Traits>&, unsigned char)[m[K’
[2.312s]   535 |     [01;36m[Koperator[m[K<<(basic_ostream<char, _Traits>& __out, unsigned char __c)
[2.312s]       |     [01;36m[K^~~~~~~~[m[K
[2.312s] [01m[K/usr/include/c++/11/ostream:535:5:[m[K [01;36m[Knote: [m[K  template argument deduction/substitution failed:
[2.312s] [01m[K/home/sulieman/quadrotor_target_tracking/src/quadrotor_control/src/quadrotor_vision.cpp:86:49:[m[K [01;36m[Knote: [m[K  cannot convert ‘[01m[Kthis->QuadrotorReferencePublisher::reference_state_msg[m[K’ (type ‘[01m[Kcustom_interfaces::msg::ReferenceState[m[K’ {aka ‘[01m[Kcustom_interfaces::msg::ReferenceState_<std::allocator<void> >[m[K’}) to type ‘[01m[Kunsigned char[m[K’
[2.312s]    86 |             std::cout << "reference state:\n" <<[01;36m[Kreference_state_msg[m[K<< std::endl;
[2.312s]       |                                                 [01;36m[K^~~~~~~~~~~~~~~~~~~[m[K
[2.312s] In file included from [01m[K/usr/include/c++/11/iostream:39[m[K,
[2.312s]                  from [01m[K/opt/ros/humble/include/rclcpp/rclcpp/executor.hpp:22[m[K,
[2.312s]                  from [01m[K/opt/ros/humble/include/rclcpp/rclcpp/executors/multi_threaded_executor.hpp:25[m[K,
[2.312s]                  from [01m[K/opt/ros/humble/include/rclcpp/rclcpp/executors.hpp:21[m[K,
[2.312s]                  from [01m[K/opt/ros/humble/include/rclcpp/rclcpp/rclcpp.hpp:155[m[K,
[2.312s]                  from [01m[K/home/sulieman/quadrotor_target_tracking/src/quadrotor_control/src/quadrotor_vision.cpp:1[m[K:
[2.312s] [01m[K/usr/include/c++/11/ostream:594:5:[m[K [01;36m[Knote: [m[Kcandidate: ‘[01m[Ktemplate<class _CharT, class _Traits> std::basic_ostream<_Ch, _Tr>& std::operator<<(std::basic_ostream<_Ch, _Tr>&, const _CharT*)[m[K’
[2.312s]   594 |     [01;36m[Koperator[m[K<<(basic_ostream<_CharT, _Traits>& __out, const _CharT* __s)
[2.312s]       |     [01;36m[K^~~~~~~~[m[K
[2.312s] [01m[K/usr/include/c++/11/ostream:594:5:[m[K [01;36m[Knote: [m[K  template argument deduction/substitution failed:
[2.312s] [01m[K/home/sulieman/quadrotor_target_tracking/src/quadrotor_control/src/quadrotor_vision.cpp:86:49:[m[K [01;36m[Knote: [m[K  mismatched types ‘[01m[Kconst _CharT*[m[K’ and ‘[01m[Kcustom_interfaces::msg::ReferenceState_<std::allocator<void> >[m[K’
[2.312s]    86 |             std::cout << "reference state:\n" <<[01;36m[Kreference_state_msg[m[K<< std::endl;
[2.312s]       |                                                 [01;36m[K^~~~~~~~~~~~~~~~~~~[m[K
[2.312s] In file included from [01m[K/usr/include/c++/11/ostream:829[m[K,
[2.312s]                  from [01m[K/usr/include/c++/11/iostream:39[m[K,
[2.312s]                  from [01m[K/opt/ros/humble/include/rclcpp/rclcpp/executor.hpp:22[m[K,
[2.312s]                  from [01m[K/opt/ros/humble/include/rclcpp/rclcpp/executors/multi_threaded_executor.hpp:25[m[K,
[2.312s]                  from [01m[K/opt/ros/humble/include/rclcpp/rclcpp/executors.hpp:21[m[K,
[2.312s]                  from [01m[K/opt/ros/humble/include/rclcpp/rclcpp/rclcpp.hpp:155[m[K,
[2.312s]                  from [01m[K/home/sulieman/quadrotor_target_tracking/src/quadrotor_control/src/quadrotor_vision.cpp:1[m[K:
[2.313s] [01m[K/usr/include/c++/11/bits/ostream.tcc:321:5:[m[K [01;36m[Knote: [m[Kcandidate: ‘[01m[Ktemplate<class _CharT, class _Traits> std::basic_ostream<_Ch, _Tr>& std::operator<<(std::basic_ostream<_Ch, _Tr>&, const char*)[m[K’
[2.313s]   321 |     [01;36m[Koperator[m[K<<(basic_ostream<_CharT, _Traits>& __out, const char* __s)
[2.313s]       |     [01;36m[K^~~~~~~~[m[K
[2.313s] [01m[K/usr/include/c++/11/bits/ostream.tcc:321:5:[m[K [01;36m[Knote: [m[K  template argument deduction/substitution failed:
[2.313s] [01m[K/home/sulieman/quadrotor_target_tracking/src/quadrotor_control/src/quadrotor_vision.cpp:86:49:[m[K [01;36m[Knote: [m[K  cannot convert ‘[01m[Kthis->QuadrotorReferencePublisher::reference_state_msg[m[K’ (type ‘[01m[Kcustom_interfaces::msg::ReferenceState[m[K’ {aka ‘[01m[Kcustom_interfaces::msg::ReferenceState_<std::allocator<void> >[m[K’}) to type ‘[01m[Kconst char*[m[K’
[2.313s]    86 |             std::cout << "reference state:\n" <<[01;36m[Kreference_state_msg[m[K<< std::endl;
[2.313s]       |                                                 [01;36m[K^~~~~~~~~~~~~~~~~~~[m[K
[2.313s] In file included from [01m[K/usr/include/c++/11/iostream:39[m[K,
[2.313s]                  from [01m[K/opt/ros/humble/include/rclcpp/rclcpp/executor.hpp:22[m[K,
[2.313s]                  from [01m[K/opt/ros/humble/include/rclcpp/rclcpp/executors/multi_threaded_executor.hpp:25[m[K,
[2.313s]                  from [01m[K/opt/ros/humble/include/rclcpp/rclcpp/executors.hpp:21[m[K,
[2.313s]                  from [01m[K/opt/ros/humble/include/rclcpp/rclcpp/rclcpp.hpp:155[m[K,
[2.313s]                  from [01m[K/home/sulieman/quadrotor_target_tracking/src/quadrotor_control/src/quadrotor_vision.cpp:1[m[K:
[2.313s] [01m[K/usr/include/c++/11/ostream:611:5:[m[K [01;36m[Knote: [m[Kcandidate: ‘[01m[Ktemplate<class _Traits> std::basic_ostream<char, _Traits>& std::operator<<(std::basic_ostream<char, _Traits>&, const char*)[m[K’
[2.313s]   611 |     [01;36m[Koperator[m[K<<(basic_ostream<char, _Traits>& __out, const char* __s)
[2.313s]       |     [01;36m[K^~~~~~~~[m[K
[2.313s] [01m[K/usr/include/c++/11/ostream:611:5:[m[K [01;36m[Knote: [m[K  template argument deduction/substitution failed:
[2.313s] [01m[K/home/sulieman/quadrotor_target_tracking/src/quadrotor_control/src/quadrotor_vision.cpp:86:49:[m[K [01;36m[Knote: [m[K  cannot convert ‘[01m[Kthis->QuadrotorReferencePublisher::reference_state_msg[m[K’ (type ‘[01m[Kcustom_interfaces::msg::ReferenceState[m[K’ {aka ‘[01m[Kcustom_interfaces::msg::ReferenceState_<std::allocator<void> >[m[K’}) to type ‘[01m[Kconst char*[m[K’
[2.313s]    86 |             std::cout << "reference state:\n" <<[01;36m[Kreference_state_msg[m[K<< std::endl;
[2.313s]       |                                                 [01;36m[K^~~~~~~~~~~~~~~~~~~[m[K
[2.313s] In file included from [01m[K/usr/include/c++/11/iostream:39[m[K,
[2.313s]                  from [01m[K/opt/ros/humble/include/rclcpp/rclcpp/executor.hpp:22[m[K,
[2.313s]                  from [01m[K/opt/ros/humble/include/rclcpp/rclcpp/executors/multi_threaded_executor.hpp:25[m[K,
[2.313s]                  from [01m[K/opt/ros/humble/include/rclcpp/rclcpp/executors.hpp:21[m[K,
[2.313s]                  from [01m[K/opt/ros/humble/include/rclcpp/rclcpp/rclcpp.hpp:155[m[K,
[2.313s]                  from [01m[K/home/sulieman/quadrotor_target_tracking/src/quadrotor_control/src/quadrotor_vision.cpp:1[m[K:
[2.313s] [01m[K/usr/include/c++/11/ostream:624:5:[m[K [01;36m[Knote: [m[Kcandidate: ‘[01m[Ktemplate<class _Traits> std::basic_ostream<char, _Traits>& std::operator<<(std::basic_ostream<char, _Traits>&, const signed char*)[m[K’
[2.313s]   624 |     [01;36m[Koperator[m[K<<(basic_ostream<char, _Traits>& __out, const signed char* __s)
[2.313s]       |     [01;36m[K^~~~~~~~[m[K
[2.313s] [01m[K/usr/include/c++/11/ostream:624:5:[m[K [01;36m[Knote: [m[K  template argument deduction/substitution failed:
[2.313s] [01m[K/home/sulieman/quadrotor_target_tracking/src/quadrotor_control/src/quadrotor_vision.cpp:86:49:[m[K [01;36m[Knote: [m[K  cannot convert ‘[01m[Kthis->QuadrotorReferencePublisher::reference_state_msg[m[K’ (type ‘[01m[Kcustom_interfaces::msg::ReferenceState[m[K’ {aka ‘[01m[Kcustom_interfaces::msg::ReferenceState_<std::allocator<void> >[m[K’}) to type ‘[01m[Kconst signed char*[m[K’
[2.313s]    86 |             std::cout << "reference state:\n" <<[01;36m[Kreference_state_msg[m[K<< std::endl;
[2.313s]       |                                                 [01;36m[K^~~~~~~~~~~~~~~~~~~[m[K
[2.313s] In file included from [01m[K/usr/include/c++/11/iostream:39[m[K,
[2.313s]                  from [01m[K/opt/ros/humble/include/rclcpp/rclcpp/executor.hpp:22[m[K,
[2.313s]                  from [01m[K/opt/ros/humble/include/rclcpp/rclcpp/executors/multi_threaded_executor.hpp:25[m[K,
[2.313s]                  from [01m[K/opt/ros/humble/include/rclcpp/rclcpp/executors.hpp:21[m[K,
[2.313s]                  from [01m[K/opt/ros/humble/include/rclcpp/rclcpp/rclcpp.hpp:155[m[K,
[2.313s]                  from [01m[K/home/sulieman/quadrotor_target_tracking/src/quadrotor_control/src/quadrotor_vision.cpp:1[m[K:
[2.314s] [01m[K/usr/include/c++/11/ostream:629:5:[m[K [01;36m[Knote: [m[Kcandidate: ‘[01m[Ktemplate<class _Traits> std::basic_ostream<char, _Traits>& std::operator<<(std::basic_ostream<char, _Traits>&, const unsigned char*)[m[K’
[2.314s]   629 |     [01;36m[Koperator[m[K<<(basic_ostream<char, _Traits>& __out, const unsigned char* __s)
[2.314s]       |     [01;36m[K^~~~~~~~[m[K
[2.314s] [01m[K/usr/include/c++/11/ostream:629:5:[m[K [01;36m[Knote: [m[K  template argument deduction/substitution failed:
[2.314s] [01m[K/home/sulieman/quadrotor_target_tracking/src/quadrotor_control/src/quadrotor_vision.cpp:86:49:[m[K [01;36m[Knote: [m[K  cannot convert ‘[01m[Kthis->QuadrotorReferencePublisher::reference_state_msg[m[K’ (type ‘[01m[Kcustom_interfaces::msg::ReferenceState[m[K’ {aka ‘[01m[Kcustom_interfaces::msg::ReferenceState_<std::allocator<void> >[m[K’}) to type ‘[01m[Kconst unsigned char*[m[K’
[2.314s]    86 |             std::cout << "reference state:\n" <<[01;36m[Kreference_state_msg[m[K<< std::endl;
[2.314s]       |                                                 [01;36m[K^~~~~~~~~~~~~~~~~~~[m[K
[2.314s] In file included from [01m[K/usr/include/c++/11/iostream:39[m[K,
[2.314s]                  from [01m[K/opt/ros/humble/include/rclcpp/rclcpp/executor.hpp:22[m[K,
[2.314s]                  from [01m[K/opt/ros/humble/include/rclcpp/rclcpp/executors/multi_threaded_executor.hpp:25[m[K,
[2.314s]                  from [01m[K/opt/ros/humble/include/rclcpp/rclcpp/executors.hpp:21[m[K,
[2.314s]                  from [01m[K/opt/ros/humble/include/rclcpp/rclcpp/rclcpp.hpp:155[m[K,
[2.314s]                  from [01m[K/home/sulieman/quadrotor_target_tracking/src/quadrotor_control/src/quadrotor_vision.cpp:1[m[K:
[2.314s] [01m[K/usr/include/c++/11/ostream:750:5:[m[K [01;36m[Knote: [m[Kcandidate: ‘[01m[Ktemplate<class _Ostream, class _Tp> _Ostream&& std::operator<<(_Ostream&&, const _Tp&)[m[K’
[2.314s]   750 |     [01;36m[Koperator[m[K<<(_Ostream&& __os, const _Tp& __x)
[2.314s]       |     [01;36m[K^~~~~~~~[m[K
[2.314s] [01m[K/usr/include/c++/11/ostream:750:5:[m[K [01;36m[Knote: [m[K  template argument deduction/substitution failed:
[2.314s] /usr/include/c++/11/ostream: In substitution of ‘[01m[Ktemplate<class _Ostream, class _Tp> _Ostream&& std::operator<<(_Ostream&&, const _Tp&) [with _Ostream = std::basic_ostream<char>&; _Tp = custom_interfaces::msg::ReferenceState_<std::allocator<void> >][m[K’:
[2.314s] [01m[K/home/sulieman/quadrotor_target_tracking/src/quadrotor_control/src/quadrotor_vision.cpp:86:49:[m[K   required from here
[2.314s] [01m[K/usr/include/c++/11/ostream:750:5:[m[K [01;31m[Kerror: [m[Kno type named ‘[01m[Ktype[m[K’ in ‘[01m[Kstruct std::enable_if<false, void>[m[K’
[2.314s] In file included from [01m[K/opt/ros/humble/include/rosidl_runtime_cpp/rosidl_runtime_cpp/traits.hpp:19[m[K,
[2.314s]                  from [01m[K/opt/ros/humble/include/builtin_interfaces/builtin_interfaces/msg/detail/duration__traits.hpp:15[m[K,
[2.314s]                  from [01m[K/opt/ros/humble/include/builtin_interfaces/builtin_interfaces/msg/duration.hpp:9[m[K,
[2.314s]                  from [01m[K/opt/ros/humble/include/rclcpp/rclcpp/duration.hpp:20[m[K,
[2.314s]                  from [01m[K/opt/ros/humble/include/rclcpp/rclcpp/qos.hpp:20[m[K,
[2.314s]                  from [01m[K/opt/ros/humble/include/rclcpp/rclcpp/node_interfaces/node_graph_interface.hpp:32[m[K,
[2.314s]                  from [01m[K/opt/ros/humble/include/rclcpp/rclcpp/client.hpp:42[m[K,
[2.314s]                  from [01m[K/opt/ros/humble/include/rclcpp/rclcpp/callback_group.hpp:24[m[K,
[2.314s]                  from [01m[K/opt/ros/humble/include/rclcpp/rclcpp/any_executable.hpp:20[m[K,
[2.314s]                  from [01m[K/opt/ros/humble/include/rclcpp/rclcpp/memory_strategy.hpp:25[m[K,
[2.314s]                  from [01m[K/opt/ros/humble/include/rclcpp/rclcpp/memory_strategies.hpp:18[m[K,
[2.314s]                  from [01m[K/opt/ros/humble/include/rclcpp/rclcpp/executor_options.hpp:20[m[K,
[2.314s]                  from [01m[K/opt/ros/humble/include/rclcpp/rclcpp/executor.hpp:37[m[K,
[2.314s]                  from [01m[K/opt/ros/humble/include/rclcpp/rclcpp/executors/multi_threaded_executor.hpp:25[m[K,
[2.314s]                  from [01m[K/opt/ros/humble/include/rclcpp/rclcpp/executors.hpp:21[m[K,
[2.314s]                  from [01m[K/opt/ros/humble/include/rclcpp/rclcpp/rclcpp.hpp:155[m[K,
[2.315s]                  from [01m[K/home/sulieman/quadrotor_target_tracking/src/quadrotor_control/src/quadrotor_vision.cpp:1[m[K:
[2.315s] [01m[K/usr/include/c++/11/iomanip:79:5:[m[K [01;36m[Knote: [m[Kcandidate: ‘[01m[Ktemplate<class _CharT, class _Traits> std::basic_ostream<_Ch, _Tr>& std::operator<<(std::basic_ostream<_Ch, _Tr>&, std::_Resetiosflags)[m[K’
[2.315s]    79 |     [01;36m[Koperator[m[K<<(basic_ostream<_CharT, _Traits>& __os, _Resetiosflags __f)
[2.315s]       |     [01;36m[K^~~~~~~~[m[K
[2.315s] [01m[K/usr/include/c++/11/iomanip:79:5:[m[K [01;36m[Knote: [m[K  template argument deduction/substitution failed:
[2.315s] [01m[K/home/sulieman/quadrotor_target_tracking/src/quadrotor_control/src/quadrotor_vision.cpp:86:49:[m[K [01;36m[Knote: [m[K  cannot convert ‘[01m[Kthis->QuadrotorReferencePublisher::reference_state_msg[m[K’ (type ‘[01m[Kcustom_interfaces::msg::ReferenceState[m[K’ {aka ‘[01m[Kcustom_interfaces::msg::ReferenceState_<std::allocator<void> >[m[K’}) to type ‘[01m[Kstd::_Resetiosflags[m[K’
[2.315s]    86 |             std::cout << "reference state:\n" <<[01;36m[Kreference_state_msg[m[K<< std::endl;
[2.315s]       |                                                 [01;36m[K^~~~~~~~~~~~~~~~~~~[m[K
[2.315s] In file included from [01m[K/opt/ros/humble/include/rosidl_runtime_cpp/rosidl_runtime_cpp/traits.hpp:19[m[K,
[2.315s]                  from [01m[K/opt/ros/humble/include/builtin_interfaces/builtin_interfaces/msg/detail/duration__traits.hpp:15[m[K,
[2.315s]                  from [01m[K/opt/ros/humble/include/builtin_interfaces/builtin_interfaces/msg/duration.hpp:9[m[K,
[2.315s]                  from [01m[K/opt/ros/humble/include/rclcpp/rclcpp/duration.hpp:20[m[K,
[2.315s]                  from [01m[K/opt/ros/humble/include/rclcpp/rclcpp/qos.hpp:20[m[K,
[2.315s]                  from [01m[K/opt/ros/humble/include/rclcpp/rclcpp/node_interfaces/node_graph_interface.hpp:32[m[K,
[2.315s]                  from [01m[K/opt/ros/humble/include/rclcpp/rclcpp/client.hpp:42[m[K,
[2.315s]                  from [01m[K/opt/ros/humble/include/rclcpp/rclcpp/callback_group.hpp:24[m[K,
[2.315s]                  from [01m[K/opt/ros/humble/include/rclcpp/rclcpp/any_executable.hpp:20[m[K,
[2.315s]                  from [01m[K/opt/ros/humble/include/rclcpp/rclcpp/memory_strategy.hpp:25[m[K,
[2.315s]                  from [01m[K/opt/ros/humble/include/rclcpp/rclcpp/memory_strategies.hpp:18[m[K,
[2.315s]                  from [01m[K/opt/ros/humble/include/rclcpp/rclcpp/executor_options.hpp:20[m[K,
[2.315s]                  from [01m[K/opt/ros/humble/include/rclcpp/rclcpp/executor.hpp:37[m[K,
[2.315s]                  from [01m[K/opt/ros/humble/include/rclcpp/rclcpp/executors/multi_threaded_executor.hpp:25[m[K,
[2.315s]                  from [01m[K/opt/ros/humble/include/rclcpp/rclcpp/executors.hpp:21[m[K,
[2.315s]                  from [01m[K/opt/ros/humble/include/rclcpp/rclcpp/rclcpp.hpp:155[m[K,
[2.315s]                  from [01m[K/home/sulieman/quadrotor_target_tracking/src/quadrotor_control/src/quadrotor_vision.cpp:1[m[K:
[2.315s] [01m[K/usr/include/c++/11/iomanip:109:5:[m[K [01;36m[Knote: [m[Kcandidate: ‘[01m[Ktemplate<class _CharT, class _Traits> std::basic_ostream<_Ch, _Tr>& std::operator<<(std::basic_ostream<_Ch, _Tr>&, std::_Setiosflags)[m[K’
[2.315s]   109 |     [01;36m[Koperator[m[K<<(basic_ostream<_CharT, _Traits>& __os, _Setiosflags __f)
[2.315s]       |     [01;36m[K^~~~~~~~[m[K
[2.315s] [01m[K/usr/include/c++/11/iomanip:109:5:[m[K [01;36m[Knote: [m[K  template argument deduction/substitution failed:
[2.315s] [01m[K/home/sulieman/quadrotor_target_tracking/src/quadrotor_control/src/quadrotor_vision.cpp:86:49:[m[K [01;36m[Knote: [m[K  cannot convert ‘[01m[Kthis->QuadrotorReferencePublisher::reference_state_msg[m[K’ (type ‘[01m[Kcustom_interfaces::msg::ReferenceState[m[K’ {aka ‘[01m[Kcustom_interfaces::msg::ReferenceState_<std::allocator<void> >[m[K’}) to type ‘[01m[Kstd::_Setiosflags[m[K’
[2.315s]    86 |             std::cout << "reference state:\n" <<[01;36m[Kreference_state_msg[m[K<< std::endl;
[2.315s]       |                                                 [01;36m[K^~~~~~~~~~~~~~~~~~~[m[K
[2.315s] In file included from [01m[K/opt/ros/humble/include/rosidl_runtime_cpp/rosidl_runtime_cpp/traits.hpp:19[m[K,
[2.315s]                  from [01m[K/opt/ros/humble/include/builtin_interfaces/builtin_interfaces/msg/detail/duration__traits.hpp:15[m[K,
[2.315s]                  from [01m[K/opt/ros/humble/include/builtin_interfaces/builtin_interfaces/msg/duration.hpp:9[m[K,
[2.315s]                  from [01m[K/opt/ros/humble/include/rclcpp/rclcpp/duration.hpp:20[m[K,
[2.315s]                  from [01m[K/opt/ros/humble/include/rclcpp/rclcpp/qos.hpp:20[m[K,
[2.315s]                  from [01m[K/opt/ros/humble/include/rclcpp/rclcpp/node_interfaces/node_graph_interface.hpp:32[m[K,
[2.315s]                  from [01m[K/opt/ros/humble/include/rclcpp/rclcpp/client.hpp:42[m[K,
[2.315s]                  from [01m[K/opt/ros/humble/include/rclcpp/rclcpp/callback_group.hpp:24[m[K,
[2.316s]                  from [01m[K/opt/ros/humble/include/rclcpp/rclcpp/any_executable.hpp:20[m[K,
[2.316s]                  from [01m[K/opt/ros/humble/include/rclcpp/rclcpp/memory_strategy.hpp:25[m[K,
[2.316s]                  from [01m[K/opt/ros/humble/include/rclcpp/rclcpp/memory_strategies.hpp:18[m[K,
[2.316s]                  from [01m[K/opt/ros/humble/include/rclcpp/rclcpp/executor_options.hpp:20[m[K,
[2.316s]                  from [01m[K/opt/ros/humble/include/rclcpp/rclcpp/executor.hpp:37[m[K,
[2.316s]                  from [01m[K/opt/ros/humble/include/rclcpp/rclcpp/executors/multi_threaded_executor.hpp:25[m[K,
[2.316s]                  from [01m[K/opt/ros/humble/include/rclcpp/rclcpp/executors.hpp:21[m[K,
[2.316s]                  from [01m[K/opt/ros/humble/include/rclcpp/rclcpp/rclcpp.hpp:155[m[K,
[2.316s]                  from [01m[K/home/sulieman/quadrotor_target_tracking/src/quadrotor_control/src/quadrotor_vision.cpp:1[m[K:
[2.316s] [01m[K/usr/include/c++/11/iomanip:143:5:[m[K [01;36m[Knote: [m[Kcandidate: ‘[01m[Ktemplate<class _CharT, class _Traits> std::basic_ostream<_Ch, _Tr>& std::operator<<(std::basic_ostream<_Ch, _Tr>&, std::_Setbase)[m[K’
[2.316s]   143 |     [01;36m[Koperator[m[K<<(basic_ostream<_CharT, _Traits>& __os, _Setbase __f)
[2.316s]       |     [01;36m[K^~~~~~~~[m[K
[2.316s] [01m[K/usr/include/c++/11/iomanip:143:5:[m[K [01;36m[Knote: [m[K  template argument deduction/substitution failed:
[2.316s] [01m[K/home/sulieman/quadrotor_target_tracking/src/quadrotor_control/src/quadrotor_vision.cpp:86:49:[m[K [01;36m[Knote: [m[K  cannot convert ‘[01m[Kthis->QuadrotorReferencePublisher::reference_state_msg[m[K’ (type ‘[01m[Kcustom_interfaces::msg::ReferenceState[m[K’ {aka ‘[01m[Kcustom_interfaces::msg::ReferenceState_<std::allocator<void> >[m[K’}) to type ‘[01m[Kstd::_Setbase[m[K’
[2.316s]    86 |             std::cout << "reference state:\n" <<[01;36m[Kreference_state_msg[m[K<< std::endl;
[2.316s]       |                                                 [01;36m[K^~~~~~~~~~~~~~~~~~~[m[K
[2.316s] In file included from [01m[K/opt/ros/humble/include/rosidl_runtime_cpp/rosidl_runtime_cpp/traits.hpp:19[m[K,
[2.316s]                  from [01m[K/opt/ros/humble/include/builtin_interfaces/builtin_interfaces/msg/detail/duration__traits.hpp:15[m[K,
[2.316s]                  from [01m[K/opt/ros/humble/include/builtin_interfaces/builtin_interfaces/msg/duration.hpp:9[m[K,
[2.316s]                  from [01m[K/opt/ros/humble/include/rclcpp/rclcpp/duration.hpp:20[m[K,
[2.316s]                  from [01m[K/opt/ros/humble/include/rclcpp/rclcpp/qos.hpp:20[m[K,
[2.316s]                  from [01m[K/opt/ros/humble/include/rclcpp/rclcpp/node_interfaces/node_graph_interface.hpp:32[m[K,
[2.316s]                  from [01m[K/opt/ros/humble/include/rclcpp/rclcpp/client.hpp:42[m[K,
[2.316s]                  from [01m[K/opt/ros/humble/include/rclcpp/rclcpp/callback_group.hpp:24[m[K,
[2.316s]                  from [01m[K/opt/ros/humble/include/rclcpp/rclcpp/any_executable.hpp:20[m[K,
[2.316s]                  from [01m[K/opt/ros/humble/include/rclcpp/rclcpp/memory_strategy.hpp:25[m[K,
[2.316s]                  from [01m[K/opt/ros/humble/include/rclcpp/rclcpp/memory_strategies.hpp:18[m[K,
[2.316s]                  from [01m[K/opt/ros/humble/include/rclcpp/rclcpp/executor_options.hpp:20[m[K,
[2.316s]                  from [01m[K/opt/ros/humble/include/rclcpp/rclcpp/executor.hpp:37[m[K,
[2.316s]                  from [01m[K/opt/ros/humble/include/rclcpp/rclcpp/executors/multi_threaded_executor.hpp:25[m[K,
[2.316s]                  from [01m[K/opt/ros/humble/include/rclcpp/rclcpp/executors.hpp:21[m[K,
[2.316s]                  from [01m[K/opt/ros/humble/include/rclcpp/rclcpp/rclcpp.hpp:155[m[K,
[2.316s]                  from [01m[K/home/sulieman/quadrotor_target_tracking/src/quadrotor_control/src/quadrotor_vision.cpp:1[m[K:
[2.316s] [01m[K/usr/include/c++/11/iomanip:178:5:[m[K [01;36m[Knote: [m[Kcandidate: ‘[01m[Ktemplate<class _CharT, class _Traits> std::basic_ostream<_Ch, _Tr>& std::operator<<(std::basic_ostream<_Ch, _Tr>&, std::_Setfill<_CharT>)[m[K’
[2.316s]   178 |     [01;36m[Koperator[m[K<<(basic_ostream<_CharT, _Traits>& __os, _Setfill<_CharT> __f)
[2.316s]       |     [01;36m[K^~~~~~~~[m[K
[2.316s] [01m[K/usr/include/c++/11/iomanip:178:5:[m[K [01;36m[Knote: [m[K  template argument deduction/substitution failed:
[2.316s] [01m[K/home/sulieman/quadrotor_target_tracking/src/quadrotor_control/src/quadrotor_vision.cpp:86:49:[m[K [01;36m[Knote: [m[K  ‘[01m[Kcustom_interfaces::msg::ReferenceState_<std::allocator<void> >[m[K’ is not derived from ‘[01m[Kstd::_Setfill<_CharT>[m[K’
[2.316s]    86 |             std::cout << "reference state:\n" <<[01;36m[Kreference_state_msg[m[K<< std::endl;
[2.316s]       |                                                 [01;36m[K^~~~~~~~~~~~~~~~~~~[m[K
[2.316s] In file included from [01m[K/opt/ros/humble/include/rosidl_runtime_cpp/rosidl_runtime_cpp/traits.hpp:19[m[K,
[2.317s]                  from [01m[K/opt/ros/humble/include/builtin_interfaces/builtin_interfaces/msg/detail/duration__traits.hpp:15[m[K,
[2.317s]                  from [01m[K/opt/ros/humble/include/builtin_interfaces/builtin_interfaces/msg/duration.hpp:9[m[K,
[2.317s]                  from [01m[K/opt/ros/humble/include/rclcpp/rclcpp/duration.hpp:20[m[K,
[2.317s]                  from [01m[K/opt/ros/humble/include/rclcpp/rclcpp/qos.hpp:20[m[K,
[2.317s]                  from [01m[K/opt/ros/humble/include/rclcpp/rclcpp/node_interfaces/node_graph_interface.hpp:32[m[K,
[2.317s]                  from [01m[K/opt/ros/humble/include/rclcpp/rclcpp/client.hpp:42[m[K,
[2.317s]                  from [01m[K/opt/ros/humble/include/rclcpp/rclcpp/callback_group.hpp:24[m[K,
[2.317s]                  from [01m[K/opt/ros/humble/include/rclcpp/rclcpp/any_executable.hpp:20[m[K,
[2.317s]                  from [01m[K/opt/ros/humble/include/rclcpp/rclcpp/memory_strategy.hpp:25[m[K,
[2.317s]                  from [01m[K/opt/ros/humble/include/rclcpp/rclcpp/memory_strategies.hpp:18[m[K,
[2.317s]                  from [01m[K/opt/ros/humble/include/rclcpp/rclcpp/executor_options.hpp:20[m[K,
[2.317s]                  from [01m[K/opt/ros/humble/include/rclcpp/rclcpp/executor.hpp:37[m[K,
[2.317s]                  from [01m[K/opt/ros/humble/include/rclcpp/rclcpp/executors/multi_threaded_executor.hpp:25[m[K,
[2.317s]                  from [01m[K/opt/ros/humble/include/rclcpp/rclcpp/executors.hpp:21[m[K,
[2.317s]                  from [01m[K/opt/ros/humble/include/rclcpp/rclcpp/rclcpp.hpp:155[m[K,
[2.317s]                  from [01m[K/home/sulieman/quadrotor_target_tracking/src/quadrotor_control/src/quadrotor_vision.cpp:1[m[K:
[2.317s] [01m[K/usr/include/c++/11/iomanip:208:5:[m[K [01;36m[Knote: [m[Kcandidate: ‘[01m[Ktemplate<class _CharT, class _Traits> std::basic_ostream<_Ch, _Tr>& std::operator<<(std::basic_ostream<_Ch, _Tr>&, std::_Setprecision)[m[K’
[2.317s]   208 |     [01;36m[Koperator[m[K<<(basic_ostream<_CharT, _Traits>& __os, _Setprecision __f)
[2.317s]       |     [01;36m[K^~~~~~~~[m[K
[2.317s] [01m[K/usr/include/c++/11/iomanip:208:5:[m[K [01;36m[Knote: [m[K  template argument deduction/substitution failed:
[2.317s] [01m[K/home/sulieman/quadrotor_target_tracking/src/quadrotor_control/src/quadrotor_vision.cpp:86:49:[m[K [01;36m[Knote: [m[K  cannot convert ‘[01m[Kthis->QuadrotorReferencePublisher::reference_state_msg[m[K’ (type ‘[01m[Kcustom_interfaces::msg::ReferenceState[m[K’ {aka ‘[01m[Kcustom_interfaces::msg::ReferenceState_<std::allocator<void> >[m[K’}) to type ‘[01m[Kstd::_Setprecision[m[K’
[2.317s]    86 |             std::cout << "reference state:\n" <<[01;36m[Kreference_state_msg[m[K<< std::endl;
[2.317s]       |                                                 [01;36m[K^~~~~~~~~~~~~~~~~~~[m[K
[2.317s] In file included from [01m[K/opt/ros/humble/include/rosidl_runtime_cpp/rosidl_runtime_cpp/traits.hpp:19[m[K,
[2.317s]                  from [01m[K/opt/ros/humble/include/builtin_interfaces/builtin_interfaces/msg/detail/duration__traits.hpp:15[m[K,
[2.317s]                  from [01m[K/opt/ros/humble/include/builtin_interfaces/builtin_interfaces/msg/duration.hpp:9[m[K,
[2.317s]                  from [01m[K/opt/ros/humble/include/rclcpp/rclcpp/duration.hpp:20[m[K,
[2.317s]                  from [01m[K/opt/ros/humble/include/rclcpp/rclcpp/qos.hpp:20[m[K,
[2.317s]                  from [01m[K/opt/ros/humble/include/rclcpp/rclcpp/node_interfaces/node_graph_interface.hpp:32[m[K,
[2.317s]                  from [01m[K/opt/ros/humble/include/rclcpp/rclcpp/client.hpp:42[m[K,
[2.317s]                  from [01m[K/opt/ros/humble/include/rclcpp/rclcpp/callback_group.hpp:24[m[K,
[2.317s]                  from [01m[K/opt/ros/humble/include/rclcpp/rclcpp/any_executable.hpp:20[m[K,
[2.317s]                  from [01m[K/opt/ros/humble/include/rclcpp/rclcpp/memory_strategy.hpp:25[m[K,
[2.317s]                  from [01m[K/opt/ros/humble/include/rclcpp/rclcpp/memory_strategies.hpp:18[m[K,
[2.317s]                  from [01m[K/opt/ros/humble/include/rclcpp/rclcpp/executor_options.hpp:20[m[K,
[2.317s]                  from [01m[K/opt/ros/humble/include/rclcpp/rclcpp/executor.hpp:37[m[K,
[2.317s]                  from [01m[K/opt/ros/humble/include/rclcpp/rclcpp/executors/multi_threaded_executor.hpp:25[m[K,
[2.318s]                  from [01m[K/opt/ros/humble/include/rclcpp/rclcpp/executors.hpp:21[m[K,
[2.318s]                  from [01m[K/opt/ros/humble/include/rclcpp/rclcpp/rclcpp.hpp:155[m[K,
[2.318s]                  from [01m[K/home/sulieman/quadrotor_target_tracking/src/quadrotor_control/src/quadrotor_vision.cpp:1[m[K:
[2.318s] [01m[K/usr/include/c++/11/iomanip:238:5:[m[K [01;36m[Knote: [m[Kcandidate: ‘[01m[Ktemplate<class _CharT, class _Traits> std::basic_ostream<_Ch, _Tr>& std::operator<<(std::basic_ostream<_Ch, _Tr>&, std::_Setw)[m[K’
[2.318s]   238 |     [01;36m[Koperator[m[K<<(basic_ostream<_CharT, _Traits>& __os, _Setw __f)
[2.318s]       |     [01;36m[K^~~~~~~~[m[K
[2.318s] [01m[K/usr/include/c++/11/iomanip:238:5:[m[K [01;36m[Knote: [m[K  template argument deduction/substitution failed:
[2.318s] [01m[K/home/sulieman/quadrotor_target_tracking/src/quadrotor_control/src/quadrotor_vision.cpp:86:49:[m[K [01;36m[Knote: [m[K  cannot convert ‘[01m[Kthis->QuadrotorReferencePublisher::reference_state_msg[m[K’ (type ‘[01m[Kcustom_interfaces::msg::ReferenceState[m[K’ {aka ‘[01m[Kcustom_interfaces::msg::ReferenceState_<std::allocator<void> >[m[K’}) to type ‘[01m[Kstd::_Setw[m[K’
[2.318s]    86 |             std::cout << "reference state:\n" <<[01;36m[Kreference_state_msg[m[K<< std::endl;
[2.318s]       |                                                 [01;36m[K^~~~~~~~~~~~~~~~~~~[m[K
[2.318s] In file included from [01m[K/opt/ros/humble/include/rosidl_runtime_cpp/rosidl_runtime_cpp/traits.hpp:19[m[K,
[2.318s]                  from [01m[K/opt/ros/humble/include/builtin_interfaces/builtin_interfaces/msg/detail/duration__traits.hpp:15[m[K,
[2.318s]                  from [01m[K/opt/ros/humble/include/builtin_interfaces/builtin_interfaces/msg/duration.hpp:9[m[K,
[2.318s]                  from [01m[K/opt/ros/humble/include/rclcpp/rclcpp/duration.hpp:20[m[K,
[2.318s]                  from [01m[K/opt/ros/humble/include/rclcpp/rclcpp/qos.hpp:20[m[K,
[2.318s]                  from [01m[K/opt/ros/humble/include/rclcpp/rclcpp/node_interfaces/node_graph_interface.hpp:32[m[K,
[2.318s]                  from [01m[K/opt/ros/humble/include/rclcpp/rclcpp/client.hpp:42[m[K,
[2.318s]                  from [01m[K/opt/ros/humble/include/rclcpp/rclcpp/callback_group.hpp:24[m[K,
[2.318s]                  from [01m[K/opt/ros/humble/include/rclcpp/rclcpp/any_executable.hpp:20[m[K,
[2.318s]                  from [01m[K/opt/ros/humble/include/rclcpp/rclcpp/memory_strategy.hpp:25[m[K,
[2.318s]                  from [01m[K/opt/ros/humble/include/rclcpp/rclcpp/memory_strategies.hpp:18[m[K,
[2.318s]                  from [01m[K/opt/ros/humble/include/rclcpp/rclcpp/executor_options.hpp:20[m[K,
[2.318s]                  from [01m[K/opt/ros/humble/include/rclcpp/rclcpp/executor.hpp:37[m[K,
[2.318s]                  from [01m[K/opt/ros/humble/include/rclcpp/rclcpp/executors/multi_threaded_executor.hpp:25[m[K,
[2.318s]                  from [01m[K/opt/ros/humble/include/rclcpp/rclcpp/executors.hpp:21[m[K,
[2.318s]                  from [01m[K/opt/ros/humble/include/rclcpp/rclcpp/rclcpp.hpp:155[m[K,
[2.318s]                  from [01m[K/home/sulieman/quadrotor_target_tracking/src/quadrotor_control/src/quadrotor_vision.cpp:1[m[K:
[2.318s] [01m[K/usr/include/c++/11/iomanip:311:5:[m[K [01;36m[Knote: [m[Kcandidate: ‘[01m[Ktemplate<class _CharT, class _Traits, class _MoneyT> std::basic_ostream<_Ch, _Tr>& std::operator<<(std::basic_ostream<_Ch, _Tr>&, std::_Put_money<_MoneyT>)[m[K’
[2.318s]   311 |     [01;36m[Koperator[m[K<<(basic_ostream<_CharT, _Traits>& __os, _Put_money<_MoneyT> __f)
[2.318s]       |     [01;36m[K^~~~~~~~[m[K
[2.318s] [01m[K/usr/include/c++/11/iomanip:311:5:[m[K [01;36m[Knote: [m[K  template argument deduction/substitution failed:
[2.318s] [01m[K/home/sulieman/quadrotor_target_tracking/src/quadrotor_control/src/quadrotor_vision.cpp:86:49:[m[K [01;36m[Knote: [m[K  ‘[01m[Kcustom_interfaces::msg::ReferenceState_<std::allocator<void> >[m[K’ is not derived from ‘[01m[Kstd::_Put_money<_MoneyT>[m[K’
[2.318s]    86 |             std::cout << "reference state:\n" <<[01;36m[Kreference_state_msg[m[K<< std::endl;
[2.318s]       |                                                 [01;36m[K^~~~~~~~~~~~~~~~~~~[m[K
[2.318s] In file included from [01m[K/opt/ros/humble/include/rosidl_runtime_cpp/rosidl_runtime_cpp/traits.hpp:19[m[K,
[2.318s]                  from [01m[K/opt/ros/humble/include/builtin_interfaces/builtin_interfaces/msg/detail/duration__traits.hpp:15[m[K,
[2.318s]                  from [01m[K/opt/ros/humble/include/builtin_interfaces/builtin_interfaces/msg/duration.hpp:9[m[K,
[2.319s]                  from [01m[K/opt/ros/humble/include/rclcpp/rclcpp/duration.hpp:20[m[K,
[2.319s]                  from [01m[K/opt/ros/humble/include/rclcpp/rclcpp/qos.hpp:20[m[K,
[2.319s]                  from [01m[K/opt/ros/humble/include/rclcpp/rclcpp/node_interfaces/node_graph_interface.hpp:32[m[K,
[2.319s]                  from [01m[K/opt/ros/humble/include/rclcpp/rclcpp/client.hpp:42[m[K,
[2.319s]                  from [01m[K/opt/ros/humble/include/rclcpp/rclcpp/callback_group.hpp:24[m[K,
[2.319s]                  from [01m[K/opt/ros/humble/include/rclcpp/rclcpp/any_executable.hpp:20[m[K,
[2.319s]                  from [01m[K/opt/ros/humble/include/rclcpp/rclcpp/memory_strategy.hpp:25[m[K,
[2.319s]                  from [01m[K/opt/ros/humble/include/rclcpp/rclcpp/memory_strategies.hpp:18[m[K,
[2.319s]                  from [01m[K/opt/ros/humble/include/rclcpp/rclcpp/executor_options.hpp:20[m[K,
[2.319s]                  from [01m[K/opt/ros/humble/include/rclcpp/rclcpp/executor.hpp:37[m[K,
[2.319s]                  from [01m[K/opt/ros/humble/include/rclcpp/rclcpp/executors/multi_threaded_executor.hpp:25[m[K,
[2.319s]                  from [01m[K/opt/ros/humble/include/rclcpp/rclcpp/executors.hpp:21[m[K,
[2.319s]                  from [01m[K/opt/ros/humble/include/rclcpp/rclcpp/rclcpp.hpp:155[m[K,
[2.319s]                  from [01m[K/home/sulieman/quadrotor_target_tracking/src/quadrotor_control/src/quadrotor_vision.cpp:1[m[K:
[2.319s] [01m[K/usr/include/c++/11/iomanip:363:5:[m[K [01;36m[Knote: [m[Kcandidate: ‘[01m[Ktemplate<class _CharT, class _Traits> std::basic_ostream<_Ch, _Tr>& std::operator<<(std::basic_ostream<_Ch, _Tr>&, std::_Put_time<_CharT>)[m[K’
[2.319s]   363 |     [01;36m[Koperator[m[K<<(basic_ostream<_CharT, _Traits>& __os, _Put_time<_CharT> __f)
[2.319s]       |     [01;36m[K^~~~~~~~[m[K
[2.319s] [01m[K/usr/include/c++/11/iomanip:363:5:[m[K [01;36m[Knote: [m[K  template argument deduction/substitution failed:
[2.319s] [01m[K/home/sulieman/quadrotor_target_tracking/src/quadrotor_control/src/quadrotor_vision.cpp:86:49:[m[K [01;36m[Knote: [m[K  ‘[01m[Kcustom_interfaces::msg::ReferenceState_<std::allocator<void> >[m[K’ is not derived from ‘[01m[Kstd::_Put_time<_CharT>[m[K’
[2.319s]    86 |             std::cout << "reference state:\n" <<[01;36m[Kreference_state_msg[m[K<< std::endl;
[2.319s]       |                                                 [01;36m[K^~~~~~~~~~~~~~~~~~~[m[K
[2.319s] In file included from [01m[K/usr/include/opencv4/opencv2/core/hal/interface.h:15[m[K,
[2.319s]                  from [01m[K/usr/include/opencv4/opencv2/core/cvdef.h:190[m[K,
[2.319s]                  from [01m[K/usr/include/opencv4/opencv2/core.hpp:52[m[K,
[2.319s]                  from [01m[K/usr/include/opencv4/opencv2/core/core.hpp:48[m[K,
[2.319s]                  from [01m[K/opt/ros/humble/include/cv_bridge/cv_bridge/cv_bridge.h:43[m[K,
[2.319s]                  from [01m[K/home/sulieman/quadrotor_target_tracking/src/quadrotor_control/src/quadrotor_vision.cpp:7[m[K:
[2.319s] [01m[K/usr/include/c++/11/cstddef:126:5:[m[K [01;36m[Knote: [m[Kcandidate: ‘[01m[Ktemplate<class _IntegerType> constexpr std::__byte_op_t<_IntegerType> std::operator<<(std::byte, _IntegerType)[m[K’
[2.319s]   126 |     [01;36m[Koperator[m[K<<(byte __b, _IntegerType __shift) noexcept
[2.319s]       |     [01;36m[K^~~~~~~~[m[K
[2.319s] [01m[K/usr/include/c++/11/cstddef:126:5:[m[K [01;36m[Knote: [m[K  template argument deduction/substitution failed:
[2.319s] [01m[K/home/sulieman/quadrotor_target_tracking/src/quadrotor_control/src/quadrotor_vision.cpp:86:23:[m[K [01;36m[Knote: [m[K  cannot convert ‘[01m[Kstd::operator<< <std::char_traits<char> >(std::cout, ((const char*)"reference state:\012"))[m[K’ (type ‘[01m[Kstd::basic_ostream<char>[m[K’) to type ‘[01m[Kstd::byte[m[K’
[2.319s]    86 |             [01;36m[Kstd::cout << "reference state:\n"[m[K <<reference_state_msg<< std::endl;
[2.319s]       |             [01;36m[K~~~~~~~~~~^~~~~~~~~~~~~~~~~~~~~~~[m[K
[2.319s] In file included from [01m[K/usr/include/opencv4/opencv2/core/cvstd.inl.hpp:47[m[K,
[2.319s]                  from [01m[K/usr/include/opencv4/opencv2/core.hpp:3306[m[K,
[2.319s]                  from [01m[K/usr/include/opencv4/opencv2/core/core.hpp:48[m[K,
[2.319s]                  from [01m[K/opt/ros/humble/include/cv_bridge/cv_bridge/cv_bridge.h:43[m[K,
[2.319s]                  from [01m[K/home/sulieman/quadrotor_target_tracking/src/quadrotor_control/src/quadrotor_vision.cpp:7[m[K:
[2.319s] [01m[K/usr/include/c++/11/complex:555:5:[m[K [01;36m[Knote: [m[Kcandidate: ‘[01m[Ktemplate<class _Tp, class _CharT, class _Traits> std::basic_ostream<_CharT, _Traits>& std::operator<<(std::basic_ostream<_CharT, _Traits>&, const std::complex<_Tp>&)[m[K’
[2.319s]   555 |     [01;36m[Koperator[m[K<<(basic_ostream<_CharT, _Traits>& __os, const complex<_Tp>& __x)
[2.320s]       |     [01;36m[K^~~~~~~~[m[K
[2.320s] [01m[K/usr/include/c++/11/complex:555:5:[m[K [01;36m[Knote: [m[K  template argument deduction/substitution failed:
[2.320s] [01m[K/home/sulieman/quadrotor_target_tracking/src/quadrotor_control/src/quadrotor_vision.cpp:86:49:[m[K [01;36m[Knote: [m[K  ‘[01m[Kcustom_interfaces::msg::ReferenceState[m[K’ {aka ‘[01m[Kcustom_interfaces::msg::ReferenceState_<std::allocator<void> >[m[K’} is not derived from ‘[01m[Kconst std::complex<_Tp>[m[K’
[2.320s]    86 |             std::cout << "reference state:\n" <<[01;36m[Kreference_state_msg[m[K<< std::endl;
[2.320s]       |                                                 [01;36m[K^~~~~~~~~~~~~~~~~~~[m[K
[2.320s] [01m[K/home/sulieman/quadrotor_target_tracking/src/quadrotor_control/src/quadrotor_vision.cpp:[m[K In lambda function:
[2.320s] [01m[K/home/sulieman/quadrotor_target_tracking/src/quadrotor_control/src/quadrotor_vision.cpp:104:39:[m[K [01;35m[Kwarning: [m[Kcomparison of integer expressions of different signedness: ‘[01m[Kint[m[K’ and ‘[01m[Kstd::vector<int>::size_type[m[K’ {aka ‘[01m[Klong unsigned int[m[K’} [[01;35m[K]8;;https://gcc.gnu.org/onlinedocs/gcc/Warning-Options.html#index-Wsign-compare-Wsign-compare]8;;[m[K]
[2.320s]   104 |                     for (int i = 0; [01;35m[Ki < markerIds.size()[m[K; i++)
[2.320s]       |                                     [01;35m[K~~^~~~~~~~~~~~~~~~~~[m[K
[2.320s] [01m[K/home/sulieman/quadrotor_target_tracking/src/quadrotor_control/src/quadrotor_vision.cpp:115:44:[m[K [01;31m[Kerror: [m[Kinvalid initialization of reference of type ‘[01m[Kcv::OutputArray[m[K’ {aka ‘[01m[Kconst cv::_OutputArray&[m[K’} from expression of type ‘[01m[KEigen::Matrix3d[m[K’ {aka ‘[01m[KEigen::Matrix<double, 3, 3>[m[K’}
[2.320s]   115 |                     cv::eigen(R_marker_cv, [01;31m[KR_marker[m[K);
[2.320s]       |                                            [01;31m[K^~~~~~~~[m[K
[2.320s] In file included from [01m[K/usr/include/opencv4/opencv2/core/core.hpp:48[m[K,
[2.320s]                  from [01m[K/opt/ros/humble/include/cv_bridge/cv_bridge/cv_bridge.h:43[m[K,
[2.320s]                  from [01m[K/home/sulieman/quadrotor_target_tracking/src/quadrotor_control/src/quadrotor_vision.cpp:7[m[K:
[2.320s] [01m[K/usr/include/opencv4/opencv2/core.hpp:1950:53:[m[K [01;36m[Knote: [m[Kin passing argument 2 of ‘[01m[Kbool cv::eigen(cv::InputArray, cv::OutputArray, cv::OutputArray)[m[K’
[2.320s]  1950 | CV_EXPORTS_W bool eigen(InputArray src, [01;36m[KOutputArray eigenvalues[m[K,
[2.320s]       |                                         [01;36m[K~~~~~~~~~~~~^~~~~~~~~~~[m[K
[5.009s] gmake[2]: *** [CMakeFiles/quadrotor_vision.dir/build.make:76: CMakeFiles/quadrotor_vision.dir/src/quadrotor_vision.cpp.o] Error 1
[5.009s] gmake[1]: *** [CMakeFiles/Makefile2:165: CMakeFiles/quadrotor_vision.dir/all] Error 2
[5.009s] gmake: *** [Makefile:146: all] Error 2
[5.011s] Invoked command in '/home/sulieman/quadrotor_target_tracking/build/quadrotor_control' returned '2': CMAKE_PREFIX_PATH=${CMAKE_PREFIX_PATH}:/home/sulieman/quadrotor_target_tracking/install/simulation:/home/sulieman/quadrotor_target_tracking/install/robots_description:/opt/ros/humble /usr/bin/cmake --build /home/sulieman/quadrotor_target_tracking/build/quadrotor_control -- -j16 -l16
