running egg_info
writing ../../build/robots_description/robots_description.egg-info/PKG-INFO
writing dependency_links to ../../build/robots_description/robots_description.egg-info/dependency_links.txt
writing requirements to ../../build/robots_description/robots_description.egg-info/requires.txt
writing top-level names to ../../build/robots_description/robots_description.egg-info/top_level.txt
reading manifest file '../../build/robots_description/robots_description.egg-info/SOURCES.txt'
writing manifest file '../../build/robots_description/robots_description.egg-info/SOURCES.txt'
running build
running build_py
copying robots_description/__init__.py -> /home/sulieman/quadrotor_target_tracking/build/robots_description/build/lib/robots_description
running install
running install_lib
running install_data
copying resource/robots_description -> /home/sulieman/quadrotor_target_tracking/install/robots_description/share/ament_index/resource_index/packages
copying package.xml -> /home/sulieman/quadrotor_target_tracking/install/robots_description/share/robots_description
copying robots/dji_m100.urdf -> /home/sulieman/quadrotor_target_tracking/install/robots_description/share/robots_description/robots
copying robots/ground_robot.xacro -> /home/sulieman/quadrotor_target_tracking/install/robots_description/share/robots_description/robots
copying robots/dji_m100.xacro -> /home/sulieman/quadrotor_target_tracking/install/robots_description/share/robots_description/robots
copying robots/ground_robot.xacro.urdf -> /home/sulieman/quadrotor_target_tracking/install/robots_description/share/robots_description/robots
copying meshes/dji_m100.dae -> /home/sulieman/quadrotor_target_tracking/install/robots_description/share/robots_description/meshes
copying meshes/Marker0.obj -> /home/sulieman/quadrotor_target_tracking/install/robots_description/share/robots_description/meshes
copying meshes/Marker0.jpeg -> /home/sulieman/quadrotor_target_tracking/install/robots_description/share/robots_description/meshes
copying meshes/Marker0.mtl -> /home/sulieman/quadrotor_target_tracking/install/robots_description/share/robots_description/meshes
copying config/dji_m100_params.yaml -> /home/sulieman/quadrotor_target_tracking/install/robots_description/share/robots_description/config
running install_egg_info
removing '/home/sulieman/quadrotor_target_tracking/install/robots_description/lib/python3.10/site-packages/robots_description-0.0.0-py3.10.egg-info' (and everything under it)
Copying ../../build/robots_description/robots_description.egg-info to /home/sulieman/quadrotor_target_tracking/install/robots_description/lib/python3.10/site-packages/robots_description-0.0.0-py3.10.egg-info
running install_scripts
writing list of installed files to '/home/sulieman/quadrotor_target_tracking/build/robots_description/install.log'
