running develop
running egg_info
creating robots_description.egg-info
writing robots_description.egg-info/PKG-INFO
writing dependency_links to robots_description.egg-info/dependency_links.txt
writing requirements to robots_description.egg-info/requires.txt
writing top-level names to robots_description.egg-info/top_level.txt
writing manifest file 'robots_description.egg-info/SOURCES.txt'
reading manifest file 'robots_description.egg-info/SOURCES.txt'
writing manifest file 'robots_description.egg-info/SOURCES.txt'
running build_ext
Creating /home/sulieman/quadrotor_target_tracking/install/robots_description/lib/python3.10/site-packages/robots-description.egg-link (link to .)

Installed /home/sulieman/quadrotor_target_tracking/build/robots_description
running install_data
creating /home/sulieman/quadrotor_target_tracking/install/robots_description/share/ament_index
creating /home/sulieman/quadrotor_target_tracking/install/robots_description/share/ament_index/resource_index
creating /home/sulieman/quadrotor_target_tracking/install/robots_description/share/ament_index/resource_index/packages
copying resource/robots_description -> /home/sulieman/quadrotor_target_tracking/install/robots_description/share/ament_index/resource_index/packages
copying package.xml -> /home/sulieman/quadrotor_target_tracking/install/robots_description/share/robots_description
creating /home/sulieman/quadrotor_target_tracking/install/robots_description/share/robots_description/robots
copying robots/dji_m100.urdf -> /home/sulieman/quadrotor_target_tracking/install/robots_description/share/robots_description/robots
creating /home/sulieman/quadrotor_target_tracking/install/robots_description/share/robots_description/meshes
copying meshes/dji_m100.dae -> /home/sulieman/quadrotor_target_tracking/install/robots_description/share/robots_description/meshes
creating /home/sulieman/quadrotor_target_tracking/install/robots_description/share/robots_description/config
copying config/dji_m100_params.yaml -> /home/sulieman/quadrotor_target_tracking/install/robots_description/share/robots_description/config
