[  3%] [34m[1mGenerating C code for ROS interfaces[0m
[  6%] [34m[1mGenerating C++ code for ROS interfaces[0m
[  6%] Built target ament_cmake_python_copy_custom_interfaces
running egg_info
creating custom_interfaces.egg-info
writing custom_interfaces.egg-info/PKG-INFO
writing dependency_links to custom_interfaces.egg-info/dependency_links.txt
writing top-level names to custom_interfaces.egg-info/top_level.txt
[  9%] [32mBuilding C object CMakeFiles/custom_interfaces__rosidl_generator_c.dir/rosidl_generator_c/custom_interfaces/msg/detail/reference_state__functions.c.o[0m
[  9%] Built target custom_interfaces__cpp
[ 19%] [34m[1mGenerating C++ type support for eProsima Fast-RTPS[0m
[ 19%] [34m[1mGenerating C++ type support dispatch for ROS interfaces[0m
[ 19%] [34m[1mGenerating C++ introspection for ROS interfaces[0m
[ 22%] [32m[1mLinking C shared library libcustom_interfaces__rosidl_generator_c.so[0m
[ 22%] Built target custom_interfaces__rosidl_generator_c
writing manifest file 'custom_interfaces.egg-info/SOURCES.txt'
[ 32%] [34m[1mGenerating C type support dispatch for ROS interfaces[0m
[ 32%] [34m[1mGenerating C introspection for ROS interfaces[0m
[ 32%] [34m[1mGenerating C type support for eProsima Fast-RTPS[0m
reading manifest file 'custom_interfaces.egg-info/SOURCES.txt'
writing manifest file 'custom_interfaces.egg-info/SOURCES.txt'
[ 32%] Built target ament_cmake_python_build_custom_interfaces_egg
[ 35%] [32mBuilding CXX object CMakeFiles/custom_interfaces__rosidl_typesupport_cpp.dir/rosidl_typesupport_cpp/custom_interfaces/msg/reference_state__type_support.cpp.o[0m
[ 38%] [32mBuilding CXX object CMakeFiles/custom_interfaces__rosidl_typesupport_fastrtps_cpp.dir/rosidl_typesupport_fastrtps_cpp/custom_interfaces/msg/detail/dds_fastrtps/reference_state__type_support.cpp.o[0m
[ 41%] [32mBuilding CXX object CMakeFiles/custom_interfaces__rosidl_typesupport_c.dir/rosidl_typesupport_c/custom_interfaces/msg/reference_state__type_support.cpp.o[0m
[ 45%] [32mBuilding C object CMakeFiles/custom_interfaces__rosidl_typesupport_introspection_c.dir/rosidl_typesupport_introspection_c/custom_interfaces/msg/detail/reference_state__type_support.c.o[0m
[ 48%] [32mBuilding CXX object CMakeFiles/custom_interfaces__rosidl_typesupport_introspection_cpp.dir/rosidl_typesupport_introspection_cpp/custom_interfaces/msg/detail/reference_state__type_support.cpp.o[0m
[ 51%] [32m[1mLinking CXX shared library libcustom_interfaces__rosidl_typesupport_c.so[0m
[ 54%] [32mBuilding CXX object CMakeFiles/custom_interfaces__rosidl_typesupport_fastrtps_c.dir/rosidl_typesupport_fastrtps_c/custom_interfaces/msg/detail/reference_state__type_support_c.cpp.o[0m
[ 58%] [32m[1mLinking C shared library libcustom_interfaces__rosidl_typesupport_introspection_c.so[0m
[ 58%] Built target custom_interfaces__rosidl_typesupport_c
[ 58%] Built target custom_interfaces__rosidl_typesupport_introspection_c
[ 61%] [32m[1mLinking CXX shared library libcustom_interfaces__rosidl_typesupport_cpp.so[0m
[ 61%] Built target custom_interfaces__rosidl_typesupport_cpp
[ 64%] [32m[1mLinking CXX shared library libcustom_interfaces__rosidl_typesupport_fastrtps_c.so[0m
[ 67%] [32m[1mLinking CXX shared library libcustom_interfaces__rosidl_typesupport_introspection_cpp.so[0m
[ 70%] [32m[1mLinking CXX shared library libcustom_interfaces__rosidl_typesupport_fastrtps_cpp.so[0m
[ 70%] Built target custom_interfaces__rosidl_typesupport_fastrtps_c
[ 70%] Built target custom_interfaces__rosidl_typesupport_fastrtps_cpp
[ 70%] Built target custom_interfaces__rosidl_typesupport_introspection_cpp
[ 70%] Built target custom_interfaces
[ 74%] [34m[1mGenerating Python code for ROS interfaces[0m
[ 74%] Built target custom_interfaces__py
[ 77%] [32mBuilding C object CMakeFiles/custom_interfaces__rosidl_generator_py.dir/rosidl_generator_py/custom_interfaces/msg/_reference_state_s.c.o[0m
[ 80%] [32m[1mLinking C shared library rosidl_generator_py/custom_interfaces/libcustom_interfaces__rosidl_generator_py.so[0m
[ 80%] Built target custom_interfaces__rosidl_generator_py
[ 90%] [32mBuilding C object CMakeFiles/custom_interfaces__rosidl_typesupport_introspection_c__pyext.dir/rosidl_generator_py/custom_interfaces/_custom_interfaces_s.ep.rosidl_typesupport_introspection_c.c.o[0m
[ 90%] [32mBuilding C object CMakeFiles/custom_interfaces__rosidl_typesupport_fastrtps_c__pyext.dir/rosidl_generator_py/custom_interfaces/_custom_interfaces_s.ep.rosidl_typesupport_fastrtps_c.c.o[0m
[ 90%] [32mBuilding C object CMakeFiles/custom_interfaces__rosidl_typesupport_c__pyext.dir/rosidl_generator_py/custom_interfaces/_custom_interfaces_s.ep.rosidl_typesupport_c.c.o[0m
[100%] [32m[1mLinking C shared library rosidl_generator_py/custom_interfaces/custom_interfaces_s__rosidl_typesupport_fastrtps_c.cpython-310-x86_64-linux-gnu.so[0m
[100%] [32m[1mLinking C shared library rosidl_generator_py/custom_interfaces/custom_interfaces_s__rosidl_typesupport_introspection_c.cpython-310-x86_64-linux-gnu.so[0m
[100%] [32m[1mLinking C shared library rosidl_generator_py/custom_interfaces/custom_interfaces_s__rosidl_typesupport_c.cpython-310-x86_64-linux-gnu.so[0m
[100%] Built target custom_interfaces__rosidl_typesupport_fastrtps_c__pyext
[100%] Built target custom_interfaces__rosidl_typesupport_c__pyext
[100%] Built target custom_interfaces__rosidl_typesupport_introspection_c__pyext
-- Install configuration: ""
-- Installing: /home/sulieman/quadrotor_target_tracking/install/custom_interfaces/share/ament_index/resource_index/rosidl_interfaces/custom_interfaces
-- Installing: /home/sulieman/quadrotor_target_tracking/install/custom_interfaces/include/custom_interfaces/custom_interfaces
-- Installing: /home/sulieman/quadrotor_target_tracking/install/custom_interfaces/include/custom_interfaces/custom_interfaces/msg
-- Installing: /home/sulieman/quadrotor_target_tracking/install/custom_interfaces/include/custom_interfaces/custom_interfaces/msg/detail
-- Installing: /home/sulieman/quadrotor_target_tracking/install/custom_interfaces/include/custom_interfaces/custom_interfaces/msg/detail/reference_state__type_support.h
-- Installing: /home/sulieman/quadrotor_target_tracking/install/custom_interfaces/include/custom_interfaces/custom_interfaces/msg/detail/reference_state__struct.h
-- Installing: /home/sulieman/quadrotor_target_tracking/install/custom_interfaces/include/custom_interfaces/custom_interfaces/msg/detail/reference_state__functions.c
-- Installing: /home/sulieman/quadrotor_target_tracking/install/custom_interfaces/include/custom_interfaces/custom_interfaces/msg/detail/reference_state__functions.h
-- Installing: /home/sulieman/quadrotor_target_tracking/install/custom_interfaces/include/custom_interfaces/custom_interfaces/msg/reference_state.h
-- Installing: /home/sulieman/quadrotor_target_tracking/install/custom_interfaces/include/custom_interfaces/custom_interfaces/msg/rosidl_generator_c__visibility_control.h
-- Installing: /home/sulieman/quadrotor_target_tracking/install/custom_interfaces/share/custom_interfaces/environment/library_path.sh
-- Installing: /home/sulieman/quadrotor_target_tracking/install/custom_interfaces/share/custom_interfaces/environment/library_path.dsv
-- Installing: /home/sulieman/quadrotor_target_tracking/install/custom_interfaces/lib/libcustom_interfaces__rosidl_generator_c.so
-- Set runtime path of "/home/sulieman/quadrotor_target_tracking/install/custom_interfaces/lib/libcustom_interfaces__rosidl_generator_c.so" to ""
-- Up-to-date: /home/sulieman/quadrotor_target_tracking/install/custom_interfaces/include/custom_interfaces/custom_interfaces
-- Up-to-date: /home/sulieman/quadrotor_target_tracking/install/custom_interfaces/include/custom_interfaces/custom_interfaces/msg
-- Up-to-date: /home/sulieman/quadrotor_target_tracking/install/custom_interfaces/include/custom_interfaces/custom_interfaces/msg/detail
-- Installing: /home/sulieman/quadrotor_target_tracking/install/custom_interfaces/include/custom_interfaces/custom_interfaces/msg/detail/reference_state__rosidl_typesupport_fastrtps_c.h
-- Installing: /home/sulieman/quadrotor_target_tracking/install/custom_interfaces/include/custom_interfaces/custom_interfaces/msg/rosidl_typesupport_fastrtps_c__visibility_control.h
-- Installing: /home/sulieman/quadrotor_target_tracking/install/custom_interfaces/lib/libcustom_interfaces__rosidl_typesupport_fastrtps_c.so
-- Set runtime path of "/home/sulieman/quadrotor_target_tracking/install/custom_interfaces/lib/libcustom_interfaces__rosidl_typesupport_fastrtps_c.so" to ""
-- Up-to-date: /home/sulieman/quadrotor_target_tracking/install/custom_interfaces/include/custom_interfaces/custom_interfaces
-- Up-to-date: /home/sulieman/quadrotor_target_tracking/install/custom_interfaces/include/custom_interfaces/custom_interfaces/msg
-- Installing: /home/sulieman/quadrotor_target_tracking/install/custom_interfaces/include/custom_interfaces/custom_interfaces/msg/reference_state.hpp
-- Up-to-date: /home/sulieman/quadrotor_target_tracking/install/custom_interfaces/include/custom_interfaces/custom_interfaces/msg/detail
-- Installing: /home/sulieman/quadrotor_target_tracking/install/custom_interfaces/include/custom_interfaces/custom_interfaces/msg/detail/reference_state__struct.hpp
-- Installing: /home/sulieman/quadrotor_target_tracking/install/custom_interfaces/include/custom_interfaces/custom_interfaces/msg/detail/reference_state__traits.hpp
-- Installing: /home/sulieman/quadrotor_target_tracking/install/custom_interfaces/include/custom_interfaces/custom_interfaces/msg/detail/reference_state__builder.hpp
-- Up-to-date: /home/sulieman/quadrotor_target_tracking/install/custom_interfaces/include/custom_interfaces/custom_interfaces
-- Up-to-date: /home/sulieman/quadrotor_target_tracking/install/custom_interfaces/include/custom_interfaces/custom_interfaces/msg
-- Up-to-date: /home/sulieman/quadrotor_target_tracking/install/custom_interfaces/include/custom_interfaces/custom_interfaces/msg/detail
-- Installing: /home/sulieman/quadrotor_target_tracking/install/custom_interfaces/include/custom_interfaces/custom_interfaces/msg/detail/reference_state__rosidl_typesupport_fastrtps_cpp.hpp
-- Installing: /home/sulieman/quadrotor_target_tracking/install/custom_interfaces/include/custom_interfaces/custom_interfaces/msg/detail/dds_fastrtps
-- Installing: /home/sulieman/quadrotor_target_tracking/install/custom_interfaces/include/custom_interfaces/custom_interfaces/msg/rosidl_typesupport_fastrtps_cpp__visibility_control.h
-- Installing: /home/sulieman/quadrotor_target_tracking/install/custom_interfaces/lib/libcustom_interfaces__rosidl_typesupport_fastrtps_cpp.so
-- Set runtime path of "/home/sulieman/quadrotor_target_tracking/install/custom_interfaces/lib/libcustom_interfaces__rosidl_typesupport_fastrtps_cpp.so" to ""
-- Up-to-date: /home/sulieman/quadrotor_target_tracking/install/custom_interfaces/include/custom_interfaces/custom_interfaces
-- Up-to-date: /home/sulieman/quadrotor_target_tracking/install/custom_interfaces/include/custom_interfaces/custom_interfaces/msg
-- Installing: /home/sulieman/quadrotor_target_tracking/install/custom_interfaces/include/custom_interfaces/custom_interfaces/msg/rosidl_typesupport_introspection_c__visibility_control.h
-- Up-to-date: /home/sulieman/quadrotor_target_tracking/install/custom_interfaces/include/custom_interfaces/custom_interfaces/msg/detail
-- Installing: /home/sulieman/quadrotor_target_tracking/install/custom_interfaces/include/custom_interfaces/custom_interfaces/msg/detail/reference_state__rosidl_typesupport_introspection_c.h
-- Installing: /home/sulieman/quadrotor_target_tracking/install/custom_interfaces/include/custom_interfaces/custom_interfaces/msg/detail/reference_state__type_support.c
-- Installing: /home/sulieman/quadrotor_target_tracking/install/custom_interfaces/lib/libcustom_interfaces__rosidl_typesupport_introspection_c.so
-- Set runtime path of "/home/sulieman/quadrotor_target_tracking/install/custom_interfaces/lib/libcustom_interfaces__rosidl_typesupport_introspection_c.so" to ""
-- Installing: /home/sulieman/quadrotor_target_tracking/install/custom_interfaces/lib/libcustom_interfaces__rosidl_typesupport_c.so
-- Set runtime path of "/home/sulieman/quadrotor_target_tracking/install/custom_interfaces/lib/libcustom_interfaces__rosidl_typesupport_c.so" to ""
-- Up-to-date: /home/sulieman/quadrotor_target_tracking/install/custom_interfaces/include/custom_interfaces/custom_interfaces
-- Up-to-date: /home/sulieman/quadrotor_target_tracking/install/custom_interfaces/include/custom_interfaces/custom_interfaces/msg
-- Up-to-date: /home/sulieman/quadrotor_target_tracking/install/custom_interfaces/include/custom_interfaces/custom_interfaces/msg/detail
-- Installing: /home/sulieman/quadrotor_target_tracking/install/custom_interfaces/include/custom_interfaces/custom_interfaces/msg/detail/reference_state__rosidl_typesupport_introspection_cpp.hpp
-- Installing: /home/sulieman/quadrotor_target_tracking/install/custom_interfaces/include/custom_interfaces/custom_interfaces/msg/detail/reference_state__type_support.cpp
-- Installing: /home/sulieman/quadrotor_target_tracking/install/custom_interfaces/lib/libcustom_interfaces__rosidl_typesupport_introspection_cpp.so
-- Set runtime path of "/home/sulieman/quadrotor_target_tracking/install/custom_interfaces/lib/libcustom_interfaces__rosidl_typesupport_introspection_cpp.so" to ""
-- Installing: /home/sulieman/quadrotor_target_tracking/install/custom_interfaces/lib/libcustom_interfaces__rosidl_typesupport_cpp.so
-- Set runtime path of "/home/sulieman/quadrotor_target_tracking/install/custom_interfaces/lib/libcustom_interfaces__rosidl_typesupport_cpp.so" to ""
-- Installing: /home/sulieman/quadrotor_target_tracking/install/custom_interfaces/share/custom_interfaces/environment/pythonpath.sh
-- Installing: /home/sulieman/quadrotor_target_tracking/install/custom_interfaces/share/custom_interfaces/environment/pythonpath.dsv
-- Installing: /home/sulieman/quadrotor_target_tracking/install/custom_interfaces/local/lib/python3.10/dist-packages/custom_interfaces-0.0.0-py3.10.egg-info
-- Installing: /home/sulieman/quadrotor_target_tracking/install/custom_interfaces/local/lib/python3.10/dist-packages/custom_interfaces-0.0.0-py3.10.egg-info/PKG-INFO
-- Installing: /home/sulieman/quadrotor_target_tracking/install/custom_interfaces/local/lib/python3.10/dist-packages/custom_interfaces-0.0.0-py3.10.egg-info/dependency_links.txt
-- Installing: /home/sulieman/quadrotor_target_tracking/install/custom_interfaces/local/lib/python3.10/dist-packages/custom_interfaces-0.0.0-py3.10.egg-info/SOURCES.txt
-- Installing: /home/sulieman/quadrotor_target_tracking/install/custom_interfaces/local/lib/python3.10/dist-packages/custom_interfaces-0.0.0-py3.10.egg-info/top_level.txt
-- Installing: /home/sulieman/quadrotor_target_tracking/install/custom_interfaces/local/lib/python3.10/dist-packages/custom_interfaces
-- Installing: /home/sulieman/quadrotor_target_tracking/install/custom_interfaces/local/lib/python3.10/dist-packages/custom_interfaces/_custom_interfaces_s.ep.rosidl_typesupport_introspection_c.c
-- Installing: /home/sulieman/quadrotor_target_tracking/install/custom_interfaces/local/lib/python3.10/dist-packages/custom_interfaces/msg
-- Installing: /home/sulieman/quadrotor_target_tracking/install/custom_interfaces/local/lib/python3.10/dist-packages/custom_interfaces/msg/_reference_state_s.c
-- Installing: /home/sulieman/quadrotor_target_tracking/install/custom_interfaces/local/lib/python3.10/dist-packages/custom_interfaces/msg/__init__.py
-- Installing: /home/sulieman/quadrotor_target_tracking/install/custom_interfaces/local/lib/python3.10/dist-packages/custom_interfaces/msg/_reference_state.py
-- Installing: /home/sulieman/quadrotor_target_tracking/install/custom_interfaces/local/lib/python3.10/dist-packages/custom_interfaces/custom_interfaces_s__rosidl_typesupport_fastrtps_c.cpython-310-x86_64-linux-gnu.so
-- Installing: /home/sulieman/quadrotor_target_tracking/install/custom_interfaces/local/lib/python3.10/dist-packages/custom_interfaces/__init__.py
-- Installing: /home/sulieman/quadrotor_target_tracking/install/custom_interfaces/local/lib/python3.10/dist-packages/custom_interfaces/_custom_interfaces_s.ep.rosidl_typesupport_fastrtps_c.c
-- Installing: /home/sulieman/quadrotor_target_tracking/install/custom_interfaces/local/lib/python3.10/dist-packages/custom_interfaces/libcustom_interfaces__rosidl_generator_py.so
-- Installing: /home/sulieman/quadrotor_target_tracking/install/custom_interfaces/local/lib/python3.10/dist-packages/custom_interfaces/custom_interfaces_s__rosidl_typesupport_introspection_c.cpython-310-x86_64-linux-gnu.so
-- Installing: /home/sulieman/quadrotor_target_tracking/install/custom_interfaces/local/lib/python3.10/dist-packages/custom_interfaces/custom_interfaces_s__rosidl_typesupport_c.cpython-310-x86_64-linux-gnu.so
-- Installing: /home/sulieman/quadrotor_target_tracking/install/custom_interfaces/local/lib/python3.10/dist-packages/custom_interfaces/_custom_interfaces_s.ep.rosidl_typesupport_c.c
Listing '/home/sulieman/quadrotor_target_tracking/install/custom_interfaces/local/lib/python3.10/dist-packages/custom_interfaces'...
Compiling '/home/sulieman/quadrotor_target_tracking/install/custom_interfaces/local/lib/python3.10/dist-packages/custom_interfaces/__init__.py'...
Listing '/home/sulieman/quadrotor_target_tracking/install/custom_interfaces/local/lib/python3.10/dist-packages/custom_interfaces/msg'...
Compiling '/home/sulieman/quadrotor_target_tracking/install/custom_interfaces/local/lib/python3.10/dist-packages/custom_interfaces/msg/__init__.py'...
Compiling '/home/sulieman/quadrotor_target_tracking/install/custom_interfaces/local/lib/python3.10/dist-packages/custom_interfaces/msg/_reference_state.py'...
-- Installing: /home/sulieman/quadrotor_target_tracking/install/custom_interfaces/local/lib/python3.10/dist-packages/custom_interfaces/custom_interfaces_s__rosidl_typesupport_fastrtps_c.cpython-310-x86_64-linux-gnu.so
-- Set runtime path of "/home/sulieman/quadrotor_target_tracking/install/custom_interfaces/local/lib/python3.10/dist-packages/custom_interfaces/custom_interfaces_s__rosidl_typesupport_fastrtps_c.cpython-310-x86_64-linux-gnu.so" to ""
-- Installing: /home/sulieman/quadrotor_target_tracking/install/custom_interfaces/local/lib/python3.10/dist-packages/custom_interfaces/custom_interfaces_s__rosidl_typesupport_introspection_c.cpython-310-x86_64-linux-gnu.so
-- Set runtime path of "/home/sulieman/quadrotor_target_tracking/install/custom_interfaces/local/lib/python3.10/dist-packages/custom_interfaces/custom_interfaces_s__rosidl_typesupport_introspection_c.cpython-310-x86_64-linux-gnu.so" to ""
-- Installing: /home/sulieman/quadrotor_target_tracking/install/custom_interfaces/local/lib/python3.10/dist-packages/custom_interfaces/custom_interfaces_s__rosidl_typesupport_c.cpython-310-x86_64-linux-gnu.so
-- Set runtime path of "/home/sulieman/quadrotor_target_tracking/install/custom_interfaces/local/lib/python3.10/dist-packages/custom_interfaces/custom_interfaces_s__rosidl_typesupport_c.cpython-310-x86_64-linux-gnu.so" to ""
-- Installing: /home/sulieman/quadrotor_target_tracking/install/custom_interfaces/lib/libcustom_interfaces__rosidl_generator_py.so
-- Set runtime path of "/home/sulieman/quadrotor_target_tracking/install/custom_interfaces/lib/libcustom_interfaces__rosidl_generator_py.so" to ""
-- Installing: /home/sulieman/quadrotor_target_tracking/install/custom_interfaces/share/custom_interfaces/msg/ReferenceState.idl
-- Installing: /home/sulieman/quadrotor_target_tracking/install/custom_interfaces/share/custom_interfaces/msg/ReferenceState.msg
-- Installing: /home/sulieman/quadrotor_target_tracking/install/custom_interfaces/share/ament_index/resource_index/package_run_dependencies/custom_interfaces
-- Installing: /home/sulieman/quadrotor_target_tracking/install/custom_interfaces/share/ament_index/resource_index/parent_prefix_path/custom_interfaces
-- Installing: /home/sulieman/quadrotor_target_tracking/install/custom_interfaces/share/custom_interfaces/environment/ament_prefix_path.sh
-- Installing: /home/sulieman/quadrotor_target_tracking/install/custom_interfaces/share/custom_interfaces/environment/ament_prefix_path.dsv
-- Installing: /home/sulieman/quadrotor_target_tracking/install/custom_interfaces/share/custom_interfaces/environment/path.sh
-- Installing: /home/sulieman/quadrotor_target_tracking/install/custom_interfaces/share/custom_interfaces/environment/path.dsv
-- Installing: /home/sulieman/quadrotor_target_tracking/install/custom_interfaces/share/custom_interfaces/local_setup.bash
-- Installing: /home/sulieman/quadrotor_target_tracking/install/custom_interfaces/share/custom_interfaces/local_setup.sh
-- Installing: /home/sulieman/quadrotor_target_tracking/install/custom_interfaces/share/custom_interfaces/local_setup.zsh
-- Installing: /home/sulieman/quadrotor_target_tracking/install/custom_interfaces/share/custom_interfaces/local_setup.dsv
-- Installing: /home/sulieman/quadrotor_target_tracking/install/custom_interfaces/share/custom_interfaces/package.dsv
-- Installing: /home/sulieman/quadrotor_target_tracking/install/custom_interfaces/share/ament_index/resource_index/packages/custom_interfaces
-- Installing: /home/sulieman/quadrotor_target_tracking/install/custom_interfaces/share/custom_interfaces/cmake/export_custom_interfaces__rosidl_generator_cExport.cmake
-- Installing: /home/sulieman/quadrotor_target_tracking/install/custom_interfaces/share/custom_interfaces/cmake/export_custom_interfaces__rosidl_generator_cExport-noconfig.cmake
-- Installing: /home/sulieman/quadrotor_target_tracking/install/custom_interfaces/share/custom_interfaces/cmake/export_custom_interfaces__rosidl_typesupport_fastrtps_cExport.cmake
-- Installing: /home/sulieman/quadrotor_target_tracking/install/custom_interfaces/share/custom_interfaces/cmake/export_custom_interfaces__rosidl_typesupport_fastrtps_cExport-noconfig.cmake
-- Installing: /home/sulieman/quadrotor_target_tracking/install/custom_interfaces/share/custom_interfaces/cmake/export_custom_interfaces__rosidl_generator_cppExport.cmake
-- Installing: /home/sulieman/quadrotor_target_tracking/install/custom_interfaces/share/custom_interfaces/cmake/export_custom_interfaces__rosidl_typesupport_fastrtps_cppExport.cmake
-- Installing: /home/sulieman/quadrotor_target_tracking/install/custom_interfaces/share/custom_interfaces/cmake/export_custom_interfaces__rosidl_typesupport_fastrtps_cppExport-noconfig.cmake
-- Installing: /home/sulieman/quadrotor_target_tracking/install/custom_interfaces/share/custom_interfaces/cmake/custom_interfaces__rosidl_typesupport_introspection_cExport.cmake
-- Installing: /home/sulieman/quadrotor_target_tracking/install/custom_interfaces/share/custom_interfaces/cmake/custom_interfaces__rosidl_typesupport_introspection_cExport-noconfig.cmake
-- Installing: /home/sulieman/quadrotor_target_tracking/install/custom_interfaces/share/custom_interfaces/cmake/custom_interfaces__rosidl_typesupport_cExport.cmake
-- Installing: /home/sulieman/quadrotor_target_tracking/install/custom_interfaces/share/custom_interfaces/cmake/custom_interfaces__rosidl_typesupport_cExport-noconfig.cmake
-- Installing: /home/sulieman/quadrotor_target_tracking/install/custom_interfaces/share/custom_interfaces/cmake/custom_interfaces__rosidl_typesupport_introspection_cppExport.cmake
-- Installing: /home/sulieman/quadrotor_target_tracking/install/custom_interfaces/share/custom_interfaces/cmake/custom_interfaces__rosidl_typesupport_introspection_cppExport-noconfig.cmake
-- Installing: /home/sulieman/quadrotor_target_tracking/install/custom_interfaces/share/custom_interfaces/cmake/custom_interfaces__rosidl_typesupport_cppExport.cmake
-- Installing: /home/sulieman/quadrotor_target_tracking/install/custom_interfaces/share/custom_interfaces/cmake/custom_interfaces__rosidl_typesupport_cppExport-noconfig.cmake
-- Installing: /home/sulieman/quadrotor_target_tracking/install/custom_interfaces/share/custom_interfaces/cmake/export_custom_interfaces__rosidl_generator_pyExport.cmake
-- Installing: /home/sulieman/quadrotor_target_tracking/install/custom_interfaces/share/custom_interfaces/cmake/export_custom_interfaces__rosidl_generator_pyExport-noconfig.cmake
-- Installing: /home/sulieman/quadrotor_target_tracking/install/custom_interfaces/share/custom_interfaces/cmake/rosidl_cmake-extras.cmake
-- Installing: /home/sulieman/quadrotor_target_tracking/install/custom_interfaces/share/custom_interfaces/cmake/ament_cmake_export_dependencies-extras.cmake
-- Installing: /home/sulieman/quadrotor_target_tracking/install/custom_interfaces/share/custom_interfaces/cmake/ament_cmake_export_include_directories-extras.cmake
-- Installing: /home/sulieman/quadrotor_target_tracking/install/custom_interfaces/share/custom_interfaces/cmake/ament_cmake_export_libraries-extras.cmake
-- Installing: /home/sulieman/quadrotor_target_tracking/install/custom_interfaces/share/custom_interfaces/cmake/ament_cmake_export_targets-extras.cmake
-- Installing: /home/sulieman/quadrotor_target_tracking/install/custom_interfaces/share/custom_interfaces/cmake/rosidl_cmake_export_typesupport_targets-extras.cmake
-- Installing: /home/sulieman/quadrotor_target_tracking/install/custom_interfaces/share/custom_interfaces/cmake/rosidl_cmake_export_typesupport_libraries-extras.cmake
-- Installing: /home/sulieman/quadrotor_target_tracking/install/custom_interfaces/share/custom_interfaces/cmake/custom_interfacesConfig.cmake
-- Installing: /home/sulieman/quadrotor_target_tracking/install/custom_interfaces/share/custom_interfaces/cmake/custom_interfacesConfig-version.cmake
-- Installing: /home/sulieman/quadrotor_target_tracking/install/custom_interfaces/share/custom_interfaces/package.xml
