[01m[K/home/sulieman/quadrotor_target_tracking/src/quadrotor_control/src/quadrotor_vision.cpp:[m[K In lambda function:
[01m[K/home/sulieman/quadrotor_target_tracking/src/quadrotor_control/src/quadrotor_vision.cpp:127:39:[m[K [01;35m[Kwarning: [m[Kcomparison of integer expressions of different signedness: ‘[01m[Kint[m[K’ and ‘[01m[Kstd::vector<int>::size_type[m[K’ {aka ‘[01m[Klong unsigned int[m[K’} [[01;35m[K]8;;https://gcc.gnu.org/onlinedocs/gcc/Warning-Options.html#index-Wsign-compare-Wsign-compare]8;;[m[K]
  127 |                     for (int i = 0; [01;35m[Ki < markerIds.size()[m[K; i++)
      |                                     [01;35m[K~~^~~~~~~~~~~~~~~~~~[m[K
[01m[K/home/sulieman/quadrotor_target_tracking/src/quadrotor_control/src/quadrotor_vision.cpp:190:69:[m[K [01;31m[Kerror: [m[Kno match for ‘[01m[Koperator*[m[K’ (operand types are ‘[01m[Kcv::Mat[m[K’ and ‘[01m[KEigen::Transpose<Eigen::Matrix<double, 4, 4> >[m[K’)
  190 |                         Eigen::Vector4d P_future_PIXEL = [32m[Kcam_matrix[m[K [01;31m[K*[m[K[34m[KT_marker_to_world.transpose()[m[K* P_future;
      |                                                          [32m[K~~~~~~~~~~[m[K [01;31m[K^[m[K[34m[K~~~~~~~~~~~~~~~~~~~~~~~~~~~~~[m[K
      |                                                          [32m[K|[m[K                                      [34m[K|[m[K
      |                                                          [32m[Kcv::Mat[m[K                                [34m[KEigen::Transpose<Eigen::Matrix<double, 4, 4> >[m[K
In file included from [01m[K/usr/include/opencv4/opencv2/core.hpp:56[m[K,
                 from [01m[K/usr/include/opencv4/opencv2/core/core.hpp:48[m[K,
                 from [01m[K/opt/ros/humble/include/cv_bridge/cv_bridge/cv_bridge.h:43[m[K,
                 from [01m[K/home/sulieman/quadrotor_target_tracking/src/quadrotor_control/src/quadrotor_vision.cpp:7[m[K:
[01m[K/usr/include/opencv4/opencv2/core/matx.hpp:1246:17:[m[K [01;36m[Knote: [m[Kcandidate: ‘[01m[Ktemplate<class _Tp, int m, int n> cv::Matx<_Tp, m, n> cv::operator*(const cv::Matx<_Tp, m, n>&, int)[m[K’
 1246 | Matx<_Tp, m, n> [01;36m[Koperator[m[K * (const Matx<_Tp, m, n>& a, int alpha)
      |                 [01;36m[K^~~~~~~~[m[K
[01m[K/usr/include/opencv4/opencv2/core/matx.hpp:1246:17:[m[K [01;36m[Knote: [m[K  template argument deduction/substitution failed:
[01m[K/home/sulieman/quadrotor_target_tracking/src/quadrotor_control/src/quadrotor_vision.cpp:190:98:[m[K [01;36m[Knote: [m[K  ‘[01m[Kcv::Mat[m[K’ is not derived from ‘[01m[Kconst cv::Matx<_Tp, m, n>[m[K’
  190 |                         Eigen::Vector4d P_future_PIXEL = cam_matrix *T_marker_to_world.transpose([01;36m[K)[m[K* P_future;
      |                                                                                                  [01;36m[K^[m[K
In file included from [01m[K/usr/include/opencv4/opencv2/core.hpp:56[m[K,
                 from [01m[K/usr/include/opencv4/opencv2/core/core.hpp:48[m[K,
                 from [01m[K/opt/ros/humble/include/cv_bridge/cv_bridge/cv_bridge.h:43[m[K,
                 from [01m[K/home/sulieman/quadrotor_target_tracking/src/quadrotor_control/src/quadrotor_vision.cpp:7[m[K:
[01m[K/usr/include/opencv4/opencv2/core/matx.hpp:1252:17:[m[K [01;36m[Knote: [m[Kcandidate: ‘[01m[Ktemplate<class _Tp, int m, int n> cv::Matx<_Tp, m, n> cv::operator*(const cv::Matx<_Tp, m, n>&, float)[m[K’
 1252 | Matx<_Tp, m, n> [01;36m[Koperator[m[K * (const Matx<_Tp, m, n>& a, float alpha)
      |                 [01;36m[K^~~~~~~~[m[K
[01m[K/usr/include/opencv4/opencv2/core/matx.hpp:1252:17:[m[K [01;36m[Knote: [m[K  template argument deduction/substitution failed:
[01m[K/home/sulieman/quadrotor_target_tracking/src/quadrotor_control/src/quadrotor_vision.cpp:190:98:[m[K [01;36m[Knote: [m[K  ‘[01m[Kcv::Mat[m[K’ is not derived from ‘[01m[Kconst cv::Matx<_Tp, m, n>[m[K’
  190 |                         Eigen::Vector4d P_future_PIXEL = cam_matrix *T_marker_to_world.transpose([01;36m[K)[m[K* P_future;
      |                                                                                                  [01;36m[K^[m[K
In file included from [01m[K/usr/include/opencv4/opencv2/core.hpp:56[m[K,
                 from [01m[K/usr/include/opencv4/opencv2/core/core.hpp:48[m[K,
                 from [01m[K/opt/ros/humble/include/cv_bridge/cv_bridge/cv_bridge.h:43[m[K,
                 from [01m[K/home/sulieman/quadrotor_target_tracking/src/quadrotor_control/src/quadrotor_vision.cpp:7[m[K:
[01m[K/usr/include/opencv4/opencv2/core/matx.hpp:1258:17:[m[K [01;36m[Knote: [m[Kcandidate: ‘[01m[Ktemplate<class _Tp, int m, int n> cv::Matx<_Tp, m, n> cv::operator*(const cv::Matx<_Tp, m, n>&, double)[m[K’
 1258 | Matx<_Tp, m, n> [01;36m[Koperator[m[K * (const Matx<_Tp, m, n>& a, double alpha)
      |                 [01;36m[K^~~~~~~~[m[K
[01m[K/usr/include/opencv4/opencv2/core/matx.hpp:1258:17:[m[K [01;36m[Knote: [m[K  template argument deduction/substitution failed:
[01m[K/home/sulieman/quadrotor_target_tracking/src/quadrotor_control/src/quadrotor_vision.cpp:190:98:[m[K [01;36m[Knote: [m[K  ‘[01m[Kcv::Mat[m[K’ is not derived from ‘[01m[Kconst cv::Matx<_Tp, m, n>[m[K’
  190 |                         Eigen::Vector4d P_future_PIXEL = cam_matrix *T_marker_to_world.transpose([01;36m[K)[m[K* P_future;
      |                                                                                                  [01;36m[K^[m[K
In file included from [01m[K/usr/include/opencv4/opencv2/core.hpp:56[m[K,
                 from [01m[K/usr/include/opencv4/opencv2/core/core.hpp:48[m[K,
                 from [01m[K/opt/ros/humble/include/cv_bridge/cv_bridge/cv_bridge.h:43[m[K,
                 from [01m[K/home/sulieman/quadrotor_target_tracking/src/quadrotor_control/src/quadrotor_vision.cpp:7[m[K:
[01m[K/usr/include/opencv4/opencv2/core/matx.hpp:1264:17:[m[K [01;36m[Knote: [m[Kcandidate: ‘[01m[Ktemplate<class _Tp, int m, int n> cv::Matx<_Tp, m, n> cv::operator*(int, const cv::Matx<_Tp, m, n>&)[m[K’
 1264 | Matx<_Tp, m, n> [01;36m[Koperator[m[K * (int alpha, const Matx<_Tp, m, n>& a)
      |                 [01;36m[K^~~~~~~~[m[K
[01m[K/usr/include/opencv4/opencv2/core/matx.hpp:1264:17:[m[K [01;36m[Knote: [m[K  template argument deduction/substitution failed:
[01m[K/home/sulieman/quadrotor_target_tracking/src/quadrotor_control/src/quadrotor_vision.cpp:190:98:[m[K [01;36m[Knote: [m[K  ‘[01m[KEigen::Transpose<Eigen::Matrix<double, 4, 4> >[m[K’ is not derived from ‘[01m[Kconst cv::Matx<_Tp, m, n>[m[K’
  190 |                         Eigen::Vector4d P_future_PIXEL = cam_matrix *T_marker_to_world.transpose([01;36m[K)[m[K* P_future;
      |                                                                                                  [01;36m[K^[m[K
In file included from [01m[K/usr/include/opencv4/opencv2/core.hpp:56[m[K,
                 from [01m[K/usr/include/opencv4/opencv2/core/core.hpp:48[m[K,
                 from [01m[K/opt/ros/humble/include/cv_bridge/cv_bridge/cv_bridge.h:43[m[K,
                 from [01m[K/home/sulieman/quadrotor_target_tracking/src/quadrotor_control/src/quadrotor_vision.cpp:7[m[K:
[01m[K/usr/include/opencv4/opencv2/core/matx.hpp:1270:17:[m[K [01;36m[Knote: [m[Kcandidate: ‘[01m[Ktemplate<class _Tp, int m, int n> cv::Matx<_Tp, m, n> cv::operator*(float, const cv::Matx<_Tp, m, n>&)[m[K’
 1270 | Matx<_Tp, m, n> [01;36m[Koperator[m[K * (float alpha, const Matx<_Tp, m, n>& a)
      |                 [01;36m[K^~~~~~~~[m[K
[01m[K/usr/include/opencv4/opencv2/core/matx.hpp:1270:17:[m[K [01;36m[Knote: [m[K  template argument deduction/substitution failed:
[01m[K/home/sulieman/quadrotor_target_tracking/src/quadrotor_control/src/quadrotor_vision.cpp:190:98:[m[K [01;36m[Knote: [m[K  ‘[01m[KEigen::Transpose<Eigen::Matrix<double, 4, 4> >[m[K’ is not derived from ‘[01m[Kconst cv::Matx<_Tp, m, n>[m[K’
  190 |                         Eigen::Vector4d P_future_PIXEL = cam_matrix *T_marker_to_world.transpose([01;36m[K)[m[K* P_future;
      |                                                                                                  [01;36m[K^[m[K
In file included from [01m[K/usr/include/opencv4/opencv2/core.hpp:56[m[K,
                 from [01m[K/usr/include/opencv4/opencv2/core/core.hpp:48[m[K,
                 from [01m[K/opt/ros/humble/include/cv_bridge/cv_bridge/cv_bridge.h:43[m[K,
                 from [01m[K/home/sulieman/quadrotor_target_tracking/src/quadrotor_control/src/quadrotor_vision.cpp:7[m[K:
[01m[K/usr/include/opencv4/opencv2/core/matx.hpp:1276:17:[m[K [01;36m[Knote: [m[Kcandidate: ‘[01m[Ktemplate<class _Tp, int m, int n> cv::Matx<_Tp, m, n> cv::operator*(double, const cv::Matx<_Tp, m, n>&)[m[K’
 1276 | Matx<_Tp, m, n> [01;36m[Koperator[m[K * (double alpha, const Matx<_Tp, m, n>& a)
      |                 [01;36m[K^~~~~~~~[m[K
[01m[K/usr/include/opencv4/opencv2/core/matx.hpp:1276:17:[m[K [01;36m[Knote: [m[K  template argument deduction/substitution failed:
[01m[K/home/sulieman/quadrotor_target_tracking/src/quadrotor_control/src/quadrotor_vision.cpp:190:98:[m[K [01;36m[Knote: [m[K  ‘[01m[KEigen::Transpose<Eigen::Matrix<double, 4, 4> >[m[K’ is not derived from ‘[01m[Kconst cv::Matx<_Tp, m, n>[m[K’
  190 |                         Eigen::Vector4d P_future_PIXEL = cam_matrix *T_marker_to_world.transpose([01;36m[K)[m[K* P_future;
      |                                                                                                  [01;36m[K^[m[K
In file included from [01m[K/usr/include/opencv4/opencv2/core.hpp:56[m[K,
                 from [01m[K/usr/include/opencv4/opencv2/core/core.hpp:48[m[K,
                 from [01m[K/opt/ros/humble/include/cv_bridge/cv_bridge/cv_bridge.h:43[m[K,
                 from [01m[K/home/sulieman/quadrotor_target_tracking/src/quadrotor_control/src/quadrotor_vision.cpp:7[m[K:
[01m[K/usr/include/opencv4/opencv2/core/matx.hpp:1316:17:[m[K [01;36m[Knote: [m[Kcandidate: ‘[01m[Ktemplate<class _Tp, int m, int n, int l> cv::Matx<_Tp, m, n> cv::operator*(const cv::Matx<_Tp, m, l>&, const cv::Matx<_Tp, l, n>&)[m[K’
 1316 | Matx<_Tp, m, n> [01;36m[Koperator[m[K * (const Matx<_Tp, m, l>& a, const Matx<_Tp, l, n>& b)
      |                 [01;36m[K^~~~~~~~[m[K
[01m[K/usr/include/opencv4/opencv2/core/matx.hpp:1316:17:[m[K [01;36m[Knote: [m[K  template argument deduction/substitution failed:
[01m[K/home/sulieman/quadrotor_target_tracking/src/quadrotor_control/src/quadrotor_vision.cpp:190:98:[m[K [01;36m[Knote: [m[K  ‘[01m[Kcv::Mat[m[K’ is not derived from ‘[01m[Kconst cv::Matx<_Tp, m, l>[m[K’
  190 |                         Eigen::Vector4d P_future_PIXEL = cam_matrix *T_marker_to_world.transpose([01;36m[K)[m[K* P_future;
      |                                                                                                  [01;36m[K^[m[K
In file included from [01m[K/usr/include/opencv4/opencv2/core.hpp:56[m[K,
                 from [01m[K/usr/include/opencv4/opencv2/core/core.hpp:48[m[K,
                 from [01m[K/opt/ros/humble/include/cv_bridge/cv_bridge/cv_bridge.h:43[m[K,
                 from [01m[K/home/sulieman/quadrotor_target_tracking/src/quadrotor_control/src/quadrotor_vision.cpp:7[m[K:
[01m[K/usr/include/opencv4/opencv2/core/matx.hpp:1322:13:[m[K [01;36m[Knote: [m[Kcandidate: ‘[01m[Ktemplate<class _Tp, int m, int n> cv::Vec<_Tp, m> cv::operator*(const cv::Matx<_Tp, m, n>&, const cv::Vec<_Tp, n>&)[m[K’
 1322 | Vec<_Tp, m> [01;36m[Koperator[m[K * (const Matx<_Tp, m, n>& a, const Vec<_Tp, n>& b)
      |             [01;36m[K^~~~~~~~[m[K
[01m[K/usr/include/opencv4/opencv2/core/matx.hpp:1322:13:[m[K [01;36m[Knote: [m[K  template argument deduction/substitution failed:
[01m[K/home/sulieman/quadrotor_target_tracking/src/quadrotor_control/src/quadrotor_vision.cpp:190:98:[m[K [01;36m[Knote: [m[K  ‘[01m[Kcv::Mat[m[K’ is not derived from ‘[01m[Kconst cv::Matx<_Tp, m, n>[m[K’
  190 |                         Eigen::Vector4d P_future_PIXEL = cam_matrix *T_marker_to_world.transpose([01;36m[K)[m[K* P_future;
      |                                                                                                  [01;36m[K^[m[K
In file included from [01m[K/usr/include/opencv4/opencv2/core.hpp:56[m[K,
                 from [01m[K/usr/include/opencv4/opencv2/core/core.hpp:48[m[K,
                 from [01m[K/opt/ros/humble/include/cv_bridge/cv_bridge/cv_bridge.h:43[m[K,
                 from [01m[K/home/sulieman/quadrotor_target_tracking/src/quadrotor_control/src/quadrotor_vision.cpp:7[m[K:
[01m[K/usr/include/opencv4/opencv2/core/matx.hpp:1429:14:[m[K [01;36m[Knote: [m[Kcandidate: ‘[01m[Ktemplate<class _Tp, int cn> cv::Vec<_Tp, m> cv::operator*(const cv::Vec<_Tp, m>&, int)[m[K’
 1429 | Vec<_Tp, cn> [01;36m[Koperator[m[K * (const Vec<_Tp, cn>& a, int alpha)
      |              [01;36m[K^~~~~~~~[m[K
[01m[K/usr/include/opencv4/opencv2/core/matx.hpp:1429:14:[m[K [01;36m[Knote: [m[K  template argument deduction/substitution failed:
[01m[K/home/sulieman/quadrotor_target_tracking/src/quadrotor_control/src/quadrotor_vision.cpp:190:98:[m[K [01;36m[Knote: [m[K  ‘[01m[Kcv::Mat[m[K’ is not derived from ‘[01m[Kconst cv::Vec<_Tp, m>[m[K’
  190 |                         Eigen::Vector4d P_future_PIXEL = cam_matrix *T_marker_to_world.transpose([01;36m[K)[m[K* P_future;
      |                                                                                                  [01;36m[K^[m[K
In file included from [01m[K/usr/include/opencv4/opencv2/core.hpp:56[m[K,
                 from [01m[K/usr/include/opencv4/opencv2/core/core.hpp:48[m[K,
                 from [01m[K/opt/ros/humble/include/cv_bridge/cv_bridge/cv_bridge.h:43[m[K,
                 from [01m[K/home/sulieman/quadrotor_target_tracking/src/quadrotor_control/src/quadrotor_vision.cpp:7[m[K:
[01m[K/usr/include/opencv4/opencv2/core/matx.hpp:1435:14:[m[K [01;36m[Knote: [m[Kcandidate: ‘[01m[Ktemplate<class _Tp, int cn> cv::Vec<_Tp, m> cv::operator*(int, const cv::Vec<_Tp, m>&)[m[K’
 1435 | Vec<_Tp, cn> [01;36m[Koperator[m[K * (int alpha, const Vec<_Tp, cn>& a)
      |              [01;36m[K^~~~~~~~[m[K
[01m[K/usr/include/opencv4/opencv2/core/matx.hpp:1435:14:[m[K [01;36m[Knote: [m[K  template argument deduction/substitution failed:
[01m[K/home/sulieman/quadrotor_target_tracking/src/quadrotor_control/src/quadrotor_vision.cpp:190:98:[m[K [01;36m[Knote: [m[K  ‘[01m[KEigen::Transpose<Eigen::Matrix<double, 4, 4> >[m[K’ is not derived from ‘[01m[Kconst cv::Vec<_Tp, m>[m[K’
  190 |                         Eigen::Vector4d P_future_PIXEL = cam_matrix *T_marker_to_world.transpose([01;36m[K)[m[K* P_future;
      |                                                                                                  [01;36m[K^[m[K
In file included from [01m[K/usr/include/opencv4/opencv2/core.hpp:56[m[K,
                 from [01m[K/usr/include/opencv4/opencv2/core/core.hpp:48[m[K,
                 from [01m[K/opt/ros/humble/include/cv_bridge/cv_bridge/cv_bridge.h:43[m[K,
                 from [01m[K/home/sulieman/quadrotor_target_tracking/src/quadrotor_control/src/quadrotor_vision.cpp:7[m[K:
[01m[K/usr/include/opencv4/opencv2/core/matx.hpp:1441:14:[m[K [01;36m[Knote: [m[Kcandidate: ‘[01m[Ktemplate<class _Tp, int cn> cv::Vec<_Tp, m> cv::operator*(const cv::Vec<_Tp, m>&, float)[m[K’
 1441 | Vec<_Tp, cn> [01;36m[Koperator[m[K * (const Vec<_Tp, cn>& a, float alpha)
      |              [01;36m[K^~~~~~~~[m[K
[01m[K/usr/include/opencv4/opencv2/core/matx.hpp:1441:14:[m[K [01;36m[Knote: [m[K  template argument deduction/substitution failed:
[01m[K/home/sulieman/quadrotor_target_tracking/src/quadrotor_control/src/quadrotor_vision.cpp:190:98:[m[K [01;36m[Knote: [m[K  ‘[01m[Kcv::Mat[m[K’ is not derived from ‘[01m[Kconst cv::Vec<_Tp, m>[m[K’
  190 |                         Eigen::Vector4d P_future_PIXEL = cam_matrix *T_marker_to_world.transpose([01;36m[K)[m[K* P_future;
      |                                                                                                  [01;36m[K^[m[K
In file included from [01m[K/usr/include/opencv4/opencv2/core.hpp:56[m[K,
                 from [01m[K/usr/include/opencv4/opencv2/core/core.hpp:48[m[K,
                 from [01m[K/opt/ros/humble/include/cv_bridge/cv_bridge/cv_bridge.h:43[m[K,
                 from [01m[K/home/sulieman/quadrotor_target_tracking/src/quadrotor_control/src/quadrotor_vision.cpp:7[m[K:
[01m[K/usr/include/opencv4/opencv2/core/matx.hpp:1447:14:[m[K [01;36m[Knote: [m[Kcandidate: ‘[01m[Ktemplate<class _Tp, int cn> cv::Vec<_Tp, m> cv::operator*(float, const cv::Vec<_Tp, m>&)[m[K’
 1447 | Vec<_Tp, cn> [01;36m[Koperator[m[K * (float alpha, const Vec<_Tp, cn>& a)
      |              [01;36m[K^~~~~~~~[m[K
[01m[K/usr/include/opencv4/opencv2/core/matx.hpp:1447:14:[m[K [01;36m[Knote: [m[K  template argument deduction/substitution failed:
[01m[K/home/sulieman/quadrotor_target_tracking/src/quadrotor_control/src/quadrotor_vision.cpp:190:98:[m[K [01;36m[Knote: [m[K  ‘[01m[KEigen::Transpose<Eigen::Matrix<double, 4, 4> >[m[K’ is not derived from ‘[01m[Kconst cv::Vec<_Tp, m>[m[K’
  190 |                         Eigen::Vector4d P_future_PIXEL = cam_matrix *T_marker_to_world.transpose([01;36m[K)[m[K* P_future;
      |                                                                                                  [01;36m[K^[m[K
In file included from [01m[K/usr/include/opencv4/opencv2/core.hpp:56[m[K,
                 from [01m[K/usr/include/opencv4/opencv2/core/core.hpp:48[m[K,
                 from [01m[K/opt/ros/humble/include/cv_bridge/cv_bridge/cv_bridge.h:43[m[K,
                 from [01m[K/home/sulieman/quadrotor_target_tracking/src/quadrotor_control/src/quadrotor_vision.cpp:7[m[K:
[01m[K/usr/include/opencv4/opencv2/core/matx.hpp:1453:14:[m[K [01;36m[Knote: [m[Kcandidate: ‘[01m[Ktemplate<class _Tp, int cn> cv::Vec<_Tp, m> cv::operator*(const cv::Vec<_Tp, m>&, double)[m[K’
 1453 | Vec<_Tp, cn> [01;36m[Koperator[m[K * (const Vec<_Tp, cn>& a, double alpha)
      |              [01;36m[K^~~~~~~~[m[K
[01m[K/usr/include/opencv4/opencv2/core/matx.hpp:1453:14:[m[K [01;36m[Knote: [m[K  template argument deduction/substitution failed:
[01m[K/home/sulieman/quadrotor_target_tracking/src/quadrotor_control/src/quadrotor_vision.cpp:190:98:[m[K [01;36m[Knote: [m[K  ‘[01m[Kcv::Mat[m[K’ is not derived from ‘[01m[Kconst cv::Vec<_Tp, m>[m[K’
  190 |                         Eigen::Vector4d P_future_PIXEL = cam_matrix *T_marker_to_world.transpose([01;36m[K)[m[K* P_future;
      |                                                                                                  [01;36m[K^[m[K
In file included from [01m[K/usr/include/opencv4/opencv2/core.hpp:56[m[K,
                 from [01m[K/usr/include/opencv4/opencv2/core/core.hpp:48[m[K,
                 from [01m[K/opt/ros/humble/include/cv_bridge/cv_bridge/cv_bridge.h:43[m[K,
                 from [01m[K/home/sulieman/quadrotor_target_tracking/src/quadrotor_control/src/quadrotor_vision.cpp:7[m[K:
[01m[K/usr/include/opencv4/opencv2/core/matx.hpp:1459:14:[m[K [01;36m[Knote: [m[Kcandidate: ‘[01m[Ktemplate<class _Tp, int cn> cv::Vec<_Tp, m> cv::operator*(double, const cv::Vec<_Tp, m>&)[m[K’
 1459 | Vec<_Tp, cn> [01;36m[Koperator[m[K * (double alpha, const Vec<_Tp, cn>& a)
      |              [01;36m[K^~~~~~~~[m[K
[01m[K/usr/include/opencv4/opencv2/core/matx.hpp:1459:14:[m[K [01;36m[Knote: [m[K  template argument deduction/substitution failed:
[01m[K/home/sulieman/quadrotor_target_tracking/src/quadrotor_control/src/quadrotor_vision.cpp:190:98:[m[K [01;36m[Knote: [m[K  ‘[01m[KEigen::Transpose<Eigen::Matrix<double, 4, 4> >[m[K’ is not derived from ‘[01m[Kconst cv::Vec<_Tp, m>[m[K’
  190 |                         Eigen::Vector4d P_future_PIXEL = cam_matrix *T_marker_to_world.transpose([01;36m[K)[m[K* P_future;
      |                                                                                                  [01;36m[K^[m[K
In file included from [01m[K/usr/include/opencv4/opencv2/core.hpp:56[m[K,
                 from [01m[K/usr/include/opencv4/opencv2/core/core.hpp:48[m[K,
                 from [01m[K/opt/ros/humble/include/cv_bridge/cv_bridge/cv_bridge.h:43[m[K,
                 from [01m[K/home/sulieman/quadrotor_target_tracking/src/quadrotor_control/src/quadrotor_vision.cpp:7[m[K:
[01m[K/usr/include/opencv4/opencv2/core/matx.hpp:1490:43:[m[K [01;36m[Knote: [m[Kcandidate: ‘[01m[Ktemplate<class _Tp> cv::Vec<_Tp, 4> cv::operator*(const cv::Vec<_Tp, 4>&, const cv::Vec<_Tp, 4>&)[m[K’
 1490 | template<typename _Tp> inline Vec<_Tp, 4> [01;36m[Koperator[m[K * (const Vec<_Tp, 4>& v1, const Vec<_Tp, 4>& v2)
      |                                           [01;36m[K^~~~~~~~[m[K
[01m[K/usr/include/opencv4/opencv2/core/matx.hpp:1490:43:[m[K [01;36m[Knote: [m[K  template argument deduction/substitution failed:
[01m[K/home/sulieman/quadrotor_target_tracking/src/quadrotor_control/src/quadrotor_vision.cpp:190:98:[m[K [01;36m[Knote: [m[K  ‘[01m[Kcv::Mat[m[K’ is not derived from ‘[01m[Kconst cv::Vec<_Tp, 4>[m[K’
  190 |                         Eigen::Vector4d P_future_PIXEL = cam_matrix *T_marker_to_world.transpose([01;36m[K)[m[K* P_future;
      |                                                                                                  [01;36m[K^[m[K
In file included from [01m[K/usr/include/opencv4/opencv2/core.hpp:57[m[K,
                 from [01m[K/usr/include/opencv4/opencv2/core/core.hpp:48[m[K,
                 from [01m[K/opt/ros/humble/include/cv_bridge/cv_bridge/cv_bridge.h:43[m[K,
                 from [01m[K/home/sulieman/quadrotor_target_tracking/src/quadrotor_control/src/quadrotor_vision.cpp:7[m[K:
[01m[K/usr/include/opencv4/opencv2/core/types.hpp:1073:14:[m[K [01;36m[Knote: [m[Kcandidate: ‘[01m[Ktemplate<class _Tp> cv::Complex<_Tp> cv::operator*(const cv::Complex<_Tp>&, const cv::Complex<_Tp>&)[m[K’
 1073 | Complex<_Tp> [01;36m[Koperator[m[K * (const Complex<_Tp>& a, const Complex<_Tp>& b)
      |              [01;36m[K^~~~~~~~[m[K
[01m[K/usr/include/opencv4/opencv2/core/types.hpp:1073:14:[m[K [01;36m[Knote: [m[K  template argument deduction/substitution failed:
[01m[K/home/sulieman/quadrotor_target_tracking/src/quadrotor_control/src/quadrotor_vision.cpp:190:98:[m[K [01;36m[Knote: [m[K  ‘[01m[Kcv::Mat[m[K’ is not derived from ‘[01m[Kconst cv::Complex<_Tp>[m[K’
  190 |                         Eigen::Vector4d P_future_PIXEL = cam_matrix *T_marker_to_world.transpose([01;36m[K)[m[K* P_future;
      |                                                                                                  [01;36m[K^[m[K
In file included from [01m[K/usr/include/opencv4/opencv2/core.hpp:57[m[K,
                 from [01m[K/usr/include/opencv4/opencv2/core/core.hpp:48[m[K,
                 from [01m[K/opt/ros/humble/include/cv_bridge/cv_bridge/cv_bridge.h:43[m[K,
                 from [01m[K/home/sulieman/quadrotor_target_tracking/src/quadrotor_control/src/quadrotor_vision.cpp:7[m[K:
[01m[K/usr/include/opencv4/opencv2/core/types.hpp:1079:14:[m[K [01;36m[Knote: [m[Kcandidate: ‘[01m[Ktemplate<class _Tp> cv::Complex<_Tp> cv::operator*(const cv::Complex<_Tp>&, _Tp)[m[K’
 1079 | Complex<_Tp> [01;36m[Koperator[m[K * (const Complex<_Tp>& a, _Tp b)
      |              [01;36m[K^~~~~~~~[m[K
[01m[K/usr/include/opencv4/opencv2/core/types.hpp:1079:14:[m[K [01;36m[Knote: [m[K  template argument deduction/substitution failed:
[01m[K/home/sulieman/quadrotor_target_tracking/src/quadrotor_control/src/quadrotor_vision.cpp:190:98:[m[K [01;36m[Knote: [m[K  ‘[01m[Kcv::Mat[m[K’ is not derived from ‘[01m[Kconst cv::Complex<_Tp>[m[K’
  190 |                         Eigen::Vector4d P_future_PIXEL = cam_matrix *T_marker_to_world.transpose([01;36m[K)[m[K* P_future;
      |                                                                                                  [01;36m[K^[m[K
In file included from [01m[K/usr/include/opencv4/opencv2/core.hpp:57[m[K,
                 from [01m[K/usr/include/opencv4/opencv2/core/core.hpp:48[m[K,
                 from [01m[K/opt/ros/humble/include/cv_bridge/cv_bridge/cv_bridge.h:43[m[K,
                 from [01m[K/home/sulieman/quadrotor_target_tracking/src/quadrotor_control/src/quadrotor_vision.cpp:7[m[K:
[01m[K/usr/include/opencv4/opencv2/core/types.hpp:1085:14:[m[K [01;36m[Knote: [m[Kcandidate: ‘[01m[Ktemplate<class _Tp> cv::Complex<_Tp> cv::operator*(_Tp, const cv::Complex<_Tp>&)[m[K’
 1085 | Complex<_Tp> [01;36m[Koperator[m[K * (_Tp b, const Complex<_Tp>& a)
      |              [01;36m[K^~~~~~~~[m[K
[01m[K/usr/include/opencv4/opencv2/core/types.hpp:1085:14:[m[K [01;36m[Knote: [m[K  template argument deduction/substitution failed:
[01m[K/home/sulieman/quadrotor_target_tracking/src/quadrotor_control/src/quadrotor_vision.cpp:190:98:[m[K [01;36m[Knote: [m[K  ‘[01m[KEigen::Transpose<Eigen::Matrix<double, 4, 4> >[m[K’ is not derived from ‘[01m[Kconst cv::Complex<_Tp>[m[K’
  190 |                         Eigen::Vector4d P_future_PIXEL = cam_matrix *T_marker_to_world.transpose([01;36m[K)[m[K* P_future;
      |                                                                                                  [01;36m[K^[m[K
In file included from [01m[K/usr/include/opencv4/opencv2/core.hpp:57[m[K,
                 from [01m[K/usr/include/opencv4/opencv2/core/core.hpp:48[m[K,
                 from [01m[K/opt/ros/humble/include/cv_bridge/cv_bridge/cv_bridge.h:43[m[K,
                 from [01m[K/home/sulieman/quadrotor_target_tracking/src/quadrotor_control/src/quadrotor_vision.cpp:7[m[K:
[01m[K/usr/include/opencv4/opencv2/core/types.hpp:1351:13:[m[K [01;36m[Knote: [m[Kcandidate: ‘[01m[Ktemplate<class _Tp> cv::Point_<_Tp> cv::operator*(const cv::Point_<_Tp>&, int)[m[K’
 1351 | Point_<_Tp> [01;36m[Koperator[m[K * (const Point_<_Tp>& a, int b)
      |             [01;36m[K^~~~~~~~[m[K
[01m[K/usr/include/opencv4/opencv2/core/types.hpp:1351:13:[m[K [01;36m[Knote: [m[K  template argument deduction/substitution failed:
[01m[K/home/sulieman/quadrotor_target_tracking/src/quadrotor_control/src/quadrotor_vision.cpp:190:98:[m[K [01;36m[Knote: [m[K  ‘[01m[Kcv::Mat[m[K’ is not derived from ‘[01m[Kconst cv::Point_<_Tp>[m[K’
  190 |                         Eigen::Vector4d P_future_PIXEL = cam_matrix *T_marker_to_world.transpose([01;36m[K)[m[K* P_future;
      |                                                                                                  [01;36m[K^[m[K
In file included from [01m[K/usr/include/opencv4/opencv2/core.hpp:57[m[K,
                 from [01m[K/usr/include/opencv4/opencv2/core/core.hpp:48[m[K,
                 from [01m[K/opt/ros/humble/include/cv_bridge/cv_bridge/cv_bridge.h:43[m[K,
                 from [01m[K/home/sulieman/quadrotor_target_tracking/src/quadrotor_control/src/quadrotor_vision.cpp:7[m[K:
[01m[K/usr/include/opencv4/opencv2/core/types.hpp:1357:13:[m[K [01;36m[Knote: [m[Kcandidate: ‘[01m[Ktemplate<class _Tp> cv::Point_<_Tp> cv::operator*(int, const cv::Point_<_Tp>&)[m[K’
 1357 | Point_<_Tp> [01;36m[Koperator[m[K * (int a, const Point_<_Tp>& b)
      |             [01;36m[K^~~~~~~~[m[K
[01m[K/usr/include/opencv4/opencv2/core/types.hpp:1357:13:[m[K [01;36m[Knote: [m[K  template argument deduction/substitution failed:
[01m[K/home/sulieman/quadrotor_target_tracking/src/quadrotor_control/src/quadrotor_vision.cpp:190:98:[m[K [01;36m[Knote: [m[K  ‘[01m[KEigen::Transpose<Eigen::Matrix<double, 4, 4> >[m[K’ is not derived from ‘[01m[Kconst cv::Point_<_Tp>[m[K’
  190 |                         Eigen::Vector4d P_future_PIXEL = cam_matrix *T_marker_to_world.transpose([01;36m[K)[m[K* P_future;
      |                                                                                                  [01;36m[K^[m[K
In file included from [01m[K/usr/include/opencv4/opencv2/core.hpp:57[m[K,
                 from [01m[K/usr/include/opencv4/opencv2/core/core.hpp:48[m[K,
                 from [01m[K/opt/ros/humble/include/cv_bridge/cv_bridge/cv_bridge.h:43[m[K,
                 from [01m[K/home/sulieman/quadrotor_target_tracking/src/quadrotor_control/src/quadrotor_vision.cpp:7[m[K:
[01m[K/usr/include/opencv4/opencv2/core/types.hpp:1363:13:[m[K [01;36m[Knote: [m[Kcandidate: ‘[01m[Ktemplate<class _Tp> cv::Point_<_Tp> cv::operator*(const cv::Point_<_Tp>&, float)[m[K’
 1363 | Point_<_Tp> [01;36m[Koperator[m[K * (const Point_<_Tp>& a, float b)
      |             [01;36m[K^~~~~~~~[m[K
[01m[K/usr/include/opencv4/opencv2/core/types.hpp:1363:13:[m[K [01;36m[Knote: [m[K  template argument deduction/substitution failed:
[01m[K/home/sulieman/quadrotor_target_tracking/src/quadrotor_control/src/quadrotor_vision.cpp:190:98:[m[K [01;36m[Knote: [m[K  ‘[01m[Kcv::Mat[m[K’ is not derived from ‘[01m[Kconst cv::Point_<_Tp>[m[K’
  190 |                         Eigen::Vector4d P_future_PIXEL = cam_matrix *T_marker_to_world.transpose([01;36m[K)[m[K* P_future;
      |                                                                                                  [01;36m[K^[m[K
In file included from [01m[K/usr/include/opencv4/opencv2/core.hpp:57[m[K,
                 from [01m[K/usr/include/opencv4/opencv2/core/core.hpp:48[m[K,
                 from [01m[K/opt/ros/humble/include/cv_bridge/cv_bridge/cv_bridge.h:43[m[K,
                 from [01m[K/home/sulieman/quadrotor_target_tracking/src/quadrotor_control/src/quadrotor_vision.cpp:7[m[K:
[01m[K/usr/include/opencv4/opencv2/core/types.hpp:1369:13:[m[K [01;36m[Knote: [m[Kcandidate: ‘[01m[Ktemplate<class _Tp> cv::Point_<_Tp> cv::operator*(float, const cv::Point_<_Tp>&)[m[K’
 1369 | Point_<_Tp> [01;36m[Koperator[m[K * (float a, const Point_<_Tp>& b)
      |             [01;36m[K^~~~~~~~[m[K
[01m[K/usr/include/opencv4/opencv2/core/types.hpp:1369:13:[m[K [01;36m[Knote: [m[K  template argument deduction/substitution failed:
[01m[K/home/sulieman/quadrotor_target_tracking/src/quadrotor_control/src/quadrotor_vision.cpp:190:98:[m[K [01;36m[Knote: [m[K  ‘[01m[KEigen::Transpose<Eigen::Matrix<double, 4, 4> >[m[K’ is not derived from ‘[01m[Kconst cv::Point_<_Tp>[m[K’
  190 |                         Eigen::Vector4d P_future_PIXEL = cam_matrix *T_marker_to_world.transpose([01;36m[K)[m[K* P_future;
      |                                                                                                  [01;36m[K^[m[K
In file included from [01m[K/usr/include/opencv4/opencv2/core.hpp:57[m[K,
                 from [01m[K/usr/include/opencv4/opencv2/core/core.hpp:48[m[K,
                 from [01m[K/opt/ros/humble/include/cv_bridge/cv_bridge/cv_bridge.h:43[m[K,
                 from [01m[K/home/sulieman/quadrotor_target_tracking/src/quadrotor_control/src/quadrotor_vision.cpp:7[m[K:
[01m[K/usr/include/opencv4/opencv2/core/types.hpp:1375:13:[m[K [01;36m[Knote: [m[Kcandidate: ‘[01m[Ktemplate<class _Tp> cv::Point_<_Tp> cv::operator*(const cv::Point_<_Tp>&, double)[m[K’
 1375 | Point_<_Tp> [01;36m[Koperator[m[K * (const Point_<_Tp>& a, double b)
      |             [01;36m[K^~~~~~~~[m[K
[01m[K/usr/include/opencv4/opencv2/core/types.hpp:1375:13:[m[K [01;36m[Knote: [m[K  template argument deduction/substitution failed:
[01m[K/home/sulieman/quadrotor_target_tracking/src/quadrotor_control/src/quadrotor_vision.cpp:190:98:[m[K [01;36m[Knote: [m[K  ‘[01m[Kcv::Mat[m[K’ is not derived from ‘[01m[Kconst cv::Point_<_Tp>[m[K’
  190 |                         Eigen::Vector4d P_future_PIXEL = cam_matrix *T_marker_to_world.transpose([01;36m[K)[m[K* P_future;
      |                                                                                                  [01;36m[K^[m[K
In file included from [01m[K/usr/include/opencv4/opencv2/core.hpp:57[m[K,
                 from [01m[K/usr/include/opencv4/opencv2/core/core.hpp:48[m[K,
                 from [01m[K/opt/ros/humble/include/cv_bridge/cv_bridge/cv_bridge.h:43[m[K,
                 from [01m[K/home/sulieman/quadrotor_target_tracking/src/quadrotor_control/src/quadrotor_vision.cpp:7[m[K:
[01m[K/usr/include/opencv4/opencv2/core/types.hpp:1381:13:[m[K [01;36m[Knote: [m[Kcandidate: ‘[01m[Ktemplate<class _Tp> cv::Point_<_Tp> cv::operator*(double, const cv::Point_<_Tp>&)[m[K’
 1381 | Point_<_Tp> [01;36m[Koperator[m[K * (double a, const Point_<_Tp>& b)
      |             [01;36m[K^~~~~~~~[m[K
[01m[K/usr/include/opencv4/opencv2/core/types.hpp:1381:13:[m[K [01;36m[Knote: [m[K  template argument deduction/substitution failed:
[01m[K/home/sulieman/quadrotor_target_tracking/src/quadrotor_control/src/quadrotor_vision.cpp:190:98:[m[K [01;36m[Knote: [m[K  ‘[01m[KEigen::Transpose<Eigen::Matrix<double, 4, 4> >[m[K’ is not derived from ‘[01m[Kconst cv::Point_<_Tp>[m[K’
  190 |                         Eigen::Vector4d P_future_PIXEL = cam_matrix *T_marker_to_world.transpose([01;36m[K)[m[K* P_future;
      |                                                                                                  [01;36m[K^[m[K
In file included from [01m[K/usr/include/opencv4/opencv2/core.hpp:57[m[K,
                 from [01m[K/usr/include/opencv4/opencv2/core/core.hpp:48[m[K,
                 from [01m[K/opt/ros/humble/include/cv_bridge/cv_bridge/cv_bridge.h:43[m[K,
                 from [01m[K/home/sulieman/quadrotor_target_tracking/src/quadrotor_control/src/quadrotor_vision.cpp:7[m[K:
[01m[K/usr/include/opencv4/opencv2/core/types.hpp:1387:13:[m[K [01;36m[Knote: [m[Kcandidate: ‘[01m[Ktemplate<class _Tp> cv::Point_<_Tp> cv::operator*(const cv::Matx<_Tp, 2, 2>&, const cv::Point_<_Tp>&)[m[K’
 1387 | Point_<_Tp> [01;36m[Koperator[m[K * (const Matx<_Tp, 2, 2>& a, const Point_<_Tp>& b)
      |             [01;36m[K^~~~~~~~[m[K
[01m[K/usr/include/opencv4/opencv2/core/types.hpp:1387:13:[m[K [01;36m[Knote: [m[K  template argument deduction/substitution failed:
[01m[K/home/sulieman/quadrotor_target_tracking/src/quadrotor_control/src/quadrotor_vision.cpp:190:98:[m[K [01;36m[Knote: [m[K  ‘[01m[Kcv::Mat[m[K’ is not derived from ‘[01m[Kconst cv::Matx<_Tp, 2, 2>[m[K’
  190 |                         Eigen::Vector4d P_future_PIXEL = cam_matrix *T_marker_to_world.transpose([01;36m[K)[m[K* P_future;
      |                                                                                                  [01;36m[K^[m[K
In file included from [01m[K/usr/include/opencv4/opencv2/core.hpp:57[m[K,
                 from [01m[K/usr/include/opencv4/opencv2/core/core.hpp:48[m[K,
                 from [01m[K/opt/ros/humble/include/cv_bridge/cv_bridge/cv_bridge.h:43[m[K,
                 from [01m[K/home/sulieman/quadrotor_target_tracking/src/quadrotor_control/src/quadrotor_vision.cpp:7[m[K:
[01m[K/usr/include/opencv4/opencv2/core/types.hpp:1394:14:[m[K [01;36m[Knote: [m[Kcandidate: ‘[01m[Ktemplate<class _Tp> cv::Point3_<_Tp> cv::operator*(const cv::Matx<_Tp, 3, 3>&, const cv::Point_<_Tp>&)[m[K’
 1394 | Point3_<_Tp> [01;36m[Koperator[m[K * (const Matx<_Tp, 3, 3>& a, const Point_<_Tp>& b)
      |              [01;36m[K^~~~~~~~[m[K
[01m[K/usr/include/opencv4/opencv2/core/types.hpp:1394:14:[m[K [01;36m[Knote: [m[K  template argument deduction/substitution failed:
[01m[K/home/sulieman/quadrotor_target_tracking/src/quadrotor_control/src/quadrotor_vision.cpp:190:98:[m[K [01;36m[Knote: [m[K  ‘[01m[Kcv::Mat[m[K’ is not derived from ‘[01m[Kconst cv::Matx<_Tp, 3, 3>[m[K’
  190 |                         Eigen::Vector4d P_future_PIXEL = cam_matrix *T_marker_to_world.transpose([01;36m[K)[m[K* P_future;
      |                                                                                                  [01;36m[K^[m[K
In file included from [01m[K/usr/include/opencv4/opencv2/core.hpp:57[m[K,
                 from [01m[K/usr/include/opencv4/opencv2/core/core.hpp:48[m[K,
                 from [01m[K/opt/ros/humble/include/cv_bridge/cv_bridge/cv_bridge.h:43[m[K,
                 from [01m[K/home/sulieman/quadrotor_target_tracking/src/quadrotor_control/src/quadrotor_vision.cpp:7[m[K:
[01m[K/usr/include/opencv4/opencv2/core/types.hpp:1620:14:[m[K [01;36m[Knote: [m[Kcandidate: ‘[01m[Ktemplate<class _Tp> cv::Point3_<_Tp> cv::operator*(const cv::Point3_<_Tp>&, int)[m[K’
 1620 | Point3_<_Tp> [01;36m[Koperator[m[K * (const Point3_<_Tp>& a, int b)
      |              [01;36m[K^~~~~~~~[m[K
[01m[K/usr/include/opencv4/opencv2/core/types.hpp:1620:14:[m[K [01;36m[Knote: [m[K  template argument deduction/substitution failed:
[01m[K/home/sulieman/quadrotor_target_tracking/src/quadrotor_control/src/quadrotor_vision.cpp:190:98:[m[K [01;36m[Knote: [m[K  ‘[01m[Kcv::Mat[m[K’ is not derived from ‘[01m[Kconst cv::Point3_<_Tp>[m[K’
  190 |                         Eigen::Vector4d P_future_PIXEL = cam_matrix *T_marker_to_world.transpose([01;36m[K)[m[K* P_future;
      |                                                                                                  [01;36m[K^[m[K
In file included from [01m[K/usr/include/opencv4/opencv2/core.hpp:57[m[K,
                 from [01m[K/usr/include/opencv4/opencv2/core/core.hpp:48[m[K,
                 from [01m[K/opt/ros/humble/include/cv_bridge/cv_bridge/cv_bridge.h:43[m[K,
                 from [01m[K/home/sulieman/quadrotor_target_tracking/src/quadrotor_control/src/quadrotor_vision.cpp:7[m[K:
[01m[K/usr/include/opencv4/opencv2/core/types.hpp:1626:14:[m[K [01;36m[Knote: [m[Kcandidate: ‘[01m[Ktemplate<class _Tp> cv::Point3_<_Tp> cv::operator*(int, const cv::Point3_<_Tp>&)[m[K’
 1626 | Point3_<_Tp> [01;36m[Koperator[m[K * (int a, const Point3_<_Tp>& b)
      |              [01;36m[K^~~~~~~~[m[K
[01m[K/usr/include/opencv4/opencv2/core/types.hpp:1626:14:[m[K [01;36m[Knote: [m[K  template argument deduction/substitution failed:
[01m[K/home/sulieman/quadrotor_target_tracking/src/quadrotor_control/src/quadrotor_vision.cpp:190:98:[m[K [01;36m[Knote: [m[K  ‘[01m[KEigen::Transpose<Eigen::Matrix<double, 4, 4> >[m[K’ is not derived from ‘[01m[Kconst cv::Point3_<_Tp>[m[K’
  190 |                         Eigen::Vector4d P_future_PIXEL = cam_matrix *T_marker_to_world.transpose([01;36m[K)[m[K* P_future;
      |                                                                                                  [01;36m[K^[m[K
In file included from [01m[K/usr/include/opencv4/opencv2/core.hpp:57[m[K,
                 from [01m[K/usr/include/opencv4/opencv2/core/core.hpp:48[m[K,
                 from [01m[K/opt/ros/humble/include/cv_bridge/cv_bridge/cv_bridge.h:43[m[K,
                 from [01m[K/home/sulieman/quadrotor_target_tracking/src/quadrotor_control/src/quadrotor_vision.cpp:7[m[K:
[01m[K/usr/include/opencv4/opencv2/core/types.hpp:1632:14:[m[K [01;36m[Knote: [m[Kcandidate: ‘[01m[Ktemplate<class _Tp> cv::Point3_<_Tp> cv::operator*(const cv::Point3_<_Tp>&, float)[m[K’
 1632 | Point3_<_Tp> [01;36m[Koperator[m[K * (const Point3_<_Tp>& a, float b)
      |              [01;36m[K^~~~~~~~[m[K
[01m[K/usr/include/opencv4/opencv2/core/types.hpp:1632:14:[m[K [01;36m[Knote: [m[K  template argument deduction/substitution failed:
[01m[K/home/sulieman/quadrotor_target_tracking/src/quadrotor_control/src/quadrotor_vision.cpp:190:98:[m[K [01;36m[Knote: [m[K  ‘[01m[Kcv::Mat[m[K’ is not derived from ‘[01m[Kconst cv::Point3_<_Tp>[m[K’
  190 |                         Eigen::Vector4d P_future_PIXEL = cam_matrix *T_marker_to_world.transpose([01;36m[K)[m[K* P_future;
      |                                                                                                  [01;36m[K^[m[K
In file included from [01m[K/usr/include/opencv4/opencv2/core.hpp:57[m[K,
                 from [01m[K/usr/include/opencv4/opencv2/core/core.hpp:48[m[K,
                 from [01m[K/opt/ros/humble/include/cv_bridge/cv_bridge/cv_bridge.h:43[m[K,
                 from [01m[K/home/sulieman/quadrotor_target_tracking/src/quadrotor_control/src/quadrotor_vision.cpp:7[m[K:
[01m[K/usr/include/opencv4/opencv2/core/types.hpp:1638:14:[m[K [01;36m[Knote: [m[Kcandidate: ‘[01m[Ktemplate<class _Tp> cv::Point3_<_Tp> cv::operator*(float, const cv::Point3_<_Tp>&)[m[K’
 1638 | Point3_<_Tp> [01;36m[Koperator[m[K * (float a, const Point3_<_Tp>& b)
      |              [01;36m[K^~~~~~~~[m[K
[01m[K/usr/include/opencv4/opencv2/core/types.hpp:1638:14:[m[K [01;36m[Knote: [m[K  template argument deduction/substitution failed:
[01m[K/home/sulieman/quadrotor_target_tracking/src/quadrotor_control/src/quadrotor_vision.cpp:190:98:[m[K [01;36m[Knote: [m[K  ‘[01m[KEigen::Transpose<Eigen::Matrix<double, 4, 4> >[m[K’ is not derived from ‘[01m[Kconst cv::Point3_<_Tp>[m[K’
  190 |                         Eigen::Vector4d P_future_PIXEL = cam_matrix *T_marker_to_world.transpose([01;36m[K)[m[K* P_future;
      |                                                                                                  [01;36m[K^[m[K
In file included from [01m[K/usr/include/opencv4/opencv2/core.hpp:57[m[K,
                 from [01m[K/usr/include/opencv4/opencv2/core/core.hpp:48[m[K,
                 from [01m[K/opt/ros/humble/include/cv_bridge/cv_bridge/cv_bridge.h:43[m[K,
                 from [01m[K/home/sulieman/quadrotor_target_tracking/src/quadrotor_control/src/quadrotor_vision.cpp:7[m[K:
[01m[K/usr/include/opencv4/opencv2/core/types.hpp:1644:14:[m[K [01;36m[Knote: [m[Kcandidate: ‘[01m[Ktemplate<class _Tp> cv::Point3_<_Tp> cv::operator*(const cv::Point3_<_Tp>&, double)[m[K’
 1644 | Point3_<_Tp> [01;36m[Koperator[m[K * (const Point3_<_Tp>& a, double b)
      |              [01;36m[K^~~~~~~~[m[K
[01m[K/usr/include/opencv4/opencv2/core/types.hpp:1644:14:[m[K [01;36m[Knote: [m[K  template argument deduction/substitution failed:
[01m[K/home/sulieman/quadrotor_target_tracking/src/quadrotor_control/src/quadrotor_vision.cpp:190:98:[m[K [01;36m[Knote: [m[K  ‘[01m[Kcv::Mat[m[K’ is not derived from ‘[01m[Kconst cv::Point3_<_Tp>[m[K’
  190 |                         Eigen::Vector4d P_future_PIXEL = cam_matrix *T_marker_to_world.transpose([01;36m[K)[m[K* P_future;
      |                                                                                                  [01;36m[K^[m[K
In file included from [01m[K/usr/include/opencv4/opencv2/core.hpp:57[m[K,
                 from [01m[K/usr/include/opencv4/opencv2/core/core.hpp:48[m[K,
                 from [01m[K/opt/ros/humble/include/cv_bridge/cv_bridge/cv_bridge.h:43[m[K,
                 from [01m[K/home/sulieman/quadrotor_target_tracking/src/quadrotor_control/src/quadrotor_vision.cpp:7[m[K:
[01m[K/usr/include/opencv4/opencv2/core/types.hpp:1650:14:[m[K [01;36m[Knote: [m[Kcandidate: ‘[01m[Ktemplate<class _Tp> cv::Point3_<_Tp> cv::operator*(double, const cv::Point3_<_Tp>&)[m[K’
 1650 | Point3_<_Tp> [01;36m[Koperator[m[K * (double a, const Point3_<_Tp>& b)
      |              [01;36m[K^~~~~~~~[m[K
[01m[K/usr/include/opencv4/opencv2/core/types.hpp:1650:14:[m[K [01;36m[Knote: [m[K  template argument deduction/substitution failed:
[01m[K/home/sulieman/quadrotor_target_tracking/src/quadrotor_control/src/quadrotor_vision.cpp:190:98:[m[K [01;36m[Knote: [m[K  ‘[01m[KEigen::Transpose<Eigen::Matrix<double, 4, 4> >[m[K’ is not derived from ‘[01m[Kconst cv::Point3_<_Tp>[m[K’
  190 |                         Eigen::Vector4d P_future_PIXEL = cam_matrix *T_marker_to_world.transpose([01;36m[K)[m[K* P_future;
      |                                                                                                  [01;36m[K^[m[K
In file included from [01m[K/usr/include/opencv4/opencv2/core.hpp:57[m[K,
                 from [01m[K/usr/include/opencv4/opencv2/core/core.hpp:48[m[K,
                 from [01m[K/opt/ros/humble/include/cv_bridge/cv_bridge/cv_bridge.h:43[m[K,
                 from [01m[K/home/sulieman/quadrotor_target_tracking/src/quadrotor_control/src/quadrotor_vision.cpp:7[m[K:
[01m[K/usr/include/opencv4/opencv2/core/types.hpp:1656:14:[m[K [01;36m[Knote: [m[Kcandidate: ‘[01m[Ktemplate<class _Tp> cv::Point3_<_Tp> cv::operator*(const cv::Matx<_Tp, 3, 3>&, const cv::Point3_<_Tp>&)[m[K’
 1656 | Point3_<_Tp> [01;36m[Koperator[m[K * (const Matx<_Tp, 3, 3>& a, const Point3_<_Tp>& b)
      |              [01;36m[K^~~~~~~~[m[K
[01m[K/usr/include/opencv4/opencv2/core/types.hpp:1656:14:[m[K [01;36m[Knote: [m[K  template argument deduction/substitution failed:
[01m[K/home/sulieman/quadrotor_target_tracking/src/quadrotor_control/src/quadrotor_vision.cpp:190:98:[m[K [01;36m[Knote: [m[K  ‘[01m[Kcv::Mat[m[K’ is not derived from ‘[01m[Kconst cv::Matx<_Tp, 3, 3>[m[K’
  190 |                         Eigen::Vector4d P_future_PIXEL = cam_matrix *T_marker_to_world.transpose([01;36m[K)[m[K* P_future;
      |                                                                                                  [01;36m[K^[m[K
In file included from [01m[K/usr/include/opencv4/opencv2/core.hpp:57[m[K,
                 from [01m[K/usr/include/opencv4/opencv2/core/core.hpp:48[m[K,
                 from [01m[K/opt/ros/humble/include/cv_bridge/cv_bridge/cv_bridge.h:43[m[K,
                 from [01m[K/home/sulieman/quadrotor_target_tracking/src/quadrotor_control/src/quadrotor_vision.cpp:7[m[K:
[01m[K/usr/include/opencv4/opencv2/core/types.hpp:1663:17:[m[K [01;36m[Knote: [m[Kcandidate: ‘[01m[Ktemplate<class _Tp> cv::Matx<T2, 4, 1> cv::operator*(const cv::Matx<_Tp, 4, 4>&, const cv::Point3_<_Tp>&)[m[K’
 1663 | Matx<_Tp, 4, 1> [01;36m[Koperator[m[K * (const Matx<_Tp, 4, 4>& a, const Point3_<_Tp>& b)
      |                 [01;36m[K^~~~~~~~[m[K
[01m[K/usr/include/opencv4/opencv2/core/types.hpp:1663:17:[m[K [01;36m[Knote: [m[K  template argument deduction/substitution failed:
[01m[K/home/sulieman/quadrotor_target_tracking/src/quadrotor_control/src/quadrotor_vision.cpp:190:98:[m[K [01;36m[Knote: [m[K  ‘[01m[Kcv::Mat[m[K’ is not derived from ‘[01m[Kconst cv::Matx<_Tp, 4, 4>[m[K’
  190 |                         Eigen::Vector4d P_future_PIXEL = cam_matrix *T_marker_to_world.transpose([01;36m[K)[m[K* P_future;
      |                                                                                                  [01;36m[K^[m[K
In file included from [01m[K/usr/include/opencv4/opencv2/core.hpp:57[m[K,
                 from [01m[K/usr/include/opencv4/opencv2/core/core.hpp:48[m[K,
                 from [01m[K/opt/ros/humble/include/cv_bridge/cv_bridge/cv_bridge.h:43[m[K,
                 from [01m[K/home/sulieman/quadrotor_target_tracking/src/quadrotor_control/src/quadrotor_vision.cpp:7[m[K:
[01m[K/usr/include/opencv4/opencv2/core/types.hpp:1767:12:[m[K [01;36m[Knote: [m[Kcandidate: ‘[01m[Ktemplate<class _Tp> cv::Size_<_Tp> cv::operator*(const cv::Size_<_Tp>&, _Tp)[m[K’
 1767 | Size_<_Tp> [01;36m[Koperator[m[K * (const Size_<_Tp>& a, _Tp b)
      |            [01;36m[K^~~~~~~~[m[K
[01m[K/usr/include/opencv4/opencv2/core/types.hpp:1767:12:[m[K [01;36m[Knote: [m[K  template argument deduction/substitution failed:
[01m[K/home/sulieman/quadrotor_target_tracking/src/quadrotor_control/src/quadrotor_vision.cpp:190:98:[m[K [01;36m[Knote: [m[K  ‘[01m[Kcv::Mat[m[K’ is not derived from ‘[01m[Kconst cv::Size_<_Tp>[m[K’
  190 |                         Eigen::Vector4d P_future_PIXEL = cam_matrix *T_marker_to_world.transpose([01;36m[K)[m[K* P_future;
      |                                                                                                  [01;36m[K^[m[K
In file included from [01m[K/usr/include/opencv4/opencv2/core.hpp:57[m[K,
                 from [01m[K/usr/include/opencv4/opencv2/core/core.hpp:48[m[K,
                 from [01m[K/opt/ros/humble/include/cv_bridge/cv_bridge/cv_bridge.h:43[m[K,
                 from [01m[K/home/sulieman/quadrotor_target_tracking/src/quadrotor_control/src/quadrotor_vision.cpp:7[m[K:
[01m[K/usr/include/opencv4/opencv2/core/types.hpp:2334:14:[m[K [01;36m[Knote: [m[Kcandidate: ‘[01m[Ktemplate<class _Tp> cv::Scalar_<_Tp> cv::operator*(const cv::Scalar_<_Tp>&, _Tp)[m[K’
 2334 | Scalar_<_Tp> [01;36m[Koperator[m[K * (const Scalar_<_Tp>& a, _Tp alpha)
      |              [01;36m[K^~~~~~~~[m[K
[01m[K/usr/include/opencv4/opencv2/core/types.hpp:2334:14:[m[K [01;36m[Knote: [m[K  template argument deduction/substitution failed:
[01m[K/home/sulieman/quadrotor_target_tracking/src/quadrotor_control/src/quadrotor_vision.cpp:190:98:[m[K [01;36m[Knote: [m[K  ‘[01m[Kcv::Mat[m[K’ is not derived from ‘[01m[Kconst cv::Scalar_<_Tp>[m[K’
  190 |                         Eigen::Vector4d P_future_PIXEL = cam_matrix *T_marker_to_world.transpose([01;36m[K)[m[K* P_future;
      |                                                                                                  [01;36m[K^[m[K
In file included from [01m[K/usr/include/opencv4/opencv2/core.hpp:57[m[K,
                 from [01m[K/usr/include/opencv4/opencv2/core/core.hpp:48[m[K,
                 from [01m[K/opt/ros/humble/include/cv_bridge/cv_bridge/cv_bridge.h:43[m[K,
                 from [01m[K/home/sulieman/quadrotor_target_tracking/src/quadrotor_control/src/quadrotor_vision.cpp:7[m[K:
[01m[K/usr/include/opencv4/opencv2/core/types.hpp:2343:14:[m[K [01;36m[Knote: [m[Kcandidate: ‘[01m[Ktemplate<class _Tp> cv::Scalar_<_Tp> cv::operator*(_Tp, const cv::Scalar_<_Tp>&)[m[K’
 2343 | Scalar_<_Tp> [01;36m[Koperator[m[K * (_Tp alpha, const Scalar_<_Tp>& a)
      |              [01;36m[K^~~~~~~~[m[K
[01m[K/usr/include/opencv4/opencv2/core/types.hpp:2343:14:[m[K [01;36m[Knote: [m[K  template argument deduction/substitution failed:
[01m[K/home/sulieman/quadrotor_target_tracking/src/quadrotor_control/src/quadrotor_vision.cpp:190:98:[m[K [01;36m[Knote: [m[K  ‘[01m[KEigen::Transpose<Eigen::Matrix<double, 4, 4> >[m[K’ is not derived from ‘[01m[Kconst cv::Scalar_<_Tp>[m[K’
  190 |                         Eigen::Vector4d P_future_PIXEL = cam_matrix *T_marker_to_world.transpose([01;36m[K)[m[K* P_future;
      |                                                                                                  [01;36m[K^[m[K
In file included from [01m[K/usr/include/opencv4/opencv2/core.hpp:57[m[K,
                 from [01m[K/usr/include/opencv4/opencv2/core/core.hpp:48[m[K,
                 from [01m[K/opt/ros/humble/include/cv_bridge/cv_bridge/cv_bridge.h:43[m[K,
                 from [01m[K/home/sulieman/quadrotor_target_tracking/src/quadrotor_control/src/quadrotor_vision.cpp:7[m[K:
[01m[K/usr/include/opencv4/opencv2/core/types.hpp:2359:14:[m[K [01;36m[Knote: [m[Kcandidate: ‘[01m[Ktemplate<class _Tp> cv::Scalar_<_Tp> cv::operator*(const cv::Scalar_<_Tp>&, const cv::Scalar_<_Tp>&)[m[K’
 2359 | Scalar_<_Tp> [01;36m[Koperator[m[K * (const Scalar_<_Tp>& a, const Scalar_<_Tp>& b)
      |              [01;36m[K^~~~~~~~[m[K
[01m[K/usr/include/opencv4/opencv2/core/types.hpp:2359:14:[m[K [01;36m[Knote: [m[K  template argument deduction/substitution failed:
[01m[K/home/sulieman/quadrotor_target_tracking/src/quadrotor_control/src/quadrotor_vision.cpp:190:98:[m[K [01;36m[Knote: [m[K  ‘[01m[Kcv::Mat[m[K’ is not derived from ‘[01m[Kconst cv::Scalar_<_Tp>[m[K’
  190 |                         Eigen::Vector4d P_future_PIXEL = cam_matrix *T_marker_to_world.transpose([01;36m[K)[m[K* P_future;
      |                                                                                                  [01;36m[K^[m[K
In file included from [01m[K/usr/include/opencv4/opencv2/core.hpp:57[m[K,
                 from [01m[K/usr/include/opencv4/opencv2/core/core.hpp:48[m[K,
                 from [01m[K/opt/ros/humble/include/cv_bridge/cv_bridge/cv_bridge.h:43[m[K,
                 from [01m[K/home/sulieman/quadrotor_target_tracking/src/quadrotor_control/src/quadrotor_vision.cpp:7[m[K:
[01m[K/usr/include/opencv4/opencv2/core/types.hpp:2425:8:[m[K [01;36m[Knote: [m[Kcandidate: ‘[01m[Ktemplate<class _Tp> cv::Scalar cv::operator*(const cv::Matx<_Tp, 4, 4>&, const Scalar&)[m[K’
 2425 | Scalar [01;36m[Koperator[m[K * (const Matx<_Tp, 4, 4>& a, const Scalar& b)
      |        [01;36m[K^~~~~~~~[m[K
[01m[K/usr/include/opencv4/opencv2/core/types.hpp:2425:8:[m[K [01;36m[Knote: [m[K  template argument deduction/substitution failed:
[01m[K/home/sulieman/quadrotor_target_tracking/src/quadrotor_control/src/quadrotor_vision.cpp:190:98:[m[K [01;36m[Knote: [m[K  ‘[01m[Kcv::Mat[m[K’ is not derived from ‘[01m[Kconst cv::Matx<_Tp, 4, 4>[m[K’
  190 |                         Eigen::Vector4d P_future_PIXEL = cam_matrix *T_marker_to_world.transpose([01;36m[K)[m[K* P_future;
      |                                                                                                  [01;36m[K^[m[K
In file included from [01m[K/usr/include/opencv4/opencv2/core.hpp:58[m[K,
                 from [01m[K/usr/include/opencv4/opencv2/core/core.hpp:48[m[K,
                 from [01m[K/opt/ros/humble/include/cv_bridge/cv_bridge/cv_bridge.h:43[m[K,
                 from [01m[K/home/sulieman/quadrotor_target_tracking/src/quadrotor_control/src/quadrotor_vision.cpp:7[m[K:
[01m[K/usr/include/opencv4/opencv2/core/mat.hpp:3635:9:[m[K [01;36m[Knote: [m[Kcandidate: ‘[01m[Ktemplate<class _Tp, int m, int n> cv::MatExpr cv::operator*(const cv::Mat&, const cv::Matx<_Tp, m, n>&)[m[K’
 3635 | MatExpr [01;36m[Koperator[m[K * (const Mat& a, const Matx<_Tp, m, n>& b) { return a * Mat(b); }
      |         [01;36m[K^~~~~~~~[m[K
[01m[K/usr/include/opencv4/opencv2/core/mat.hpp:3635:9:[m[K [01;36m[Knote: [m[K  template argument deduction/substitution failed:
[01m[K/home/sulieman/quadrotor_target_tracking/src/quadrotor_control/src/quadrotor_vision.cpp:190:98:[m[K [01;36m[Knote: [m[K  ‘[01m[KEigen::Transpose<Eigen::Matrix<double, 4, 4> >[m[K’ is not derived from ‘[01m[Kconst cv::Matx<_Tp, m, n>[m[K’
  190 |                         Eigen::Vector4d P_future_PIXEL = cam_matrix *T_marker_to_world.transpose([01;36m[K)[m[K* P_future;
      |                                                                                                  [01;36m[K^[m[K
In file included from [01m[K/usr/include/opencv4/opencv2/core.hpp:58[m[K,
                 from [01m[K/usr/include/opencv4/opencv2/core/core.hpp:48[m[K,
                 from [01m[K/opt/ros/humble/include/cv_bridge/cv_bridge/cv_bridge.h:43[m[K,
                 from [01m[K/home/sulieman/quadrotor_target_tracking/src/quadrotor_control/src/quadrotor_vision.cpp:7[m[K:
[01m[K/usr/include/opencv4/opencv2/core/mat.hpp:3637:9:[m[K [01;36m[Knote: [m[Kcandidate: ‘[01m[Ktemplate<class _Tp, int m, int n> cv::MatExpr cv::operator*(const cv::Matx<_Tp, m, n>&, const cv::Mat&)[m[K’
 3637 | MatExpr [01;36m[Koperator[m[K * (const Matx<_Tp, m, n>& a, const Mat& b) { return Mat(a) * b; }
      |         [01;36m[K^~~~~~~~[m[K
[01m[K/usr/include/opencv4/opencv2/core/mat.hpp:3637:9:[m[K [01;36m[Knote: [m[K  template argument deduction/substitution failed:
[01m[K/home/sulieman/quadrotor_target_tracking/src/quadrotor_control/src/quadrotor_vision.cpp:190:98:[m[K [01;36m[Knote: [m[K  ‘[01m[Kcv::Mat[m[K’ is not derived from ‘[01m[Kconst cv::Matx<_Tp, m, n>[m[K’
  190 |                         Eigen::Vector4d P_future_PIXEL = cam_matrix *T_marker_to_world.transpose([01;36m[K)[m[K* P_future;
      |                                                                                                  [01;36m[K^[m[K
In file included from [01m[K/usr/include/opencv4/opencv2/calib3d.hpp:49[m[K,
                 from [01m[K/usr/include/opencv4/opencv2/opencv.hpp:56[m[K,
                 from [01m[K/home/sulieman/quadrotor_target_tracking/src/quadrotor_control/src/quadrotor_vision.cpp:8[m[K:
[01m[K/usr/include/opencv4/opencv2/core/affine.hpp:601:16:[m[K [01;36m[Knote: [m[Kcandidate: ‘[01m[Ktemplate<class T> cv::Affine3<T> cv::operator*(const cv::Affine3<T>&, const cv::Affine3<T>&)[m[K’
  601 | cv::Affine3<T> [01;36m[Kcv[m[K::operator*(const cv::Affine3<T>& affine1, const cv::Affine3<T>& affine2)
      |                [01;36m[K^~[m[K
[01m[K/usr/include/opencv4/opencv2/core/affine.hpp:601:16:[m[K [01;36m[Knote: [m[K  template argument deduction/substitution failed:
[01m[K/home/sulieman/quadrotor_target_tracking/src/quadrotor_control/src/quadrotor_vision.cpp:190:98:[m[K [01;36m[Knote: [m[K  ‘[01m[Kcv::Mat[m[K’ is not derived from ‘[01m[Kconst cv::Affine3<T>[m[K’
  190 |                         Eigen::Vector4d P_future_PIXEL = cam_matrix *T_marker_to_world.transpose([01;36m[K)[m[K* P_future;
      |                                                                                                  [01;36m[K^[m[K
In file included from [01m[K/usr/include/opencv4/opencv2/calib3d.hpp:49[m[K,
                 from [01m[K/usr/include/opencv4/opencv2/opencv.hpp:56[m[K,
                 from [01m[K/home/sulieman/quadrotor_target_tracking/src/quadrotor_control/src/quadrotor_vision.cpp:8[m[K:
[01m[K/usr/include/opencv4/opencv2/core/affine.hpp:607:3:[m[K [01;36m[Knote: [m[Kcandidate: ‘[01m[Ktemplate<class T, class V> V cv::operator*(const cv::Affine3<T>&, const V&)[m[K’
  607 | V [01;36m[Kcv[m[K::operator*(const cv::Affine3<T>& affine, const V& v)
      |   [01;36m[K^~[m[K
[01m[K/usr/include/opencv4/opencv2/core/affine.hpp:607:3:[m[K [01;36m[Knote: [m[K  template argument deduction/substitution failed:
[01m[K/home/sulieman/quadrotor_target_tracking/src/quadrotor_control/src/quadrotor_vision.cpp:190:98:[m[K [01;36m[Knote: [m[K  ‘[01m[Kcv::Mat[m[K’ is not derived from ‘[01m[Kconst cv::Affine3<T>[m[K’
  190 |                         Eigen::Vector4d P_future_PIXEL = cam_matrix *T_marker_to_world.transpose([01;36m[K)[m[K* P_future;
      |                                                                                                  [01;36m[K^[m[K
In file included from [01m[K/usr/include/eigen3/Eigen/Core:19[m[K,
                 from [01m[K/usr/include/eigen3/Eigen/Dense:1[m[K,
                 from [01m[K/home/sulieman/quadrotor_target_tracking/src/quadrotor_control/src/quadrotor_vision.cpp:10[m[K:
[01m[K/usr/include/eigen3/Eigen/src/plugins/CommonCwiseBinaryOps.h:50:1:[m[K [01;36m[Knote: [m[Kcandidate: ‘[01m[Ktemplate<class T> const Eigen::CwiseBinaryOp<Eigen::internal::scalar_product_op<typename Eigen::internal::promote_scalar_arg<double, T, Eigen::internal::has_ReturnType<Eigen::ScalarBinaryOpTraits<T, double, Eigen::internal::scalar_product_op<T, double> > >::value>::type, double>, const typename Eigen::internal::plain_constant_type<Eigen::Matrix<double, 4, 4>, typename Eigen::internal::promote_scalar_arg<double, T, Eigen::internal::has_ReturnType<Eigen::ScalarBinaryOpTraits<T, double, Eigen::internal::scalar_product_op<T, double> > >::value>::type>::type, const Eigen::Matrix<double, 4, 4> > Eigen::operator*(const T&, const StorageBaseType&)[m[K’
   50 | [01;36m[KEIGEN_MAKE_SCALAR_BINARY_OP[m[K(operator*,product)
      | [01;36m[K^~~~~~~~~~~~~~~~~~~~~~~~~~~[m[K
[01m[K/usr/include/eigen3/Eigen/src/plugins/CommonCwiseBinaryOps.h:50:1:[m[K [01;36m[Knote: [m[K  template argument deduction/substitution failed:
[01m[K/home/sulieman/quadrotor_target_tracking/src/quadrotor_control/src/quadrotor_vision.cpp:190:97:[m[K [01;36m[Knote: [m[K  cannot convert ‘[01m[K((Eigen::DenseBase<Eigen::Matrix<double, 4, 4> >*)(& T_marker_to_world))->Eigen::DenseBase<Eigen::Matrix<double, 4, 4> >::transpose()[m[K’ (type ‘[01m[KEigen::Transpose<Eigen::Matrix<double, 4, 4> >[m[K’) to type ‘[01m[Kconst StorageBaseType&[m[K’ {aka ‘[01m[Kconst Eigen::MatrixBase<Eigen::Matrix<double, 4, 4> >&[m[K’}
  190 |                         Eigen::Vector4d P_future_PIXEL = cam_matrix *[01;36m[KT_marker_to_world.transpose()[m[K* P_future;
      |                                                                      [01;36m[K~~~~~~~~~~~~~~~~~~~~~~~~~~~^~[m[K
In file included from [01m[K/usr/include/eigen3/Eigen/Core:19[m[K,
                 from [01m[K/usr/include/eigen3/Eigen/Dense:1[m[K,
                 from [01m[K/home/sulieman/quadrotor_target_tracking/src/quadrotor_control/src/quadrotor_vision.cpp:10[m[K:
[01m[K/usr/include/eigen3/Eigen/src/plugins/CommonCwiseBinaryOps.h:50:1:[m[K [01;36m[Knote: [m[Kcandidate: ‘[01m[Ktemplate<class T> const Eigen::CwiseBinaryOp<Eigen::internal::scalar_product_op<typename Eigen::internal::promote_scalar_arg<double, T, Eigen::internal::has_ReturnType<Eigen::ScalarBinaryOpTraits<T, double, Eigen::internal::scalar_product_op<T, double> > >::value>::type, double>, const typename Eigen::internal::plain_constant_type<Eigen::Transpose<Eigen::Matrix<double, 4, 4> >, typename Eigen::internal::promote_scalar_arg<double, T, Eigen::internal::has_ReturnType<Eigen::ScalarBinaryOpTraits<T, double, Eigen::internal::scalar_product_op<T, double> > >::value>::type>::type, const Eigen::Transpose<Eigen::Matrix<double, 4, 4> > > Eigen::operator*(const T&, const StorageBaseType&)[m[K’
   50 | [01;36m[KEIGEN_MAKE_SCALAR_BINARY_OP[m[K(operator*,product)
      | [01;36m[K^~~~~~~~~~~~~~~~~~~~~~~~~~~[m[K
[01m[K/usr/include/eigen3/Eigen/src/plugins/CommonCwiseBinaryOps.h:50:1:[m[K [01;36m[Knote: [m[K  template argument deduction/substitution failed:
/usr/include/eigen3/Eigen/src/plugins/CommonCwiseBinaryOps.h: In substitution of ‘[01m[Ktemplate<class T> const Eigen::CwiseBinaryOp<Eigen::internal::scalar_product_op<typename Eigen::internal::promote_scalar_arg<double, T, Eigen::internal::has_ReturnType<Eigen::ScalarBinaryOpTraits<T, double, Eigen::internal::scalar_product_op<T, double> > >::value>::type, double>, const typename Eigen::internal::plain_constant_type<Eigen::Transpose<Eigen::Matrix<double, 4, 4> >, typename Eigen::internal::promote_scalar_arg<double, T, Eigen::internal::has_ReturnType<Eigen::ScalarBinaryOpTraits<T, double, Eigen::internal::scalar_product_op<T, double> > >::value>::type>::type, const Eigen::Transpose<Eigen::Matrix<double, 4, 4> > > Eigen::operator*(const T&, const StorageBaseType&) [with T = cv::Mat][m[K’:
[01m[K/home/sulieman/quadrotor_target_tracking/src/quadrotor_control/src/quadrotor_vision.cpp:190:98:[m[K   required from here
[01m[K/usr/include/eigen3/Eigen/src/plugins/CommonCwiseBinaryOps.h:50:1:[m[K [01;31m[Kerror: [m[Kno type named ‘[01m[Ktype[m[K’ in ‘[01m[Kstruct Eigen::internal::promote_scalar_arg<double, cv::Mat, false>[m[K’
In file included from [01m[K/usr/include/eigen3/Eigen/Core:326[m[K,
                 from [01m[K/usr/include/eigen3/Eigen/Dense:1[m[K,
                 from [01m[K/home/sulieman/quadrotor_target_tracking/src/quadrotor_control/src/quadrotor_vision.cpp:10[m[K:
[01m[K/usr/include/eigen3/Eigen/src/Core/PermutationMatrix.h:515:1:[m[K [01;36m[Knote: [m[Kcandidate: ‘[01m[Ktemplate<class MatrixDerived, class PermutationDerived> const Eigen::Product<MatrixDerived, PermutationDerived, 2> Eigen::operator*(const Eigen::MatrixBase<Derived>&, const Eigen::PermutationBase<PermutationDerived>&)[m[K’
  515 | [01;36m[Koperator[m[K*(const MatrixBase<MatrixDerived> &matrix,
      | [01;36m[K^~~~~~~~[m[K
[01m[K/usr/include/eigen3/Eigen/src/Core/PermutationMatrix.h:515:1:[m[K [01;36m[Knote: [m[K  template argument deduction/substitution failed:
[01m[K/home/sulieman/quadrotor_target_tracking/src/quadrotor_control/src/quadrotor_vision.cpp:190:98:[m[K [01;36m[Knote: [m[K  ‘[01m[Kcv::Mat[m[K’ is not derived from ‘[01m[Kconst Eigen::MatrixBase<Derived>[m[K’
  190 |                         Eigen::Vector4d P_future_PIXEL = cam_matrix *T_marker_to_world.transpose([01;36m[K)[m[K* P_future;
      |                                                                                                  [01;36m[K^[m[K
In file included from [01m[K/usr/include/eigen3/Eigen/Core:326[m[K,
                 from [01m[K/usr/include/eigen3/Eigen/Dense:1[m[K,
                 from [01m[K/home/sulieman/quadrotor_target_tracking/src/quadrotor_control/src/quadrotor_vision.cpp:10[m[K:
[01m[K/usr/include/eigen3/Eigen/src/Core/PermutationMatrix.h:527:1:[m[K [01;36m[Knote: [m[Kcandidate: ‘[01m[Ktemplate<class PermutationDerived, class MatrixDerived> const Eigen::Product<MatrixDerived, PermutationDerived, 2> Eigen::operator*(const Eigen::PermutationBase<PermutationDerived>&, const Eigen::MatrixBase<U>&)[m[K’
  527 | [01;36m[Koperator[m[K*(const PermutationBase<PermutationDerived> &permutation,
      | [01;36m[K^~~~~~~~[m[K
[01m[K/usr/include/eigen3/Eigen/src/Core/PermutationMatrix.h:527:1:[m[K [01;36m[Knote: [m[K  template argument deduction/substitution failed:
[01m[K/home/sulieman/quadrotor_target_tracking/src/quadrotor_control/src/quadrotor_vision.cpp:190:98:[m[K [01;36m[Knote: [m[K  ‘[01m[Kcv::Mat[m[K’ is not derived from ‘[01m[Kconst Eigen::PermutationBase<PermutationDerived>[m[K’
  190 |                         Eigen::Vector4d P_future_PIXEL = cam_matrix *T_marker_to_world.transpose([01;36m[K)[m[K* P_future;
      |                                                                                                  [01;36m[K^[m[K
In file included from [01m[K/usr/include/eigen3/Eigen/Core:327[m[K,
                 from [01m[K/usr/include/eigen3/Eigen/Dense:1[m[K,
                 from [01m[K/home/sulieman/quadrotor_target_tracking/src/quadrotor_control/src/quadrotor_vision.cpp:10[m[K:
[01m[K/usr/include/eigen3/Eigen/src/Core/Transpositions.h:313:1:[m[K [01;36m[Knote: [m[Kcandidate: ‘[01m[Ktemplate<class MatrixDerived, class TranspositionsDerived> const Eigen::Product<MatrixDerived, PermutationDerived, 2> Eigen::operator*(const Eigen::MatrixBase<Derived>&, const Eigen::TranspositionsBase<TranspositionsDerived>&)[m[K’
  313 | [01;36m[Koperator[m[K*(const MatrixBase<MatrixDerived> &matrix,
      | [01;36m[K^~~~~~~~[m[K
[01m[K/usr/include/eigen3/Eigen/src/Core/Transpositions.h:313:1:[m[K [01;36m[Knote: [m[K  template argument deduction/substitution failed:
[01m[K/home/sulieman/quadrotor_target_tracking/src/quadrotor_control/src/quadrotor_vision.cpp:190:98:[m[K [01;36m[Knote: [m[K  ‘[01m[Kcv::Mat[m[K’ is not derived from ‘[01m[Kconst Eigen::MatrixBase<Derived>[m[K’
  190 |                         Eigen::Vector4d P_future_PIXEL = cam_matrix *T_marker_to_world.transpose([01;36m[K)[m[K* P_future;
      |                                                                                                  [01;36m[K^[m[K
In file included from [01m[K/usr/include/eigen3/Eigen/Core:327[m[K,
                 from [01m[K/usr/include/eigen3/Eigen/Dense:1[m[K,
                 from [01m[K/home/sulieman/quadrotor_target_tracking/src/quadrotor_control/src/quadrotor_vision.cpp:10[m[K:
[01m[K/usr/include/eigen3/Eigen/src/Core/Transpositions.h:325:1:[m[K [01;36m[Knote: [m[Kcandidate: ‘[01m[Ktemplate<class TranspositionsDerived, class MatrixDerived> const Eigen::Product<MatrixDerived, PermutationDerived, 2> Eigen::operator*(const Eigen::TranspositionsBase<TranspositionsDerived>&, const Eigen::MatrixBase<U>&)[m[K’
  325 | [01;36m[Koperator[m[K*(const TranspositionsBase<TranspositionsDerived> &transpositions,
      | [01;36m[K^~~~~~~~[m[K
[01m[K/usr/include/eigen3/Eigen/src/Core/Transpositions.h:325:1:[m[K [01;36m[Knote: [m[K  template argument deduction/substitution failed:
[01m[K/home/sulieman/quadrotor_target_tracking/src/quadrotor_control/src/quadrotor_vision.cpp:190:98:[m[K [01;36m[Knote: [m[K  ‘[01m[Kcv::Mat[m[K’ is not derived from ‘[01m[Kconst Eigen::TranspositionsBase<TranspositionsDerived>[m[K’
  190 |                         Eigen::Vector4d P_future_PIXEL = cam_matrix *T_marker_to_world.transpose([01;36m[K)[m[K* P_future;
      |                                                                                                  [01;36m[K^[m[K
In file included from [01m[K/usr/include/eigen3/Eigen/Householder:24[m[K,
                 from [01m[K/usr/include/eigen3/Eigen/QR:15[m[K,
                 from [01m[K/usr/include/eigen3/Eigen/Dense:4[m[K,
                 from [01m[K/home/sulieman/quadrotor_target_tracking/src/quadrotor_control/src/quadrotor_vision.cpp:10[m[K:
[01m[K/usr/include/eigen3/Eigen/src/Householder/HouseholderSequence.h:513:99:[m[K [01;36m[Knote: [m[Kcandidate: ‘[01m[Ktemplate<class OtherDerived, class VectorsType, class CoeffsType, int Side> typename Eigen::internal::matrix_type_times_scalar_type<typename VectorsType::Scalar, OtherDerived>::Type Eigen::operator*(const Eigen::MatrixBase<Derived>&, const Eigen::HouseholderSequence<VectorsType, CoeffsType, Side>&)[m[K’
  513 | typename internal::matrix_type_times_scalar_type<typename VectorsType::Scalar,OtherDerived>::Type [01;36m[Koperator[m[K*(const MatrixBase<OtherDerived>& other, const HouseholderSequence<VectorsType,CoeffsType,Side>& h)
      |                                                                                                   [01;36m[K^~~~~~~~[m[K
[01m[K/usr/include/eigen3/Eigen/src/Householder/HouseholderSequence.h:513:99:[m[K [01;36m[Knote: [m[K  template argument deduction/substitution failed:
[01m[K/home/sulieman/quadrotor_target_tracking/src/quadrotor_control/src/quadrotor_vision.cpp:190:98:[m[K [01;36m[Knote: [m[K  ‘[01m[Kcv::Mat[m[K’ is not derived from ‘[01m[Kconst Eigen::MatrixBase<Derived>[m[K’
  190 |                         Eigen::Vector4d P_future_PIXEL = cam_matrix *T_marker_to_world.transpose([01;36m[K)[m[K* P_future;
      |                                                                                                  [01;36m[K^[m[K
In file included from [01m[K/usr/include/eigen3/Eigen/Geometry:46[m[K,
                 from [01m[K/usr/include/eigen3/Eigen/Dense:6[m[K,
                 from [01m[K/home/sulieman/quadrotor_target_tracking/src/quadrotor_control/src/quadrotor_vision.cpp:10[m[K:
[01m[K/usr/include/eigen3/Eigen/src/Geometry/Scaling.h:135:1:[m[K [01;36m[Knote: [m[Kcandidate: ‘[01m[Ktemplate<class Derived, class Scalar> Eigen::CwiseBinaryOp<Eigen::internal::scalar_product_op<typename Eigen::internal::traits<T>::Scalar, Scalar>, const Derived, const typename Eigen::internal::plain_constant_type<Expr, Scalar>::type> Eigen::operator*(const Eigen::MatrixBase<Derived>&, const Eigen::UniformScaling<Scalar>&)[m[K’
  135 | [01;36m[Koperator[m[K*(const MatrixBase<Derived>& matrix, const UniformScaling<Scalar>& s)
      | [01;36m[K^~~~~~~~[m[K
[01m[K/usr/include/eigen3/Eigen/src/Geometry/Scaling.h:135:1:[m[K [01;36m[Knote: [m[K  template argument deduction/substitution failed:
[01m[K/home/sulieman/quadrotor_target_tracking/src/quadrotor_control/src/quadrotor_vision.cpp:190:98:[m[K [01;36m[Knote: [m[K  ‘[01m[Kcv::Mat[m[K’ is not derived from ‘[01m[Kconst Eigen::MatrixBase<Derived>[m[K’
  190 |                         Eigen::Vector4d P_future_PIXEL = cam_matrix *T_marker_to_world.transpose([01;36m[K)[m[K* P_future;
      |                                                                                                  [01;36m[K^[m[K
In file included from [01m[K/usr/include/opencv4/opencv2/core.hpp:58[m[K,
                 from [01m[K/usr/include/opencv4/opencv2/core/core.hpp:48[m[K,
                 from [01m[K/opt/ros/humble/include/cv_bridge/cv_bridge/cv_bridge.h:43[m[K,
                 from [01m[K/home/sulieman/quadrotor_target_tracking/src/quadrotor_control/src/quadrotor_vision.cpp:7[m[K:
[01m[K/usr/include/opencv4/opencv2/core/mat.hpp:3626:20:[m[K [01;36m[Knote: [m[Kcandidate: ‘[01m[Kcv::MatExpr cv::operator*(const cv::Mat&, const cv::Mat&)[m[K’
 3626 | CV_EXPORTS MatExpr [01;36m[Koperator[m[K * (const Mat& a, const Mat& b);
      |                    [01;36m[K^~~~~~~~[m[K
[01m[K/usr/include/opencv4/opencv2/core/mat.hpp:3626:57:[m[K [01;36m[Knote: [m[K  no known conversion for argument 2 from ‘[01m[KEigen::Transpose<Eigen::Matrix<double, 4, 4> >[m[K’ to ‘[01m[Kconst cv::Mat&[m[K’
 3626 | CV_EXPORTS MatExpr operator * (const Mat& a, [01;36m[Kconst Mat& b[m[K);
      |                                              [01;36m[K~~~~~~~~~~~^[m[K
[01m[K/usr/include/opencv4/opencv2/core/mat.hpp:3627:20:[m[K [01;36m[Knote: [m[Kcandidate: ‘[01m[Kcv::MatExpr cv::operator*(const cv::Mat&, double)[m[K’
 3627 | CV_EXPORTS MatExpr [01;36m[Koperator[m[K * (const Mat& a, double s);
      |                    [01;36m[K^~~~~~~~[m[K
[01m[K/usr/include/opencv4/opencv2/core/mat.hpp:3627:53:[m[K [01;36m[Knote: [m[K  no known conversion for argument 2 from ‘[01m[KEigen::Transpose<Eigen::Matrix<double, 4, 4> >[m[K’ to ‘[01m[Kdouble[m[K’
 3627 | CV_EXPORTS MatExpr operator * (const Mat& a, [01;36m[Kdouble s[m[K);
      |                                              [01;36m[K~~~~~~~^[m[K
[01m[K/usr/include/opencv4/opencv2/core/mat.hpp:3628:20:[m[K [01;36m[Knote: [m[Kcandidate: ‘[01m[Kcv::MatExpr cv::operator*(double, const cv::Mat&)[m[K’
 3628 | CV_EXPORTS MatExpr [01;36m[Koperator[m[K * (double s, const Mat& a);
      |                    [01;36m[K^~~~~~~~[m[K
[01m[K/usr/include/opencv4/opencv2/core/mat.hpp:3628:39:[m[K [01;36m[Knote: [m[K  no known conversion for argument 1 from ‘[01m[Kcv::Mat[m[K’ to ‘[01m[Kdouble[m[K’
 3628 | CV_EXPORTS MatExpr operator * ([01;36m[Kdouble s[m[K, const Mat& a);
      |                                [01;36m[K~~~~~~~^[m[K
[01m[K/usr/include/opencv4/opencv2/core/mat.hpp:3629:20:[m[K [01;36m[Knote: [m[Kcandidate: ‘[01m[Kcv::MatExpr cv::operator*(const cv::MatExpr&, const cv::Mat&)[m[K’
 3629 | CV_EXPORTS MatExpr [01;36m[Koperator[m[K * (const MatExpr& e, const Mat& m);
      |                    [01;36m[K^~~~~~~~[m[K
[01m[K/usr/include/opencv4/opencv2/core/mat.hpp:3629:47:[m[K [01;36m[Knote: [m[K  no known conversion for argument 1 from ‘[01m[Kcv::Mat[m[K’ to ‘[01m[Kconst cv::MatExpr&[m[K’
 3629 | CV_EXPORTS MatExpr operator * ([01;36m[Kconst MatExpr& e[m[K, const Mat& m);
      |                                [01;36m[K~~~~~~~~~~~~~~~^[m[K
[01m[K/usr/include/opencv4/opencv2/core/mat.hpp:3630:20:[m[K [01;36m[Knote: [m[Kcandidate: ‘[01m[Kcv::MatExpr cv::operator*(const cv::Mat&, const cv::MatExpr&)[m[K’
 3630 | CV_EXPORTS MatExpr [01;36m[Koperator[m[K * (const Mat& m, const MatExpr& e);
      |                    [01;36m[K^~~~~~~~[m[K
[01m[K/usr/include/opencv4/opencv2/core/mat.hpp:3630:61:[m[K [01;36m[Knote: [m[K  no known conversion for argument 2 from ‘[01m[KEigen::Transpose<Eigen::Matrix<double, 4, 4> >[m[K’ to ‘[01m[Kconst cv::MatExpr&[m[K’
 3630 | CV_EXPORTS MatExpr operator * (const Mat& m, [01;36m[Kconst MatExpr& e[m[K);
      |                                              [01;36m[K~~~~~~~~~~~~~~~^[m[K
[01m[K/usr/include/opencv4/opencv2/core/mat.hpp:3631:20:[m[K [01;36m[Knote: [m[Kcandidate: ‘[01m[Kcv::MatExpr cv::operator*(const cv::MatExpr&, double)[m[K’
 3631 | CV_EXPORTS MatExpr [01;36m[Koperator[m[K * (const MatExpr& e, double s);
      |                    [01;36m[K^~~~~~~~[m[K
[01m[K/usr/include/opencv4/opencv2/core/mat.hpp:3631:47:[m[K [01;36m[Knote: [m[K  no known conversion for argument 1 from ‘[01m[Kcv::Mat[m[K’ to ‘[01m[Kconst cv::MatExpr&[m[K’
 3631 | CV_EXPORTS MatExpr operator * ([01;36m[Kconst MatExpr& e[m[K, double s);
      |                                [01;36m[K~~~~~~~~~~~~~~~^[m[K
[01m[K/usr/include/opencv4/opencv2/core/mat.hpp:3632:20:[m[K [01;36m[Knote: [m[Kcandidate: ‘[01m[Kcv::MatExpr cv::operator*(double, const cv::MatExpr&)[m[K’
 3632 | CV_EXPORTS MatExpr [01;36m[Koperator[m[K * (double s, const MatExpr& e);
      |                    [01;36m[K^~~~~~~~[m[K
[01m[K/usr/include/opencv4/opencv2/core/mat.hpp:3632:39:[m[K [01;36m[Knote: [m[K  no known conversion for argument 1 from ‘[01m[Kcv::Mat[m[K’ to ‘[01m[Kdouble[m[K’
 3632 | CV_EXPORTS MatExpr operator * ([01;36m[Kdouble s[m[K, const MatExpr& e);
      |                                [01;36m[K~~~~~~~^[m[K
[01m[K/usr/include/opencv4/opencv2/core/mat.hpp:3633:20:[m[K [01;36m[Knote: [m[Kcandidate: ‘[01m[Kcv::MatExpr cv::operator*(const cv::MatExpr&, const cv::MatExpr&)[m[K’
 3633 | CV_EXPORTS MatExpr [01;36m[Koperator[m[K * (const MatExpr& e1, const MatExpr& e2);
      |                    [01;36m[K^~~~~~~~[m[K
[01m[K/usr/include/opencv4/opencv2/core/mat.hpp:3633:47:[m[K [01;36m[Knote: [m[K  no known conversion for argument 1 from ‘[01m[Kcv::Mat[m[K’ to ‘[01m[Kconst cv::MatExpr&[m[K’
 3633 | CV_EXPORTS MatExpr operator * ([01;36m[Kconst MatExpr& e1[m[K, const MatExpr& e2);
      |                                [01;36m[K~~~~~~~~~~~~~~~^~[m[K
In file included from [01m[K/usr/include/opencv4/opencv2/calib3d.hpp:49[m[K,
                 from [01m[K/usr/include/opencv4/opencv2/opencv.hpp:56[m[K,
                 from [01m[K/home/sulieman/quadrotor_target_tracking/src/quadrotor_control/src/quadrotor_vision.cpp:8[m[K:
[01m[K/usr/include/opencv4/opencv2/core/affine.hpp:619:11:[m[K [01;36m[Knote: [m[Kcandidate: ‘[01m[Kcv::Vec3f cv::operator*(const Affine3f&, const Vec3f&)[m[K’
  619 | cv::Vec3f [01;36m[Kcv[m[K::operator*(const cv::Affine3f& affine, const cv::Vec3f& v)
      |           [01;36m[K^~[m[K
[01m[K/usr/include/opencv4/opencv2/core/affine.hpp:619:45:[m[K [01;36m[Knote: [m[K  no known conversion for argument 1 from ‘[01m[Kcv::Mat[m[K’ to ‘[01m[Kconst Affine3f&[m[K’ {aka ‘[01m[Kconst cv::Affine3<float>&[m[K’}
  619 | cv::Vec3f cv::operator*([01;36m[Kconst cv::Affine3f& affine[m[K, const cv::Vec3f& v)
      |                         [01;36m[K~~~~~~~~~~~~~~~~~~~~^~~~~~[m[K
[01m[K/usr/include/opencv4/opencv2/core/affine.hpp:630:11:[m[K [01;36m[Knote: [m[Kcandidate: ‘[01m[Kcv::Vec3d cv::operator*(const Affine3d&, const Vec3d&)[m[K’
  630 | cv::Vec3d [01;36m[Kcv[m[K::operator*(const cv::Affine3d& affine, const cv::Vec3d& v)
      |           [01;36m[K^~[m[K
[01m[K/usr/include/opencv4/opencv2/core/affine.hpp:630:45:[m[K [01;36m[Knote: [m[K  no known conversion for argument 1 from ‘[01m[Kcv::Mat[m[K’ to ‘[01m[Kconst Affine3d&[m[K’ {aka ‘[01m[Kconst cv::Affine3<double>&[m[K’}
  630 | cv::Vec3d cv::operator*([01;36m[Kconst cv::Affine3d& affine[m[K, const cv::Vec3d& v)
      |                         [01;36m[K~~~~~~~~~~~~~~~~~~~~^~~~~~[m[K
gmake[2]: *** [CMakeFiles/quadrotor_vision.dir/build.make:76: CMakeFiles/quadrotor_vision.dir/src/quadrotor_vision.cpp.o] Error 1
gmake[1]: *** [CMakeFiles/Makefile2:165: CMakeFiles/quadrotor_vision.dir/all] Error 2
gmake: *** [Makefile:146: all] Error 2
