[0.907s] Invoking command in '/home/sulieman/quadrotor_target_tracking/src/simulation': PYTHONPATH=/home/sulieman/quadrotor_target_tracking/build/simulation/prefix_override:/home/sulieman/quadrotor_target_tracking/install/simulation/lib/python3.10/site-packages:${PYTHONPATH} /usr/bin/python3 setup.py egg_info --egg-base ../../build/simulation build --build-base /home/sulieman/quadrotor_target_tracking/build/simulation/build install --record /home/sulieman/quadrotor_target_tracking/build/simulation/install.log --single-version-externally-managed
[1.067s] running egg_info
[1.079s] writing ../../build/simulation/simulation.egg-info/PKG-INFO
[1.080s] writing dependency_links to ../../build/simulation/simulation.egg-info/dependency_links.txt
[1.080s] writing requirements to ../../build/simulation/simulation.egg-info/requires.txt
[1.080s] writing top-level names to ../../build/simulation/simulation.egg-info/top_level.txt
[1.180s] reading manifest file '../../build/simulation/simulation.egg-info/SOURCES.txt'
[1.181s] writing manifest file '../../build/simulation/simulation.egg-info/SOURCES.txt'
[1.181s] running build
[1.181s] running build_py
[1.181s] copying simulation/__init__.py -> /home/sulieman/quadrotor_target_tracking/build/simulation/build/lib/simulation
[1.181s] running install
[1.181s] /home/sulieman/.local/lib/python3.10/site-packages/setuptools/_distutils/cmd.py:66: SetuptoolsDeprecationWarning: setup.py install is deprecated.
[1.181s] !!
[1.181s] 
[1.181s]         ********************************************************************************
[1.181s]         Please avoid running ``setup.py`` directly.
[1.182s]         Instead, use pypa/build, pypa/installer or other
[1.182s]         standards-based tools.
[1.182s] 
[1.182s]         See https://blog.ganssle.io/articles/2021/10/setup-py-deprecated.html for details.
[1.182s]         ********************************************************************************
[1.182s] 
[1.182s] !!
[1.182s]   self.initialize_options()
[1.185s] running install_lib
[1.197s] running install_data
[1.209s] copying resource/simulation -> /home/sulieman/quadrotor_target_tracking/install/simulation/share/ament_index/resource_index/packages
[1.209s] copying package.xml -> /home/sulieman/quadrotor_target_tracking/install/simulation/share/simulation
[1.209s] copying world/canyonview_field.world -> /home/sulieman/quadrotor_target_tracking/install/simulation/share/simulation/world
[1.210s] copying launch/target_tracking.launch.py -> /home/sulieman/quadrotor_target_tracking/install/simulation/share/simulation/launch
[1.210s] copying config/simulation.yaml -> /home/sulieman/quadrotor_target_tracking/install/simulation/share/simulation/config
[1.210s] running install_egg_info
[1.223s] removing '/home/sulieman/quadrotor_target_tracking/install/simulation/lib/python3.10/site-packages/simulation-0.0.0-py3.10.egg-info' (and everything under it)
[1.223s] Copying ../../build/simulation/simulation.egg-info to /home/sulieman/quadrotor_target_tracking/install/simulation/lib/python3.10/site-packages/simulation-0.0.0-py3.10.egg-info
[1.223s] running install_scripts
[1.264s] writing list of installed files to '/home/sulieman/quadrotor_target_tracking/build/simulation/install.log'
[1.305s] Invoked command in '/home/sulieman/quadrotor_target_tracking/src/simulation' returned '0': PYTHONPATH=/home/sulieman/quadrotor_target_tracking/build/simulation/prefix_override:/home/sulieman/quadrotor_target_tracking/install/simulation/lib/python3.10/site-packages:${PYTHONPATH} /usr/bin/python3 setup.py egg_info --egg-base ../../build/simulation build --build-base /home/sulieman/quadrotor_target_tracking/build/simulation/build install --record /home/sulieman/quadrotor_target_tracking/build/simulation/install.log --single-version-externally-managed
