[0.858s] Invoking command in '/home/sulieman/quadrotor_target_tracking/build/simulation': PYTHONPATH=/home/sulieman/quadrotor_target_tracking/build/simulation/prefix_override:/home/sulieman/quadrotor_target_tracking/install/simulation/lib/python3.10/site-packages:${PYTHONPATH} /usr/bin/python3 setup.py develop --editable --build-directory /home/sulieman/quadrotor_target_tracking/build/simulation/build --no-deps install_data
[1.079s] running develop
[1.079s] /home/sulieman/.local/lib/python3.10/site-packages/setuptools/command/develop.py:40: EasyInstallDeprecationWarning: easy_install command is deprecated.
[1.079s] !!
[1.079s] 
[1.079s]         ********************************************************************************
[1.079s]         Please avoid running ``setup.py`` and ``easy_install``.
[1.079s]         Instead, use pypa/build, pypa/installer or other
[1.079s]         standards-based tools.
[1.079s] 
[1.079s]         See https://github.com/pypa/setuptools/issues/917 for details.
[1.079s]         ********************************************************************************
[1.079s] 
[1.080s] !!
[1.080s]   easy_install.initialize_options(self)
[1.102s] /home/sulieman/.local/lib/python3.10/site-packages/setuptools/_distutils/cmd.py:66: SetuptoolsDeprecationWarning: setup.py install is deprecated.
[1.102s] !!
[1.102s] 
[1.102s]         ********************************************************************************
[1.102s]         Please avoid running ``setup.py`` directly.
[1.102s]         Instead, use pypa/build, pypa/installer or other
[1.102s]         standards-based tools.
[1.102s] 
[1.102s]         See https://blog.ganssle.io/articles/2021/10/setup-py-deprecated.html for details.
[1.102s]         ********************************************************************************
[1.102s] 
[1.102s] !!
[1.102s]   self.initialize_options()
[1.232s] running egg_info
[1.232s] creating simulation.egg-info
[1.250s] writing simulation.egg-info/PKG-INFO
[1.250s] writing dependency_links to simulation.egg-info/dependency_links.txt
[1.251s] writing requirements to simulation.egg-info/requires.txt
[1.251s] writing top-level names to simulation.egg-info/top_level.txt
[1.251s] writing manifest file 'simulation.egg-info/SOURCES.txt'
[1.276s] reading manifest file 'simulation.egg-info/SOURCES.txt'
[1.277s] writing manifest file 'simulation.egg-info/SOURCES.txt'
[1.290s] running build_ext
[1.290s] Creating /home/sulieman/quadrotor_target_tracking/install/simulation/lib/python3.10/site-packages/simulation.egg-link (link to .)
[1.291s] 
[1.291s] Installed /home/sulieman/quadrotor_target_tracking/build/simulation
[1.291s] running install_data
[1.291s] creating /home/sulieman/quadrotor_target_tracking/install/simulation/share/ament_index
[1.291s] creating /home/sulieman/quadrotor_target_tracking/install/simulation/share/ament_index/resource_index
[1.291s] creating /home/sulieman/quadrotor_target_tracking/install/simulation/share/ament_index/resource_index/packages
[1.291s] copying resource/simulation -> /home/sulieman/quadrotor_target_tracking/install/simulation/share/ament_index/resource_index/packages
[1.291s] copying package.xml -> /home/sulieman/quadrotor_target_tracking/install/simulation/share/simulation
[1.291s] creating /home/sulieman/quadrotor_target_tracking/install/simulation/share/simulation/world
[1.291s] copying world/canyonview_field.world -> /home/sulieman/quadrotor_target_tracking/install/simulation/share/simulation/world
[1.291s] creating /home/sulieman/quadrotor_target_tracking/install/simulation/share/simulation/launch
[1.291s] copying launch/target_tracking.launch.py -> /home/sulieman/quadrotor_target_tracking/install/simulation/share/simulation/launch
[1.291s] creating /home/sulieman/quadrotor_target_tracking/install/simulation/share/simulation/config
[1.291s] copying config/simulation.yaml -> /home/sulieman/quadrotor_target_tracking/install/simulation/share/simulation/config
[1.357s] Invoked command in '/home/sulieman/quadrotor_target_tracking/build/simulation' returned '0': PYTHONPATH=/home/sulieman/quadrotor_target_tracking/build/simulation/prefix_override:/home/sulieman/quadrotor_target_tracking/install/simulation/lib/python3.10/site-packages:${PYTHONPATH} /usr/bin/python3 setup.py develop --editable --build-directory /home/sulieman/quadrotor_target_tracking/build/simulation/build --no-deps install_data
