[0.170s] Invoking command in '/home/sulieman/quadrotor_target_tracking/build/quadrotor_control': CMAKE_PREFIX_PATH=${CMAKE_PREFIX_PATH}:/home/sulieman/quadrotor_target_tracking/install/simulation:/home/sulieman/quadrotor_target_tracking/install/robots_description:/opt/ros/humble /usr/bin/cmake --build /home/sulieman/quadrotor_target_tracking/build/quadrotor_control -- -j16 -l16
[0.376s] [ 50%] Built target quadrotor_mpc
[0.376s] [100%] Built target quadrotor_vision
[0.561s] Invoked command in '/home/sulieman/quadrotor_target_tracking/build/quadrotor_control' returned '0': CMAKE_PREFIX_PATH=${CMAKE_PREFIX_PATH}:/home/sulieman/quadrotor_target_tracking/install/simulation:/home/sulieman/quadrotor_target_tracking/install/robots_description:/opt/ros/humble /usr/bin/cmake --build /home/sulieman/quadrotor_target_tracking/build/quadrotor_control -- -j16 -l16
[0.584s] Invoking command in '/home/sulieman/quadrotor_target_tracking/build/quadrotor_control': CMAKE_PREFIX_PATH=${CMAKE_PREFIX_PATH}:/home/sulieman/quadrotor_target_tracking/install/simulation:/home/sulieman/quadrotor_target_tracking/install/robots_description:/opt/ros/humble /usr/bin/cmake --install /home/sulieman/quadrotor_target_tracking/build/quadrotor_control
[0.589s] -- Install configuration: ""
[0.589s] -- Up-to-date: /home/sulieman/quadrotor_target_tracking/install/quadrotor_control/lib/quadrotor_control/quadrotor_mpc
[0.589s] -- Up-to-date: /home/sulieman/quadrotor_target_tracking/install/quadrotor_control/lib/quadrotor_control/quadrotor_vision
[0.589s] -- Up-to-date: /home/sulieman/quadrotor_target_tracking/install/quadrotor_control/share/ament_index/resource_index/package_run_dependencies/quadrotor_control
[0.589s] -- Up-to-date: /home/sulieman/quadrotor_target_tracking/install/quadrotor_control/share/ament_index/resource_index/parent_prefix_path/quadrotor_control
[0.589s] -- Up-to-date: /home/sulieman/quadrotor_target_tracking/install/quadrotor_control/share/quadrotor_control/environment/ament_prefix_path.sh
[0.589s] -- Up-to-date: /home/sulieman/quadrotor_target_tracking/install/quadrotor_control/share/quadrotor_control/environment/ament_prefix_path.dsv
[0.589s] -- Up-to-date: /home/sulieman/quadrotor_target_tracking/install/quadrotor_control/share/quadrotor_control/environment/path.sh
[0.589s] -- Up-to-date: /home/sulieman/quadrotor_target_tracking/install/quadrotor_control/share/quadrotor_control/environment/path.dsv
[0.589s] -- Up-to-date: /home/sulieman/quadrotor_target_tracking/install/quadrotor_control/share/quadrotor_control/local_setup.bash
[0.589s] -- Up-to-date: /home/sulieman/quadrotor_target_tracking/install/quadrotor_control/share/quadrotor_control/local_setup.sh
[0.589s] -- Up-to-date: /home/sulieman/quadrotor_target_tracking/install/quadrotor_control/share/quadrotor_control/local_setup.zsh
[0.589s] -- Up-to-date: /home/sulieman/quadrotor_target_tracking/install/quadrotor_control/share/quadrotor_control/local_setup.dsv
[0.589s] -- Installing: /home/sulieman/quadrotor_target_tracking/install/quadrotor_control/share/quadrotor_control/package.dsv
[0.589s] -- Up-to-date: /home/sulieman/quadrotor_target_tracking/install/quadrotor_control/share/ament_index/resource_index/packages/quadrotor_control
[0.589s] -- Up-to-date: /home/sulieman/quadrotor_target_tracking/install/quadrotor_control/share/quadrotor_control/cmake/quadrotor_controlConfig.cmake
[0.589s] -- Up-to-date: /home/sulieman/quadrotor_target_tracking/install/quadrotor_control/share/quadrotor_control/cmake/quadrotor_controlConfig-version.cmake
[0.590s] -- Up-to-date: /home/sulieman/quadrotor_target_tracking/install/quadrotor_control/share/quadrotor_control/package.xml
[0.591s] Invoked command in '/home/sulieman/quadrotor_target_tracking/build/quadrotor_control' returned '0': CMAKE_PREFIX_PATH=${CMAKE_PREFIX_PATH}:/home/sulieman/quadrotor_target_tracking/install/simulation:/home/sulieman/quadrotor_target_tracking/install/robots_description:/opt/ros/humble /usr/bin/cmake --install /home/sulieman/quadrotor_target_tracking/build/quadrotor_control
