[100%] Built target ground_robot_PID
[100%] Built target ground_robot_reference
-- Install configuration: ""
-- Up-to-date: /home/sulieman/quadrotor_target_tracking/install/ground_robot_control/lib/ground_robot_control/ground_robot_PID
-- Up-to-date: /home/sulieman/quadrotor_target_tracking/install/ground_robot_control/lib/ground_robot_control/ground_robot_reference
-- Up-to-date: /home/sulieman/quadrotor_target_tracking/install/ground_robot_control/share/ament_index/resource_index/package_run_dependencies/ground_robot_control
-- Up-to-date: /home/sulieman/quadrotor_target_tracking/install/ground_robot_control/share/ament_index/resource_index/parent_prefix_path/ground_robot_control
-- Up-to-date: /home/sulieman/quadrotor_target_tracking/install/ground_robot_control/share/ground_robot_control/environment/ament_prefix_path.sh
-- Up-to-date: /home/sulieman/quadrotor_target_tracking/install/ground_robot_control/share/ground_robot_control/environment/ament_prefix_path.dsv
-- Up-to-date: /home/sulieman/quadrotor_target_tracking/install/ground_robot_control/share/ground_robot_control/environment/path.sh
-- Up-to-date: /home/sulieman/quadrotor_target_tracking/install/ground_robot_control/share/ground_robot_control/environment/path.dsv
-- Up-to-date: /home/sulieman/quadrotor_target_tracking/install/ground_robot_control/share/ground_robot_control/local_setup.bash
-- Up-to-date: /home/sulieman/quadrotor_target_tracking/install/ground_robot_control/share/ground_robot_control/local_setup.sh
-- Up-to-date: /home/sulieman/quadrotor_target_tracking/install/ground_robot_control/share/ground_robot_control/local_setup.zsh
-- Up-to-date: /home/sulieman/quadrotor_target_tracking/install/ground_robot_control/share/ground_robot_control/local_setup.dsv
-- Installing: /home/sulieman/quadrotor_target_tracking/install/ground_robot_control/share/ground_robot_control/package.dsv
-- Up-to-date: /home/sulieman/quadrotor_target_tracking/install/ground_robot_control/share/ament_index/resource_index/packages/ground_robot_control
-- Up-to-date: /home/sulieman/quadrotor_target_tracking/install/ground_robot_control/share/ground_robot_control/cmake/ground_robot_controlConfig.cmake
-- Up-to-date: /home/sulieman/quadrotor_target_tracking/install/ground_robot_control/share/ground_robot_control/cmake/ground_robot_controlConfig-version.cmake
-- Up-to-date: /home/sulieman/quadrotor_target_tracking/install/ground_robot_control/share/ground_robot_control/package.xml
