[0.045s] Invoking command in '/home/sulieman/quadrotor_target_tracking/build/custom_interfaces': CMAKE_PREFIX_PATH=${CMAKE_PREFIX_PATH}:/home/sulieman/quadrotor_target_tracking/install/simulation:/opt/ros/humble /usr/bin/cmake /home/sulieman/quadrotor_target_tracking/src/custom_interfaces -DAMENT_CMAKE_SYMLINK_INSTALL=1 -DCMAKE_INSTALL_PREFIX=/home/sulieman/quadrotor_target_tracking/install/custom_interfaces
[0.115s] -- The C compiler identification is GNU 11.4.0
[0.190s] -- The CXX compiler identification is GNU 11.4.0
[0.195s] -- Detecting C compiler ABI info
[0.242s] -- Detecting C compiler ABI info - done
[0.246s] -- Check for working C compiler: /usr/bin/cc - skipped
[0.246s] -- Detecting C compile features
[0.246s] -- Detecting C compile features - done
[0.249s] -- Detecting CXX compiler ABI info
[0.296s] -- Detecting CXX compiler ABI info - done
[0.299s] -- Check for working CXX compiler: /usr/bin/c++ - skipped
[0.300s] -- Detecting CXX compile features
[0.300s] -- Detecting CXX compile features - done
[0.302s] -- Found ament_cmake: 1.3.6 (/opt/ros/humble/share/ament_cmake/cmake)
[0.515s] -- Found Python3: /usr/bin/python3.10 (found version "3.10.12") found components: Interpreter 
[0.550s] -- Override CMake install command with custom implementation using symlinks instead of copying resources
[0.570s] -- Found geometry_msgs: 4.2.3 (/opt/ros/humble/share/geometry_msgs/cmake)
[0.592s] -- Found rosidl_generator_c: 3.1.5 (/opt/ros/humble/share/rosidl_generator_c/cmake)
[0.594s] -- Found rosidl_adapter: 3.1.5 (/opt/ros/humble/share/rosidl_adapter/cmake)
[0.599s] -- Found rosidl_generator_cpp: 3.1.5 (/opt/ros/humble/share/rosidl_generator_cpp/cmake)
[0.606s] -- Using all available rosidl_typesupport_c: rosidl_typesupport_fastrtps_c;rosidl_typesupport_introspection_c
[0.617s] -- Using all available rosidl_typesupport_cpp: rosidl_typesupport_fastrtps_cpp;rosidl_typesupport_introspection_cpp
[0.681s] -- Found rosidl_default_generators: 1.2.0 (/opt/ros/humble/share/rosidl_default_generators/cmake)
[0.843s] -- Found ament_cmake_ros: 0.10.0 (/opt/ros/humble/share/ament_cmake_ros/cmake)
[1.087s] -- Using all available rosidl_typesupport_c: rosidl_typesupport_fastrtps_c;rosidl_typesupport_introspection_c
[1.182s] -- Using all available rosidl_typesupport_cpp: rosidl_typesupport_fastrtps_cpp;rosidl_typesupport_introspection_cpp
[1.197s] -- Found PythonInterp: /usr/bin/python3 (found suitable version "3.10.12", minimum required is "3.6") 
[1.198s] -- Found python_cmake_module: 0.10.0 (/opt/ros/humble/share/python_cmake_module/cmake)
[1.214s] -- Found PythonLibs: /usr/lib/x86_64-linux-gnu/libpython3.10.so (found suitable version "3.10.12", minimum required is "3.5") 
[1.214s] -- Using PYTHON_EXECUTABLE: /usr/bin/python3
[1.214s] -- Using PYTHON_INCLUDE_DIRS: /usr/include/python3.10
[1.214s] -- Using PYTHON_LIBRARIES: /usr/lib/x86_64-linux-gnu/libpython3.10.so
[1.227s] -- Found PythonExtra: .so  
[1.261s] -- Found ament_lint_auto: 0.12.9 (/opt/ros/humble/share/ament_lint_auto/cmake)
[1.271s] -- Added test 'lint_cmake' to check CMake code style
[1.271s] -- Added test 'xmllint' to check XML markup files
[1.273s] -- Configuring done
[1.290s] -- Generating done
[1.291s] -- Build files have been written to: /home/sulieman/quadrotor_target_tracking/build/custom_interfaces
[1.298s] Invoked command in '/home/sulieman/quadrotor_target_tracking/build/custom_interfaces' returned '0': CMAKE_PREFIX_PATH=${CMAKE_PREFIX_PATH}:/home/sulieman/quadrotor_target_tracking/install/simulation:/opt/ros/humble /usr/bin/cmake /home/sulieman/quadrotor_target_tracking/src/custom_interfaces -DAMENT_CMAKE_SYMLINK_INSTALL=1 -DCMAKE_INSTALL_PREFIX=/home/sulieman/quadrotor_target_tracking/install/custom_interfaces
[1.298s] Invoking command in '/home/sulieman/quadrotor_target_tracking/build/custom_interfaces': CMAKE_PREFIX_PATH=${CMAKE_PREFIX_PATH}:/home/sulieman/quadrotor_target_tracking/install/simulation:/opt/ros/humble /usr/bin/cmake --build /home/sulieman/quadrotor_target_tracking/build/custom_interfaces -- -j16 -l16
[1.321s] [  3%] [34m[1mGenerating C code for ROS interfaces[0m
[1.326s] [  6%] [34m[1mGenerating C++ code for ROS interfaces[0m
[1.330s] [  6%] Built target ament_cmake_python_symlink_custom_interfaces
[1.457s] running egg_info
[1.458s] creating custom_interfaces.egg-info
[1.471s] writing custom_interfaces.egg-info/PKG-INFO
[1.471s] writing dependency_links to custom_interfaces.egg-info/dependency_links.txt
[1.471s] writing top-level names to custom_interfaces.egg-info/top_level.txt
[1.489s] [  6%] Built target custom_interfaces__cpp
[1.490s] [  9%] [32mBuilding C object CMakeFiles/custom_interfaces__rosidl_generator_c.dir/rosidl_generator_c/custom_interfaces/msg/detail/reference_state__functions.c.o[0m
[1.495s] [ 19%] [34m[1mGenerating C++ type support for eProsima Fast-RTPS[0m
[1.495s] [ 19%] [34m[1mGenerating C++ introspection for ROS interfaces[0m
[1.495s] [ 19%] [34m[1mGenerating C++ type support dispatch for ROS interfaces[0m
[1.527s] [ 22%] [32m[1mLinking C shared library libcustom_interfaces__rosidl_generator_c.so[0m
[1.549s] writing manifest file 'custom_interfaces.egg-info/SOURCES.txt'
[1.551s] [ 22%] Built target custom_interfaces__rosidl_generator_c
[1.557s] [ 29%] [34m[1mGenerating C introspection for ROS interfaces[0m
[1.557s] [ 29%] [34m[1mGenerating C type support for eProsima Fast-RTPS[0m
[1.559s] [ 32%] [34m[1mGenerating C type support dispatch for ROS interfaces[0m
[1.587s] reading manifest file 'custom_interfaces.egg-info/SOURCES.txt'
[1.587s] writing manifest file 'custom_interfaces.egg-info/SOURCES.txt'
[1.608s] [ 32%] Built target ament_cmake_python_build_custom_interfaces_egg
[1.662s] [ 35%] [32mBuilding CXX object CMakeFiles/custom_interfaces__rosidl_typesupport_introspection_cpp.dir/rosidl_typesupport_introspection_cpp/custom_interfaces/msg/detail/reference_state__type_support.cpp.o[0m
[1.667s] [ 38%] [32mBuilding CXX object CMakeFiles/custom_interfaces__rosidl_typesupport_fastrtps_cpp.dir/rosidl_typesupport_fastrtps_cpp/custom_interfaces/msg/detail/dds_fastrtps/reference_state__type_support.cpp.o[0m
[1.677s] [ 41%] [32mBuilding CXX object CMakeFiles/custom_interfaces__rosidl_typesupport_cpp.dir/rosidl_typesupport_cpp/custom_interfaces/msg/reference_state__type_support.cpp.o[0m
[1.731s] [ 45%] [32mBuilding C object CMakeFiles/custom_interfaces__rosidl_typesupport_introspection_c.dir/rosidl_typesupport_introspection_c/custom_interfaces/msg/detail/reference_state__type_support.c.o[0m
[1.732s] [ 48%] [32mBuilding CXX object CMakeFiles/custom_interfaces__rosidl_typesupport_fastrtps_c.dir/rosidl_typesupport_fastrtps_c/custom_interfaces/msg/detail/reference_state__type_support_c.cpp.o[0m
[1.739s] [ 51%] [32mBuilding CXX object CMakeFiles/custom_interfaces__rosidl_typesupport_c.dir/rosidl_typesupport_c/custom_interfaces/msg/reference_state__type_support.cpp.o[0m
[1.760s] [ 54%] [32m[1mLinking CXX shared library libcustom_interfaces__rosidl_typesupport_c.so[0m
[1.765s] [ 58%] [32m[1mLinking C shared library libcustom_interfaces__rosidl_typesupport_introspection_c.so[0m
[1.785s] [ 58%] Built target custom_interfaces__rosidl_typesupport_introspection_c
[1.785s] [ 58%] Built target custom_interfaces__rosidl_typesupport_c
[1.834s] [ 61%] [32m[1mLinking CXX shared library libcustom_interfaces__rosidl_typesupport_cpp.so[0m
[1.858s] [ 61%] Built target custom_interfaces__rosidl_typesupport_cpp
[1.912s] [ 64%] [32m[1mLinking CXX shared library libcustom_interfaces__rosidl_typesupport_fastrtps_c.so[0m
[1.943s] [ 67%] [32m[1mLinking CXX shared library libcustom_interfaces__rosidl_typesupport_fastrtps_cpp.so[0m
[1.952s] [ 70%] [32m[1mLinking CXX shared library libcustom_interfaces__rosidl_typesupport_introspection_cpp.so[0m
[1.956s] [ 70%] Built target custom_interfaces__rosidl_typesupport_fastrtps_c
[1.987s] [ 70%] Built target custom_interfaces__rosidl_typesupport_fastrtps_cpp
[1.995s] [ 70%] Built target custom_interfaces__rosidl_typesupport_introspection_cpp
[2.006s] [ 70%] Built target custom_interfaces
[2.018s] [ 74%] [34m[1mGenerating Python code for ROS interfaces[0m
[2.216s] [ 74%] Built target custom_interfaces__py
[2.227s] [ 77%] [32mBuilding C object CMakeFiles/custom_interfaces__rosidl_generator_py.dir/rosidl_generator_py/custom_interfaces/msg/_reference_state_s.c.o[0m
[2.301s] [ 80%] [32m[1mLinking C shared library rosidl_generator_py/custom_interfaces/libcustom_interfaces__rosidl_generator_py.so[0m
[2.325s] [ 80%] Built target custom_interfaces__rosidl_generator_py
[2.337s] [ 90%] [32mBuilding C object CMakeFiles/custom_interfaces__rosidl_typesupport_fastrtps_c__pyext.dir/rosidl_generator_py/custom_interfaces/_custom_interfaces_s.ep.rosidl_typesupport_fastrtps_c.c.o[0m
[2.337s] [ 90%] [32mBuilding C object CMakeFiles/custom_interfaces__rosidl_typesupport_introspection_c__pyext.dir/rosidl_generator_py/custom_interfaces/_custom_interfaces_s.ep.rosidl_typesupport_introspection_c.c.o[0m
[2.337s] [ 90%] [32mBuilding C object CMakeFiles/custom_interfaces__rosidl_typesupport_c__pyext.dir/rosidl_generator_py/custom_interfaces/_custom_interfaces_s.ep.rosidl_typesupport_c.c.o[0m
[2.391s] [ 96%] [32m[1mLinking C shared library rosidl_generator_py/custom_interfaces/custom_interfaces_s__rosidl_typesupport_introspection_c.cpython-310-x86_64-linux-gnu.so[0m
[2.391s] [ 96%] [32m[1mLinking C shared library rosidl_generator_py/custom_interfaces/custom_interfaces_s__rosidl_typesupport_c.cpython-310-x86_64-linux-gnu.so[0m
[2.391s] [100%] [32m[1mLinking C shared library rosidl_generator_py/custom_interfaces/custom_interfaces_s__rosidl_typesupport_fastrtps_c.cpython-310-x86_64-linux-gnu.so[0m
[2.414s] [100%] Built target custom_interfaces__rosidl_typesupport_c__pyext
[2.414s] [100%] Built target custom_interfaces__rosidl_typesupport_introspection_c__pyext
[2.414s] [100%] Built target custom_interfaces__rosidl_typesupport_fastrtps_c__pyext
[2.420s] Invoked command in '/home/sulieman/quadrotor_target_tracking/build/custom_interfaces' returned '0': CMAKE_PREFIX_PATH=${CMAKE_PREFIX_PATH}:/home/sulieman/quadrotor_target_tracking/install/simulation:/opt/ros/humble /usr/bin/cmake --build /home/sulieman/quadrotor_target_tracking/build/custom_interfaces -- -j16 -l16
[2.460s] Invoking command in '/home/sulieman/quadrotor_target_tracking/build/custom_interfaces': CMAKE_PREFIX_PATH=${CMAKE_PREFIX_PATH}:/home/sulieman/quadrotor_target_tracking/install/simulation:/opt/ros/humble /usr/bin/cmake --install /home/sulieman/quadrotor_target_tracking/build/custom_interfaces
[2.466s] -- Install configuration: ""
[2.466s] -- Execute custom install script
[2.466s] -- Symlinking: /home/sulieman/quadrotor_target_tracking/install/custom_interfaces/share/ament_index/resource_index/rosidl_interfaces/custom_interfaces
[2.472s] -- Symlinking: /home/sulieman/quadrotor_target_tracking/install/custom_interfaces/include/custom_interfaces/custom_interfaces/msg/detail/reference_state__functions.h
[2.477s] -- Symlinking: /home/sulieman/quadrotor_target_tracking/install/custom_interfaces/include/custom_interfaces/custom_interfaces/msg/detail/reference_state__struct.h
[2.482s] -- Symlinking: /home/sulieman/quadrotor_target_tracking/install/custom_interfaces/include/custom_interfaces/custom_interfaces/msg/detail/reference_state__type_support.h
[2.487s] -- Symlinking: /home/sulieman/quadrotor_target_tracking/install/custom_interfaces/include/custom_interfaces/custom_interfaces/msg/reference_state.h
[2.492s] -- Symlinking: /home/sulieman/quadrotor_target_tracking/install/custom_interfaces/include/custom_interfaces/custom_interfaces/msg/rosidl_generator_c__visibility_control.h
[2.497s] -- Symlinking: /home/sulieman/quadrotor_target_tracking/install/custom_interfaces/share/custom_interfaces/environment/library_path.sh
[2.502s] -- Symlinking: /home/sulieman/quadrotor_target_tracking/install/custom_interfaces/share/custom_interfaces/environment/library_path.dsv
[2.506s] -- Symlinking: /home/sulieman/quadrotor_target_tracking/install/custom_interfaces/include/custom_interfaces/custom_interfaces/msg/detail/reference_state__rosidl_typesupport_fastrtps_c.h
[2.511s] -- Symlinking: /home/sulieman/quadrotor_target_tracking/install/custom_interfaces/include/custom_interfaces/custom_interfaces/msg/rosidl_typesupport_fastrtps_c__visibility_control.h
[2.515s] -- Symlinking: /home/sulieman/quadrotor_target_tracking/install/custom_interfaces/include/custom_interfaces/custom_interfaces/msg/detail/reference_state__builder.hpp
[2.520s] -- Symlinking: /home/sulieman/quadrotor_target_tracking/install/custom_interfaces/include/custom_interfaces/custom_interfaces/msg/detail/reference_state__struct.hpp
[2.524s] -- Symlinking: /home/sulieman/quadrotor_target_tracking/install/custom_interfaces/include/custom_interfaces/custom_interfaces/msg/detail/reference_state__traits.hpp
[2.529s] -- Symlinking: /home/sulieman/quadrotor_target_tracking/install/custom_interfaces/include/custom_interfaces/custom_interfaces/msg/reference_state.hpp
[2.533s] -- Symlinking: /home/sulieman/quadrotor_target_tracking/install/custom_interfaces/include/custom_interfaces/custom_interfaces/msg/detail/reference_state__rosidl_typesupport_fastrtps_cpp.hpp
[2.538s] -- Symlinking: /home/sulieman/quadrotor_target_tracking/install/custom_interfaces/include/custom_interfaces/custom_interfaces/msg/rosidl_typesupport_fastrtps_cpp__visibility_control.h
[2.543s] -- Symlinking: /home/sulieman/quadrotor_target_tracking/install/custom_interfaces/include/custom_interfaces/custom_interfaces/msg/detail/reference_state__rosidl_typesupport_introspection_c.h
[2.547s] -- Symlinking: /home/sulieman/quadrotor_target_tracking/install/custom_interfaces/include/custom_interfaces/custom_interfaces/msg/rosidl_typesupport_introspection_c__visibility_control.h
[2.552s] -- Symlinking: /home/sulieman/quadrotor_target_tracking/install/custom_interfaces/include/custom_interfaces/custom_interfaces/msg/detail/reference_state__rosidl_typesupport_introspection_cpp.hpp
[2.557s] -- Symlinking: /home/sulieman/quadrotor_target_tracking/install/custom_interfaces/share/custom_interfaces/environment/pythonpath.sh
[2.563s] -- Symlinking: /home/sulieman/quadrotor_target_tracking/install/custom_interfaces/share/custom_interfaces/environment/pythonpath.dsv
[2.568s] -- Symlinking: /home/sulieman/quadrotor_target_tracking/install/custom_interfaces/local/lib/python3.10/dist-packages/custom_interfaces-0.0.0-py3.10.egg-info/PKG-INFO
[2.572s] -- Symlinking: /home/sulieman/quadrotor_target_tracking/install/custom_interfaces/local/lib/python3.10/dist-packages/custom_interfaces-0.0.0-py3.10.egg-info/SOURCES.txt
[2.577s] -- Symlinking: /home/sulieman/quadrotor_target_tracking/install/custom_interfaces/local/lib/python3.10/dist-packages/custom_interfaces-0.0.0-py3.10.egg-info/dependency_links.txt
[2.581s] -- Symlinking: /home/sulieman/quadrotor_target_tracking/install/custom_interfaces/local/lib/python3.10/dist-packages/custom_interfaces-0.0.0-py3.10.egg-info/top_level.txt
[2.586s] -- Symlinking: /home/sulieman/quadrotor_target_tracking/install/custom_interfaces/local/lib/python3.10/dist-packages/custom_interfaces/__init__.py
[2.591s] -- Symlinking: /home/sulieman/quadrotor_target_tracking/install/custom_interfaces/local/lib/python3.10/dist-packages/custom_interfaces/_custom_interfaces_s.ep.rosidl_typesupport_c.c
[2.595s] -- Symlinking: /home/sulieman/quadrotor_target_tracking/install/custom_interfaces/local/lib/python3.10/dist-packages/custom_interfaces/_custom_interfaces_s.ep.rosidl_typesupport_fastrtps_c.c
[2.599s] -- Symlinking: /home/sulieman/quadrotor_target_tracking/install/custom_interfaces/local/lib/python3.10/dist-packages/custom_interfaces/_custom_interfaces_s.ep.rosidl_typesupport_introspection_c.c
[2.604s] -- Symlinking: /home/sulieman/quadrotor_target_tracking/install/custom_interfaces/local/lib/python3.10/dist-packages/custom_interfaces/custom_interfaces_s__rosidl_typesupport_c.cpython-310-x86_64-linux-gnu.so
[2.608s] -- Symlinking: /home/sulieman/quadrotor_target_tracking/install/custom_interfaces/local/lib/python3.10/dist-packages/custom_interfaces/custom_interfaces_s__rosidl_typesupport_fastrtps_c.cpython-310-x86_64-linux-gnu.so
[2.613s] -- Symlinking: /home/sulieman/quadrotor_target_tracking/install/custom_interfaces/local/lib/python3.10/dist-packages/custom_interfaces/custom_interfaces_s__rosidl_typesupport_introspection_c.cpython-310-x86_64-linux-gnu.so
[2.617s] -- Symlinking: /home/sulieman/quadrotor_target_tracking/install/custom_interfaces/local/lib/python3.10/dist-packages/custom_interfaces/libcustom_interfaces__rosidl_generator_py.so
[2.622s] -- Symlinking: /home/sulieman/quadrotor_target_tracking/install/custom_interfaces/local/lib/python3.10/dist-packages/custom_interfaces/msg/__init__.py
[2.626s] -- Symlinking: /home/sulieman/quadrotor_target_tracking/install/custom_interfaces/local/lib/python3.10/dist-packages/custom_interfaces/msg/_reference_state.py
[2.630s] -- Symlinking: /home/sulieman/quadrotor_target_tracking/install/custom_interfaces/local/lib/python3.10/dist-packages/custom_interfaces/msg/_reference_state_s.c
[2.635s] -- Up-to-date symlink: /home/sulieman/quadrotor_target_tracking/install/custom_interfaces/local/lib/python3.10/dist-packages/custom_interfaces/custom_interfaces_s__rosidl_typesupport_fastrtps_c.cpython-310-x86_64-linux-gnu.so
[2.635s] -- Up-to-date symlink: /home/sulieman/quadrotor_target_tracking/install/custom_interfaces/local/lib/python3.10/dist-packages/custom_interfaces/custom_interfaces_s__rosidl_typesupport_introspection_c.cpython-310-x86_64-linux-gnu.so
[2.635s] -- Up-to-date symlink: /home/sulieman/quadrotor_target_tracking/install/custom_interfaces/local/lib/python3.10/dist-packages/custom_interfaces/custom_interfaces_s__rosidl_typesupport_c.cpython-310-x86_64-linux-gnu.so
[2.635s] -- Symlinking: /home/sulieman/quadrotor_target_tracking/install/custom_interfaces/share/custom_interfaces/msg/ReferenceState.idl
[2.640s] -- Symlinking: /home/sulieman/quadrotor_target_tracking/install/custom_interfaces/share/custom_interfaces/msg/ReferenceState.msg
[2.644s] -- Symlinking: /home/sulieman/quadrotor_target_tracking/install/custom_interfaces/share/ament_index/resource_index/package_run_dependencies/custom_interfaces
[2.648s] -- Symlinking: /home/sulieman/quadrotor_target_tracking/install/custom_interfaces/share/ament_index/resource_index/parent_prefix_path/custom_interfaces
[2.653s] -- Symlinking: /home/sulieman/quadrotor_target_tracking/install/custom_interfaces/share/custom_interfaces/environment/ament_prefix_path.sh
[2.657s] -- Symlinking: /home/sulieman/quadrotor_target_tracking/install/custom_interfaces/share/custom_interfaces/environment/ament_prefix_path.dsv
[2.661s] -- Symlinking: /home/sulieman/quadrotor_target_tracking/install/custom_interfaces/share/custom_interfaces/environment/path.sh
[2.666s] -- Symlinking: /home/sulieman/quadrotor_target_tracking/install/custom_interfaces/share/custom_interfaces/environment/path.dsv
[2.670s] -- Symlinking: /home/sulieman/quadrotor_target_tracking/install/custom_interfaces/share/custom_interfaces/local_setup.bash
[2.675s] -- Symlinking: /home/sulieman/quadrotor_target_tracking/install/custom_interfaces/share/custom_interfaces/local_setup.sh
[2.679s] -- Symlinking: /home/sulieman/quadrotor_target_tracking/install/custom_interfaces/share/custom_interfaces/local_setup.zsh
[2.684s] -- Symlinking: /home/sulieman/quadrotor_target_tracking/install/custom_interfaces/share/custom_interfaces/local_setup.dsv
[2.689s] -- Symlinking: /home/sulieman/quadrotor_target_tracking/install/custom_interfaces/share/custom_interfaces/package.dsv
[2.693s] -- Symlinking: /home/sulieman/quadrotor_target_tracking/install/custom_interfaces/share/ament_index/resource_index/packages/custom_interfaces
[2.698s] -- Symlinking: /home/sulieman/quadrotor_target_tracking/install/custom_interfaces/share/custom_interfaces/cmake/rosidl_cmake-extras.cmake
[2.702s] -- Symlinking: /home/sulieman/quadrotor_target_tracking/install/custom_interfaces/share/custom_interfaces/cmake/ament_cmake_export_dependencies-extras.cmake
[2.707s] -- Symlinking: /home/sulieman/quadrotor_target_tracking/install/custom_interfaces/share/custom_interfaces/cmake/ament_cmake_export_include_directories-extras.cmake
[2.711s] -- Symlinking: /home/sulieman/quadrotor_target_tracking/install/custom_interfaces/share/custom_interfaces/cmake/ament_cmake_export_libraries-extras.cmake
[2.716s] -- Symlinking: /home/sulieman/quadrotor_target_tracking/install/custom_interfaces/share/custom_interfaces/cmake/ament_cmake_export_targets-extras.cmake
[2.721s] -- Symlinking: /home/sulieman/quadrotor_target_tracking/install/custom_interfaces/share/custom_interfaces/cmake/rosidl_cmake_export_typesupport_targets-extras.cmake
[2.725s] -- Symlinking: /home/sulieman/quadrotor_target_tracking/install/custom_interfaces/share/custom_interfaces/cmake/rosidl_cmake_export_typesupport_libraries-extras.cmake
[2.730s] -- Symlinking: /home/sulieman/quadrotor_target_tracking/install/custom_interfaces/share/custom_interfaces/cmake/custom_interfacesConfig.cmake
[2.735s] -- Symlinking: /home/sulieman/quadrotor_target_tracking/install/custom_interfaces/share/custom_interfaces/cmake/custom_interfacesConfig-version.cmake
[2.740s] -- Symlinking: /home/sulieman/quadrotor_target_tracking/install/custom_interfaces/share/custom_interfaces/package.xml
[2.744s] -- Installing: /home/sulieman/quadrotor_target_tracking/install/custom_interfaces/lib/libcustom_interfaces__rosidl_generator_c.so
[2.744s] -- Set runtime path of "/home/sulieman/quadrotor_target_tracking/install/custom_interfaces/lib/libcustom_interfaces__rosidl_generator_c.so" to ""
[2.744s] -- Installing: /home/sulieman/quadrotor_target_tracking/install/custom_interfaces/lib/libcustom_interfaces__rosidl_typesupport_fastrtps_c.so
[2.744s] -- Set runtime path of "/home/sulieman/quadrotor_target_tracking/install/custom_interfaces/lib/libcustom_interfaces__rosidl_typesupport_fastrtps_c.so" to ""
[2.744s] -- Installing: /home/sulieman/quadrotor_target_tracking/install/custom_interfaces/lib/libcustom_interfaces__rosidl_typesupport_fastrtps_cpp.so
[2.745s] -- Set runtime path of "/home/sulieman/quadrotor_target_tracking/install/custom_interfaces/lib/libcustom_interfaces__rosidl_typesupport_fastrtps_cpp.so" to ""
[2.745s] -- Installing: /home/sulieman/quadrotor_target_tracking/install/custom_interfaces/lib/libcustom_interfaces__rosidl_typesupport_introspection_c.so
[2.745s] -- Set runtime path of "/home/sulieman/quadrotor_target_tracking/install/custom_interfaces/lib/libcustom_interfaces__rosidl_typesupport_introspection_c.so" to ""
[2.745s] -- Installing: /home/sulieman/quadrotor_target_tracking/install/custom_interfaces/lib/libcustom_interfaces__rosidl_typesupport_c.so
[2.745s] -- Set runtime path of "/home/sulieman/quadrotor_target_tracking/install/custom_interfaces/lib/libcustom_interfaces__rosidl_typesupport_c.so" to ""
[2.745s] -- Installing: /home/sulieman/quadrotor_target_tracking/install/custom_interfaces/lib/libcustom_interfaces__rosidl_typesupport_introspection_cpp.so
[2.745s] -- Set runtime path of "/home/sulieman/quadrotor_target_tracking/install/custom_interfaces/lib/libcustom_interfaces__rosidl_typesupport_introspection_cpp.so" to ""
[2.745s] -- Installing: /home/sulieman/quadrotor_target_tracking/install/custom_interfaces/lib/libcustom_interfaces__rosidl_typesupport_cpp.so
[2.745s] -- Set runtime path of "/home/sulieman/quadrotor_target_tracking/install/custom_interfaces/lib/libcustom_interfaces__rosidl_typesupport_cpp.so" to ""
[2.765s] Listing '/home/sulieman/quadrotor_target_tracking/install/custom_interfaces/local/lib/python3.10/dist-packages/custom_interfaces'...
[2.765s] Compiling '/home/sulieman/quadrotor_target_tracking/install/custom_interfaces/local/lib/python3.10/dist-packages/custom_interfaces/__init__.py'...
[2.765s] Listing '/home/sulieman/quadrotor_target_tracking/install/custom_interfaces/local/lib/python3.10/dist-packages/custom_interfaces/msg'...
[2.765s] Compiling '/home/sulieman/quadrotor_target_tracking/install/custom_interfaces/local/lib/python3.10/dist-packages/custom_interfaces/msg/__init__.py'...
[2.765s] Compiling '/home/sulieman/quadrotor_target_tracking/install/custom_interfaces/local/lib/python3.10/dist-packages/custom_interfaces/msg/_reference_state.py'...
[2.768s] -- Installing: /home/sulieman/quadrotor_target_tracking/install/custom_interfaces/lib/libcustom_interfaces__rosidl_generator_py.so
[2.768s] -- Set runtime path of "/home/sulieman/quadrotor_target_tracking/install/custom_interfaces/lib/libcustom_interfaces__rosidl_generator_py.so" to ""
[2.768s] -- Installing: /home/sulieman/quadrotor_target_tracking/install/custom_interfaces/share/custom_interfaces/cmake/export_custom_interfaces__rosidl_generator_cExport.cmake
[2.768s] -- Installing: /home/sulieman/quadrotor_target_tracking/install/custom_interfaces/share/custom_interfaces/cmake/export_custom_interfaces__rosidl_generator_cExport-noconfig.cmake
[2.768s] -- Installing: /home/sulieman/quadrotor_target_tracking/install/custom_interfaces/share/custom_interfaces/cmake/export_custom_interfaces__rosidl_typesupport_fastrtps_cExport.cmake
[2.768s] -- Installing: /home/sulieman/quadrotor_target_tracking/install/custom_interfaces/share/custom_interfaces/cmake/export_custom_interfaces__rosidl_typesupport_fastrtps_cExport-noconfig.cmake
[2.768s] -- Installing: /home/sulieman/quadrotor_target_tracking/install/custom_interfaces/share/custom_interfaces/cmake/export_custom_interfaces__rosidl_generator_cppExport.cmake
[2.768s] -- Installing: /home/sulieman/quadrotor_target_tracking/install/custom_interfaces/share/custom_interfaces/cmake/export_custom_interfaces__rosidl_typesupport_fastrtps_cppExport.cmake
[2.768s] -- Installing: /home/sulieman/quadrotor_target_tracking/install/custom_interfaces/share/custom_interfaces/cmake/export_custom_interfaces__rosidl_typesupport_fastrtps_cppExport-noconfig.cmake
[2.769s] -- Installing: /home/sulieman/quadrotor_target_tracking/install/custom_interfaces/share/custom_interfaces/cmake/custom_interfaces__rosidl_typesupport_introspection_cExport.cmake
[2.769s] -- Installing: /home/sulieman/quadrotor_target_tracking/install/custom_interfaces/share/custom_interfaces/cmake/custom_interfaces__rosidl_typesupport_introspection_cExport-noconfig.cmake
[2.769s] -- Installing: /home/sulieman/quadrotor_target_tracking/install/custom_interfaces/share/custom_interfaces/cmake/custom_interfaces__rosidl_typesupport_cExport.cmake
[2.769s] -- Installing: /home/sulieman/quadrotor_target_tracking/install/custom_interfaces/share/custom_interfaces/cmake/custom_interfaces__rosidl_typesupport_cExport-noconfig.cmake
[2.769s] -- Installing: /home/sulieman/quadrotor_target_tracking/install/custom_interfaces/share/custom_interfaces/cmake/custom_interfaces__rosidl_typesupport_introspection_cppExport.cmake
[2.769s] -- Installing: /home/sulieman/quadrotor_target_tracking/install/custom_interfaces/share/custom_interfaces/cmake/custom_interfaces__rosidl_typesupport_introspection_cppExport-noconfig.cmake
[2.769s] -- Installing: /home/sulieman/quadrotor_target_tracking/install/custom_interfaces/share/custom_interfaces/cmake/custom_interfaces__rosidl_typesupport_cppExport.cmake
[2.769s] -- Installing: /home/sulieman/quadrotor_target_tracking/install/custom_interfaces/share/custom_interfaces/cmake/custom_interfaces__rosidl_typesupport_cppExport-noconfig.cmake
[2.769s] -- Installing: /home/sulieman/quadrotor_target_tracking/install/custom_interfaces/share/custom_interfaces/cmake/export_custom_interfaces__rosidl_generator_pyExport.cmake
[2.769s] -- Installing: /home/sulieman/quadrotor_target_tracking/install/custom_interfaces/share/custom_interfaces/cmake/export_custom_interfaces__rosidl_generator_pyExport-noconfig.cmake
[2.770s] Invoked command in '/home/sulieman/quadrotor_target_tracking/build/custom_interfaces' returned '0': CMAKE_PREFIX_PATH=${CMAKE_PREFIX_PATH}:/home/sulieman/quadrotor_target_tracking/install/simulation:/opt/ros/humble /usr/bin/cmake --install /home/sulieman/quadrotor_target_tracking/build/custom_interfaces
