running egg_info
writing ../../build/simulation/simulation.egg-info/PKG-INFO
writing dependency_links to ../../build/simulation/simulation.egg-info/dependency_links.txt
writing requirements to ../../build/simulation/simulation.egg-info/requires.txt
writing top-level names to ../../build/simulation/simulation.egg-info/top_level.txt
reading manifest file '../../build/simulation/simulation.egg-info/SOURCES.txt'
writing manifest file '../../build/simulation/simulation.egg-info/SOURCES.txt'
running build
running build_py
/home/sulieman/.local/lib/python3.10/site-packages/setuptools/_distutils/cmd.py:66: SetuptoolsDeprecationWarning: setup.py install is deprecated.
!!

        ********************************************************************************
        Please avoid running ``setup.py`` directly.
        Instead, use pypa/build, pypa/installer or other
        standards-based tools.

        See https://blog.ganssle.io/articles/2021/10/setup-py-deprecated.html for details.
        ********************************************************************************

!!
  self.initialize_options()
copying simulation/__init__.py -> /home/sulieman/quadrotor_target_tracking/build/simulation/build/lib/simulation
running install
running install_lib
running install_data
copying resource/simulation -> /home/sulieman/quadrotor_target_tracking/install/simulation/share/ament_index/resource_index/packages
copying package.xml -> /home/sulieman/quadrotor_target_tracking/install/simulation/share/simulation
copying world/canyonview_field.world -> /home/sulieman/quadrotor_target_tracking/install/simulation/share/simulation/world
copying launch/target_tracking.launch.py -> /home/sulieman/quadrotor_target_tracking/install/simulation/share/simulation/launch
copying config/simulation.yaml -> /home/sulieman/quadrotor_target_tracking/install/simulation/share/simulation/config
running install_egg_info
removing '/home/sulieman/quadrotor_target_tracking/install/simulation/lib/python3.10/site-packages/simulation-0.0.0-py3.10.egg-info' (and everything under it)
Copying ../../build/simulation/simulation.egg-info to /home/sulieman/quadrotor_target_tracking/install/simulation/lib/python3.10/site-packages/simulation-0.0.0-py3.10.egg-info
running install_scripts
writing list of installed files to '/home/sulieman/quadrotor_target_tracking/build/simulation/install.log'
