[35m[1mConsolidate compiler generated dependencies of target quadrotor_vision[0m
[ 25%] [32mBuilding CXX object CMakeFiles/quadrotor_vision.dir/src/quadrotor_vision.cpp.o[0m
[ 75%] Built target quadrotor_mpc
[100%] [32m[1mLinking CXX executable quadrotor_vision[0m
[100%] Built target quadrotor_vision
-- Install configuration: ""
-- Up-to-date: /home/sulieman/quadrotor_target_tracking/install/quadrotor_control/lib/quadrotor_control/quadrotor_mpc
-- Installing: /home/sulieman/quadrotor_target_tracking/install/quadrotor_control/lib/quadrotor_control/quadrotor_vision
-- Set runtime path of "/home/sulieman/quadrotor_target_tracking/install/quadrotor_control/lib/quadrotor_control/quadrotor_vision" to ""
-- Up-to-date: /home/sulieman/quadrotor_target_tracking/install/quadrotor_control/share/ament_index/resource_index/package_run_dependencies/quadrotor_control
-- Up-to-date: /home/sulieman/quadrotor_target_tracking/install/quadrotor_control/share/ament_index/resource_index/parent_prefix_path/quadrotor_control
-- Up-to-date: /home/sulieman/quadrotor_target_tracking/install/quadrotor_control/share/quadrotor_control/environment/ament_prefix_path.sh
-- Up-to-date: /home/sulieman/quadrotor_target_tracking/install/quadrotor_control/share/quadrotor_control/environment/ament_prefix_path.dsv
-- Up-to-date: /home/sulieman/quadrotor_target_tracking/install/quadrotor_control/share/quadrotor_control/environment/path.sh
-- Up-to-date: /home/sulieman/quadrotor_target_tracking/install/quadrotor_control/share/quadrotor_control/environment/path.dsv
-- Up-to-date: /home/sulieman/quadrotor_target_tracking/install/quadrotor_control/share/quadrotor_control/local_setup.bash
-- Up-to-date: /home/sulieman/quadrotor_target_tracking/install/quadrotor_control/share/quadrotor_control/local_setup.sh
-- Up-to-date: /home/sulieman/quadrotor_target_tracking/install/quadrotor_control/share/quadrotor_control/local_setup.zsh
-- Up-to-date: /home/sulieman/quadrotor_target_tracking/install/quadrotor_control/share/quadrotor_control/local_setup.dsv
-- Installing: /home/sulieman/quadrotor_target_tracking/install/quadrotor_control/share/quadrotor_control/package.dsv
-- Up-to-date: /home/sulieman/quadrotor_target_tracking/install/quadrotor_control/share/ament_index/resource_index/packages/quadrotor_control
-- Up-to-date: /home/sulieman/quadrotor_target_tracking/install/quadrotor_control/share/quadrotor_control/cmake/quadrotor_controlConfig.cmake
-- Up-to-date: /home/sulieman/quadrotor_target_tracking/install/quadrotor_control/share/quadrotor_control/cmake/quadrotor_controlConfig-version.cmake
-- Up-to-date: /home/sulieman/quadrotor_target_tracking/install/quadrotor_control/share/quadrotor_control/package.xml
