-- Found ament_cmake: 1.3.6 (/opt/ros/humble/share/ament_cmake/cmake)
-- Found rclcpp: 16.0.7 (/opt/ros/humble/share/rclcpp/cmake)
-- Found rosidl_generator_c: 3.1.5 (/opt/ros/humble/share/rosidl_generator_c/cmake)
-- Found rosidl_adapter: 3.1.5 (/opt/ros/humble/share/rosidl_adapter/cmake)
-- Found rosidl_generator_cpp: 3.1.5 (/opt/ros/humble/share/rosidl_generator_cpp/cmake)
-- Using all available rosidl_typesupport_c: rosidl_typesupport_fastrtps_c;rosidl_typesupport_introspection_c
-- Using all available rosidl_typesupport_cpp: rosidl_typesupport_fastrtps_cpp;rosidl_typesupport_introspection_cpp
-- Found rmw_implementation_cmake: 6.1.1 (/opt/ros/humble/share/rmw_implementation_cmake/cmake)
-- Found rmw_fastrtps_cpp: 6.2.5 (/opt/ros/humble/share/rmw_fastrtps_cpp/cmake)
-- Using RMW implementation 'rmw_fastrtps_cpp' as default
-- Found geometry_msgs: 4.2.3 (/opt/ros/humble/share/geometry_msgs/cmake)
-- Found custom_interfaces: 0.0.0 (/home/sulieman/quadrotor_target_tracking/install/custom_interfaces/share/custom_interfaces/cmake)
-- Found gazebo_msgs: 3.7.0 (/opt/ros/humble/share/gazebo_msgs/cmake)
-- Found ament_lint_auto: 0.12.9 (/opt/ros/humble/share/ament_lint_auto/cmake)
-- Added test 'cppcheck' to perform static code analysis on C / C++ code
-- Configured cppcheck include dirs: $<BUILD_INTERFACE:/home/sulieman/quadrotor_target_tracking/src/ground_robot_control/include>
-- Configured cppcheck exclude dirs and/or files: 
-- Added test 'lint_cmake' to check CMake code style
-- Added test 'uncrustify' to check C / C++ code style
-- Configured uncrustify additional arguments: 
-- Added test 'xmllint' to check XML markup files
-- Configuring done
-- Generating done
-- Build files have been written to: /home/sulieman/quadrotor_target_tracking/build/ground_robot_control
[ 25%] [32mBuilding CXX object CMakeFiles/ground_robot_reference.dir/src/ground_robot_reference.cpp.o[0m
[ 50%] [32mBuilding CXX object CMakeFiles/ground_robot_PID.dir/src/ground_robot_PID.cpp.o[0m
[ 75%] [32m[1mLinking CXX executable ground_robot_reference[0m
[ 75%] Built target ground_robot_reference
[100%] [32m[1mLinking CXX executable ground_robot_PID[0m
[100%] Built target ground_robot_PID
-- Install configuration: ""
-- Installing: /home/sulieman/quadrotor_target_tracking/install/ground_robot_control/lib/ground_robot_control/ground_robot_PID
-- Set runtime path of "/home/sulieman/quadrotor_target_tracking/install/ground_robot_control/lib/ground_robot_control/ground_robot_PID" to ""
-- Installing: /home/sulieman/quadrotor_target_tracking/install/ground_robot_control/lib/ground_robot_control/ground_robot_reference
-- Set runtime path of "/home/sulieman/quadrotor_target_tracking/install/ground_robot_control/lib/ground_robot_control/ground_robot_reference" to ""
-- Installing: /home/sulieman/quadrotor_target_tracking/install/ground_robot_control/share/ament_index/resource_index/package_run_dependencies/ground_robot_control
-- Installing: /home/sulieman/quadrotor_target_tracking/install/ground_robot_control/share/ament_index/resource_index/parent_prefix_path/ground_robot_control
-- Installing: /home/sulieman/quadrotor_target_tracking/install/ground_robot_control/share/ground_robot_control/environment/ament_prefix_path.sh
-- Installing: /home/sulieman/quadrotor_target_tracking/install/ground_robot_control/share/ground_robot_control/environment/ament_prefix_path.dsv
-- Installing: /home/sulieman/quadrotor_target_tracking/install/ground_robot_control/share/ground_robot_control/environment/path.sh
-- Installing: /home/sulieman/quadrotor_target_tracking/install/ground_robot_control/share/ground_robot_control/environment/path.dsv
-- Installing: /home/sulieman/quadrotor_target_tracking/install/ground_robot_control/share/ground_robot_control/local_setup.bash
-- Installing: /home/sulieman/quadrotor_target_tracking/install/ground_robot_control/share/ground_robot_control/local_setup.sh
-- Installing: /home/sulieman/quadrotor_target_tracking/install/ground_robot_control/share/ground_robot_control/local_setup.zsh
-- Installing: /home/sulieman/quadrotor_target_tracking/install/ground_robot_control/share/ground_robot_control/local_setup.dsv
-- Installing: /home/sulieman/quadrotor_target_tracking/install/ground_robot_control/share/ground_robot_control/package.dsv
-- Installing: /home/sulieman/quadrotor_target_tracking/install/ground_robot_control/share/ament_index/resource_index/packages/ground_robot_control
-- Installing: /home/sulieman/quadrotor_target_tracking/install/ground_robot_control/share/ground_robot_control/cmake/ground_robot_controlConfig.cmake
-- Installing: /home/sulieman/quadrotor_target_tracking/install/ground_robot_control/share/ground_robot_control/cmake/ground_robot_controlConfig-version.cmake
-- Installing: /home/sulieman/quadrotor_target_tracking/install/ground_robot_control/share/ground_robot_control/package.xml
