[0.222s] Invoking command in '/home/sulieman/quadrotor_target_tracking/build/ground_robot_control': CMAKE_PREFIX_PATH=${CMAKE_PREFIX_PATH}:/home/sulieman/quadrotor_target_tracking/install/simulation:/home/sulieman/quadrotor_target_tracking/install/robots_description:/opt/ros/humble /usr/bin/cmake /home/sulieman/quadrotor_target_tracking/src/ground_robot_control -DCMAKE_INSTALL_PREFIX=/home/sulieman/quadrotor_target_tracking/install/ground_robot_control
[0.426s] -- Found ament_cmake: 1.3.6 (/opt/ros/humble/share/ament_cmake/cmake)
[0.426s] -- Found rclcpp: 16.0.7 (/opt/ros/humble/share/rclcpp/cmake)
[0.427s] -- Found rosidl_generator_c: 3.1.5 (/opt/ros/humble/share/rosidl_generator_c/cmake)
[0.427s] -- Found rosidl_adapter: 3.1.5 (/opt/ros/humble/share/rosidl_adapter/cmake)
[0.427s] -- Found rosidl_generator_cpp: 3.1.5 (/opt/ros/humble/share/rosidl_generator_cpp/cmake)
[0.427s] -- Using all available rosidl_typesupport_c: rosidl_typesupport_fastrtps_c;rosidl_typesupport_introspection_c
[0.427s] -- Using all available rosidl_typesupport_cpp: rosidl_typesupport_fastrtps_cpp;rosidl_typesupport_introspection_cpp
[0.443s] -- Found rmw_implementation_cmake: 6.1.1 (/opt/ros/humble/share/rmw_implementation_cmake/cmake)
[0.444s] -- Found rmw_fastrtps_cpp: 6.2.5 (/opt/ros/humble/share/rmw_fastrtps_cpp/cmake)
[0.503s] -- Using RMW implementation 'rmw_fastrtps_cpp' as default
[0.606s] -- Found geometry_msgs: 4.2.3 (/opt/ros/humble/share/geometry_msgs/cmake)
[0.632s] -- Found custom_interfaces: 0.0.0 (/home/sulieman/quadrotor_target_tracking/install/custom_interfaces/share/custom_interfaces/cmake)
[0.670s] -- Found gazebo_msgs: 3.7.0 (/opt/ros/humble/share/gazebo_msgs/cmake)
[0.817s] -- Found ament_lint_auto: 0.12.9 (/opt/ros/humble/share/ament_lint_auto/cmake)
[0.869s] -- Added test 'cppcheck' to perform static code analysis on C / C++ code
[0.869s] -- Configured cppcheck include dirs: $<BUILD_INTERFACE:/home/sulieman/quadrotor_target_tracking/src/ground_robot_control/include>
[0.869s] -- Configured cppcheck exclude dirs and/or files: 
[0.870s] -- Added test 'lint_cmake' to check CMake code style
[0.870s] -- Added test 'uncrustify' to check C / C++ code style
[0.870s] -- Configured uncrustify additional arguments: 
[0.871s] -- Added test 'xmllint' to check XML markup files
[0.871s] -- Configuring done
[0.879s] -- Generating done
[0.880s] -- Build files have been written to: /home/sulieman/quadrotor_target_tracking/build/ground_robot_control
[0.887s] Invoked command in '/home/sulieman/quadrotor_target_tracking/build/ground_robot_control' returned '0': CMAKE_PREFIX_PATH=${CMAKE_PREFIX_PATH}:/home/sulieman/quadrotor_target_tracking/install/simulation:/home/sulieman/quadrotor_target_tracking/install/robots_description:/opt/ros/humble /usr/bin/cmake /home/sulieman/quadrotor_target_tracking/src/ground_robot_control -DCMAKE_INSTALL_PREFIX=/home/sulieman/quadrotor_target_tracking/install/ground_robot_control
[0.888s] Invoking command in '/home/sulieman/quadrotor_target_tracking/build/ground_robot_control': CMAKE_PREFIX_PATH=${CMAKE_PREFIX_PATH}:/home/sulieman/quadrotor_target_tracking/install/simulation:/home/sulieman/quadrotor_target_tracking/install/robots_description:/opt/ros/humble /usr/bin/cmake --build /home/sulieman/quadrotor_target_tracking/build/ground_robot_control -- -j16 -l16
[0.923s] [ 25%] [32mBuilding CXX object CMakeFiles/ground_robot_reference.dir/src/ground_robot_reference.cpp.o[0m
[0.924s] [ 50%] [32mBuilding CXX object CMakeFiles/ground_robot_PID.dir/src/ground_robot_PID.cpp.o[0m
[3.750s] [ 75%] [32m[1mLinking CXX executable ground_robot_reference[0m
[3.881s] [ 75%] Built target ground_robot_reference
[7.291s] [100%] [32m[1mLinking CXX executable ground_robot_PID[0m
[7.632s] [100%] Built target ground_robot_PID
[7.639s] Invoked command in '/home/sulieman/quadrotor_target_tracking/build/ground_robot_control' returned '0': CMAKE_PREFIX_PATH=${CMAKE_PREFIX_PATH}:/home/sulieman/quadrotor_target_tracking/install/simulation:/home/sulieman/quadrotor_target_tracking/install/robots_description:/opt/ros/humble /usr/bin/cmake --build /home/sulieman/quadrotor_target_tracking/build/ground_robot_control -- -j16 -l16
[7.657s] Invoking command in '/home/sulieman/quadrotor_target_tracking/build/ground_robot_control': CMAKE_PREFIX_PATH=${CMAKE_PREFIX_PATH}:/home/sulieman/quadrotor_target_tracking/install/simulation:/home/sulieman/quadrotor_target_tracking/install/robots_description:/opt/ros/humble /usr/bin/cmake --install /home/sulieman/quadrotor_target_tracking/build/ground_robot_control
[7.662s] -- Install configuration: ""
[7.662s] -- Installing: /home/sulieman/quadrotor_target_tracking/install/ground_robot_control/lib/ground_robot_control/ground_robot_PID
[7.665s] -- Set runtime path of "/home/sulieman/quadrotor_target_tracking/install/ground_robot_control/lib/ground_robot_control/ground_robot_PID" to ""
[7.665s] -- Installing: /home/sulieman/quadrotor_target_tracking/install/ground_robot_control/lib/ground_robot_control/ground_robot_reference
[7.666s] -- Set runtime path of "/home/sulieman/quadrotor_target_tracking/install/ground_robot_control/lib/ground_robot_control/ground_robot_reference" to ""
[7.666s] -- Installing: /home/sulieman/quadrotor_target_tracking/install/ground_robot_control/share/ament_index/resource_index/package_run_dependencies/ground_robot_control
[7.666s] -- Installing: /home/sulieman/quadrotor_target_tracking/install/ground_robot_control/share/ament_index/resource_index/parent_prefix_path/ground_robot_control
[7.666s] -- Installing: /home/sulieman/quadrotor_target_tracking/install/ground_robot_control/share/ground_robot_control/environment/ament_prefix_path.sh
[7.666s] -- Installing: /home/sulieman/quadrotor_target_tracking/install/ground_robot_control/share/ground_robot_control/environment/ament_prefix_path.dsv
[7.666s] -- Installing: /home/sulieman/quadrotor_target_tracking/install/ground_robot_control/share/ground_robot_control/environment/path.sh
[7.666s] -- Installing: /home/sulieman/quadrotor_target_tracking/install/ground_robot_control/share/ground_robot_control/environment/path.dsv
[7.666s] -- Installing: /home/sulieman/quadrotor_target_tracking/install/ground_robot_control/share/ground_robot_control/local_setup.bash
[7.666s] -- Installing: /home/sulieman/quadrotor_target_tracking/install/ground_robot_control/share/ground_robot_control/local_setup.sh
[7.666s] -- Installing: /home/sulieman/quadrotor_target_tracking/install/ground_robot_control/share/ground_robot_control/local_setup.zsh
[7.666s] -- Installing: /home/sulieman/quadrotor_target_tracking/install/ground_robot_control/share/ground_robot_control/local_setup.dsv
[7.666s] -- Installing: /home/sulieman/quadrotor_target_tracking/install/ground_robot_control/share/ground_robot_control/package.dsv
[7.666s] -- Installing: /home/sulieman/quadrotor_target_tracking/install/ground_robot_control/share/ament_index/resource_index/packages/ground_robot_control
[7.667s] -- Installing: /home/sulieman/quadrotor_target_tracking/install/ground_robot_control/share/ground_robot_control/cmake/ground_robot_controlConfig.cmake
[7.667s] -- Installing: /home/sulieman/quadrotor_target_tracking/install/ground_robot_control/share/ground_robot_control/cmake/ground_robot_controlConfig-version.cmake
[7.667s] -- Installing: /home/sulieman/quadrotor_target_tracking/install/ground_robot_control/share/ground_robot_control/package.xml
[7.668s] Invoked command in '/home/sulieman/quadrotor_target_tracking/build/ground_robot_control' returned '0': CMAKE_PREFIX_PATH=${CMAKE_PREFIX_PATH}:/home/sulieman/quadrotor_target_tracking/install/simulation:/home/sulieman/quadrotor_target_tracking/install/robots_description:/opt/ros/humble /usr/bin/cmake --install /home/sulieman/quadrotor_target_tracking/build/ground_robot_control
