[0.819s] Invoking command in '/home/sulieman/quadrotor_target_tracking/build/simulation': PYTHONPATH=/home/sulieman/quadrotor_target_tracking/build/simulation/prefix_override:/home/sulieman/quadrotor_target_tracking/install/simulation/lib/python3.10/site-packages:${PYTHONPATH} /usr/bin/python3 setup.py develop --editable --build-directory /home/sulieman/quadrotor_target_tracking/build/simulation/build --no-deps install_data
[1.025s] running develop
[1.025s] /home/sulieman/.local/lib/python3.10/site-packages/setuptools/command/develop.py:40: EasyInstallDeprecationWarning: easy_install command is deprecated.
[1.025s] !!
[1.025s] 
[1.025s]         ********************************************************************************
[1.025s]         Please avoid running ``setup.py`` and ``easy_install``.
[1.025s]         Instead, use pypa/build, pypa/installer or other
[1.026s]         standards-based tools.
[1.026s] 
[1.026s]         See https://github.com/pypa/setuptools/issues/917 for details.
[1.026s]         ********************************************************************************
[1.026s] 
[1.026s] !!
[1.026s]   easy_install.initialize_options(self)
[1.046s] /home/sulieman/.local/lib/python3.10/site-packages/setuptools/_distutils/cmd.py:66: SetuptoolsDeprecationWarning: setup.py install is deprecated.
[1.046s] !!
[1.047s] 
[1.047s]         ********************************************************************************
[1.047s]         Please avoid running ``setup.py`` directly.
[1.047s]         Instead, use pypa/build, pypa/installer or other
[1.047s]         standards-based tools.
[1.047s] 
[1.047s]         See https://blog.ganssle.io/articles/2021/10/setup-py-deprecated.html for details.
[1.047s]         ********************************************************************************
[1.047s] 
[1.047s] !!
[1.047s]   self.initialize_options()
[1.166s] running egg_info
[1.181s] writing simulation.egg-info/PKG-INFO
[1.181s] writing dependency_links to simulation.egg-info/dependency_links.txt
[1.181s] writing requirements to simulation.egg-info/requires.txt
[1.181s] writing top-level names to simulation.egg-info/top_level.txt
[1.204s] reading manifest file 'simulation.egg-info/SOURCES.txt'
[1.205s] writing manifest file 'simulation.egg-info/SOURCES.txt'
[1.216s] running build_ext
[1.216s] Creating /home/sulieman/quadrotor_target_tracking/install/simulation/lib/python3.10/site-packages/simulation.egg-link (link to .)
[1.216s] 
[1.216s] Installed /home/sulieman/quadrotor_target_tracking/build/simulation
[1.216s] running install_data
[1.216s] copying resource/simulation -> /home/sulieman/quadrotor_target_tracking/install/simulation/share/ament_index/resource_index/packages
[1.217s] copying package.xml -> /home/sulieman/quadrotor_target_tracking/install/simulation/share/simulation
[1.217s] copying world/canyonview_field.world -> /home/sulieman/quadrotor_target_tracking/install/simulation/share/simulation/world
[1.217s] copying launch/target_tracking.launch.py -> /home/sulieman/quadrotor_target_tracking/install/simulation/share/simulation/launch
[1.217s] copying config/simulation.yaml -> /home/sulieman/quadrotor_target_tracking/install/simulation/share/simulation/config
[1.236s] Invoked command in '/home/sulieman/quadrotor_target_tracking/build/simulation' returned '0': PYTHONPATH=/home/sulieman/quadrotor_target_tracking/build/simulation/prefix_override:/home/sulieman/quadrotor_target_tracking/install/simulation/lib/python3.10/site-packages:${PYTHONPATH} /usr/bin/python3 setup.py develop --editable --build-directory /home/sulieman/quadrotor_target_tracking/build/simulation/build --no-deps install_data
