[0.171s] Invoking command in '/home/sulieman/quadrotor_target_tracking/build/quadrotor_control': CMAKE_PREFIX_PATH=${CMAKE_PREFIX_PATH}:/home/sulieman/quadrotor_target_tracking/install/simulation:/home/sulieman/quadrotor_target_tracking/install/robots_description:/opt/ros/humble /usr/bin/cmake --build /home/sulieman/quadrotor_target_tracking/build/quadrotor_control -- -j16 -l16
[0.369s] [35m[1mConsolidate compiler generated dependencies of target quadrotor_vision[0m
[0.369s] [ 50%] Built target quadrotor_mpc
[0.369s] [ 75%] [32mBuilding CXX object CMakeFiles/quadrotor_vision.dir/src/quadrotor_vision.cpp.o[0m
[2.302s] [01m[K/home/sulieman/quadrotor_target_tracking/src/quadrotor_control/src/quadrotor_vision.cpp:[m[K In lambda function:
[2.302s] [01m[K/home/sulieman/quadrotor_target_tracking/src/quadrotor_control/src/quadrotor_vision.cpp:122:39:[m[K [01;35m[Kwarning: [m[Kcomparison of integer expressions of different signedness: ‘[01m[Kint[m[K’ and ‘[01m[Kstd::vector<int>::size_type[m[K’ {aka ‘[01m[Klong unsigned int[m[K’} [[01;35m[K]8;;https://gcc.gnu.org/onlinedocs/gcc/Warning-Options.html#index-Wsign-compare-Wsign-compare]8;;[m[K]
[2.302s]   122 |                     for (int i = 0; [01;35m[Ki < markerIds.size()[m[K; i++)
[2.302s]       |                                     [01;35m[K~~^~~~~~~~~~~~~~~~~~[m[K
[8.583s] [100%] [32m[1mLinking CXX executable quadrotor_vision[0m
[9.230s] [100%] Built target quadrotor_vision
[9.238s] Invoked command in '/home/sulieman/quadrotor_target_tracking/build/quadrotor_control' returned '0': CMAKE_PREFIX_PATH=${CMAKE_PREFIX_PATH}:/home/sulieman/quadrotor_target_tracking/install/simulation:/home/sulieman/quadrotor_target_tracking/install/robots_description:/opt/ros/humble /usr/bin/cmake --build /home/sulieman/quadrotor_target_tracking/build/quadrotor_control -- -j16 -l16
[9.255s] Invoking command in '/home/sulieman/quadrotor_target_tracking/build/quadrotor_control': CMAKE_PREFIX_PATH=${CMAKE_PREFIX_PATH}:/home/sulieman/quadrotor_target_tracking/install/simulation:/home/sulieman/quadrotor_target_tracking/install/robots_description:/opt/ros/humble /usr/bin/cmake --install /home/sulieman/quadrotor_target_tracking/build/quadrotor_control
[9.258s] -- Install configuration: ""
[9.258s] -- Up-to-date: /home/sulieman/quadrotor_target_tracking/install/quadrotor_control/lib/quadrotor_control/quadrotor_mpc
[9.258s] -- Installing: /home/sulieman/quadrotor_target_tracking/install/quadrotor_control/lib/quadrotor_control/quadrotor_vision
[9.265s] -- Set runtime path of "/home/sulieman/quadrotor_target_tracking/install/quadrotor_control/lib/quadrotor_control/quadrotor_vision" to ""
[9.266s] -- Up-to-date: /home/sulieman/quadrotor_target_tracking/install/quadrotor_control/share/ament_index/resource_index/package_run_dependencies/quadrotor_control
[9.266s] -- Up-to-date: /home/sulieman/quadrotor_target_tracking/install/quadrotor_control/share/ament_index/resource_index/parent_prefix_path/quadrotor_control
[9.266s] -- Up-to-date: /home/sulieman/quadrotor_target_tracking/install/quadrotor_control/share/quadrotor_control/environment/ament_prefix_path.sh
[9.266s] -- Up-to-date: /home/sulieman/quadrotor_target_tracking/install/quadrotor_control/share/quadrotor_control/environment/ament_prefix_path.dsv
[9.266s] -- Up-to-date: /home/sulieman/quadrotor_target_tracking/install/quadrotor_control/share/quadrotor_control/environment/path.sh
[9.266s] -- Up-to-date: /home/sulieman/quadrotor_target_tracking/install/quadrotor_control/share/quadrotor_control/environment/path.dsv
[9.266s] -- Up-to-date: /home/sulieman/quadrotor_target_tracking/install/quadrotor_control/share/quadrotor_control/local_setup.bash
[9.266s] -- Up-to-date: /home/sulieman/quadrotor_target_tracking/install/quadrotor_control/share/quadrotor_control/local_setup.sh
[9.266s] -- Up-to-date: /home/sulieman/quadrotor_target_tracking/install/quadrotor_control/share/quadrotor_control/local_setup.zsh
[9.266s] -- Up-to-date: /home/sulieman/quadrotor_target_tracking/install/quadrotor_control/share/quadrotor_control/local_setup.dsv
[9.266s] -- Installing: /home/sulieman/quadrotor_target_tracking/install/quadrotor_control/share/quadrotor_control/package.dsv
[9.266s] -- Up-to-date: /home/sulieman/quadrotor_target_tracking/install/quadrotor_control/share/ament_index/resource_index/packages/quadrotor_control
[9.266s] -- Up-to-date: /home/sulieman/quadrotor_target_tracking/install/quadrotor_control/share/quadrotor_control/cmake/quadrotor_controlConfig.cmake
[9.266s] -- Up-to-date: /home/sulieman/quadrotor_target_tracking/install/quadrotor_control/share/quadrotor_control/cmake/quadrotor_controlConfig-version.cmake
[9.266s] -- Up-to-date: /home/sulieman/quadrotor_target_tracking/install/quadrotor_control/share/quadrotor_control/package.xml
[9.267s] Invoked command in '/home/sulieman/quadrotor_target_tracking/build/quadrotor_control' returned '0': CMAKE_PREFIX_PATH=${CMAKE_PREFIX_PATH}:/home/sulieman/quadrotor_target_tracking/install/simulation:/home/sulieman/quadrotor_target_tracking/install/robots_description:/opt/ros/humble /usr/bin/cmake --install /home/sulieman/quadrotor_target_tracking/build/quadrotor_control
