[0.228s] Invoking command in '/home/sulieman/quadrotor_target_tracking/build/ground_robot_control': CMAKE_PREFIX_PATH=${CMAKE_PREFIX_PATH}:/home/sulieman/quadrotor_target_tracking/install/simulation:/home/sulieman/quadrotor_target_tracking/install/robots_description:/opt/ros/humble /usr/bin/cmake /home/sulieman/quadrotor_target_tracking/src/ground_robot_control -DCMAKE_INSTALL_PREFIX=/home/sulieman/quadrotor_target_tracking/install/ground_robot_control
[0.429s] -- The C compiler identification is GNU 11.4.0
[0.430s] -- The CXX compiler identification is GNU 11.4.0
[0.430s] -- Detecting C compiler ABI info
[0.430s] -- Detecting C compiler ABI info - done
[0.430s] -- Check for working C compiler: /usr/bin/cc - skipped
[0.431s] -- Detecting C compile features
[0.431s] -- Detecting C compile features - done
[0.431s] -- Detecting CXX compiler ABI info
[0.440s] -- Detecting CXX compiler ABI info - done
[0.445s] -- Check for working CXX compiler: /usr/bin/c++ - skipped
[0.445s] -- Detecting CXX compile features
[0.446s] -- Detecting CXX compile features - done
[0.449s] -- Found ament_cmake: 1.3.6 (/opt/ros/humble/share/ament_cmake/cmake)
[0.685s] -- Found Python3: /usr/bin/python3.10 (found version "3.10.12") found components: Interpreter 
[0.753s] -- Found rclcpp: 16.0.7 (/opt/ros/humble/share/rclcpp/cmake)
[0.783s] -- Found rosidl_generator_c: 3.1.5 (/opt/ros/humble/share/rosidl_generator_c/cmake)
[0.788s] -- Found rosidl_adapter: 3.1.5 (/opt/ros/humble/share/rosidl_adapter/cmake)
[0.796s] -- Found rosidl_generator_cpp: 3.1.5 (/opt/ros/humble/share/rosidl_generator_cpp/cmake)
[0.808s] -- Using all available rosidl_typesupport_c: rosidl_typesupport_fastrtps_c;rosidl_typesupport_introspection_c
[0.821s] -- Using all available rosidl_typesupport_cpp: rosidl_typesupport_fastrtps_cpp;rosidl_typesupport_introspection_cpp
[0.868s] -- Found rmw_implementation_cmake: 6.1.1 (/opt/ros/humble/share/rmw_implementation_cmake/cmake)
[0.871s] -- Found rmw_fastrtps_cpp: 6.2.5 (/opt/ros/humble/share/rmw_fastrtps_cpp/cmake)
[0.944s] -- Found OpenSSL: /usr/lib/x86_64-linux-gnu/libcrypto.so (found version "3.0.2")  
[0.961s] -- Found FastRTPS: /opt/ros/humble/include  
[0.981s] -- Using RMW implementation 'rmw_fastrtps_cpp' as default
[0.990s] -- Looking for pthread.h
[1.036s] -- Looking for pthread.h - found
[1.036s] -- Performing Test CMAKE_HAVE_LIBC_PTHREAD
[1.091s] -- Performing Test CMAKE_HAVE_LIBC_PTHREAD - Success
[1.092s] -- Found Threads: TRUE  
[1.207s] -- Found geometry_msgs: 4.2.3 (/opt/ros/humble/share/geometry_msgs/cmake)
[1.243s] [31mCMake Error at CMakeLists.txt:13 (find_package):
[1.243s]   By not providing "Findcustom_interfaces.cmake" in CMAKE_MODULE_PATH this
[1.243s]   project has asked CMake to find a package configuration file provided by
[1.243s]   "custom_interfaces", but CMake did not find one.
[1.243s] 
[1.243s]   Could not find a package configuration file provided by "custom_interfaces"
[1.244s]   with any of the following names:
[1.244s] 
[1.244s]     custom_interfacesConfig.cmake
[1.244s]     custom_interfaces-config.cmake
[1.244s] 
[1.244s]   Add the installation prefix of "custom_interfaces" to CMAKE_PREFIX_PATH or
[1.244s]   set "custom_interfaces_DIR" to a directory containing one of the above
[1.244s]   files.  If "custom_interfaces" provides a separate development package or
[1.244s]   SDK, be sure it has been installed.
[1.244s] 
[1.244s] [0m
[1.244s] -- Configuring incomplete, errors occurred!
[1.244s] See also "/home/sulieman/quadrotor_target_tracking/build/ground_robot_control/CMakeFiles/CMakeOutput.log".
[1.251s] Invoked command in '/home/sulieman/quadrotor_target_tracking/build/ground_robot_control' returned '1': CMAKE_PREFIX_PATH=${CMAKE_PREFIX_PATH}:/home/sulieman/quadrotor_target_tracking/install/simulation:/home/sulieman/quadrotor_target_tracking/install/robots_description:/opt/ros/humble /usr/bin/cmake /home/sulieman/quadrotor_target_tracking/src/ground_robot_control -DCMAKE_INSTALL_PREFIX=/home/sulieman/quadrotor_target_tracking/install/ground_robot_control
