[0.910s] Invoking command in '/home/sulieman/quadrotor_target_tracking/build/simulation': PYTHONPATH=/home/sulieman/quadrotor_target_tracking/build/simulation/prefix_override:/home/sulieman/quadrotor_target_tracking/install/simulation/lib/python3.10/site-packages:${PYTHONPATH} /usr/bin/python3 setup.py develop --editable --build-directory /home/sulieman/quadrotor_target_tracking/build/simulation/build --no-deps install_data
[1.154s] running develop
[1.154s] /home/sulieman/.local/lib/python3.10/site-packages/setuptools/command/develop.py:40: EasyInstallDeprecationWarning: easy_install command is deprecated.
[1.154s] !!
[1.154s] 
[1.154s]         ********************************************************************************
[1.155s]         Please avoid running ``setup.py`` and ``easy_install``.
[1.155s]         Instead, use pypa/build, pypa/installer or other
[1.155s]         standards-based tools.
[1.155s] 
[1.155s]         See https://github.com/pypa/setuptools/issues/917 for details.
[1.155s]         ********************************************************************************
[1.155s] 
[1.155s] !!
[1.155s]   easy_install.initialize_options(self)
[1.179s] /home/sulieman/.local/lib/python3.10/site-packages/setuptools/_distutils/cmd.py:66: SetuptoolsDeprecationWarning: setup.py install is deprecated.
[1.179s] !!
[1.179s] 
[1.179s]         ********************************************************************************
[1.179s]         Please avoid running ``setup.py`` directly.
[1.179s]         Instead, use pypa/build, pypa/installer or other
[1.179s]         standards-based tools.
[1.179s] 
[1.179s]         See https://blog.ganssle.io/articles/2021/10/setup-py-deprecated.html for details.
[1.179s]         ********************************************************************************
[1.179s] 
[1.179s] !!
[1.179s]   self.initialize_options()
[1.320s] running egg_info
[1.339s] writing simulation.egg-info/PKG-INFO
[1.339s] writing dependency_links to simulation.egg-info/dependency_links.txt
[1.339s] writing requirements to simulation.egg-info/requires.txt
[1.340s] writing top-level names to simulation.egg-info/top_level.txt
[1.366s] reading manifest file 'simulation.egg-info/SOURCES.txt'
[1.367s] writing manifest file 'simulation.egg-info/SOURCES.txt'
[1.381s] running build_ext
[1.381s] Creating /home/sulieman/quadrotor_target_tracking/install/simulation/lib/python3.10/site-packages/simulation.egg-link (link to .)
[1.381s] 
[1.382s] Installed /home/sulieman/quadrotor_target_tracking/build/simulation
[1.382s] running install_data
[1.382s] copying resource/simulation -> /home/sulieman/quadrotor_target_tracking/install/simulation/share/ament_index/resource_index/packages
[1.382s] copying package.xml -> /home/sulieman/quadrotor_target_tracking/install/simulation/share/simulation
[1.382s] copying world/canyonview_field.world -> /home/sulieman/quadrotor_target_tracking/install/simulation/share/simulation/world
[1.383s] copying launch/target_tracking.launch.py -> /home/sulieman/quadrotor_target_tracking/install/simulation/share/simulation/launch
[1.383s] copying config/simulation.yaml -> /home/sulieman/quadrotor_target_tracking/install/simulation/share/simulation/config
[1.417s] Invoked command in '/home/sulieman/quadrotor_target_tracking/build/simulation' returned '0': PYTHONPATH=/home/sulieman/quadrotor_target_tracking/build/simulation/prefix_override:/home/sulieman/quadrotor_target_tracking/install/simulation/lib/python3.10/site-packages:${PYTHONPATH} /usr/bin/python3 setup.py develop --editable --build-directory /home/sulieman/quadrotor_target_tracking/build/simulation/build --no-deps install_data
