[35m[1mConsolidate compiler generated dependencies of target quadrotor_mpc[0m
[ 50%] Built target quadrotor_vision
[ 75%] [32mBuilding CXX object CMakeFiles/quadrotor_mpc.dir/src/quadrotor_mpc.cpp.o[0m
In file included from [01m[K/opt/ros/humble/include/rclcpp/rclcpp/logging.hpp:24[m[K,
                 from [01m[K/opt/ros/humble/include/rclcpp/rclcpp/client.hpp:40[m[K,
                 from [01m[K/opt/ros/humble/include/rclcpp/rclcpp/callback_group.hpp:24[m[K,
                 from [01m[K/opt/ros/humble/include/rclcpp/rclcpp/any_executable.hpp:20[m[K,
                 from [01m[K/opt/ros/humble/include/rclcpp/rclcpp/memory_strategy.hpp:25[m[K,
                 from [01m[K/opt/ros/humble/include/rclcpp/rclcpp/memory_strategies.hpp:18[m[K,
                 from [01m[K/opt/ros/humble/include/rclcpp/rclcpp/executor_options.hpp:20[m[K,
                 from [01m[K/opt/ros/humble/include/rclcpp/rclcpp/executor.hpp:37[m[K,
                 from [01m[K/opt/ros/humble/include/rclcpp/rclcpp/executors/multi_threaded_executor.hpp:25[m[K,
                 from [01m[K/opt/ros/humble/include/rclcpp/rclcpp/executors.hpp:21[m[K,
                 from [01m[K/opt/ros/humble/include/rclcpp/rclcpp/rclcpp.hpp:155[m[K,
                 from [01m[K/home/sulieman/quadrotor_target_tracking/src/quadrotor_control/src/quadrotor_mpc.cpp:8[m[K:
[01m[K/home/sulieman/quadrotor_target_tracking/src/quadrotor_control/src/quadrotor_mpc.cpp:[m[K In lambda function:
[01m[K/home/sulieman/quadrotor_target_tracking/src/quadrotor_control/src/quadrotor_mpc.cpp:82:48:[m[K [01;35m[Kwarning: [m[Ktoo many arguments for format [[01;35m[K]8;;https://gcc.gnu.org/onlinedocs/gcc/Warning-Options.html#index-Wformat-extra-args-Wformat-extra-args]8;;[m[K]
   82 |                 RCLCPP_INFO(this->get_logger(),[01;35m[K"p:\n"[m[K,p)
      |                                                [01;35m[K^~~~~~[m[K
[01m[K/home/sulieman/quadrotor_target_tracking/src/quadrotor_control/src/quadrotor_mpc.cpp:83:17:[m[K [01;31m[Kerror: [m[Kexpected ‘[01m[K;[m[K’ before ‘[01m[Kx[m[K’
   83 |                 [01;31m[Kx[m[K = response->state.twist.linear.x;
      |                 [01;31m[K^[m[K
gmake[2]: *** [CMakeFiles/quadrotor_mpc.dir/build.make:76: CMakeFiles/quadrotor_mpc.dir/src/quadrotor_mpc.cpp.o] Error 1
gmake[1]: *** [CMakeFiles/Makefile2:139: CMakeFiles/quadrotor_mpc.dir/all] Error 2
gmake: *** [Makefile:146: all] Error 2
