[0.868s] Invoking command in '/home/sulieman/quadrotor_target_tracking/build/simulation': PYTHONPATH=/home/sulieman/quadrotor_target_tracking/build/simulation/prefix_override:/home/sulieman/quadrotor_target_tracking/install/simulation/lib/python3.10/site-packages:${PYTHONPATH} /usr/bin/python3 setup.py develop --editable --build-directory /home/sulieman/quadrotor_target_tracking/build/simulation/build --no-deps install_data
[1.102s] running develop
[1.103s] /home/sulieman/.local/lib/python3.10/site-packages/setuptools/command/develop.py:40: EasyInstallDeprecationWarning: easy_install command is deprecated.
[1.103s] !!
[1.103s] 
[1.103s]         ********************************************************************************
[1.103s]         Please avoid running ``setup.py`` and ``easy_install``.
[1.103s]         Instead, use pypa/build, pypa/installer or other
[1.103s]         standards-based tools.
[1.103s] 
[1.103s]         See https://github.com/pypa/setuptools/issues/917 for details.
[1.103s]         ********************************************************************************
[1.103s] 
[1.103s] !!
[1.103s]   easy_install.initialize_options(self)
[1.127s] /home/sulieman/.local/lib/python3.10/site-packages/setuptools/_distutils/cmd.py:66: SetuptoolsDeprecationWarning: setup.py install is deprecated.
[1.127s] !!
[1.127s] 
[1.127s]         ********************************************************************************
[1.127s]         Please avoid running ``setup.py`` directly.
[1.127s]         Instead, use pypa/build, pypa/installer or other
[1.127s]         standards-based tools.
[1.128s] 
[1.128s]         See https://blog.ganssle.io/articles/2021/10/setup-py-deprecated.html for details.
[1.128s]         ********************************************************************************
[1.128s] 
[1.128s] !!
[1.128s]   self.initialize_options()
[1.272s] running egg_info
[1.292s] writing simulation.egg-info/PKG-INFO
[1.293s] writing dependency_links to simulation.egg-info/dependency_links.txt
[1.293s] writing requirements to simulation.egg-info/requires.txt
[1.293s] writing top-level names to simulation.egg-info/top_level.txt
[1.319s] reading manifest file 'simulation.egg-info/SOURCES.txt'
[1.320s] writing manifest file 'simulation.egg-info/SOURCES.txt'
[1.333s] running build_ext
[1.333s] Creating /home/sulieman/quadrotor_target_tracking/install/simulation/lib/python3.10/site-packages/simulation.egg-link (link to .)
[1.334s] 
[1.334s] Installed /home/sulieman/quadrotor_target_tracking/build/simulation
[1.334s] running install_data
[1.334s] copying resource/simulation -> /home/sulieman/quadrotor_target_tracking/install/simulation/share/ament_index/resource_index/packages
[1.334s] copying package.xml -> /home/sulieman/quadrotor_target_tracking/install/simulation/share/simulation
[1.334s] copying world/canyonview_field.world -> /home/sulieman/quadrotor_target_tracking/install/simulation/share/simulation/world
[1.334s] copying launch/target_tracking.launch.py -> /home/sulieman/quadrotor_target_tracking/install/simulation/share/simulation/launch
[1.334s] copying config/simulation.yaml -> /home/sulieman/quadrotor_target_tracking/install/simulation/share/simulation/config
[1.359s] Invoked command in '/home/sulieman/quadrotor_target_tracking/build/simulation' returned '0': PYTHONPATH=/home/sulieman/quadrotor_target_tracking/build/simulation/prefix_override:/home/sulieman/quadrotor_target_tracking/install/simulation/lib/python3.10/site-packages:${PYTHONPATH} /usr/bin/python3 setup.py develop --editable --build-directory /home/sulieman/quadrotor_target_tracking/build/simulation/build --no-deps install_data
