[0.656s] DEBUG:colcon:Command line arguments: ['/usr/bin/colcon', 'build', '--symlink-install']
[0.656s] DEBUG:colcon:Parsed command line arguments: Namespace(log_base=None, log_level=None, verb_name='build', build_base='build', install_base='install', merge_install=False, symlink_install=True, test_result_base=None, continue_on_error=False, executor='parallel', parallel_workers=16, event_handlers=None, ignore_user_meta=False, metas=['./colcon.meta'], base_paths=['.'], packages_ignore=None, packages_ignore_regex=None, paths=None, packages_up_to=None, packages_up_to_regex=None, packages_above=None, packages_above_and_dependencies=None, packages_above_depth=None, packages_select_by_dep=None, packages_skip_by_dep=None, packages_skip_up_to=None, packages_select_build_failed=False, packages_skip_build_finished=False, packages_select_test_failures=False, packages_skip_test_passed=False, packages_select=None, packages_skip=None, packages_select_regex=None, packages_skip_regex=None, packages_start=None, packages_end=None, allow_overriding=[], cmake_args=None, cmake_target=None, cmake_target_skip_unavailable=False, cmake_clean_cache=False, cmake_clean_first=False, cmake_force_configure=False, ament_cmake_args=None, catkin_cmake_args=None, catkin_skip_building_tests=False, verb_parser=<colcon_defaults.argument_parser.defaults.DefaultArgumentsDecorator object at 0x72e34e910430>, verb_extension=<colcon_core.verb.build.BuildVerb object at 0x72e34e917e80>, main=<bound method BuildVerb.main of <colcon_core.verb.build.BuildVerb object at 0x72e34e917e80>>)
[0.693s] Level 1:colcon.colcon_core.package_discovery:discover_packages(colcon_meta) check parameters
[0.693s] Level 1:colcon.colcon_core.package_discovery:discover_packages(recursive) check parameters
[0.693s] Level 1:colcon.colcon_core.package_discovery:discover_packages(ignore) check parameters
[0.693s] Level 1:colcon.colcon_core.package_discovery:discover_packages(path) check parameters
[0.693s] Level 1:colcon.colcon_core.package_discovery:discover_packages(colcon_meta) discover
[0.693s] Level 1:colcon.colcon_core.package_discovery:discover_packages(recursive) discover
[0.693s] INFO:colcon.colcon_core.package_discovery:Crawling recursively for packages in '/home/sulieman/quadrotor_target_tracking'
[0.693s] Level 1:colcon.colcon_core.package_identification:_identify(.) by extensions ['ignore', 'ignore_ament_install']
[0.693s] Level 1:colcon.colcon_core.package_identification:_identify(.) by extension 'ignore'
[0.693s] Level 1:colcon.colcon_core.package_identification:_identify(.) by extension 'ignore_ament_install'
[0.693s] Level 1:colcon.colcon_core.package_identification:_identify(.) by extensions ['colcon_pkg']
[0.693s] Level 1:colcon.colcon_core.package_identification:_identify(.) by extension 'colcon_pkg'
[0.693s] Level 1:colcon.colcon_core.package_identification:_identify(.) by extensions ['colcon_meta']
[0.693s] Level 1:colcon.colcon_core.package_identification:_identify(.) by extension 'colcon_meta'
[0.693s] Level 1:colcon.colcon_core.package_identification:_identify(.) by extensions ['ros']
[0.693s] Level 1:colcon.colcon_core.package_identification:_identify(.) by extension 'ros'
[0.701s] Level 1:colcon.colcon_core.package_identification:_identify(.) by extensions ['cmake', 'python']
[0.701s] Level 1:colcon.colcon_core.package_identification:_identify(.) by extension 'cmake'
[0.701s] Level 1:colcon.colcon_core.package_identification:_identify(.) by extension 'python'
[0.701s] Level 1:colcon.colcon_core.package_identification:_identify(.) by extensions ['python_setup_py']
[0.701s] Level 1:colcon.colcon_core.package_identification:_identify(.) by extension 'python_setup_py'
[0.701s] Level 1:colcon.colcon_core.package_identification:_identify(build) by extensions ['ignore', 'ignore_ament_install']
[0.701s] Level 1:colcon.colcon_core.package_identification:_identify(build) by extension 'ignore'
[0.701s] Level 1:colcon.colcon_core.package_identification:_identify(build) ignored
[0.701s] Level 1:colcon.colcon_core.package_identification:_identify(install) by extensions ['ignore', 'ignore_ament_install']
[0.701s] Level 1:colcon.colcon_core.package_identification:_identify(install) by extension 'ignore'
[0.701s] Level 1:colcon.colcon_core.package_identification:_identify(install) ignored
[0.701s] Level 1:colcon.colcon_core.package_identification:_identify(log) by extensions ['ignore', 'ignore_ament_install']
[0.701s] Level 1:colcon.colcon_core.package_identification:_identify(log) by extension 'ignore'
[0.701s] Level 1:colcon.colcon_core.package_identification:_identify(log) ignored
[0.702s] Level 1:colcon.colcon_core.package_identification:_identify(src) by extensions ['ignore', 'ignore_ament_install']
[0.702s] Level 1:colcon.colcon_core.package_identification:_identify(src) by extension 'ignore'
[0.702s] Level 1:colcon.colcon_core.package_identification:_identify(src) by extension 'ignore_ament_install'
[0.702s] Level 1:colcon.colcon_core.package_identification:_identify(src) by extensions ['colcon_pkg']
[0.702s] Level 1:colcon.colcon_core.package_identification:_identify(src) by extension 'colcon_pkg'
[0.702s] Level 1:colcon.colcon_core.package_identification:_identify(src) by extensions ['colcon_meta']
[0.702s] Level 1:colcon.colcon_core.package_identification:_identify(src) by extension 'colcon_meta'
[0.702s] Level 1:colcon.colcon_core.package_identification:_identify(src) by extensions ['ros']
[0.702s] Level 1:colcon.colcon_core.package_identification:_identify(src) by extension 'ros'
[0.702s] Level 1:colcon.colcon_core.package_identification:_identify(src) by extensions ['cmake', 'python']
[0.702s] Level 1:colcon.colcon_core.package_identification:_identify(src) by extension 'cmake'
[0.702s] Level 1:colcon.colcon_core.package_identification:_identify(src) by extension 'python'
[0.702s] Level 1:colcon.colcon_core.package_identification:_identify(src) by extensions ['python_setup_py']
[0.702s] Level 1:colcon.colcon_core.package_identification:_identify(src) by extension 'python_setup_py'
[0.702s] Level 1:colcon.colcon_core.package_identification:_identify(src/custom_interfaces) by extensions ['ignore', 'ignore_ament_install']
[0.702s] Level 1:colcon.colcon_core.package_identification:_identify(src/custom_interfaces) by extension 'ignore'
[0.702s] Level 1:colcon.colcon_core.package_identification:_identify(src/custom_interfaces) by extension 'ignore_ament_install'
[0.702s] Level 1:colcon.colcon_core.package_identification:_identify(src/custom_interfaces) by extensions ['colcon_pkg']
[0.702s] Level 1:colcon.colcon_core.package_identification:_identify(src/custom_interfaces) by extension 'colcon_pkg'
[0.702s] Level 1:colcon.colcon_core.package_identification:_identify(src/custom_interfaces) by extensions ['colcon_meta']
[0.702s] Level 1:colcon.colcon_core.package_identification:_identify(src/custom_interfaces) by extension 'colcon_meta'
[0.702s] Level 1:colcon.colcon_core.package_identification:_identify(src/custom_interfaces) by extensions ['ros']
[0.702s] Level 1:colcon.colcon_core.package_identification:_identify(src/custom_interfaces) by extension 'ros'
[0.703s] DEBUG:colcon.colcon_core.package_identification:Package 'src/custom_interfaces' with type 'ros.ament_cmake' and name 'custom_interfaces'
[0.704s] Level 1:colcon.colcon_core.package_identification:_identify(src/quadrotor_control) by extensions ['ignore', 'ignore_ament_install']
[0.704s] Level 1:colcon.colcon_core.package_identification:_identify(src/quadrotor_control) by extension 'ignore'
[0.704s] Level 1:colcon.colcon_core.package_identification:_identify(src/quadrotor_control) by extension 'ignore_ament_install'
[0.704s] Level 1:colcon.colcon_core.package_identification:_identify(src/quadrotor_control) by extensions ['colcon_pkg']
[0.704s] Level 1:colcon.colcon_core.package_identification:_identify(src/quadrotor_control) by extension 'colcon_pkg'
[0.704s] Level 1:colcon.colcon_core.package_identification:_identify(src/quadrotor_control) by extensions ['colcon_meta']
[0.704s] Level 1:colcon.colcon_core.package_identification:_identify(src/quadrotor_control) by extension 'colcon_meta'
[0.704s] Level 1:colcon.colcon_core.package_identification:_identify(src/quadrotor_control) by extensions ['ros']
[0.704s] Level 1:colcon.colcon_core.package_identification:_identify(src/quadrotor_control) by extension 'ros'
[0.704s] DEBUG:colcon.colcon_core.package_identification:Package 'src/quadrotor_control' with type 'ros.ament_cmake' and name 'quadrotor_control'
[0.704s] Level 1:colcon.colcon_core.package_identification:_identify(src/robots_description) by extensions ['ignore', 'ignore_ament_install']
[0.704s] Level 1:colcon.colcon_core.package_identification:_identify(src/robots_description) by extension 'ignore'
[0.704s] Level 1:colcon.colcon_core.package_identification:_identify(src/robots_description) by extension 'ignore_ament_install'
[0.704s] Level 1:colcon.colcon_core.package_identification:_identify(src/robots_description) by extensions ['colcon_pkg']
[0.704s] Level 1:colcon.colcon_core.package_identification:_identify(src/robots_description) by extension 'colcon_pkg'
[0.704s] Level 1:colcon.colcon_core.package_identification:_identify(src/robots_description) by extensions ['colcon_meta']
[0.704s] Level 1:colcon.colcon_core.package_identification:_identify(src/robots_description) by extension 'colcon_meta'
[0.704s] Level 1:colcon.colcon_core.package_identification:_identify(src/robots_description) by extensions ['ros']
[0.704s] Level 1:colcon.colcon_core.package_identification:_identify(src/robots_description) by extension 'ros'
[0.705s] DEBUG:colcon.colcon_core.package_identification:Package 'src/robots_description' with type 'ros.ament_python' and name 'robots_description'
[0.705s] Level 1:colcon.colcon_core.package_identification:_identify(src/simulation) by extensions ['ignore', 'ignore_ament_install']
[0.705s] Level 1:colcon.colcon_core.package_identification:_identify(src/simulation) by extension 'ignore'
[0.705s] Level 1:colcon.colcon_core.package_identification:_identify(src/simulation) by extension 'ignore_ament_install'
[0.705s] Level 1:colcon.colcon_core.package_identification:_identify(src/simulation) by extensions ['colcon_pkg']
[0.705s] Level 1:colcon.colcon_core.package_identification:_identify(src/simulation) by extension 'colcon_pkg'
[0.705s] Level 1:colcon.colcon_core.package_identification:_identify(src/simulation) by extensions ['colcon_meta']
[0.705s] Level 1:colcon.colcon_core.package_identification:_identify(src/simulation) by extension 'colcon_meta'
[0.705s] Level 1:colcon.colcon_core.package_identification:_identify(src/simulation) by extensions ['ros']
[0.705s] Level 1:colcon.colcon_core.package_identification:_identify(src/simulation) by extension 'ros'
[0.705s] DEBUG:colcon.colcon_core.package_identification:Package 'src/simulation' with type 'ros.ament_python' and name 'simulation'
[0.705s] Level 1:colcon.colcon_core.package_discovery:discover_packages(recursive) using defaults
[0.705s] Level 1:colcon.colcon_core.package_discovery:discover_packages(ignore) discover
[0.705s] Level 1:colcon.colcon_core.package_discovery:discover_packages(ignore) using defaults
[0.705s] Level 1:colcon.colcon_core.package_discovery:discover_packages(path) discover
[0.705s] Level 1:colcon.colcon_core.package_discovery:discover_packages(path) using defaults
[0.764s] Level 1:colcon.colcon_core.package_discovery:discover_packages(prefix_path) check parameters
[0.764s] Level 1:colcon.colcon_core.package_discovery:discover_packages(prefix_path) discover
[0.791s] DEBUG:colcon.colcon_installed_package_information.package_discovery:Found 4 installed packages in /home/sulieman/quadrotor_target_tracking/install
[0.801s] DEBUG:colcon.colcon_installed_package_information.package_discovery:Found 363 installed packages in /opt/ros/humble
[0.802s] Level 1:colcon.colcon_core.package_discovery:discover_packages(prefix_path) using defaults
[0.851s] Level 5:colcon.colcon_core.verb:set package 'custom_interfaces' build argument 'cmake_args' from command line to 'None'
[0.851s] Level 5:colcon.colcon_core.verb:set package 'custom_interfaces' build argument 'cmake_target' from command line to 'None'
[0.851s] Level 5:colcon.colcon_core.verb:set package 'custom_interfaces' build argument 'cmake_target_skip_unavailable' from command line to 'False'
[0.851s] Level 5:colcon.colcon_core.verb:set package 'custom_interfaces' build argument 'cmake_clean_cache' from command line to 'False'
[0.851s] Level 5:colcon.colcon_core.verb:set package 'custom_interfaces' build argument 'cmake_clean_first' from command line to 'False'
[0.851s] Level 5:colcon.colcon_core.verb:set package 'custom_interfaces' build argument 'cmake_force_configure' from command line to 'False'
[0.851s] Level 5:colcon.colcon_core.verb:set package 'custom_interfaces' build argument 'ament_cmake_args' from command line to 'None'
[0.851s] Level 5:colcon.colcon_core.verb:set package 'custom_interfaces' build argument 'catkin_cmake_args' from command line to 'None'
[0.851s] Level 5:colcon.colcon_core.verb:set package 'custom_interfaces' build argument 'catkin_skip_building_tests' from command line to 'False'
[0.851s] DEBUG:colcon.colcon_core.verb:Building package 'custom_interfaces' with the following arguments: {'ament_cmake_args': None, 'build_base': '/home/sulieman/quadrotor_target_tracking/build/custom_interfaces', 'catkin_cmake_args': None, 'catkin_skip_building_tests': False, 'cmake_args': None, 'cmake_clean_cache': False, 'cmake_clean_first': False, 'cmake_force_configure': False, 'cmake_target': None, 'cmake_target_skip_unavailable': False, 'install_base': '/home/sulieman/quadrotor_target_tracking/install/custom_interfaces', 'merge_install': False, 'path': '/home/sulieman/quadrotor_target_tracking/src/custom_interfaces', 'symlink_install': True, 'test_result_base': None}
[0.861s] Level 5:colcon.colcon_core.verb:set package 'quadrotor_control' build argument 'cmake_args' from command line to 'None'
[0.861s] Level 5:colcon.colcon_core.verb:set package 'quadrotor_control' build argument 'cmake_target' from command line to 'None'
[0.861s] Level 5:colcon.colcon_core.verb:set package 'quadrotor_control' build argument 'cmake_target_skip_unavailable' from command line to 'False'
[0.861s] Level 5:colcon.colcon_core.verb:set package 'quadrotor_control' build argument 'cmake_clean_cache' from command line to 'False'
[0.861s] Level 5:colcon.colcon_core.verb:set package 'quadrotor_control' build argument 'cmake_clean_first' from command line to 'False'
[0.861s] Level 5:colcon.colcon_core.verb:set package 'quadrotor_control' build argument 'cmake_force_configure' from command line to 'False'
[0.861s] Level 5:colcon.colcon_core.verb:set package 'quadrotor_control' build argument 'ament_cmake_args' from command line to 'None'
[0.861s] Level 5:colcon.colcon_core.verb:set package 'quadrotor_control' build argument 'catkin_cmake_args' from command line to 'None'
[0.861s] Level 5:colcon.colcon_core.verb:set package 'quadrotor_control' build argument 'catkin_skip_building_tests' from command line to 'False'
[0.861s] DEBUG:colcon.colcon_core.verb:Building package 'quadrotor_control' with the following arguments: {'ament_cmake_args': None, 'build_base': '/home/sulieman/quadrotor_target_tracking/build/quadrotor_control', 'catkin_cmake_args': None, 'catkin_skip_building_tests': False, 'cmake_args': None, 'cmake_clean_cache': False, 'cmake_clean_first': False, 'cmake_force_configure': False, 'cmake_target': None, 'cmake_target_skip_unavailable': False, 'install_base': '/home/sulieman/quadrotor_target_tracking/install/quadrotor_control', 'merge_install': False, 'path': '/home/sulieman/quadrotor_target_tracking/src/quadrotor_control', 'symlink_install': True, 'test_result_base': None}
[0.872s] Level 5:colcon.colcon_core.verb:set package 'robots_description' build argument 'cmake_args' from command line to 'None'
[0.872s] Level 5:colcon.colcon_core.verb:set package 'robots_description' build argument 'cmake_target' from command line to 'None'
[0.872s] Level 5:colcon.colcon_core.verb:set package 'robots_description' build argument 'cmake_target_skip_unavailable' from command line to 'False'
[0.872s] Level 5:colcon.colcon_core.verb:set package 'robots_description' build argument 'cmake_clean_cache' from command line to 'False'
[0.872s] Level 5:colcon.colcon_core.verb:set package 'robots_description' build argument 'cmake_clean_first' from command line to 'False'
[0.872s] Level 5:colcon.colcon_core.verb:set package 'robots_description' build argument 'cmake_force_configure' from command line to 'False'
[0.872s] Level 5:colcon.colcon_core.verb:set package 'robots_description' build argument 'ament_cmake_args' from command line to 'None'
[0.872s] Level 5:colcon.colcon_core.verb:set package 'robots_description' build argument 'catkin_cmake_args' from command line to 'None'
[0.872s] Level 5:colcon.colcon_core.verb:set package 'robots_description' build argument 'catkin_skip_building_tests' from command line to 'False'
[0.872s] DEBUG:colcon.colcon_core.verb:Building package 'robots_description' with the following arguments: {'ament_cmake_args': None, 'build_base': '/home/sulieman/quadrotor_target_tracking/build/robots_description', 'catkin_cmake_args': None, 'catkin_skip_building_tests': False, 'cmake_args': None, 'cmake_clean_cache': False, 'cmake_clean_first': False, 'cmake_force_configure': False, 'cmake_target': None, 'cmake_target_skip_unavailable': False, 'install_base': '/home/sulieman/quadrotor_target_tracking/install/robots_description', 'merge_install': False, 'path': '/home/sulieman/quadrotor_target_tracking/src/robots_description', 'symlink_install': True, 'test_result_base': None}
[0.882s] Level 5:colcon.colcon_core.verb:set package 'simulation' build argument 'cmake_args' from command line to 'None'
[0.882s] Level 5:colcon.colcon_core.verb:set package 'simulation' build argument 'cmake_target' from command line to 'None'
[0.882s] Level 5:colcon.colcon_core.verb:set package 'simulation' build argument 'cmake_target_skip_unavailable' from command line to 'False'
[0.882s] Level 5:colcon.colcon_core.verb:set package 'simulation' build argument 'cmake_clean_cache' from command line to 'False'
[0.882s] Level 5:colcon.colcon_core.verb:set package 'simulation' build argument 'cmake_clean_first' from command line to 'False'
[0.882s] Level 5:colcon.colcon_core.verb:set package 'simulation' build argument 'cmake_force_configure' from command line to 'False'
[0.882s] Level 5:colcon.colcon_core.verb:set package 'simulation' build argument 'ament_cmake_args' from command line to 'None'
[0.882s] Level 5:colcon.colcon_core.verb:set package 'simulation' build argument 'catkin_cmake_args' from command line to 'None'
[0.882s] Level 5:colcon.colcon_core.verb:set package 'simulation' build argument 'catkin_skip_building_tests' from command line to 'False'
[0.882s] DEBUG:colcon.colcon_core.verb:Building package 'simulation' with the following arguments: {'ament_cmake_args': None, 'build_base': '/home/sulieman/quadrotor_target_tracking/build/simulation', 'catkin_cmake_args': None, 'catkin_skip_building_tests': False, 'cmake_args': None, 'cmake_clean_cache': False, 'cmake_clean_first': False, 'cmake_force_configure': False, 'cmake_target': None, 'cmake_target_skip_unavailable': False, 'install_base': '/home/sulieman/quadrotor_target_tracking/install/simulation', 'merge_install': False, 'path': '/home/sulieman/quadrotor_target_tracking/src/simulation', 'symlink_install': True, 'test_result_base': None}
[0.892s] INFO:colcon.colcon_core.executor:Executing jobs using 'parallel' executor
[0.903s] DEBUG:colcon.colcon_parallel_executor.executor.parallel:run_until_complete
[0.904s] INFO:colcon.colcon_ros.task.ament_cmake.build:Building ROS package in '/home/sulieman/quadrotor_target_tracking/src/custom_interfaces' with build type 'ament_cmake'
[0.904s] INFO:colcon.colcon_cmake.task.cmake.build:Building CMake package in '/home/sulieman/quadrotor_target_tracking/src/custom_interfaces'
[0.915s] INFO:colcon.colcon_core.plugin_system:Skipping extension 'colcon_core.shell.bat': Not used on non-Windows systems
[0.915s] INFO:colcon.colcon_core.shell:Skip shell extension 'powershell' for command environment: Not usable outside of PowerShell
[0.915s] DEBUG:colcon.colcon_core.shell:Skip shell extension 'dsv' for command environment
[0.946s] INFO:colcon.colcon_ros.task.ament_cmake.build:Building ROS package in '/home/sulieman/quadrotor_target_tracking/src/quadrotor_control' with build type 'ament_cmake'
[0.947s] INFO:colcon.colcon_cmake.task.cmake.build:Building CMake package in '/home/sulieman/quadrotor_target_tracking/src/quadrotor_control'
[0.957s] INFO:colcon.colcon_core.shell:Skip shell extension 'powershell' for command environment: Not usable outside of PowerShell
[0.957s] DEBUG:colcon.colcon_core.shell:Skip shell extension 'dsv' for command environment
[0.989s] INFO:colcon.colcon_ros.task.ament_python.build:Building ROS package in '/home/sulieman/quadrotor_target_tracking/src/robots_description' with build type 'ament_python'
[0.989s] Level 1:colcon.colcon_core.shell:create_environment_hook('robots_description', 'ament_prefix_path')
[1.000s] INFO:colcon.colcon_core.shell:Creating environment hook '/home/sulieman/quadrotor_target_tracking/install/robots_description/share/robots_description/hook/ament_prefix_path.ps1'
[1.000s] INFO:colcon.colcon_core.shell:Creating environment descriptor '/home/sulieman/quadrotor_target_tracking/install/robots_description/share/robots_description/hook/ament_prefix_path.dsv'
[1.001s] INFO:colcon.colcon_core.shell:Creating environment hook '/home/sulieman/quadrotor_target_tracking/install/robots_description/share/robots_description/hook/ament_prefix_path.sh'
[1.011s] INFO:colcon.colcon_core.shell:Skip shell extension 'powershell' for command environment: Not usable outside of PowerShell
[1.011s] DEBUG:colcon.colcon_core.shell:Skip shell extension 'dsv' for command environment
[1.043s] INFO:colcon.colcon_ros.task.ament_python.build:Building ROS package in '/home/sulieman/quadrotor_target_tracking/src/simulation' with build type 'ament_python'
[1.043s] Level 1:colcon.colcon_core.shell:create_environment_hook('simulation', 'ament_prefix_path')
[1.055s] INFO:colcon.colcon_core.shell:Creating environment hook '/home/sulieman/quadrotor_target_tracking/install/simulation/share/simulation/hook/ament_prefix_path.ps1'
[1.055s] INFO:colcon.colcon_core.shell:Creating environment descriptor '/home/sulieman/quadrotor_target_tracking/install/simulation/share/simulation/hook/ament_prefix_path.dsv'
[1.055s] INFO:colcon.colcon_core.shell:Creating environment hook '/home/sulieman/quadrotor_target_tracking/install/simulation/share/simulation/hook/ament_prefix_path.sh'
[1.066s] INFO:colcon.colcon_core.shell:Skip shell extension 'powershell' for command environment: Not usable outside of PowerShell
[1.066s] DEBUG:colcon.colcon_core.shell:Skip shell extension 'dsv' for command environment
[1.104s] DEBUG:colcon.colcon_core.event_handler.log_command:Invoking command in '/home/sulieman/quadrotor_target_tracking/build/custom_interfaces': CMAKE_PREFIX_PATH=${CMAKE_PREFIX_PATH}:/home/sulieman/quadrotor_target_tracking/install/simulation:/opt/ros/humble /usr/bin/cmake --build /home/sulieman/quadrotor_target_tracking/build/custom_interfaces -- -j16 -l16
[1.106s] DEBUG:colcon.colcon_core.event_handler.log_command:Invoking command in '/home/sulieman/quadrotor_target_tracking/build/quadrotor_control': CMAKE_PREFIX_PATH=${CMAKE_PREFIX_PATH}:/home/sulieman/quadrotor_target_tracking/install/simulation:/opt/ros/humble /usr/bin/cmake --build /home/sulieman/quadrotor_target_tracking/build/quadrotor_control -- -j16 -l16
[1.243s] INFO:colcon.colcon_core.task.python.build:Building Python package in '/home/sulieman/quadrotor_target_tracking/src/robots_description'
[1.254s] INFO:colcon.colcon_core.shell:Skip shell extension 'powershell' for command environment: Not usable outside of PowerShell
[1.254s] DEBUG:colcon.colcon_core.shell:Skip shell extension 'dsv' for command environment
[1.422s] INFO:colcon.colcon_core.task.python.build:Building Python package in '/home/sulieman/quadrotor_target_tracking/src/simulation'
[1.434s] INFO:colcon.colcon_core.shell:Skip shell extension 'powershell' for command environment: Not usable outside of PowerShell
[1.434s] DEBUG:colcon.colcon_core.shell:Skip shell extension 'dsv' for command environment
[1.470s] DEBUG:colcon.colcon_core.event_handler.log_command:Invoked command in '/home/sulieman/quadrotor_target_tracking/build/custom_interfaces' returned '0': CMAKE_PREFIX_PATH=${CMAKE_PREFIX_PATH}:/home/sulieman/quadrotor_target_tracking/install/simulation:/opt/ros/humble /usr/bin/cmake --build /home/sulieman/quadrotor_target_tracking/build/custom_interfaces -- -j16 -l16
[1.506s] DEBUG:colcon.colcon_core.event_handler.log_command:Invoking command in '/home/sulieman/quadrotor_target_tracking/build/custom_interfaces': CMAKE_PREFIX_PATH=${CMAKE_PREFIX_PATH}:/home/sulieman/quadrotor_target_tracking/install/simulation:/opt/ros/humble /usr/bin/cmake --install /home/sulieman/quadrotor_target_tracking/build/custom_interfaces
[1.548s] Level 1:colcon.colcon_core.environment:create_environment_scripts_only(custom_interfaces)
[1.549s] DEBUG:colcon.colcon_core.event_handler.log_command:Invoked command in '/home/sulieman/quadrotor_target_tracking/build/custom_interfaces' returned '0': CMAKE_PREFIX_PATH=${CMAKE_PREFIX_PATH}:/home/sulieman/quadrotor_target_tracking/install/simulation:/opt/ros/humble /usr/bin/cmake --install /home/sulieman/quadrotor_target_tracking/build/custom_interfaces
[1.561s] Level 1:colcon.colcon_core.environment:checking '/home/sulieman/quadrotor_target_tracking/install/custom_interfaces' for CMake module files
[1.562s] Level 1:colcon.colcon_core.environment:checking '/home/sulieman/quadrotor_target_tracking/install/custom_interfaces' for CMake config files
[1.562s] Level 1:colcon.colcon_core.shell:create_environment_hook('custom_interfaces', 'cmake_prefix_path')
[1.573s] INFO:colcon.colcon_core.shell:Creating environment hook '/home/sulieman/quadrotor_target_tracking/install/custom_interfaces/share/custom_interfaces/hook/cmake_prefix_path.ps1'
[1.574s] INFO:colcon.colcon_core.shell:Creating environment descriptor '/home/sulieman/quadrotor_target_tracking/install/custom_interfaces/share/custom_interfaces/hook/cmake_prefix_path.dsv'
[1.574s] INFO:colcon.colcon_core.shell:Creating environment hook '/home/sulieman/quadrotor_target_tracking/install/custom_interfaces/share/custom_interfaces/hook/cmake_prefix_path.sh'
[1.574s] Level 1:colcon.colcon_core.environment:checking '/home/sulieman/quadrotor_target_tracking/install/custom_interfaces/lib'
[1.574s] Level 1:colcon.colcon_core.shell:create_environment_hook('custom_interfaces', 'ld_library_path_lib')
[1.586s] INFO:colcon.colcon_core.shell:Creating environment hook '/home/sulieman/quadrotor_target_tracking/install/custom_interfaces/share/custom_interfaces/hook/ld_library_path_lib.ps1'
[1.586s] INFO:colcon.colcon_core.shell:Creating environment descriptor '/home/sulieman/quadrotor_target_tracking/install/custom_interfaces/share/custom_interfaces/hook/ld_library_path_lib.dsv'
[1.586s] INFO:colcon.colcon_core.shell:Creating environment hook '/home/sulieman/quadrotor_target_tracking/install/custom_interfaces/share/custom_interfaces/hook/ld_library_path_lib.sh'
[1.586s] Level 1:colcon.colcon_core.environment:checking '/home/sulieman/quadrotor_target_tracking/install/custom_interfaces/bin'
[1.586s] Level 1:colcon.colcon_core.environment:checking '/home/sulieman/quadrotor_target_tracking/install/custom_interfaces/lib/pkgconfig/custom_interfaces.pc'
[1.587s] Level 1:colcon.colcon_core.environment:checking '/home/sulieman/quadrotor_target_tracking/install/custom_interfaces/lib/python3.10/site-packages'
[1.587s] Level 1:colcon.colcon_core.environment:checking '/home/sulieman/quadrotor_target_tracking/install/custom_interfaces/bin'
[1.598s] INFO:colcon.colcon_core.shell:Creating package script '/home/sulieman/quadrotor_target_tracking/install/custom_interfaces/share/custom_interfaces/package.ps1'
[1.599s] INFO:colcon.colcon_core.shell:Creating package descriptor '/home/sulieman/quadrotor_target_tracking/install/custom_interfaces/share/custom_interfaces/package.dsv'
[1.599s] INFO:colcon.colcon_core.shell:Creating package script '/home/sulieman/quadrotor_target_tracking/install/custom_interfaces/share/custom_interfaces/package.sh'
[1.600s] INFO:colcon.colcon_core.shell:Creating package script '/home/sulieman/quadrotor_target_tracking/install/custom_interfaces/share/custom_interfaces/package.bash'
[1.600s] INFO:colcon.colcon_core.shell:Creating package script '/home/sulieman/quadrotor_target_tracking/install/custom_interfaces/share/custom_interfaces/package.zsh'
[1.600s] Level 1:colcon.colcon_core.environment:create_file_with_runtime_dependencies(/home/sulieman/quadrotor_target_tracking/install/custom_interfaces/share/colcon-core/packages/custom_interfaces)
[1.644s] Level 1:colcon.colcon_core.environment:create_environment_scripts_only(custom_interfaces)
[1.658s] Level 1:colcon.colcon_core.environment:checking '/home/sulieman/quadrotor_target_tracking/install/custom_interfaces' for CMake module files
[1.658s] Level 1:colcon.colcon_core.environment:checking '/home/sulieman/quadrotor_target_tracking/install/custom_interfaces' for CMake config files
[1.659s] Level 1:colcon.colcon_core.shell:create_environment_hook('custom_interfaces', 'cmake_prefix_path')
[1.670s] INFO:colcon.colcon_core.shell:Creating environment hook '/home/sulieman/quadrotor_target_tracking/install/custom_interfaces/share/custom_interfaces/hook/cmake_prefix_path.ps1'
[1.671s] INFO:colcon.colcon_core.shell:Creating environment descriptor '/home/sulieman/quadrotor_target_tracking/install/custom_interfaces/share/custom_interfaces/hook/cmake_prefix_path.dsv'
[1.671s] INFO:colcon.colcon_core.shell:Creating environment hook '/home/sulieman/quadrotor_target_tracking/install/custom_interfaces/share/custom_interfaces/hook/cmake_prefix_path.sh'
[1.671s] Level 1:colcon.colcon_core.environment:checking '/home/sulieman/quadrotor_target_tracking/install/custom_interfaces/lib'
[1.671s] Level 1:colcon.colcon_core.shell:create_environment_hook('custom_interfaces', 'ld_library_path_lib')
[1.683s] INFO:colcon.colcon_core.shell:Creating environment hook '/home/sulieman/quadrotor_target_tracking/install/custom_interfaces/share/custom_interfaces/hook/ld_library_path_lib.ps1'
[1.683s] INFO:colcon.colcon_core.shell:Creating environment descriptor '/home/sulieman/quadrotor_target_tracking/install/custom_interfaces/share/custom_interfaces/hook/ld_library_path_lib.dsv'
[1.683s] INFO:colcon.colcon_core.shell:Creating environment hook '/home/sulieman/quadrotor_target_tracking/install/custom_interfaces/share/custom_interfaces/hook/ld_library_path_lib.sh'
[1.683s] Level 1:colcon.colcon_core.environment:checking '/home/sulieman/quadrotor_target_tracking/install/custom_interfaces/bin'
[1.683s] Level 1:colcon.colcon_core.environment:checking '/home/sulieman/quadrotor_target_tracking/install/custom_interfaces/lib/pkgconfig/custom_interfaces.pc'
[1.683s] Level 1:colcon.colcon_core.environment:checking '/home/sulieman/quadrotor_target_tracking/install/custom_interfaces/lib/python3.10/site-packages'
[1.684s] Level 1:colcon.colcon_core.environment:checking '/home/sulieman/quadrotor_target_tracking/install/custom_interfaces/bin'
[1.696s] INFO:colcon.colcon_core.shell:Creating package script '/home/sulieman/quadrotor_target_tracking/install/custom_interfaces/share/custom_interfaces/package.ps1'
[1.696s] INFO:colcon.colcon_core.shell:Creating package descriptor '/home/sulieman/quadrotor_target_tracking/install/custom_interfaces/share/custom_interfaces/package.dsv'
[1.696s] INFO:colcon.colcon_core.shell:Creating package script '/home/sulieman/quadrotor_target_tracking/install/custom_interfaces/share/custom_interfaces/package.sh'
[1.697s] INFO:colcon.colcon_core.shell:Creating package script '/home/sulieman/quadrotor_target_tracking/install/custom_interfaces/share/custom_interfaces/package.bash'
[1.697s] INFO:colcon.colcon_core.shell:Creating package script '/home/sulieman/quadrotor_target_tracking/install/custom_interfaces/share/custom_interfaces/package.zsh'
[1.697s] Level 1:colcon.colcon_core.environment:create_file_with_runtime_dependencies(/home/sulieman/quadrotor_target_tracking/install/custom_interfaces/share/colcon-core/packages/custom_interfaces)
[1.882s] DEBUG:colcon.colcon_core.event_handler.log_command:Invoking command in '/home/sulieman/quadrotor_target_tracking/build/robots_description': PYTHONPATH=/home/sulieman/quadrotor_target_tracking/build/robots_description/prefix_override:/home/sulieman/quadrotor_target_tracking/install/robots_description/lib/python3.10/site-packages:${PYTHONPATH} /usr/bin/python3 setup.py develop --editable --build-directory /home/sulieman/quadrotor_target_tracking/build/robots_description/build --no-deps install_data
[1.885s] DEBUG:colcon.colcon_core.event_handler.log_command:Invoking command in '/home/sulieman/quadrotor_target_tracking/build/simulation': PYTHONPATH=/home/sulieman/quadrotor_target_tracking/build/simulation/prefix_override:/home/sulieman/quadrotor_target_tracking/install/simulation/lib/python3.10/site-packages:${PYTHONPATH} /usr/bin/python3 setup.py develop --editable --build-directory /home/sulieman/quadrotor_target_tracking/build/simulation/build --no-deps install_data
[2.339s] Level 1:colcon.colcon_core.shell:create_environment_hook('simulation', 'pythonpath_develop')
[2.340s] DEBUG:colcon.colcon_core.event_handler.log_command:Invoked command in '/home/sulieman/quadrotor_target_tracking/build/simulation' returned '0': PYTHONPATH=/home/sulieman/quadrotor_target_tracking/build/simulation/prefix_override:/home/sulieman/quadrotor_target_tracking/install/simulation/lib/python3.10/site-packages:${PYTHONPATH} /usr/bin/python3 setup.py develop --editable --build-directory /home/sulieman/quadrotor_target_tracking/build/simulation/build --no-deps install_data
[2.352s] INFO:colcon.colcon_core.shell:Creating environment hook '/home/sulieman/quadrotor_target_tracking/build/simulation/share/simulation/hook/pythonpath_develop.ps1'
[2.352s] INFO:colcon.colcon_core.shell:Creating environment descriptor '/home/sulieman/quadrotor_target_tracking/build/simulation/share/simulation/hook/pythonpath_develop.dsv'
[2.352s] INFO:colcon.colcon_core.shell:Creating environment hook '/home/sulieman/quadrotor_target_tracking/build/simulation/share/simulation/hook/pythonpath_develop.sh'
[2.363s] Level 1:colcon.colcon_core.environment:checking '/home/sulieman/quadrotor_target_tracking/install/simulation' for CMake module files
[2.364s] Level 1:colcon.colcon_core.environment:checking '/home/sulieman/quadrotor_target_tracking/install/simulation' for CMake config files
[2.364s] Level 1:colcon.colcon_core.environment:checking '/home/sulieman/quadrotor_target_tracking/install/simulation/lib'
[2.364s] Level 1:colcon.colcon_core.environment:checking '/home/sulieman/quadrotor_target_tracking/install/simulation/bin'
[2.364s] Level 1:colcon.colcon_core.environment:checking '/home/sulieman/quadrotor_target_tracking/install/simulation/lib/pkgconfig/simulation.pc'
[2.364s] Level 1:colcon.colcon_core.environment:checking '/home/sulieman/quadrotor_target_tracking/install/simulation/lib/python3.10/site-packages'
[2.364s] Level 1:colcon.colcon_core.shell:create_environment_hook('simulation', 'pythonpath')
[2.375s] INFO:colcon.colcon_core.shell:Creating environment hook '/home/sulieman/quadrotor_target_tracking/install/simulation/share/simulation/hook/pythonpath.ps1'
[2.375s] INFO:colcon.colcon_core.shell:Creating environment descriptor '/home/sulieman/quadrotor_target_tracking/install/simulation/share/simulation/hook/pythonpath.dsv'
[2.376s] INFO:colcon.colcon_core.shell:Creating environment hook '/home/sulieman/quadrotor_target_tracking/install/simulation/share/simulation/hook/pythonpath.sh'
[2.376s] Level 1:colcon.colcon_core.environment:checking '/home/sulieman/quadrotor_target_tracking/install/simulation/bin'
[2.376s] Level 1:colcon.colcon_core.environment:create_environment_scripts_only(simulation)
[2.386s] INFO:colcon.colcon_core.shell:Creating package script '/home/sulieman/quadrotor_target_tracking/install/simulation/share/simulation/package.ps1'
[2.387s] INFO:colcon.colcon_core.shell:Creating package descriptor '/home/sulieman/quadrotor_target_tracking/install/simulation/share/simulation/package.dsv'
[2.387s] INFO:colcon.colcon_core.shell:Creating package script '/home/sulieman/quadrotor_target_tracking/install/simulation/share/simulation/package.sh'
[2.387s] INFO:colcon.colcon_core.shell:Creating package script '/home/sulieman/quadrotor_target_tracking/install/simulation/share/simulation/package.bash'
[2.387s] INFO:colcon.colcon_core.shell:Creating package script '/home/sulieman/quadrotor_target_tracking/install/simulation/share/simulation/package.zsh'
[2.387s] Level 1:colcon.colcon_core.environment:create_file_with_runtime_dependencies(/home/sulieman/quadrotor_target_tracking/install/simulation/share/colcon-core/packages/simulation)
[2.388s] Level 1:colcon.colcon_core.shell:create_environment_hook('robots_description', 'pythonpath_develop')
[2.389s] DEBUG:colcon.colcon_core.event_handler.log_command:Invoked command in '/home/sulieman/quadrotor_target_tracking/build/robots_description' returned '0': PYTHONPATH=/home/sulieman/quadrotor_target_tracking/build/robots_description/prefix_override:/home/sulieman/quadrotor_target_tracking/install/robots_description/lib/python3.10/site-packages:${PYTHONPATH} /usr/bin/python3 setup.py develop --editable --build-directory /home/sulieman/quadrotor_target_tracking/build/robots_description/build --no-deps install_data
[2.400s] INFO:colcon.colcon_core.shell:Creating environment hook '/home/sulieman/quadrotor_target_tracking/build/robots_description/share/robots_description/hook/pythonpath_develop.ps1'
[2.400s] INFO:colcon.colcon_core.shell:Creating environment descriptor '/home/sulieman/quadrotor_target_tracking/build/robots_description/share/robots_description/hook/pythonpath_develop.dsv'
[2.400s] INFO:colcon.colcon_core.shell:Creating environment hook '/home/sulieman/quadrotor_target_tracking/build/robots_description/share/robots_description/hook/pythonpath_develop.sh'
[2.411s] Level 1:colcon.colcon_core.environment:checking '/home/sulieman/quadrotor_target_tracking/install/robots_description' for CMake module files
[2.412s] Level 1:colcon.colcon_core.environment:checking '/home/sulieman/quadrotor_target_tracking/install/robots_description' for CMake config files
[2.412s] Level 1:colcon.colcon_core.environment:checking '/home/sulieman/quadrotor_target_tracking/install/robots_description/lib'
[2.412s] Level 1:colcon.colcon_core.environment:checking '/home/sulieman/quadrotor_target_tracking/install/robots_description/bin'
[2.412s] Level 1:colcon.colcon_core.environment:checking '/home/sulieman/quadrotor_target_tracking/install/robots_description/lib/pkgconfig/robots_description.pc'
[2.412s] Level 1:colcon.colcon_core.environment:checking '/home/sulieman/quadrotor_target_tracking/install/robots_description/lib/python3.10/site-packages'
[2.412s] Level 1:colcon.colcon_core.shell:create_environment_hook('robots_description', 'pythonpath')
[2.425s] INFO:colcon.colcon_core.shell:Creating environment hook '/home/sulieman/quadrotor_target_tracking/install/robots_description/share/robots_description/hook/pythonpath.ps1'
[2.425s] INFO:colcon.colcon_core.shell:Creating environment descriptor '/home/sulieman/quadrotor_target_tracking/install/robots_description/share/robots_description/hook/pythonpath.dsv'
[2.426s] INFO:colcon.colcon_core.shell:Creating environment hook '/home/sulieman/quadrotor_target_tracking/install/robots_description/share/robots_description/hook/pythonpath.sh'
[2.426s] Level 1:colcon.colcon_core.environment:checking '/home/sulieman/quadrotor_target_tracking/install/robots_description/bin'
[2.426s] Level 1:colcon.colcon_core.environment:create_environment_scripts_only(robots_description)
[2.438s] INFO:colcon.colcon_core.shell:Creating package script '/home/sulieman/quadrotor_target_tracking/install/robots_description/share/robots_description/package.ps1'
[2.438s] INFO:colcon.colcon_core.shell:Creating package descriptor '/home/sulieman/quadrotor_target_tracking/install/robots_description/share/robots_description/package.dsv'
[2.438s] INFO:colcon.colcon_core.shell:Creating package script '/home/sulieman/quadrotor_target_tracking/install/robots_description/share/robots_description/package.sh'
[2.439s] INFO:colcon.colcon_core.shell:Creating package script '/home/sulieman/quadrotor_target_tracking/install/robots_description/share/robots_description/package.bash'
[2.439s] INFO:colcon.colcon_core.shell:Creating package script '/home/sulieman/quadrotor_target_tracking/install/robots_description/share/robots_description/package.zsh'
[2.439s] Level 1:colcon.colcon_core.environment:create_file_with_runtime_dependencies(/home/sulieman/quadrotor_target_tracking/install/robots_description/share/colcon-core/packages/robots_description)
[3.665s] DEBUG:colcon.colcon_core.event_handler.log_command:Invoked command in '/home/sulieman/quadrotor_target_tracking/build/quadrotor_control' returned '0': CMAKE_PREFIX_PATH=${CMAKE_PREFIX_PATH}:/home/sulieman/quadrotor_target_tracking/install/simulation:/opt/ros/humble /usr/bin/cmake --build /home/sulieman/quadrotor_target_tracking/build/quadrotor_control -- -j16 -l16
[3.680s] DEBUG:colcon.colcon_core.event_handler.log_command:Invoking command in '/home/sulieman/quadrotor_target_tracking/build/quadrotor_control': CMAKE_PREFIX_PATH=${CMAKE_PREFIX_PATH}:/home/sulieman/quadrotor_target_tracking/install/simulation:/opt/ros/humble /usr/bin/cmake --install /home/sulieman/quadrotor_target_tracking/build/quadrotor_control
[3.692s] Level 1:colcon.colcon_core.environment:create_environment_scripts_only(quadrotor_control)
[3.692s] DEBUG:colcon.colcon_core.event_handler.log_command:Invoked command in '/home/sulieman/quadrotor_target_tracking/build/quadrotor_control' returned '0': CMAKE_PREFIX_PATH=${CMAKE_PREFIX_PATH}:/home/sulieman/quadrotor_target_tracking/install/simulation:/opt/ros/humble /usr/bin/cmake --install /home/sulieman/quadrotor_target_tracking/build/quadrotor_control
[3.706s] Level 1:colcon.colcon_core.environment:checking '/home/sulieman/quadrotor_target_tracking/install/quadrotor_control' for CMake module files
[3.706s] Level 1:colcon.colcon_core.environment:checking '/home/sulieman/quadrotor_target_tracking/install/quadrotor_control' for CMake config files
[3.706s] Level 1:colcon.colcon_core.shell:create_environment_hook('quadrotor_control', 'cmake_prefix_path')
[3.725s] INFO:colcon.colcon_core.shell:Creating environment hook '/home/sulieman/quadrotor_target_tracking/install/quadrotor_control/share/quadrotor_control/hook/cmake_prefix_path.ps1'
[3.726s] INFO:colcon.colcon_core.shell:Creating environment descriptor '/home/sulieman/quadrotor_target_tracking/install/quadrotor_control/share/quadrotor_control/hook/cmake_prefix_path.dsv'
[3.726s] INFO:colcon.colcon_core.shell:Creating environment hook '/home/sulieman/quadrotor_target_tracking/install/quadrotor_control/share/quadrotor_control/hook/cmake_prefix_path.sh'
[3.726s] Level 1:colcon.colcon_core.environment:checking '/home/sulieman/quadrotor_target_tracking/install/quadrotor_control/lib'
[3.726s] Level 1:colcon.colcon_core.environment:checking '/home/sulieman/quadrotor_target_tracking/install/quadrotor_control/bin'
[3.726s] Level 1:colcon.colcon_core.environment:checking '/home/sulieman/quadrotor_target_tracking/install/quadrotor_control/lib/pkgconfig/quadrotor_control.pc'
[3.727s] Level 1:colcon.colcon_core.environment:checking '/home/sulieman/quadrotor_target_tracking/install/quadrotor_control/lib/python3.10/site-packages'
[3.727s] Level 1:colcon.colcon_core.environment:checking '/home/sulieman/quadrotor_target_tracking/install/quadrotor_control/bin'
[3.738s] INFO:colcon.colcon_core.shell:Creating package script '/home/sulieman/quadrotor_target_tracking/install/quadrotor_control/share/quadrotor_control/package.ps1'
[3.738s] INFO:colcon.colcon_core.shell:Creating package descriptor '/home/sulieman/quadrotor_target_tracking/install/quadrotor_control/share/quadrotor_control/package.dsv'
[3.738s] INFO:colcon.colcon_core.shell:Creating package script '/home/sulieman/quadrotor_target_tracking/install/quadrotor_control/share/quadrotor_control/package.sh'
[3.738s] INFO:colcon.colcon_core.shell:Creating package script '/home/sulieman/quadrotor_target_tracking/install/quadrotor_control/share/quadrotor_control/package.bash'
[3.739s] INFO:colcon.colcon_core.shell:Creating package script '/home/sulieman/quadrotor_target_tracking/install/quadrotor_control/share/quadrotor_control/package.zsh'
[3.739s] Level 1:colcon.colcon_core.environment:create_file_with_runtime_dependencies(/home/sulieman/quadrotor_target_tracking/install/quadrotor_control/share/colcon-core/packages/quadrotor_control)
[3.767s] Level 1:colcon.colcon_core.environment:create_environment_scripts_only(quadrotor_control)
[3.779s] Level 1:colcon.colcon_core.environment:checking '/home/sulieman/quadrotor_target_tracking/install/quadrotor_control' for CMake module files
[3.779s] Level 1:colcon.colcon_core.environment:checking '/home/sulieman/quadrotor_target_tracking/install/quadrotor_control' for CMake config files
[3.779s] Level 1:colcon.colcon_core.shell:create_environment_hook('quadrotor_control', 'cmake_prefix_path')
[3.791s] INFO:colcon.colcon_core.shell:Creating environment hook '/home/sulieman/quadrotor_target_tracking/install/quadrotor_control/share/quadrotor_control/hook/cmake_prefix_path.ps1'
[3.791s] INFO:colcon.colcon_core.shell:Creating environment descriptor '/home/sulieman/quadrotor_target_tracking/install/quadrotor_control/share/quadrotor_control/hook/cmake_prefix_path.dsv'
[3.791s] INFO:colcon.colcon_core.shell:Creating environment hook '/home/sulieman/quadrotor_target_tracking/install/quadrotor_control/share/quadrotor_control/hook/cmake_prefix_path.sh'
[3.792s] Level 1:colcon.colcon_core.environment:checking '/home/sulieman/quadrotor_target_tracking/install/quadrotor_control/lib'
[3.792s] Level 1:colcon.colcon_core.environment:checking '/home/sulieman/quadrotor_target_tracking/install/quadrotor_control/bin'
[3.792s] Level 1:colcon.colcon_core.environment:checking '/home/sulieman/quadrotor_target_tracking/install/quadrotor_control/lib/pkgconfig/quadrotor_control.pc'
[3.792s] Level 1:colcon.colcon_core.environment:checking '/home/sulieman/quadrotor_target_tracking/install/quadrotor_control/lib/python3.10/site-packages'
[3.792s] Level 1:colcon.colcon_core.environment:checking '/home/sulieman/quadrotor_target_tracking/install/quadrotor_control/bin'
[3.804s] INFO:colcon.colcon_core.shell:Creating package script '/home/sulieman/quadrotor_target_tracking/install/quadrotor_control/share/quadrotor_control/package.ps1'
[3.804s] INFO:colcon.colcon_core.shell:Creating package descriptor '/home/sulieman/quadrotor_target_tracking/install/quadrotor_control/share/quadrotor_control/package.dsv'
[3.804s] INFO:colcon.colcon_core.shell:Creating package script '/home/sulieman/quadrotor_target_tracking/install/quadrotor_control/share/quadrotor_control/package.sh'
[3.804s] INFO:colcon.colcon_core.shell:Creating package script '/home/sulieman/quadrotor_target_tracking/install/quadrotor_control/share/quadrotor_control/package.bash'
[3.805s] INFO:colcon.colcon_core.shell:Creating package script '/home/sulieman/quadrotor_target_tracking/install/quadrotor_control/share/quadrotor_control/package.zsh'
[3.805s] Level 1:colcon.colcon_core.environment:create_file_with_runtime_dependencies(/home/sulieman/quadrotor_target_tracking/install/quadrotor_control/share/colcon-core/packages/quadrotor_control)
[3.805s] DEBUG:colcon.colcon_parallel_executor.executor.parallel:closing loop
[3.805s] DEBUG:colcon.colcon_parallel_executor.executor.parallel:loop closed
[3.805s] DEBUG:colcon.colcon_parallel_executor.executor.parallel:run_until_complete finished with '0'
[3.805s] DEBUG:colcon.colcon_core.event_reactor:joining thread
[3.820s] INFO:colcon.colcon_core.plugin_system:Skipping extension 'colcon_notification.desktop_notification.terminal_notifier': Not used on non-Darwin systems
[3.820s] INFO:colcon.colcon_core.plugin_system:Skipping extension 'colcon_notification.desktop_notification.win32': Not used on non-Windows systems
[3.820s] INFO:colcon.colcon_notification.desktop_notification:Sending desktop notification using 'notify2'
[3.829s] DEBUG:colcon.colcon_core.event_reactor:joined thread
[3.840s] INFO:colcon.colcon_core.shell:Creating prefix script '/home/sulieman/quadrotor_target_tracking/install/local_setup.ps1'
[3.840s] INFO:colcon.colcon_core.shell:Creating prefix util module '/home/sulieman/quadrotor_target_tracking/install/_local_setup_util_ps1.py'
[3.841s] INFO:colcon.colcon_core.shell:Creating prefix chain script '/home/sulieman/quadrotor_target_tracking/install/setup.ps1'
[3.852s] INFO:colcon.colcon_core.shell:Creating prefix script '/home/sulieman/quadrotor_target_tracking/install/local_setup.sh'
[3.852s] INFO:colcon.colcon_core.shell:Creating prefix util module '/home/sulieman/quadrotor_target_tracking/install/_local_setup_util_sh.py'
[3.852s] INFO:colcon.colcon_core.shell:Creating prefix chain script '/home/sulieman/quadrotor_target_tracking/install/setup.sh'
[3.863s] INFO:colcon.colcon_core.shell:Creating prefix script '/home/sulieman/quadrotor_target_tracking/install/local_setup.bash'
[3.863s] INFO:colcon.colcon_core.shell:Creating prefix chain script '/home/sulieman/quadrotor_target_tracking/install/setup.bash'
[3.874s] INFO:colcon.colcon_core.shell:Creating prefix script '/home/sulieman/quadrotor_target_tracking/install/local_setup.zsh'
[3.874s] INFO:colcon.colcon_core.shell:Creating prefix chain script '/home/sulieman/quadrotor_target_tracking/install/setup.zsh'
