-- The C compiler identification is GNU 11.4.0
-- The CXX compiler identification is GNU 11.4.0
-- Detecting C compiler ABI info
-- Detecting C compiler ABI info - done
-- Check for working C compiler: /usr/bin/cc - skipped
-- Detecting C compile features
-- Detecting C compile features - done
-- Detecting CXX compiler ABI info
-- Detecting CXX compiler ABI info - done
-- Check for working CXX compiler: /usr/bin/c++ - skipped
-- Detecting CXX compile features
-- Detecting CXX compile features - done
-- Found ament_cmake: 1.3.6 (/opt/ros/humble/share/ament_cmake/cmake)
-- Found Python3: /usr/bin/python3.10 (found version "3.10.12") found components: Interpreter 
-- Override CMake install command with custom implementation using symlinks instead of copying resources
-- Found geometry_msgs: 4.2.3 (/opt/ros/humble/share/geometry_msgs/cmake)
-- Found rosidl_generator_c: 3.1.5 (/opt/ros/humble/share/rosidl_generator_c/cmake)
-- Found rosidl_adapter: 3.1.5 (/opt/ros/humble/share/rosidl_adapter/cmake)
-- Found rosidl_generator_cpp: 3.1.5 (/opt/ros/humble/share/rosidl_generator_cpp/cmake)
-- Using all available rosidl_typesupport_c: rosidl_typesupport_fastrtps_c;rosidl_typesupport_introspection_c
-- Using all available rosidl_typesupport_cpp: rosidl_typesupport_fastrtps_cpp;rosidl_typesupport_introspection_cpp
-- Found rosidl_default_generators: 1.2.0 (/opt/ros/humble/share/rosidl_default_generators/cmake)
-- Found ament_cmake_ros: 0.10.0 (/opt/ros/humble/share/ament_cmake_ros/cmake)
-- Using all available rosidl_typesupport_c: rosidl_typesupport_fastrtps_c;rosidl_typesupport_introspection_c
-- Using all available rosidl_typesupport_cpp: rosidl_typesupport_fastrtps_cpp;rosidl_typesupport_introspection_cpp
-- Found PythonInterp: /usr/bin/python3 (found suitable version "3.10.12", minimum required is "3.6") 
-- Found python_cmake_module: 0.10.0 (/opt/ros/humble/share/python_cmake_module/cmake)
-- Found PythonLibs: /usr/lib/x86_64-linux-gnu/libpython3.10.so (found suitable version "3.10.12", minimum required is "3.5") 
-- Using PYTHON_EXECUTABLE: /usr/bin/python3
-- Using PYTHON_INCLUDE_DIRS: /usr/include/python3.10
-- Using PYTHON_LIBRARIES: /usr/lib/x86_64-linux-gnu/libpython3.10.so
-- Found PythonExtra: .so  
-- Found ament_lint_auto: 0.12.9 (/opt/ros/humble/share/ament_lint_auto/cmake)
-- Added test 'lint_cmake' to check CMake code style
-- Added test 'xmllint' to check XML markup files
-- Configuring done
-- Generating done
-- Build files have been written to: /home/sulieman/quadrotor_target_tracking/build/custom_interfaces
[  3%] [34m[1mGenerating C code for ROS interfaces[0m
[  6%] [34m[1mGenerating C++ code for ROS interfaces[0m
[  6%] Built target ament_cmake_python_symlink_custom_interfaces
running egg_info
creating custom_interfaces.egg-info
writing custom_interfaces.egg-info/PKG-INFO
writing dependency_links to custom_interfaces.egg-info/dependency_links.txt
writing top-level names to custom_interfaces.egg-info/top_level.txt
[  6%] Built target custom_interfaces__cpp
[  9%] [32mBuilding C object CMakeFiles/custom_interfaces__rosidl_generator_c.dir/rosidl_generator_c/custom_interfaces/msg/detail/reference_state__functions.c.o[0m
[ 16%] [34m[1mGenerating C++ type support dispatch for ROS interfaces[0m
[ 16%] [34m[1mGenerating C++ type support for eProsima Fast-RTPS[0m
[ 19%] [34m[1mGenerating C++ introspection for ROS interfaces[0m
[ 22%] [32m[1mLinking C shared library libcustom_interfaces__rosidl_generator_c.so[0m
[ 22%] Built target custom_interfaces__rosidl_generator_c
writing manifest file 'custom_interfaces.egg-info/SOURCES.txt'
[ 29%] [34m[1mGenerating C introspection for ROS interfaces[0m
[ 29%] [34m[1mGenerating C type support for eProsima Fast-RTPS[0m
[ 32%] [34m[1mGenerating C type support dispatch for ROS interfaces[0m
reading manifest file 'custom_interfaces.egg-info/SOURCES.txt'
writing manifest file 'custom_interfaces.egg-info/SOURCES.txt'
[ 32%] Built target ament_cmake_python_build_custom_interfaces_egg
[ 35%] [32mBuilding CXX object CMakeFiles/custom_interfaces__rosidl_typesupport_cpp.dir/rosidl_typesupport_cpp/custom_interfaces/msg/reference_state__type_support.cpp.o[0m
[ 38%] [32mBuilding CXX object CMakeFiles/custom_interfaces__rosidl_typesupport_introspection_cpp.dir/rosidl_typesupport_introspection_cpp/custom_interfaces/msg/detail/reference_state__type_support.cpp.o[0m
[ 41%] [32mBuilding CXX object CMakeFiles/custom_interfaces__rosidl_typesupport_fastrtps_cpp.dir/rosidl_typesupport_fastrtps_cpp/custom_interfaces/msg/detail/dds_fastrtps/reference_state__type_support.cpp.o[0m
[ 48%] [32mBuilding CXX object CMakeFiles/custom_interfaces__rosidl_typesupport_fastrtps_c.dir/rosidl_typesupport_fastrtps_c/custom_interfaces/msg/detail/reference_state__type_support_c.cpp.o[0m
[ 48%] [32mBuilding C object CMakeFiles/custom_interfaces__rosidl_typesupport_introspection_c.dir/rosidl_typesupport_introspection_c/custom_interfaces/msg/detail/reference_state__type_support.c.o[0m
[ 51%] [32mBuilding CXX object CMakeFiles/custom_interfaces__rosidl_typesupport_c.dir/rosidl_typesupport_c/custom_interfaces/msg/reference_state__type_support.cpp.o[0m
[ 54%] [32m[1mLinking C shared library libcustom_interfaces__rosidl_typesupport_introspection_c.so[0m
[ 58%] [32m[1mLinking CXX shared library libcustom_interfaces__rosidl_typesupport_c.so[0m
[ 58%] Built target custom_interfaces__rosidl_typesupport_introspection_c
[ 58%] Built target custom_interfaces__rosidl_typesupport_c
[ 61%] [32m[1mLinking CXX shared library libcustom_interfaces__rosidl_typesupport_cpp.so[0m
[ 61%] Built target custom_interfaces__rosidl_typesupport_cpp
[ 64%] [32m[1mLinking CXX shared library libcustom_interfaces__rosidl_typesupport_fastrtps_c.so[0m
[ 67%] [32m[1mLinking CXX shared library libcustom_interfaces__rosidl_typesupport_introspection_cpp.so[0m
[ 70%] [32m[1mLinking CXX shared library libcustom_interfaces__rosidl_typesupport_fastrtps_cpp.so[0m
[ 70%] Built target custom_interfaces__rosidl_typesupport_fastrtps_c
[ 70%] Built target custom_interfaces__rosidl_typesupport_introspection_cpp
[ 70%] Built target custom_interfaces__rosidl_typesupport_fastrtps_cpp
[ 70%] Built target custom_interfaces
[ 74%] [34m[1mGenerating Python code for ROS interfaces[0m
[ 74%] Built target custom_interfaces__py
[ 77%] [32mBuilding C object CMakeFiles/custom_interfaces__rosidl_generator_py.dir/rosidl_generator_py/custom_interfaces/msg/_reference_state_s.c.o[0m
[ 80%] [32m[1mLinking C shared library rosidl_generator_py/custom_interfaces/libcustom_interfaces__rosidl_generator_py.so[0m
[ 80%] Built target custom_interfaces__rosidl_generator_py
[ 83%] [32mBuilding C object CMakeFiles/custom_interfaces__rosidl_typesupport_fastrtps_c__pyext.dir/rosidl_generator_py/custom_interfaces/_custom_interfaces_s.ep.rosidl_typesupport_fastrtps_c.c.o[0m
[ 87%] [32mBuilding C object CMakeFiles/custom_interfaces__rosidl_typesupport_introspection_c__pyext.dir/rosidl_generator_py/custom_interfaces/_custom_interfaces_s.ep.rosidl_typesupport_introspection_c.c.o[0m
[ 90%] [32mBuilding C object CMakeFiles/custom_interfaces__rosidl_typesupport_c__pyext.dir/rosidl_generator_py/custom_interfaces/_custom_interfaces_s.ep.rosidl_typesupport_c.c.o[0m
[100%] [32m[1mLinking C shared library rosidl_generator_py/custom_interfaces/custom_interfaces_s__rosidl_typesupport_introspection_c.cpython-310-x86_64-linux-gnu.so[0m
[100%] [32m[1mLinking C shared library rosidl_generator_py/custom_interfaces/custom_interfaces_s__rosidl_typesupport_c.cpython-310-x86_64-linux-gnu.so[0m
[100%] [32m[1mLinking C shared library rosidl_generator_py/custom_interfaces/custom_interfaces_s__rosidl_typesupport_fastrtps_c.cpython-310-x86_64-linux-gnu.so[0m
[100%] Built target custom_interfaces__rosidl_typesupport_introspection_c__pyext
[100%] Built target custom_interfaces__rosidl_typesupport_fastrtps_c__pyext
[100%] Built target custom_interfaces__rosidl_typesupport_c__pyext
-- Install configuration: ""
-- Execute custom install script
-- Symlinking: /home/sulieman/quadrotor_target_tracking/install/custom_interfaces/share/ament_index/resource_index/rosidl_interfaces/custom_interfaces
-- Symlinking: /home/sulieman/quadrotor_target_tracking/install/custom_interfaces/include/custom_interfaces/custom_interfaces/msg/detail/reference_state__functions.h
-- Symlinking: /home/sulieman/quadrotor_target_tracking/install/custom_interfaces/include/custom_interfaces/custom_interfaces/msg/detail/reference_state__struct.h
-- Symlinking: /home/sulieman/quadrotor_target_tracking/install/custom_interfaces/include/custom_interfaces/custom_interfaces/msg/detail/reference_state__type_support.h
-- Symlinking: /home/sulieman/quadrotor_target_tracking/install/custom_interfaces/include/custom_interfaces/custom_interfaces/msg/reference_state.h
-- Symlinking: /home/sulieman/quadrotor_target_tracking/install/custom_interfaces/include/custom_interfaces/custom_interfaces/msg/rosidl_generator_c__visibility_control.h
-- Symlinking: /home/sulieman/quadrotor_target_tracking/install/custom_interfaces/share/custom_interfaces/environment/library_path.sh
-- Symlinking: /home/sulieman/quadrotor_target_tracking/install/custom_interfaces/share/custom_interfaces/environment/library_path.dsv
-- Symlinking: /home/sulieman/quadrotor_target_tracking/install/custom_interfaces/include/custom_interfaces/custom_interfaces/msg/detail/reference_state__rosidl_typesupport_fastrtps_c.h
-- Symlinking: /home/sulieman/quadrotor_target_tracking/install/custom_interfaces/include/custom_interfaces/custom_interfaces/msg/rosidl_typesupport_fastrtps_c__visibility_control.h
-- Symlinking: /home/sulieman/quadrotor_target_tracking/install/custom_interfaces/include/custom_interfaces/custom_interfaces/msg/detail/reference_state__builder.hpp
-- Symlinking: /home/sulieman/quadrotor_target_tracking/install/custom_interfaces/include/custom_interfaces/custom_interfaces/msg/detail/reference_state__struct.hpp
-- Symlinking: /home/sulieman/quadrotor_target_tracking/install/custom_interfaces/include/custom_interfaces/custom_interfaces/msg/detail/reference_state__traits.hpp
-- Symlinking: /home/sulieman/quadrotor_target_tracking/install/custom_interfaces/include/custom_interfaces/custom_interfaces/msg/reference_state.hpp
-- Symlinking: /home/sulieman/quadrotor_target_tracking/install/custom_interfaces/include/custom_interfaces/custom_interfaces/msg/detail/reference_state__rosidl_typesupport_fastrtps_cpp.hpp
-- Symlinking: /home/sulieman/quadrotor_target_tracking/install/custom_interfaces/include/custom_interfaces/custom_interfaces/msg/rosidl_typesupport_fastrtps_cpp__visibility_control.h
-- Symlinking: /home/sulieman/quadrotor_target_tracking/install/custom_interfaces/include/custom_interfaces/custom_interfaces/msg/detail/reference_state__rosidl_typesupport_introspection_c.h
-- Symlinking: /home/sulieman/quadrotor_target_tracking/install/custom_interfaces/include/custom_interfaces/custom_interfaces/msg/rosidl_typesupport_introspection_c__visibility_control.h
-- Symlinking: /home/sulieman/quadrotor_target_tracking/install/custom_interfaces/include/custom_interfaces/custom_interfaces/msg/detail/reference_state__rosidl_typesupport_introspection_cpp.hpp
-- Symlinking: /home/sulieman/quadrotor_target_tracking/install/custom_interfaces/share/custom_interfaces/environment/pythonpath.sh
-- Symlinking: /home/sulieman/quadrotor_target_tracking/install/custom_interfaces/share/custom_interfaces/environment/pythonpath.dsv
-- Symlinking: /home/sulieman/quadrotor_target_tracking/install/custom_interfaces/local/lib/python3.10/dist-packages/custom_interfaces-0.0.0-py3.10.egg-info/PKG-INFO
-- Symlinking: /home/sulieman/quadrotor_target_tracking/install/custom_interfaces/local/lib/python3.10/dist-packages/custom_interfaces-0.0.0-py3.10.egg-info/SOURCES.txt
-- Symlinking: /home/sulieman/quadrotor_target_tracking/install/custom_interfaces/local/lib/python3.10/dist-packages/custom_interfaces-0.0.0-py3.10.egg-info/dependency_links.txt
-- Symlinking: /home/sulieman/quadrotor_target_tracking/install/custom_interfaces/local/lib/python3.10/dist-packages/custom_interfaces-0.0.0-py3.10.egg-info/top_level.txt
-- Symlinking: /home/sulieman/quadrotor_target_tracking/install/custom_interfaces/local/lib/python3.10/dist-packages/custom_interfaces/__init__.py
-- Symlinking: /home/sulieman/quadrotor_target_tracking/install/custom_interfaces/local/lib/python3.10/dist-packages/custom_interfaces/_custom_interfaces_s.ep.rosidl_typesupport_c.c
-- Symlinking: /home/sulieman/quadrotor_target_tracking/install/custom_interfaces/local/lib/python3.10/dist-packages/custom_interfaces/_custom_interfaces_s.ep.rosidl_typesupport_fastrtps_c.c
-- Symlinking: /home/sulieman/quadrotor_target_tracking/install/custom_interfaces/local/lib/python3.10/dist-packages/custom_interfaces/_custom_interfaces_s.ep.rosidl_typesupport_introspection_c.c
-- Symlinking: /home/sulieman/quadrotor_target_tracking/install/custom_interfaces/local/lib/python3.10/dist-packages/custom_interfaces/custom_interfaces_s__rosidl_typesupport_c.cpython-310-x86_64-linux-gnu.so
-- Symlinking: /home/sulieman/quadrotor_target_tracking/install/custom_interfaces/local/lib/python3.10/dist-packages/custom_interfaces/custom_interfaces_s__rosidl_typesupport_fastrtps_c.cpython-310-x86_64-linux-gnu.so
-- Symlinking: /home/sulieman/quadrotor_target_tracking/install/custom_interfaces/local/lib/python3.10/dist-packages/custom_interfaces/custom_interfaces_s__rosidl_typesupport_introspection_c.cpython-310-x86_64-linux-gnu.so
-- Symlinking: /home/sulieman/quadrotor_target_tracking/install/custom_interfaces/local/lib/python3.10/dist-packages/custom_interfaces/libcustom_interfaces__rosidl_generator_py.so
-- Symlinking: /home/sulieman/quadrotor_target_tracking/install/custom_interfaces/local/lib/python3.10/dist-packages/custom_interfaces/msg/__init__.py
-- Symlinking: /home/sulieman/quadrotor_target_tracking/install/custom_interfaces/local/lib/python3.10/dist-packages/custom_interfaces/msg/_reference_state.py
-- Symlinking: /home/sulieman/quadrotor_target_tracking/install/custom_interfaces/local/lib/python3.10/dist-packages/custom_interfaces/msg/_reference_state_s.c
-- Up-to-date symlink: /home/sulieman/quadrotor_target_tracking/install/custom_interfaces/local/lib/python3.10/dist-packages/custom_interfaces/custom_interfaces_s__rosidl_typesupport_fastrtps_c.cpython-310-x86_64-linux-gnu.so
-- Up-to-date symlink: /home/sulieman/quadrotor_target_tracking/install/custom_interfaces/local/lib/python3.10/dist-packages/custom_interfaces/custom_interfaces_s__rosidl_typesupport_introspection_c.cpython-310-x86_64-linux-gnu.so
-- Up-to-date symlink: /home/sulieman/quadrotor_target_tracking/install/custom_interfaces/local/lib/python3.10/dist-packages/custom_interfaces/custom_interfaces_s__rosidl_typesupport_c.cpython-310-x86_64-linux-gnu.so
-- Symlinking: /home/sulieman/quadrotor_target_tracking/install/custom_interfaces/share/custom_interfaces/msg/ReferenceState.idl
-- Symlinking: /home/sulieman/quadrotor_target_tracking/install/custom_interfaces/share/custom_interfaces/msg/ReferenceState.msg
-- Symlinking: /home/sulieman/quadrotor_target_tracking/install/custom_interfaces/share/ament_index/resource_index/package_run_dependencies/custom_interfaces
-- Symlinking: /home/sulieman/quadrotor_target_tracking/install/custom_interfaces/share/ament_index/resource_index/parent_prefix_path/custom_interfaces
-- Symlinking: /home/sulieman/quadrotor_target_tracking/install/custom_interfaces/share/custom_interfaces/environment/ament_prefix_path.sh
-- Symlinking: /home/sulieman/quadrotor_target_tracking/install/custom_interfaces/share/custom_interfaces/environment/ament_prefix_path.dsv
-- Symlinking: /home/sulieman/quadrotor_target_tracking/install/custom_interfaces/share/custom_interfaces/environment/path.sh
-- Symlinking: /home/sulieman/quadrotor_target_tracking/install/custom_interfaces/share/custom_interfaces/environment/path.dsv
-- Symlinking: /home/sulieman/quadrotor_target_tracking/install/custom_interfaces/share/custom_interfaces/local_setup.bash
-- Symlinking: /home/sulieman/quadrotor_target_tracking/install/custom_interfaces/share/custom_interfaces/local_setup.sh
-- Symlinking: /home/sulieman/quadrotor_target_tracking/install/custom_interfaces/share/custom_interfaces/local_setup.zsh
-- Symlinking: /home/sulieman/quadrotor_target_tracking/install/custom_interfaces/share/custom_interfaces/local_setup.dsv
-- Symlinking: /home/sulieman/quadrotor_target_tracking/install/custom_interfaces/share/custom_interfaces/package.dsv
-- Symlinking: /home/sulieman/quadrotor_target_tracking/install/custom_interfaces/share/ament_index/resource_index/packages/custom_interfaces
-- Symlinking: /home/sulieman/quadrotor_target_tracking/install/custom_interfaces/share/custom_interfaces/cmake/rosidl_cmake-extras.cmake
-- Symlinking: /home/sulieman/quadrotor_target_tracking/install/custom_interfaces/share/custom_interfaces/cmake/ament_cmake_export_dependencies-extras.cmake
-- Symlinking: /home/sulieman/quadrotor_target_tracking/install/custom_interfaces/share/custom_interfaces/cmake/ament_cmake_export_include_directories-extras.cmake
-- Symlinking: /home/sulieman/quadrotor_target_tracking/install/custom_interfaces/share/custom_interfaces/cmake/ament_cmake_export_libraries-extras.cmake
-- Symlinking: /home/sulieman/quadrotor_target_tracking/install/custom_interfaces/share/custom_interfaces/cmake/ament_cmake_export_targets-extras.cmake
-- Symlinking: /home/sulieman/quadrotor_target_tracking/install/custom_interfaces/share/custom_interfaces/cmake/rosidl_cmake_export_typesupport_targets-extras.cmake
-- Symlinking: /home/sulieman/quadrotor_target_tracking/install/custom_interfaces/share/custom_interfaces/cmake/rosidl_cmake_export_typesupport_libraries-extras.cmake
-- Symlinking: /home/sulieman/quadrotor_target_tracking/install/custom_interfaces/share/custom_interfaces/cmake/custom_interfacesConfig.cmake
-- Symlinking: /home/sulieman/quadrotor_target_tracking/install/custom_interfaces/share/custom_interfaces/cmake/custom_interfacesConfig-version.cmake
-- Symlinking: /home/sulieman/quadrotor_target_tracking/install/custom_interfaces/share/custom_interfaces/package.xml
-- Installing: /home/sulieman/quadrotor_target_tracking/install/custom_interfaces/lib/libcustom_interfaces__rosidl_generator_c.so
-- Set runtime path of "/home/sulieman/quadrotor_target_tracking/install/custom_interfaces/lib/libcustom_interfaces__rosidl_generator_c.so" to ""
-- Installing: /home/sulieman/quadrotor_target_tracking/install/custom_interfaces/lib/libcustom_interfaces__rosidl_typesupport_fastrtps_c.so
-- Set runtime path of "/home/sulieman/quadrotor_target_tracking/install/custom_interfaces/lib/libcustom_interfaces__rosidl_typesupport_fastrtps_c.so" to ""
-- Installing: /home/sulieman/quadrotor_target_tracking/install/custom_interfaces/lib/libcustom_interfaces__rosidl_typesupport_fastrtps_cpp.so
-- Set runtime path of "/home/sulieman/quadrotor_target_tracking/install/custom_interfaces/lib/libcustom_interfaces__rosidl_typesupport_fastrtps_cpp.so" to ""
-- Installing: /home/sulieman/quadrotor_target_tracking/install/custom_interfaces/lib/libcustom_interfaces__rosidl_typesupport_introspection_c.so
-- Set runtime path of "/home/sulieman/quadrotor_target_tracking/install/custom_interfaces/lib/libcustom_interfaces__rosidl_typesupport_introspection_c.so" to ""
-- Installing: /home/sulieman/quadrotor_target_tracking/install/custom_interfaces/lib/libcustom_interfaces__rosidl_typesupport_c.so
-- Set runtime path of "/home/sulieman/quadrotor_target_tracking/install/custom_interfaces/lib/libcustom_interfaces__rosidl_typesupport_c.so" to ""
-- Installing: /home/sulieman/quadrotor_target_tracking/install/custom_interfaces/lib/libcustom_interfaces__rosidl_typesupport_introspection_cpp.so
-- Set runtime path of "/home/sulieman/quadrotor_target_tracking/install/custom_interfaces/lib/libcustom_interfaces__rosidl_typesupport_introspection_cpp.so" to ""
-- Installing: /home/sulieman/quadrotor_target_tracking/install/custom_interfaces/lib/libcustom_interfaces__rosidl_typesupport_cpp.so
-- Set runtime path of "/home/sulieman/quadrotor_target_tracking/install/custom_interfaces/lib/libcustom_interfaces__rosidl_typesupport_cpp.so" to ""
Listing '/home/sulieman/quadrotor_target_tracking/install/custom_interfaces/local/lib/python3.10/dist-packages/custom_interfaces'...
Compiling '/home/sulieman/quadrotor_target_tracking/install/custom_interfaces/local/lib/python3.10/dist-packages/custom_interfaces/__init__.py'...
Listing '/home/sulieman/quadrotor_target_tracking/install/custom_interfaces/local/lib/python3.10/dist-packages/custom_interfaces/msg'...
Compiling '/home/sulieman/quadrotor_target_tracking/install/custom_interfaces/local/lib/python3.10/dist-packages/custom_interfaces/msg/__init__.py'...
Compiling '/home/sulieman/quadrotor_target_tracking/install/custom_interfaces/local/lib/python3.10/dist-packages/custom_interfaces/msg/_reference_state.py'...
-- Installing: /home/sulieman/quadrotor_target_tracking/install/custom_interfaces/lib/libcustom_interfaces__rosidl_generator_py.so
-- Set runtime path of "/home/sulieman/quadrotor_target_tracking/install/custom_interfaces/lib/libcustom_interfaces__rosidl_generator_py.so" to ""
-- Installing: /home/sulieman/quadrotor_target_tracking/install/custom_interfaces/share/custom_interfaces/cmake/export_custom_interfaces__rosidl_generator_cExport.cmake
-- Installing: /home/sulieman/quadrotor_target_tracking/install/custom_interfaces/share/custom_interfaces/cmake/export_custom_interfaces__rosidl_generator_cExport-noconfig.cmake
-- Installing: /home/sulieman/quadrotor_target_tracking/install/custom_interfaces/share/custom_interfaces/cmake/export_custom_interfaces__rosidl_typesupport_fastrtps_cExport.cmake
-- Installing: /home/sulieman/quadrotor_target_tracking/install/custom_interfaces/share/custom_interfaces/cmake/export_custom_interfaces__rosidl_typesupport_fastrtps_cExport-noconfig.cmake
-- Installing: /home/sulieman/quadrotor_target_tracking/install/custom_interfaces/share/custom_interfaces/cmake/export_custom_interfaces__rosidl_generator_cppExport.cmake
-- Installing: /home/sulieman/quadrotor_target_tracking/install/custom_interfaces/share/custom_interfaces/cmake/export_custom_interfaces__rosidl_typesupport_fastrtps_cppExport.cmake
-- Installing: /home/sulieman/quadrotor_target_tracking/install/custom_interfaces/share/custom_interfaces/cmake/export_custom_interfaces__rosidl_typesupport_fastrtps_cppExport-noconfig.cmake
-- Installing: /home/sulieman/quadrotor_target_tracking/install/custom_interfaces/share/custom_interfaces/cmake/custom_interfaces__rosidl_typesupport_introspection_cExport.cmake
-- Installing: /home/sulieman/quadrotor_target_tracking/install/custom_interfaces/share/custom_interfaces/cmake/custom_interfaces__rosidl_typesupport_introspection_cExport-noconfig.cmake
-- Installing: /home/sulieman/quadrotor_target_tracking/install/custom_interfaces/share/custom_interfaces/cmake/custom_interfaces__rosidl_typesupport_cExport.cmake
-- Installing: /home/sulieman/quadrotor_target_tracking/install/custom_interfaces/share/custom_interfaces/cmake/custom_interfaces__rosidl_typesupport_cExport-noconfig.cmake
-- Installing: /home/sulieman/quadrotor_target_tracking/install/custom_interfaces/share/custom_interfaces/cmake/custom_interfaces__rosidl_typesupport_introspection_cppExport.cmake
-- Installing: /home/sulieman/quadrotor_target_tracking/install/custom_interfaces/share/custom_interfaces/cmake/custom_interfaces__rosidl_typesupport_introspection_cppExport-noconfig.cmake
-- Installing: /home/sulieman/quadrotor_target_tracking/install/custom_interfaces/share/custom_interfaces/cmake/custom_interfaces__rosidl_typesupport_cppExport.cmake
-- Installing: /home/sulieman/quadrotor_target_tracking/install/custom_interfaces/share/custom_interfaces/cmake/custom_interfaces__rosidl_typesupport_cppExport-noconfig.cmake
-- Installing: /home/sulieman/quadrotor_target_tracking/install/custom_interfaces/share/custom_interfaces/cmake/export_custom_interfaces__rosidl_generator_pyExport.cmake
-- Installing: /home/sulieman/quadrotor_target_tracking/install/custom_interfaces/share/custom_interfaces/cmake/export_custom_interfaces__rosidl_generator_pyExport-noconfig.cmake
