[0.045s] Invoking command in '/home/sulieman/quadrotor_target_tracking/build/custom_interfaces': CMAKE_PREFIX_PATH=${CMAKE_PREFIX_PATH}:/home/sulieman/quadrotor_target_tracking/install/simulation:/home/sulieman/quadrotor_target_tracking/install/robots_description:/opt/ros/humble /usr/bin/cmake /home/sulieman/quadrotor_target_tracking/src/custom_interfaces -DCMAKE_INSTALL_PREFIX=/home/sulieman/quadrotor_target_tracking/install/custom_interfaces
[0.108s] -- The C compiler identification is GNU 11.4.0
[0.147s] -- The CXX compiler identification is GNU 11.4.0
[0.152s] -- Detecting C compiler ABI info
[0.192s] -- Detecting C compiler ABI info - done
[0.196s] -- Check for working C compiler: /usr/bin/cc - skipped
[0.196s] -- Detecting C compile features
[0.196s] -- Detecting C compile features - done
[0.198s] -- Detecting CXX compiler ABI info
[0.247s] -- Detecting CXX compiler ABI info - done
[0.251s] -- Check for working CXX compiler: /usr/bin/c++ - skipped
[0.251s] -- Detecting CXX compile features
[0.252s] -- Detecting CXX compile features - done
[0.254s] -- Found ament_cmake: 1.3.6 (/opt/ros/humble/share/ament_cmake/cmake)
[0.462s] -- Found Python3: /usr/bin/python3.10 (found version "3.10.12") found components: Interpreter 
[0.518s] -- Found geometry_msgs: 4.2.3 (/opt/ros/humble/share/geometry_msgs/cmake)
[0.542s] -- Found rosidl_generator_c: 3.1.5 (/opt/ros/humble/share/rosidl_generator_c/cmake)
[0.545s] -- Found rosidl_adapter: 3.1.5 (/opt/ros/humble/share/rosidl_adapter/cmake)
[0.550s] -- Found rosidl_generator_cpp: 3.1.5 (/opt/ros/humble/share/rosidl_generator_cpp/cmake)
[0.557s] -- Using all available rosidl_typesupport_c: rosidl_typesupport_fastrtps_c;rosidl_typesupport_introspection_c
[0.567s] -- Using all available rosidl_typesupport_cpp: rosidl_typesupport_fastrtps_cpp;rosidl_typesupport_introspection_cpp
[0.633s] -- Found rosidl_default_generators: 1.2.0 (/opt/ros/humble/share/rosidl_default_generators/cmake)
[0.799s] -- Found ament_cmake_ros: 0.10.0 (/opt/ros/humble/share/ament_cmake_ros/cmake)
[1.045s] -- Using all available rosidl_typesupport_c: rosidl_typesupport_fastrtps_c;rosidl_typesupport_introspection_c
[1.138s] -- Using all available rosidl_typesupport_cpp: rosidl_typesupport_fastrtps_cpp;rosidl_typesupport_introspection_cpp
[1.153s] -- Found PythonInterp: /usr/bin/python3 (found suitable version "3.10.12", minimum required is "3.6") 
[1.154s] -- Found python_cmake_module: 0.10.0 (/opt/ros/humble/share/python_cmake_module/cmake)
[1.171s] -- Found PythonLibs: /usr/lib/x86_64-linux-gnu/libpython3.10.so (found suitable version "3.10.12", minimum required is "3.5") 
[1.171s] -- Using PYTHON_EXECUTABLE: /usr/bin/python3
[1.171s] -- Using PYTHON_INCLUDE_DIRS: /usr/include/python3.10
[1.171s] -- Using PYTHON_LIBRARIES: /usr/lib/x86_64-linux-gnu/libpython3.10.so
[1.184s] -- Found PythonExtra: .so  
[1.218s] -- Found ament_lint_auto: 0.12.9 (/opt/ros/humble/share/ament_lint_auto/cmake)
[1.228s] -- Added test 'lint_cmake' to check CMake code style
[1.229s] -- Added test 'xmllint' to check XML markup files
[1.230s] -- Configuring done
[1.249s] -- Generating done
[1.251s] -- Build files have been written to: /home/sulieman/quadrotor_target_tracking/build/custom_interfaces
[1.257s] Invoked command in '/home/sulieman/quadrotor_target_tracking/build/custom_interfaces' returned '0': CMAKE_PREFIX_PATH=${CMAKE_PREFIX_PATH}:/home/sulieman/quadrotor_target_tracking/install/simulation:/home/sulieman/quadrotor_target_tracking/install/robots_description:/opt/ros/humble /usr/bin/cmake /home/sulieman/quadrotor_target_tracking/src/custom_interfaces -DCMAKE_INSTALL_PREFIX=/home/sulieman/quadrotor_target_tracking/install/custom_interfaces
[1.258s] Invoking command in '/home/sulieman/quadrotor_target_tracking/build/custom_interfaces': CMAKE_PREFIX_PATH=${CMAKE_PREFIX_PATH}:/home/sulieman/quadrotor_target_tracking/install/simulation:/home/sulieman/quadrotor_target_tracking/install/robots_description:/opt/ros/humble /usr/bin/cmake --build /home/sulieman/quadrotor_target_tracking/build/custom_interfaces -- -j16 -l16
[1.281s] [  3%] [34m[1mGenerating C code for ROS interfaces[0m
[1.287s] [  6%] [34m[1mGenerating C++ code for ROS interfaces[0m
[1.291s] [  6%] Built target ament_cmake_python_copy_custom_interfaces
[1.421s] running egg_info
[1.421s] creating custom_interfaces.egg-info
[1.434s] writing custom_interfaces.egg-info/PKG-INFO
[1.434s] writing dependency_links to custom_interfaces.egg-info/dependency_links.txt
[1.434s] writing top-level names to custom_interfaces.egg-info/top_level.txt
[1.448s] [  9%] [32mBuilding C object CMakeFiles/custom_interfaces__rosidl_generator_c.dir/rosidl_generator_c/custom_interfaces/msg/detail/reference_state__functions.c.o[0m
[1.453s] [  9%] Built target custom_interfaces__cpp
[1.459s] [ 16%] [34m[1mGenerating C++ type support dispatch for ROS interfaces[0m
[1.459s] [ 16%] [34m[1mGenerating C++ type support for eProsima Fast-RTPS[0m
[1.460s] [ 19%] [34m[1mGenerating C++ introspection for ROS interfaces[0m
[1.487s] [ 22%] [32m[1mLinking C shared library libcustom_interfaces__rosidl_generator_c.so[0m
[1.511s] writing manifest file 'custom_interfaces.egg-info/SOURCES.txt'
[1.511s] [ 22%] Built target custom_interfaces__rosidl_generator_c
[1.518s] [ 29%] [34m[1mGenerating C type support for eProsima Fast-RTPS[0m
[1.518s] [ 29%] [34m[1mGenerating C introspection for ROS interfaces[0m
[1.520s] [ 32%] [34m[1mGenerating C type support dispatch for ROS interfaces[0m
[1.549s] reading manifest file 'custom_interfaces.egg-info/SOURCES.txt'
[1.550s] writing manifest file 'custom_interfaces.egg-info/SOURCES.txt'
[1.571s] [ 32%] Built target ament_cmake_python_build_custom_interfaces_egg
[1.635s] [ 35%] [32mBuilding CXX object CMakeFiles/custom_interfaces__rosidl_typesupport_introspection_cpp.dir/rosidl_typesupport_introspection_cpp/custom_interfaces/msg/detail/reference_state__type_support.cpp.o[0m
[1.641s] [ 38%] [32mBuilding CXX object CMakeFiles/custom_interfaces__rosidl_typesupport_cpp.dir/rosidl_typesupport_cpp/custom_interfaces/msg/reference_state__type_support.cpp.o[0m
[1.677s] [ 41%] [32mBuilding CXX object CMakeFiles/custom_interfaces__rosidl_typesupport_fastrtps_cpp.dir/rosidl_typesupport_fastrtps_cpp/custom_interfaces/msg/detail/dds_fastrtps/reference_state__type_support.cpp.o[0m
[1.682s] [ 45%] [32mBuilding CXX object CMakeFiles/custom_interfaces__rosidl_typesupport_c.dir/rosidl_typesupport_c/custom_interfaces/msg/reference_state__type_support.cpp.o[0m
[1.694s] [ 48%] [32mBuilding C object CMakeFiles/custom_interfaces__rosidl_typesupport_introspection_c.dir/rosidl_typesupport_introspection_c/custom_interfaces/msg/detail/reference_state__type_support.c.o[0m
[1.701s] [ 51%] [32m[1mLinking CXX shared library libcustom_interfaces__rosidl_typesupport_c.so[0m
[1.712s] [ 54%] [32mBuilding CXX object CMakeFiles/custom_interfaces__rosidl_typesupport_fastrtps_c.dir/rosidl_typesupport_fastrtps_c/custom_interfaces/msg/detail/reference_state__type_support_c.cpp.o[0m
[1.721s] [ 58%] [32m[1mLinking C shared library libcustom_interfaces__rosidl_typesupport_introspection_c.so[0m
[1.725s] [ 58%] Built target custom_interfaces__rosidl_typesupport_c
[1.740s] [ 58%] Built target custom_interfaces__rosidl_typesupport_introspection_c
[1.796s] [ 61%] [32m[1mLinking CXX shared library libcustom_interfaces__rosidl_typesupport_cpp.so[0m
[1.820s] [ 61%] Built target custom_interfaces__rosidl_typesupport_cpp
[1.880s] [ 64%] [32m[1mLinking CXX shared library libcustom_interfaces__rosidl_typesupport_introspection_cpp.so[0m
[1.885s] [ 67%] [32m[1mLinking CXX shared library libcustom_interfaces__rosidl_typesupport_fastrtps_c.so[0m
[1.924s] [ 67%] Built target custom_interfaces__rosidl_typesupport_introspection_cpp
[1.929s] [ 70%] [32m[1mLinking CXX shared library libcustom_interfaces__rosidl_typesupport_fastrtps_cpp.so[0m
[1.929s] [ 70%] Built target custom_interfaces__rosidl_typesupport_fastrtps_c
[1.971s] [ 70%] Built target custom_interfaces__rosidl_typesupport_fastrtps_cpp
[1.982s] [ 70%] Built target custom_interfaces
[1.993s] [ 74%] [34m[1mGenerating Python code for ROS interfaces[0m
[2.189s] [ 74%] Built target custom_interfaces__py
[2.199s] [ 77%] [32mBuilding C object CMakeFiles/custom_interfaces__rosidl_generator_py.dir/rosidl_generator_py/custom_interfaces/msg/_reference_state_s.c.o[0m
[2.272s] [ 80%] [32m[1mLinking C shared library rosidl_generator_py/custom_interfaces/libcustom_interfaces__rosidl_generator_py.so[0m
[2.295s] [ 80%] Built target custom_interfaces__rosidl_generator_py
[2.307s] [ 83%] [32mBuilding C object CMakeFiles/custom_interfaces__rosidl_typesupport_introspection_c__pyext.dir/rosidl_generator_py/custom_interfaces/_custom_interfaces_s.ep.rosidl_typesupport_introspection_c.c.o[0m
[2.307s] [ 87%] [32mBuilding C object CMakeFiles/custom_interfaces__rosidl_typesupport_fastrtps_c__pyext.dir/rosidl_generator_py/custom_interfaces/_custom_interfaces_s.ep.rosidl_typesupport_fastrtps_c.c.o[0m
[2.307s] [ 90%] [32mBuilding C object CMakeFiles/custom_interfaces__rosidl_typesupport_c__pyext.dir/rosidl_generator_py/custom_interfaces/_custom_interfaces_s.ep.rosidl_typesupport_c.c.o[0m
[2.361s] [ 96%] [32m[1mLinking C shared library rosidl_generator_py/custom_interfaces/custom_interfaces_s__rosidl_typesupport_introspection_c.cpython-310-x86_64-linux-gnu.so[0m
[2.361s] [ 96%] [32m[1mLinking C shared library rosidl_generator_py/custom_interfaces/custom_interfaces_s__rosidl_typesupport_c.cpython-310-x86_64-linux-gnu.so[0m
[2.361s] [100%] [32m[1mLinking C shared library rosidl_generator_py/custom_interfaces/custom_interfaces_s__rosidl_typesupport_fastrtps_c.cpython-310-x86_64-linux-gnu.so[0m
[2.383s] [100%] Built target custom_interfaces__rosidl_typesupport_fastrtps_c__pyext
[2.383s] [100%] Built target custom_interfaces__rosidl_typesupport_introspection_c__pyext
[2.383s] [100%] Built target custom_interfaces__rosidl_typesupport_c__pyext
[2.389s] Invoked command in '/home/sulieman/quadrotor_target_tracking/build/custom_interfaces' returned '0': CMAKE_PREFIX_PATH=${CMAKE_PREFIX_PATH}:/home/sulieman/quadrotor_target_tracking/install/simulation:/home/sulieman/quadrotor_target_tracking/install/robots_description:/opt/ros/humble /usr/bin/cmake --build /home/sulieman/quadrotor_target_tracking/build/custom_interfaces -- -j16 -l16
[2.422s] Invoking command in '/home/sulieman/quadrotor_target_tracking/build/custom_interfaces': CMAKE_PREFIX_PATH=${CMAKE_PREFIX_PATH}:/home/sulieman/quadrotor_target_tracking/install/simulation:/home/sulieman/quadrotor_target_tracking/install/robots_description:/opt/ros/humble /usr/bin/cmake --install /home/sulieman/quadrotor_target_tracking/build/custom_interfaces
[2.426s] -- Install configuration: ""
[2.426s] -- Installing: /home/sulieman/quadrotor_target_tracking/install/custom_interfaces/share/ament_index/resource_index/rosidl_interfaces/custom_interfaces
[2.427s] -- Installing: /home/sulieman/quadrotor_target_tracking/install/custom_interfaces/include/custom_interfaces/custom_interfaces
[2.427s] -- Installing: /home/sulieman/quadrotor_target_tracking/install/custom_interfaces/include/custom_interfaces/custom_interfaces/msg
[2.427s] -- Installing: /home/sulieman/quadrotor_target_tracking/install/custom_interfaces/include/custom_interfaces/custom_interfaces/msg/detail
[2.427s] -- Installing: /home/sulieman/quadrotor_target_tracking/install/custom_interfaces/include/custom_interfaces/custom_interfaces/msg/detail/reference_state__type_support.h
[2.427s] -- Installing: /home/sulieman/quadrotor_target_tracking/install/custom_interfaces/include/custom_interfaces/custom_interfaces/msg/detail/reference_state__struct.h
[2.427s] -- Installing: /home/sulieman/quadrotor_target_tracking/install/custom_interfaces/include/custom_interfaces/custom_interfaces/msg/detail/reference_state__functions.c
[2.427s] -- Installing: /home/sulieman/quadrotor_target_tracking/install/custom_interfaces/include/custom_interfaces/custom_interfaces/msg/detail/reference_state__functions.h
[2.427s] -- Installing: /home/sulieman/quadrotor_target_tracking/install/custom_interfaces/include/custom_interfaces/custom_interfaces/msg/reference_state.h
[2.427s] -- Installing: /home/sulieman/quadrotor_target_tracking/install/custom_interfaces/include/custom_interfaces/custom_interfaces/msg/rosidl_generator_c__visibility_control.h
[2.427s] -- Installing: /home/sulieman/quadrotor_target_tracking/install/custom_interfaces/share/custom_interfaces/environment/library_path.sh
[2.427s] -- Installing: /home/sulieman/quadrotor_target_tracking/install/custom_interfaces/share/custom_interfaces/environment/library_path.dsv
[2.427s] -- Installing: /home/sulieman/quadrotor_target_tracking/install/custom_interfaces/lib/libcustom_interfaces__rosidl_generator_c.so
[2.427s] -- Set runtime path of "/home/sulieman/quadrotor_target_tracking/install/custom_interfaces/lib/libcustom_interfaces__rosidl_generator_c.so" to ""
[2.427s] -- Up-to-date: /home/sulieman/quadrotor_target_tracking/install/custom_interfaces/include/custom_interfaces/custom_interfaces
[2.427s] -- Up-to-date: /home/sulieman/quadrotor_target_tracking/install/custom_interfaces/include/custom_interfaces/custom_interfaces/msg
[2.428s] -- Up-to-date: /home/sulieman/quadrotor_target_tracking/install/custom_interfaces/include/custom_interfaces/custom_interfaces/msg/detail
[2.428s] -- Installing: /home/sulieman/quadrotor_target_tracking/install/custom_interfaces/include/custom_interfaces/custom_interfaces/msg/detail/reference_state__rosidl_typesupport_fastrtps_c.h
[2.428s] -- Installing: /home/sulieman/quadrotor_target_tracking/install/custom_interfaces/include/custom_interfaces/custom_interfaces/msg/rosidl_typesupport_fastrtps_c__visibility_control.h
[2.428s] -- Installing: /home/sulieman/quadrotor_target_tracking/install/custom_interfaces/lib/libcustom_interfaces__rosidl_typesupport_fastrtps_c.so
[2.428s] -- Set runtime path of "/home/sulieman/quadrotor_target_tracking/install/custom_interfaces/lib/libcustom_interfaces__rosidl_typesupport_fastrtps_c.so" to ""
[2.428s] -- Up-to-date: /home/sulieman/quadrotor_target_tracking/install/custom_interfaces/include/custom_interfaces/custom_interfaces
[2.428s] -- Up-to-date: /home/sulieman/quadrotor_target_tracking/install/custom_interfaces/include/custom_interfaces/custom_interfaces/msg
[2.428s] -- Installing: /home/sulieman/quadrotor_target_tracking/install/custom_interfaces/include/custom_interfaces/custom_interfaces/msg/reference_state.hpp
[2.428s] -- Up-to-date: /home/sulieman/quadrotor_target_tracking/install/custom_interfaces/include/custom_interfaces/custom_interfaces/msg/detail
[2.428s] -- Installing: /home/sulieman/quadrotor_target_tracking/install/custom_interfaces/include/custom_interfaces/custom_interfaces/msg/detail/reference_state__struct.hpp
[2.428s] -- Installing: /home/sulieman/quadrotor_target_tracking/install/custom_interfaces/include/custom_interfaces/custom_interfaces/msg/detail/reference_state__traits.hpp
[2.428s] -- Installing: /home/sulieman/quadrotor_target_tracking/install/custom_interfaces/include/custom_interfaces/custom_interfaces/msg/detail/reference_state__builder.hpp
[2.428s] -- Up-to-date: /home/sulieman/quadrotor_target_tracking/install/custom_interfaces/include/custom_interfaces/custom_interfaces
[2.428s] -- Up-to-date: /home/sulieman/quadrotor_target_tracking/install/custom_interfaces/include/custom_interfaces/custom_interfaces/msg
[2.428s] -- Up-to-date: /home/sulieman/quadrotor_target_tracking/install/custom_interfaces/include/custom_interfaces/custom_interfaces/msg/detail
[2.428s] -- Installing: /home/sulieman/quadrotor_target_tracking/install/custom_interfaces/include/custom_interfaces/custom_interfaces/msg/detail/reference_state__rosidl_typesupport_fastrtps_cpp.hpp
[2.429s] -- Installing: /home/sulieman/quadrotor_target_tracking/install/custom_interfaces/include/custom_interfaces/custom_interfaces/msg/detail/dds_fastrtps
[2.429s] -- Installing: /home/sulieman/quadrotor_target_tracking/install/custom_interfaces/include/custom_interfaces/custom_interfaces/msg/rosidl_typesupport_fastrtps_cpp__visibility_control.h
[2.429s] -- Installing: /home/sulieman/quadrotor_target_tracking/install/custom_interfaces/lib/libcustom_interfaces__rosidl_typesupport_fastrtps_cpp.so
[2.429s] -- Set runtime path of "/home/sulieman/quadrotor_target_tracking/install/custom_interfaces/lib/libcustom_interfaces__rosidl_typesupport_fastrtps_cpp.so" to ""
[2.429s] -- Up-to-date: /home/sulieman/quadrotor_target_tracking/install/custom_interfaces/include/custom_interfaces/custom_interfaces
[2.429s] -- Up-to-date: /home/sulieman/quadrotor_target_tracking/install/custom_interfaces/include/custom_interfaces/custom_interfaces/msg
[2.429s] -- Installing: /home/sulieman/quadrotor_target_tracking/install/custom_interfaces/include/custom_interfaces/custom_interfaces/msg/rosidl_typesupport_introspection_c__visibility_control.h
[2.429s] -- Up-to-date: /home/sulieman/quadrotor_target_tracking/install/custom_interfaces/include/custom_interfaces/custom_interfaces/msg/detail
[2.429s] -- Installing: /home/sulieman/quadrotor_target_tracking/install/custom_interfaces/include/custom_interfaces/custom_interfaces/msg/detail/reference_state__rosidl_typesupport_introspection_c.h
[2.429s] -- Installing: /home/sulieman/quadrotor_target_tracking/install/custom_interfaces/include/custom_interfaces/custom_interfaces/msg/detail/reference_state__type_support.c
[2.429s] -- Installing: /home/sulieman/quadrotor_target_tracking/install/custom_interfaces/lib/libcustom_interfaces__rosidl_typesupport_introspection_c.so
[2.429s] -- Set runtime path of "/home/sulieman/quadrotor_target_tracking/install/custom_interfaces/lib/libcustom_interfaces__rosidl_typesupport_introspection_c.so" to ""
[2.429s] -- Installing: /home/sulieman/quadrotor_target_tracking/install/custom_interfaces/lib/libcustom_interfaces__rosidl_typesupport_c.so
[2.429s] -- Set runtime path of "/home/sulieman/quadrotor_target_tracking/install/custom_interfaces/lib/libcustom_interfaces__rosidl_typesupport_c.so" to ""
[2.429s] -- Up-to-date: /home/sulieman/quadrotor_target_tracking/install/custom_interfaces/include/custom_interfaces/custom_interfaces
[2.430s] -- Up-to-date: /home/sulieman/quadrotor_target_tracking/install/custom_interfaces/include/custom_interfaces/custom_interfaces/msg
[2.430s] -- Up-to-date: /home/sulieman/quadrotor_target_tracking/install/custom_interfaces/include/custom_interfaces/custom_interfaces/msg/detail
[2.430s] -- Installing: /home/sulieman/quadrotor_target_tracking/install/custom_interfaces/include/custom_interfaces/custom_interfaces/msg/detail/reference_state__rosidl_typesupport_introspection_cpp.hpp
[2.430s] -- Installing: /home/sulieman/quadrotor_target_tracking/install/custom_interfaces/include/custom_interfaces/custom_interfaces/msg/detail/reference_state__type_support.cpp
[2.430s] -- Installing: /home/sulieman/quadrotor_target_tracking/install/custom_interfaces/lib/libcustom_interfaces__rosidl_typesupport_introspection_cpp.so
[2.430s] -- Set runtime path of "/home/sulieman/quadrotor_target_tracking/install/custom_interfaces/lib/libcustom_interfaces__rosidl_typesupport_introspection_cpp.so" to ""
[2.430s] -- Installing: /home/sulieman/quadrotor_target_tracking/install/custom_interfaces/lib/libcustom_interfaces__rosidl_typesupport_cpp.so
[2.430s] -- Set runtime path of "/home/sulieman/quadrotor_target_tracking/install/custom_interfaces/lib/libcustom_interfaces__rosidl_typesupport_cpp.so" to ""
[2.430s] -- Installing: /home/sulieman/quadrotor_target_tracking/install/custom_interfaces/share/custom_interfaces/environment/pythonpath.sh
[2.430s] -- Installing: /home/sulieman/quadrotor_target_tracking/install/custom_interfaces/share/custom_interfaces/environment/pythonpath.dsv
[2.430s] -- Installing: /home/sulieman/quadrotor_target_tracking/install/custom_interfaces/local/lib/python3.10/dist-packages/custom_interfaces-0.0.0-py3.10.egg-info
[2.430s] -- Installing: /home/sulieman/quadrotor_target_tracking/install/custom_interfaces/local/lib/python3.10/dist-packages/custom_interfaces-0.0.0-py3.10.egg-info/PKG-INFO
[2.430s] -- Installing: /home/sulieman/quadrotor_target_tracking/install/custom_interfaces/local/lib/python3.10/dist-packages/custom_interfaces-0.0.0-py3.10.egg-info/dependency_links.txt
[2.430s] -- Installing: /home/sulieman/quadrotor_target_tracking/install/custom_interfaces/local/lib/python3.10/dist-packages/custom_interfaces-0.0.0-py3.10.egg-info/SOURCES.txt
[2.430s] -- Installing: /home/sulieman/quadrotor_target_tracking/install/custom_interfaces/local/lib/python3.10/dist-packages/custom_interfaces-0.0.0-py3.10.egg-info/top_level.txt
[2.430s] -- Installing: /home/sulieman/quadrotor_target_tracking/install/custom_interfaces/local/lib/python3.10/dist-packages/custom_interfaces
[2.431s] -- Installing: /home/sulieman/quadrotor_target_tracking/install/custom_interfaces/local/lib/python3.10/dist-packages/custom_interfaces/_custom_interfaces_s.ep.rosidl_typesupport_introspection_c.c
[2.431s] -- Installing: /home/sulieman/quadrotor_target_tracking/install/custom_interfaces/local/lib/python3.10/dist-packages/custom_interfaces/msg
[2.431s] -- Installing: /home/sulieman/quadrotor_target_tracking/install/custom_interfaces/local/lib/python3.10/dist-packages/custom_interfaces/msg/_reference_state_s.c
[2.431s] -- Installing: /home/sulieman/quadrotor_target_tracking/install/custom_interfaces/local/lib/python3.10/dist-packages/custom_interfaces/msg/__init__.py
[2.431s] -- Installing: /home/sulieman/quadrotor_target_tracking/install/custom_interfaces/local/lib/python3.10/dist-packages/custom_interfaces/msg/_reference_state.py
[2.431s] -- Installing: /home/sulieman/quadrotor_target_tracking/install/custom_interfaces/local/lib/python3.10/dist-packages/custom_interfaces/custom_interfaces_s__rosidl_typesupport_fastrtps_c.cpython-310-x86_64-linux-gnu.so
[2.431s] -- Installing: /home/sulieman/quadrotor_target_tracking/install/custom_interfaces/local/lib/python3.10/dist-packages/custom_interfaces/__init__.py
[2.431s] -- Installing: /home/sulieman/quadrotor_target_tracking/install/custom_interfaces/local/lib/python3.10/dist-packages/custom_interfaces/_custom_interfaces_s.ep.rosidl_typesupport_fastrtps_c.c
[2.431s] -- Installing: /home/sulieman/quadrotor_target_tracking/install/custom_interfaces/local/lib/python3.10/dist-packages/custom_interfaces/libcustom_interfaces__rosidl_generator_py.so
[2.431s] -- Installing: /home/sulieman/quadrotor_target_tracking/install/custom_interfaces/local/lib/python3.10/dist-packages/custom_interfaces/custom_interfaces_s__rosidl_typesupport_introspection_c.cpython-310-x86_64-linux-gnu.so
[2.431s] -- Installing: /home/sulieman/quadrotor_target_tracking/install/custom_interfaces/local/lib/python3.10/dist-packages/custom_interfaces/custom_interfaces_s__rosidl_typesupport_c.cpython-310-x86_64-linux-gnu.so
[2.431s] -- Installing: /home/sulieman/quadrotor_target_tracking/install/custom_interfaces/local/lib/python3.10/dist-packages/custom_interfaces/_custom_interfaces_s.ep.rosidl_typesupport_c.c
[2.449s] Listing '/home/sulieman/quadrotor_target_tracking/install/custom_interfaces/local/lib/python3.10/dist-packages/custom_interfaces'...
[2.449s] Compiling '/home/sulieman/quadrotor_target_tracking/install/custom_interfaces/local/lib/python3.10/dist-packages/custom_interfaces/__init__.py'...
[2.449s] Listing '/home/sulieman/quadrotor_target_tracking/install/custom_interfaces/local/lib/python3.10/dist-packages/custom_interfaces/msg'...
[2.450s] Compiling '/home/sulieman/quadrotor_target_tracking/install/custom_interfaces/local/lib/python3.10/dist-packages/custom_interfaces/msg/__init__.py'...
[2.450s] Compiling '/home/sulieman/quadrotor_target_tracking/install/custom_interfaces/local/lib/python3.10/dist-packages/custom_interfaces/msg/_reference_state.py'...
[2.452s] -- Installing: /home/sulieman/quadrotor_target_tracking/install/custom_interfaces/local/lib/python3.10/dist-packages/custom_interfaces/custom_interfaces_s__rosidl_typesupport_fastrtps_c.cpython-310-x86_64-linux-gnu.so
[2.452s] -- Set runtime path of "/home/sulieman/quadrotor_target_tracking/install/custom_interfaces/local/lib/python3.10/dist-packages/custom_interfaces/custom_interfaces_s__rosidl_typesupport_fastrtps_c.cpython-310-x86_64-linux-gnu.so" to ""
[2.452s] -- Installing: /home/sulieman/quadrotor_target_tracking/install/custom_interfaces/local/lib/python3.10/dist-packages/custom_interfaces/custom_interfaces_s__rosidl_typesupport_introspection_c.cpython-310-x86_64-linux-gnu.so
[2.452s] -- Set runtime path of "/home/sulieman/quadrotor_target_tracking/install/custom_interfaces/local/lib/python3.10/dist-packages/custom_interfaces/custom_interfaces_s__rosidl_typesupport_introspection_c.cpython-310-x86_64-linux-gnu.so" to ""
[2.452s] -- Installing: /home/sulieman/quadrotor_target_tracking/install/custom_interfaces/local/lib/python3.10/dist-packages/custom_interfaces/custom_interfaces_s__rosidl_typesupport_c.cpython-310-x86_64-linux-gnu.so
[2.452s] -- Set runtime path of "/home/sulieman/quadrotor_target_tracking/install/custom_interfaces/local/lib/python3.10/dist-packages/custom_interfaces/custom_interfaces_s__rosidl_typesupport_c.cpython-310-x86_64-linux-gnu.so" to ""
[2.453s] -- Installing: /home/sulieman/quadrotor_target_tracking/install/custom_interfaces/lib/libcustom_interfaces__rosidl_generator_py.so
[2.453s] -- Set runtime path of "/home/sulieman/quadrotor_target_tracking/install/custom_interfaces/lib/libcustom_interfaces__rosidl_generator_py.so" to ""
[2.453s] -- Installing: /home/sulieman/quadrotor_target_tracking/install/custom_interfaces/share/custom_interfaces/msg/ReferenceState.idl
[2.453s] -- Installing: /home/sulieman/quadrotor_target_tracking/install/custom_interfaces/share/custom_interfaces/msg/ReferenceState.msg
[2.453s] -- Installing: /home/sulieman/quadrotor_target_tracking/install/custom_interfaces/share/ament_index/resource_index/package_run_dependencies/custom_interfaces
[2.453s] -- Installing: /home/sulieman/quadrotor_target_tracking/install/custom_interfaces/share/ament_index/resource_index/parent_prefix_path/custom_interfaces
[2.453s] -- Installing: /home/sulieman/quadrotor_target_tracking/install/custom_interfaces/share/custom_interfaces/environment/ament_prefix_path.sh
[2.453s] -- Installing: /home/sulieman/quadrotor_target_tracking/install/custom_interfaces/share/custom_interfaces/environment/ament_prefix_path.dsv
[2.453s] -- Installing: /home/sulieman/quadrotor_target_tracking/install/custom_interfaces/share/custom_interfaces/environment/path.sh
[2.453s] -- Installing: /home/sulieman/quadrotor_target_tracking/install/custom_interfaces/share/custom_interfaces/environment/path.dsv
[2.453s] -- Installing: /home/sulieman/quadrotor_target_tracking/install/custom_interfaces/share/custom_interfaces/local_setup.bash
[2.453s] -- Installing: /home/sulieman/quadrotor_target_tracking/install/custom_interfaces/share/custom_interfaces/local_setup.sh
[2.453s] -- Installing: /home/sulieman/quadrotor_target_tracking/install/custom_interfaces/share/custom_interfaces/local_setup.zsh
[2.453s] -- Installing: /home/sulieman/quadrotor_target_tracking/install/custom_interfaces/share/custom_interfaces/local_setup.dsv
[2.454s] -- Installing: /home/sulieman/quadrotor_target_tracking/install/custom_interfaces/share/custom_interfaces/package.dsv
[2.454s] -- Installing: /home/sulieman/quadrotor_target_tracking/install/custom_interfaces/share/ament_index/resource_index/packages/custom_interfaces
[2.454s] -- Installing: /home/sulieman/quadrotor_target_tracking/install/custom_interfaces/share/custom_interfaces/cmake/export_custom_interfaces__rosidl_generator_cExport.cmake
[2.454s] -- Installing: /home/sulieman/quadrotor_target_tracking/install/custom_interfaces/share/custom_interfaces/cmake/export_custom_interfaces__rosidl_generator_cExport-noconfig.cmake
[2.454s] -- Installing: /home/sulieman/quadrotor_target_tracking/install/custom_interfaces/share/custom_interfaces/cmake/export_custom_interfaces__rosidl_typesupport_fastrtps_cExport.cmake
[2.454s] -- Installing: /home/sulieman/quadrotor_target_tracking/install/custom_interfaces/share/custom_interfaces/cmake/export_custom_interfaces__rosidl_typesupport_fastrtps_cExport-noconfig.cmake
[2.454s] -- Installing: /home/sulieman/quadrotor_target_tracking/install/custom_interfaces/share/custom_interfaces/cmake/export_custom_interfaces__rosidl_generator_cppExport.cmake
[2.454s] -- Installing: /home/sulieman/quadrotor_target_tracking/install/custom_interfaces/share/custom_interfaces/cmake/export_custom_interfaces__rosidl_typesupport_fastrtps_cppExport.cmake
[2.454s] -- Installing: /home/sulieman/quadrotor_target_tracking/install/custom_interfaces/share/custom_interfaces/cmake/export_custom_interfaces__rosidl_typesupport_fastrtps_cppExport-noconfig.cmake
[2.454s] -- Installing: /home/sulieman/quadrotor_target_tracking/install/custom_interfaces/share/custom_interfaces/cmake/custom_interfaces__rosidl_typesupport_introspection_cExport.cmake
[2.454s] -- Installing: /home/sulieman/quadrotor_target_tracking/install/custom_interfaces/share/custom_interfaces/cmake/custom_interfaces__rosidl_typesupport_introspection_cExport-noconfig.cmake
[2.454s] -- Installing: /home/sulieman/quadrotor_target_tracking/install/custom_interfaces/share/custom_interfaces/cmake/custom_interfaces__rosidl_typesupport_cExport.cmake
[2.454s] -- Installing: /home/sulieman/quadrotor_target_tracking/install/custom_interfaces/share/custom_interfaces/cmake/custom_interfaces__rosidl_typesupport_cExport-noconfig.cmake
[2.454s] -- Installing: /home/sulieman/quadrotor_target_tracking/install/custom_interfaces/share/custom_interfaces/cmake/custom_interfaces__rosidl_typesupport_introspection_cppExport.cmake
[2.454s] -- Installing: /home/sulieman/quadrotor_target_tracking/install/custom_interfaces/share/custom_interfaces/cmake/custom_interfaces__rosidl_typesupport_introspection_cppExport-noconfig.cmake
[2.454s] -- Installing: /home/sulieman/quadrotor_target_tracking/install/custom_interfaces/share/custom_interfaces/cmake/custom_interfaces__rosidl_typesupport_cppExport.cmake
[2.454s] -- Installing: /home/sulieman/quadrotor_target_tracking/install/custom_interfaces/share/custom_interfaces/cmake/custom_interfaces__rosidl_typesupport_cppExport-noconfig.cmake
[2.454s] -- Installing: /home/sulieman/quadrotor_target_tracking/install/custom_interfaces/share/custom_interfaces/cmake/export_custom_interfaces__rosidl_generator_pyExport.cmake
[2.454s] -- Installing: /home/sulieman/quadrotor_target_tracking/install/custom_interfaces/share/custom_interfaces/cmake/export_custom_interfaces__rosidl_generator_pyExport-noconfig.cmake
[2.455s] -- Installing: /home/sulieman/quadrotor_target_tracking/install/custom_interfaces/share/custom_interfaces/cmake/rosidl_cmake-extras.cmake
[2.455s] -- Installing: /home/sulieman/quadrotor_target_tracking/install/custom_interfaces/share/custom_interfaces/cmake/ament_cmake_export_dependencies-extras.cmake
[2.455s] -- Installing: /home/sulieman/quadrotor_target_tracking/install/custom_interfaces/share/custom_interfaces/cmake/ament_cmake_export_include_directories-extras.cmake
[2.455s] -- Installing: /home/sulieman/quadrotor_target_tracking/install/custom_interfaces/share/custom_interfaces/cmake/ament_cmake_export_libraries-extras.cmake
[2.455s] -- Installing: /home/sulieman/quadrotor_target_tracking/install/custom_interfaces/share/custom_interfaces/cmake/ament_cmake_export_targets-extras.cmake
[2.455s] -- Installing: /home/sulieman/quadrotor_target_tracking/install/custom_interfaces/share/custom_interfaces/cmake/rosidl_cmake_export_typesupport_targets-extras.cmake
[2.455s] -- Installing: /home/sulieman/quadrotor_target_tracking/install/custom_interfaces/share/custom_interfaces/cmake/rosidl_cmake_export_typesupport_libraries-extras.cmake
[2.455s] -- Installing: /home/sulieman/quadrotor_target_tracking/install/custom_interfaces/share/custom_interfaces/cmake/custom_interfacesConfig.cmake
[2.455s] -- Installing: /home/sulieman/quadrotor_target_tracking/install/custom_interfaces/share/custom_interfaces/cmake/custom_interfacesConfig-version.cmake
[2.455s] -- Installing: /home/sulieman/quadrotor_target_tracking/install/custom_interfaces/share/custom_interfaces/package.xml
[2.456s] Invoked command in '/home/sulieman/quadrotor_target_tracking/build/custom_interfaces' returned '0': CMAKE_PREFIX_PATH=${CMAKE_PREFIX_PATH}:/home/sulieman/quadrotor_target_tracking/install/simulation:/home/sulieman/quadrotor_target_tracking/install/robots_description:/opt/ros/humble /usr/bin/cmake --install /home/sulieman/quadrotor_target_tracking/build/custom_interfaces
