[0.647s] DEBUG:colcon:Command line arguments: ['/usr/bin/colcon', 'build', '--symlink-install']
[0.647s] DEBUG:colcon:Parsed command line arguments: Namespace(log_base=None, log_level=None, verb_name='build', build_base='build', install_base='install', merge_install=False, symlink_install=True, test_result_base=None, continue_on_error=False, executor='parallel', parallel_workers=16, event_handlers=None, ignore_user_meta=False, metas=['./colcon.meta'], base_paths=['.'], packages_ignore=None, packages_ignore_regex=None, paths=None, packages_up_to=None, packages_up_to_regex=None, packages_above=None, packages_above_and_dependencies=None, packages_above_depth=None, packages_select_by_dep=None, packages_skip_by_dep=None, packages_skip_up_to=None, packages_select_build_failed=False, packages_skip_build_finished=False, packages_select_test_failures=False, packages_skip_test_passed=False, packages_select=None, packages_skip=None, packages_select_regex=None, packages_skip_regex=None, packages_start=None, packages_end=None, allow_overriding=[], cmake_args=None, cmake_target=None, cmake_target_skip_unavailable=False, cmake_clean_cache=False, cmake_clean_first=False, cmake_force_configure=False, ament_cmake_args=None, catkin_cmake_args=None, catkin_skip_building_tests=False, verb_parser=<colcon_defaults.argument_parser.defaults.DefaultArgumentsDecorator object at 0x7446e5c28580>, verb_extension=<colcon_core.verb.build.BuildVerb object at 0x7446e5c0fd00>, main=<bound method BuildVerb.main of <colcon_core.verb.build.BuildVerb object at 0x7446e5c0fd00>>)
[0.681s] Level 1:colcon.colcon_core.package_discovery:discover_packages(colcon_meta) check parameters
[0.681s] Level 1:colcon.colcon_core.package_discovery:discover_packages(recursive) check parameters
[0.681s] Level 1:colcon.colcon_core.package_discovery:discover_packages(ignore) check parameters
[0.681s] Level 1:colcon.colcon_core.package_discovery:discover_packages(path) check parameters
[0.681s] Level 1:colcon.colcon_core.package_discovery:discover_packages(colcon_meta) discover
[0.681s] Level 1:colcon.colcon_core.package_discovery:discover_packages(recursive) discover
[0.681s] INFO:colcon.colcon_core.package_discovery:Crawling recursively for packages in '/home/sulieman/quadrotor_target_tracking'
[0.681s] Level 1:colcon.colcon_core.package_identification:_identify(.) by extensions ['ignore', 'ignore_ament_install']
[0.681s] Level 1:colcon.colcon_core.package_identification:_identify(.) by extension 'ignore'
[0.681s] Level 1:colcon.colcon_core.package_identification:_identify(.) by extension 'ignore_ament_install'
[0.681s] Level 1:colcon.colcon_core.package_identification:_identify(.) by extensions ['colcon_pkg']
[0.681s] Level 1:colcon.colcon_core.package_identification:_identify(.) by extension 'colcon_pkg'
[0.681s] Level 1:colcon.colcon_core.package_identification:_identify(.) by extensions ['colcon_meta']
[0.681s] Level 1:colcon.colcon_core.package_identification:_identify(.) by extension 'colcon_meta'
[0.681s] Level 1:colcon.colcon_core.package_identification:_identify(.) by extensions ['ros']
[0.681s] Level 1:colcon.colcon_core.package_identification:_identify(.) by extension 'ros'
[0.689s] Level 1:colcon.colcon_core.package_identification:_identify(.) by extensions ['cmake', 'python']
[0.689s] Level 1:colcon.colcon_core.package_identification:_identify(.) by extension 'cmake'
[0.689s] Level 1:colcon.colcon_core.package_identification:_identify(.) by extension 'python'
[0.689s] Level 1:colcon.colcon_core.package_identification:_identify(.) by extensions ['python_setup_py']
[0.689s] Level 1:colcon.colcon_core.package_identification:_identify(.) by extension 'python_setup_py'
[0.689s] Level 1:colcon.colcon_core.package_identification:_identify(build) by extensions ['ignore', 'ignore_ament_install']
[0.689s] Level 1:colcon.colcon_core.package_identification:_identify(build) by extension 'ignore'
[0.689s] Level 1:colcon.colcon_core.package_identification:_identify(build) ignored
[0.689s] Level 1:colcon.colcon_core.package_identification:_identify(install) by extensions ['ignore', 'ignore_ament_install']
[0.689s] Level 1:colcon.colcon_core.package_identification:_identify(install) by extension 'ignore'
[0.689s] Level 1:colcon.colcon_core.package_identification:_identify(install) ignored
[0.689s] Level 1:colcon.colcon_core.package_identification:_identify(log) by extensions ['ignore', 'ignore_ament_install']
[0.689s] Level 1:colcon.colcon_core.package_identification:_identify(log) by extension 'ignore'
[0.689s] Level 1:colcon.colcon_core.package_identification:_identify(log) ignored
[0.689s] Level 1:colcon.colcon_core.package_identification:_identify(src) by extensions ['ignore', 'ignore_ament_install']
[0.689s] Level 1:colcon.colcon_core.package_identification:_identify(src) by extension 'ignore'
[0.689s] Level 1:colcon.colcon_core.package_identification:_identify(src) by extension 'ignore_ament_install'
[0.689s] Level 1:colcon.colcon_core.package_identification:_identify(src) by extensions ['colcon_pkg']
[0.689s] Level 1:colcon.colcon_core.package_identification:_identify(src) by extension 'colcon_pkg'
[0.689s] Level 1:colcon.colcon_core.package_identification:_identify(src) by extensions ['colcon_meta']
[0.689s] Level 1:colcon.colcon_core.package_identification:_identify(src) by extension 'colcon_meta'
[0.689s] Level 1:colcon.colcon_core.package_identification:_identify(src) by extensions ['ros']
[0.690s] Level 1:colcon.colcon_core.package_identification:_identify(src) by extension 'ros'
[0.690s] Level 1:colcon.colcon_core.package_identification:_identify(src) by extensions ['cmake', 'python']
[0.690s] Level 1:colcon.colcon_core.package_identification:_identify(src) by extension 'cmake'
[0.690s] Level 1:colcon.colcon_core.package_identification:_identify(src) by extension 'python'
[0.690s] Level 1:colcon.colcon_core.package_identification:_identify(src) by extensions ['python_setup_py']
[0.690s] Level 1:colcon.colcon_core.package_identification:_identify(src) by extension 'python_setup_py'
[0.690s] Level 1:colcon.colcon_core.package_identification:_identify(src/custom_interfaces) by extensions ['ignore', 'ignore_ament_install']
[0.690s] Level 1:colcon.colcon_core.package_identification:_identify(src/custom_interfaces) by extension 'ignore'
[0.690s] Level 1:colcon.colcon_core.package_identification:_identify(src/custom_interfaces) by extension 'ignore_ament_install'
[0.690s] Level 1:colcon.colcon_core.package_identification:_identify(src/custom_interfaces) by extensions ['colcon_pkg']
[0.690s] Level 1:colcon.colcon_core.package_identification:_identify(src/custom_interfaces) by extension 'colcon_pkg'
[0.690s] Level 1:colcon.colcon_core.package_identification:_identify(src/custom_interfaces) by extensions ['colcon_meta']
[0.690s] Level 1:colcon.colcon_core.package_identification:_identify(src/custom_interfaces) by extension 'colcon_meta'
[0.690s] Level 1:colcon.colcon_core.package_identification:_identify(src/custom_interfaces) by extensions ['ros']
[0.690s] Level 1:colcon.colcon_core.package_identification:_identify(src/custom_interfaces) by extension 'ros'
[0.691s] DEBUG:colcon.colcon_core.package_identification:Package 'src/custom_interfaces' with type 'ros.ament_cmake' and name 'custom_interfaces'
[0.691s] Level 1:colcon.colcon_core.package_identification:_identify(src/quadrotor_control) by extensions ['ignore', 'ignore_ament_install']
[0.691s] Level 1:colcon.colcon_core.package_identification:_identify(src/quadrotor_control) by extension 'ignore'
[0.691s] Level 1:colcon.colcon_core.package_identification:_identify(src/quadrotor_control) by extension 'ignore_ament_install'
[0.691s] Level 1:colcon.colcon_core.package_identification:_identify(src/quadrotor_control) by extensions ['colcon_pkg']
[0.691s] Level 1:colcon.colcon_core.package_identification:_identify(src/quadrotor_control) by extension 'colcon_pkg'
[0.691s] Level 1:colcon.colcon_core.package_identification:_identify(src/quadrotor_control) by extensions ['colcon_meta']
[0.691s] Level 1:colcon.colcon_core.package_identification:_identify(src/quadrotor_control) by extension 'colcon_meta'
[0.691s] Level 1:colcon.colcon_core.package_identification:_identify(src/quadrotor_control) by extensions ['ros']
[0.691s] Level 1:colcon.colcon_core.package_identification:_identify(src/quadrotor_control) by extension 'ros'
[0.692s] DEBUG:colcon.colcon_core.package_identification:Package 'src/quadrotor_control' with type 'ros.ament_cmake' and name 'quadrotor_control'
[0.692s] Level 1:colcon.colcon_core.package_identification:_identify(src/robots_description) by extensions ['ignore', 'ignore_ament_install']
[0.692s] Level 1:colcon.colcon_core.package_identification:_identify(src/robots_description) by extension 'ignore'
[0.692s] Level 1:colcon.colcon_core.package_identification:_identify(src/robots_description) by extension 'ignore_ament_install'
[0.692s] Level 1:colcon.colcon_core.package_identification:_identify(src/robots_description) by extensions ['colcon_pkg']
[0.692s] Level 1:colcon.colcon_core.package_identification:_identify(src/robots_description) by extension 'colcon_pkg'
[0.692s] Level 1:colcon.colcon_core.package_identification:_identify(src/robots_description) by extensions ['colcon_meta']
[0.692s] Level 1:colcon.colcon_core.package_identification:_identify(src/robots_description) by extension 'colcon_meta'
[0.692s] Level 1:colcon.colcon_core.package_identification:_identify(src/robots_description) by extensions ['ros']
[0.692s] Level 1:colcon.colcon_core.package_identification:_identify(src/robots_description) by extension 'ros'
[0.692s] DEBUG:colcon.colcon_core.package_identification:Package 'src/robots_description' with type 'ros.ament_python' and name 'robots_description'
[0.692s] Level 1:colcon.colcon_core.package_identification:_identify(src/simulation) by extensions ['ignore', 'ignore_ament_install']
[0.692s] Level 1:colcon.colcon_core.package_identification:_identify(src/simulation) by extension 'ignore'
[0.692s] Level 1:colcon.colcon_core.package_identification:_identify(src/simulation) by extension 'ignore_ament_install'
[0.692s] Level 1:colcon.colcon_core.package_identification:_identify(src/simulation) by extensions ['colcon_pkg']
[0.692s] Level 1:colcon.colcon_core.package_identification:_identify(src/simulation) by extension 'colcon_pkg'
[0.692s] Level 1:colcon.colcon_core.package_identification:_identify(src/simulation) by extensions ['colcon_meta']
[0.692s] Level 1:colcon.colcon_core.package_identification:_identify(src/simulation) by extension 'colcon_meta'
[0.692s] Level 1:colcon.colcon_core.package_identification:_identify(src/simulation) by extensions ['ros']
[0.692s] Level 1:colcon.colcon_core.package_identification:_identify(src/simulation) by extension 'ros'
[0.692s] DEBUG:colcon.colcon_core.package_identification:Package 'src/simulation' with type 'ros.ament_python' and name 'simulation'
[0.692s] Level 1:colcon.colcon_core.package_discovery:discover_packages(recursive) using defaults
[0.692s] Level 1:colcon.colcon_core.package_discovery:discover_packages(ignore) discover
[0.692s] Level 1:colcon.colcon_core.package_discovery:discover_packages(ignore) using defaults
[0.692s] Level 1:colcon.colcon_core.package_discovery:discover_packages(path) discover
[0.693s] Level 1:colcon.colcon_core.package_discovery:discover_packages(path) using defaults
[0.754s] Level 1:colcon.colcon_core.package_discovery:discover_packages(prefix_path) check parameters
[0.754s] Level 1:colcon.colcon_core.package_discovery:discover_packages(prefix_path) discover
[0.781s] DEBUG:colcon.colcon_installed_package_information.package_discovery:Found 4 installed packages in /home/sulieman/quadrotor_target_tracking/install
[0.792s] DEBUG:colcon.colcon_installed_package_information.package_discovery:Found 363 installed packages in /opt/ros/humble
[0.793s] Level 1:colcon.colcon_core.package_discovery:discover_packages(prefix_path) using defaults
[0.840s] Level 5:colcon.colcon_core.verb:set package 'custom_interfaces' build argument 'cmake_args' from command line to 'None'
[0.840s] Level 5:colcon.colcon_core.verb:set package 'custom_interfaces' build argument 'cmake_target' from command line to 'None'
[0.840s] Level 5:colcon.colcon_core.verb:set package 'custom_interfaces' build argument 'cmake_target_skip_unavailable' from command line to 'False'
[0.840s] Level 5:colcon.colcon_core.verb:set package 'custom_interfaces' build argument 'cmake_clean_cache' from command line to 'False'
[0.840s] Level 5:colcon.colcon_core.verb:set package 'custom_interfaces' build argument 'cmake_clean_first' from command line to 'False'
[0.840s] Level 5:colcon.colcon_core.verb:set package 'custom_interfaces' build argument 'cmake_force_configure' from command line to 'False'
[0.840s] Level 5:colcon.colcon_core.verb:set package 'custom_interfaces' build argument 'ament_cmake_args' from command line to 'None'
[0.840s] Level 5:colcon.colcon_core.verb:set package 'custom_interfaces' build argument 'catkin_cmake_args' from command line to 'None'
[0.840s] Level 5:colcon.colcon_core.verb:set package 'custom_interfaces' build argument 'catkin_skip_building_tests' from command line to 'False'
[0.840s] DEBUG:colcon.colcon_core.verb:Building package 'custom_interfaces' with the following arguments: {'ament_cmake_args': None, 'build_base': '/home/sulieman/quadrotor_target_tracking/build/custom_interfaces', 'catkin_cmake_args': None, 'catkin_skip_building_tests': False, 'cmake_args': None, 'cmake_clean_cache': False, 'cmake_clean_first': False, 'cmake_force_configure': False, 'cmake_target': None, 'cmake_target_skip_unavailable': False, 'install_base': '/home/sulieman/quadrotor_target_tracking/install/custom_interfaces', 'merge_install': False, 'path': '/home/sulieman/quadrotor_target_tracking/src/custom_interfaces', 'symlink_install': True, 'test_result_base': None}
[0.850s] Level 5:colcon.colcon_core.verb:set package 'quadrotor_control' build argument 'cmake_args' from command line to 'None'
[0.850s] Level 5:colcon.colcon_core.verb:set package 'quadrotor_control' build argument 'cmake_target' from command line to 'None'
[0.850s] Level 5:colcon.colcon_core.verb:set package 'quadrotor_control' build argument 'cmake_target_skip_unavailable' from command line to 'False'
[0.850s] Level 5:colcon.colcon_core.verb:set package 'quadrotor_control' build argument 'cmake_clean_cache' from command line to 'False'
[0.850s] Level 5:colcon.colcon_core.verb:set package 'quadrotor_control' build argument 'cmake_clean_first' from command line to 'False'
[0.850s] Level 5:colcon.colcon_core.verb:set package 'quadrotor_control' build argument 'cmake_force_configure' from command line to 'False'
[0.850s] Level 5:colcon.colcon_core.verb:set package 'quadrotor_control' build argument 'ament_cmake_args' from command line to 'None'
[0.851s] Level 5:colcon.colcon_core.verb:set package 'quadrotor_control' build argument 'catkin_cmake_args' from command line to 'None'
[0.851s] Level 5:colcon.colcon_core.verb:set package 'quadrotor_control' build argument 'catkin_skip_building_tests' from command line to 'False'
[0.851s] DEBUG:colcon.colcon_core.verb:Building package 'quadrotor_control' with the following arguments: {'ament_cmake_args': None, 'build_base': '/home/sulieman/quadrotor_target_tracking/build/quadrotor_control', 'catkin_cmake_args': None, 'catkin_skip_building_tests': False, 'cmake_args': None, 'cmake_clean_cache': False, 'cmake_clean_first': False, 'cmake_force_configure': False, 'cmake_target': None, 'cmake_target_skip_unavailable': False, 'install_base': '/home/sulieman/quadrotor_target_tracking/install/quadrotor_control', 'merge_install': False, 'path': '/home/sulieman/quadrotor_target_tracking/src/quadrotor_control', 'symlink_install': True, 'test_result_base': None}
[0.861s] Level 5:colcon.colcon_core.verb:set package 'robots_description' build argument 'cmake_args' from command line to 'None'
[0.861s] Level 5:colcon.colcon_core.verb:set package 'robots_description' build argument 'cmake_target' from command line to 'None'
[0.861s] Level 5:colcon.colcon_core.verb:set package 'robots_description' build argument 'cmake_target_skip_unavailable' from command line to 'False'
[0.861s] Level 5:colcon.colcon_core.verb:set package 'robots_description' build argument 'cmake_clean_cache' from command line to 'False'
[0.861s] Level 5:colcon.colcon_core.verb:set package 'robots_description' build argument 'cmake_clean_first' from command line to 'False'
[0.861s] Level 5:colcon.colcon_core.verb:set package 'robots_description' build argument 'cmake_force_configure' from command line to 'False'
[0.861s] Level 5:colcon.colcon_core.verb:set package 'robots_description' build argument 'ament_cmake_args' from command line to 'None'
[0.861s] Level 5:colcon.colcon_core.verb:set package 'robots_description' build argument 'catkin_cmake_args' from command line to 'None'
[0.861s] Level 5:colcon.colcon_core.verb:set package 'robots_description' build argument 'catkin_skip_building_tests' from command line to 'False'
[0.861s] DEBUG:colcon.colcon_core.verb:Building package 'robots_description' with the following arguments: {'ament_cmake_args': None, 'build_base': '/home/sulieman/quadrotor_target_tracking/build/robots_description', 'catkin_cmake_args': None, 'catkin_skip_building_tests': False, 'cmake_args': None, 'cmake_clean_cache': False, 'cmake_clean_first': False, 'cmake_force_configure': False, 'cmake_target': None, 'cmake_target_skip_unavailable': False, 'install_base': '/home/sulieman/quadrotor_target_tracking/install/robots_description', 'merge_install': False, 'path': '/home/sulieman/quadrotor_target_tracking/src/robots_description', 'symlink_install': True, 'test_result_base': None}
[0.871s] Level 5:colcon.colcon_core.verb:set package 'simulation' build argument 'cmake_args' from command line to 'None'
[0.871s] Level 5:colcon.colcon_core.verb:set package 'simulation' build argument 'cmake_target' from command line to 'None'
[0.871s] Level 5:colcon.colcon_core.verb:set package 'simulation' build argument 'cmake_target_skip_unavailable' from command line to 'False'
[0.871s] Level 5:colcon.colcon_core.verb:set package 'simulation' build argument 'cmake_clean_cache' from command line to 'False'
[0.871s] Level 5:colcon.colcon_core.verb:set package 'simulation' build argument 'cmake_clean_first' from command line to 'False'
[0.871s] Level 5:colcon.colcon_core.verb:set package 'simulation' build argument 'cmake_force_configure' from command line to 'False'
[0.871s] Level 5:colcon.colcon_core.verb:set package 'simulation' build argument 'ament_cmake_args' from command line to 'None'
[0.871s] Level 5:colcon.colcon_core.verb:set package 'simulation' build argument 'catkin_cmake_args' from command line to 'None'
[0.871s] Level 5:colcon.colcon_core.verb:set package 'simulation' build argument 'catkin_skip_building_tests' from command line to 'False'
[0.871s] DEBUG:colcon.colcon_core.verb:Building package 'simulation' with the following arguments: {'ament_cmake_args': None, 'build_base': '/home/sulieman/quadrotor_target_tracking/build/simulation', 'catkin_cmake_args': None, 'catkin_skip_building_tests': False, 'cmake_args': None, 'cmake_clean_cache': False, 'cmake_clean_first': False, 'cmake_force_configure': False, 'cmake_target': None, 'cmake_target_skip_unavailable': False, 'install_base': '/home/sulieman/quadrotor_target_tracking/install/simulation', 'merge_install': False, 'path': '/home/sulieman/quadrotor_target_tracking/src/simulation', 'symlink_install': True, 'test_result_base': None}
[0.881s] INFO:colcon.colcon_core.executor:Executing jobs using 'parallel' executor
[0.892s] DEBUG:colcon.colcon_parallel_executor.executor.parallel:run_until_complete
[0.892s] INFO:colcon.colcon_ros.task.ament_cmake.build:Building ROS package in '/home/sulieman/quadrotor_target_tracking/src/custom_interfaces' with build type 'ament_cmake'
[0.892s] INFO:colcon.colcon_cmake.task.cmake.build:Building CMake package in '/home/sulieman/quadrotor_target_tracking/src/custom_interfaces'
[0.904s] INFO:colcon.colcon_core.plugin_system:Skipping extension 'colcon_core.shell.bat': Not used on non-Windows systems
[0.904s] INFO:colcon.colcon_core.shell:Skip shell extension 'powershell' for command environment: Not usable outside of PowerShell
[0.904s] DEBUG:colcon.colcon_core.shell:Skip shell extension 'dsv' for command environment
[0.938s] INFO:colcon.colcon_ros.task.ament_cmake.build:Building ROS package in '/home/sulieman/quadrotor_target_tracking/src/quadrotor_control' with build type 'ament_cmake'
[0.938s] INFO:colcon.colcon_cmake.task.cmake.build:Building CMake package in '/home/sulieman/quadrotor_target_tracking/src/quadrotor_control'
[0.949s] INFO:colcon.colcon_core.shell:Skip shell extension 'powershell' for command environment: Not usable outside of PowerShell
[0.949s] DEBUG:colcon.colcon_core.shell:Skip shell extension 'dsv' for command environment
[0.984s] INFO:colcon.colcon_ros.task.ament_python.build:Building ROS package in '/home/sulieman/quadrotor_target_tracking/src/robots_description' with build type 'ament_python'
[0.984s] Level 1:colcon.colcon_core.shell:create_environment_hook('robots_description', 'ament_prefix_path')
[0.996s] INFO:colcon.colcon_core.shell:Creating environment hook '/home/sulieman/quadrotor_target_tracking/install/robots_description/share/robots_description/hook/ament_prefix_path.ps1'
[0.997s] INFO:colcon.colcon_core.shell:Creating environment descriptor '/home/sulieman/quadrotor_target_tracking/install/robots_description/share/robots_description/hook/ament_prefix_path.dsv'
[0.997s] INFO:colcon.colcon_core.shell:Creating environment hook '/home/sulieman/quadrotor_target_tracking/install/robots_description/share/robots_description/hook/ament_prefix_path.sh'
[1.008s] INFO:colcon.colcon_core.shell:Skip shell extension 'powershell' for command environment: Not usable outside of PowerShell
[1.008s] DEBUG:colcon.colcon_core.shell:Skip shell extension 'dsv' for command environment
[1.043s] INFO:colcon.colcon_ros.task.ament_python.build:Building ROS package in '/home/sulieman/quadrotor_target_tracking/src/simulation' with build type 'ament_python'
[1.043s] Level 1:colcon.colcon_core.shell:create_environment_hook('simulation', 'ament_prefix_path')
[1.055s] INFO:colcon.colcon_core.shell:Creating environment hook '/home/sulieman/quadrotor_target_tracking/install/simulation/share/simulation/hook/ament_prefix_path.ps1'
[1.055s] INFO:colcon.colcon_core.shell:Creating environment descriptor '/home/sulieman/quadrotor_target_tracking/install/simulation/share/simulation/hook/ament_prefix_path.dsv'
[1.056s] INFO:colcon.colcon_core.shell:Creating environment hook '/home/sulieman/quadrotor_target_tracking/install/simulation/share/simulation/hook/ament_prefix_path.sh'
[1.067s] INFO:colcon.colcon_core.shell:Skip shell extension 'powershell' for command environment: Not usable outside of PowerShell
[1.067s] DEBUG:colcon.colcon_core.shell:Skip shell extension 'dsv' for command environment
[1.107s] DEBUG:colcon.colcon_core.event_handler.log_command:Invoking command in '/home/sulieman/quadrotor_target_tracking/build/custom_interfaces': CMAKE_PREFIX_PATH=${CMAKE_PREFIX_PATH}:/home/sulieman/quadrotor_target_tracking/install/simulation:/opt/ros/humble /usr/bin/cmake --build /home/sulieman/quadrotor_target_tracking/build/custom_interfaces -- -j16 -l16
[1.110s] DEBUG:colcon.colcon_core.event_handler.log_command:Invoking command in '/home/sulieman/quadrotor_target_tracking/build/quadrotor_control': CMAKE_PREFIX_PATH=${CMAKE_PREFIX_PATH}:/home/sulieman/quadrotor_target_tracking/install/simulation:/opt/ros/humble /usr/bin/cmake --build /home/sulieman/quadrotor_target_tracking/build/quadrotor_control -- -j16 -l16
[1.244s] INFO:colcon.colcon_core.task.python.build:Building Python package in '/home/sulieman/quadrotor_target_tracking/src/robots_description'
[1.256s] INFO:colcon.colcon_core.shell:Skip shell extension 'powershell' for command environment: Not usable outside of PowerShell
[1.256s] DEBUG:colcon.colcon_core.shell:Skip shell extension 'dsv' for command environment
[1.421s] INFO:colcon.colcon_core.task.python.build:Building Python package in '/home/sulieman/quadrotor_target_tracking/src/simulation'
[1.432s] INFO:colcon.colcon_core.shell:Skip shell extension 'powershell' for command environment: Not usable outside of PowerShell
[1.432s] DEBUG:colcon.colcon_core.shell:Skip shell extension 'dsv' for command environment
[1.469s] DEBUG:colcon.colcon_core.event_handler.log_command:Invoked command in '/home/sulieman/quadrotor_target_tracking/build/custom_interfaces' returned '0': CMAKE_PREFIX_PATH=${CMAKE_PREFIX_PATH}:/home/sulieman/quadrotor_target_tracking/install/simulation:/opt/ros/humble /usr/bin/cmake --build /home/sulieman/quadrotor_target_tracking/build/custom_interfaces -- -j16 -l16
[1.507s] DEBUG:colcon.colcon_core.event_handler.log_command:Invoking command in '/home/sulieman/quadrotor_target_tracking/build/custom_interfaces': CMAKE_PREFIX_PATH=${CMAKE_PREFIX_PATH}:/home/sulieman/quadrotor_target_tracking/install/simulation:/opt/ros/humble /usr/bin/cmake --install /home/sulieman/quadrotor_target_tracking/build/custom_interfaces
[1.548s] Level 1:colcon.colcon_core.environment:create_environment_scripts_only(custom_interfaces)
[1.549s] DEBUG:colcon.colcon_core.event_handler.log_command:Invoked command in '/home/sulieman/quadrotor_target_tracking/build/custom_interfaces' returned '0': CMAKE_PREFIX_PATH=${CMAKE_PREFIX_PATH}:/home/sulieman/quadrotor_target_tracking/install/simulation:/opt/ros/humble /usr/bin/cmake --install /home/sulieman/quadrotor_target_tracking/build/custom_interfaces
[1.561s] Level 1:colcon.colcon_core.environment:checking '/home/sulieman/quadrotor_target_tracking/install/custom_interfaces' for CMake module files
[1.561s] Level 1:colcon.colcon_core.environment:checking '/home/sulieman/quadrotor_target_tracking/install/custom_interfaces' for CMake config files
[1.562s] Level 1:colcon.colcon_core.shell:create_environment_hook('custom_interfaces', 'cmake_prefix_path')
[1.572s] INFO:colcon.colcon_core.shell:Creating environment hook '/home/sulieman/quadrotor_target_tracking/install/custom_interfaces/share/custom_interfaces/hook/cmake_prefix_path.ps1'
[1.573s] INFO:colcon.colcon_core.shell:Creating environment descriptor '/home/sulieman/quadrotor_target_tracking/install/custom_interfaces/share/custom_interfaces/hook/cmake_prefix_path.dsv'
[1.573s] INFO:colcon.colcon_core.shell:Creating environment hook '/home/sulieman/quadrotor_target_tracking/install/custom_interfaces/share/custom_interfaces/hook/cmake_prefix_path.sh'
[1.573s] Level 1:colcon.colcon_core.environment:checking '/home/sulieman/quadrotor_target_tracking/install/custom_interfaces/lib'
[1.573s] Level 1:colcon.colcon_core.shell:create_environment_hook('custom_interfaces', 'ld_library_path_lib')
[1.585s] INFO:colcon.colcon_core.shell:Creating environment hook '/home/sulieman/quadrotor_target_tracking/install/custom_interfaces/share/custom_interfaces/hook/ld_library_path_lib.ps1'
[1.585s] INFO:colcon.colcon_core.shell:Creating environment descriptor '/home/sulieman/quadrotor_target_tracking/install/custom_interfaces/share/custom_interfaces/hook/ld_library_path_lib.dsv'
[1.585s] INFO:colcon.colcon_core.shell:Creating environment hook '/home/sulieman/quadrotor_target_tracking/install/custom_interfaces/share/custom_interfaces/hook/ld_library_path_lib.sh'
[1.585s] Level 1:colcon.colcon_core.environment:checking '/home/sulieman/quadrotor_target_tracking/install/custom_interfaces/bin'
[1.585s] Level 1:colcon.colcon_core.environment:checking '/home/sulieman/quadrotor_target_tracking/install/custom_interfaces/lib/pkgconfig/custom_interfaces.pc'
[1.586s] Level 1:colcon.colcon_core.environment:checking '/home/sulieman/quadrotor_target_tracking/install/custom_interfaces/lib/python3.10/site-packages'
[1.586s] Level 1:colcon.colcon_core.environment:checking '/home/sulieman/quadrotor_target_tracking/install/custom_interfaces/bin'
[1.602s] INFO:colcon.colcon_core.shell:Creating package script '/home/sulieman/quadrotor_target_tracking/install/custom_interfaces/share/custom_interfaces/package.ps1'
[1.603s] INFO:colcon.colcon_core.shell:Creating package descriptor '/home/sulieman/quadrotor_target_tracking/install/custom_interfaces/share/custom_interfaces/package.dsv'
[1.604s] INFO:colcon.colcon_core.shell:Creating package script '/home/sulieman/quadrotor_target_tracking/install/custom_interfaces/share/custom_interfaces/package.sh'
[1.604s] INFO:colcon.colcon_core.shell:Creating package script '/home/sulieman/quadrotor_target_tracking/install/custom_interfaces/share/custom_interfaces/package.bash'
[1.605s] INFO:colcon.colcon_core.shell:Creating package script '/home/sulieman/quadrotor_target_tracking/install/custom_interfaces/share/custom_interfaces/package.zsh'
[1.606s] Level 1:colcon.colcon_core.environment:create_file_with_runtime_dependencies(/home/sulieman/quadrotor_target_tracking/install/custom_interfaces/share/colcon-core/packages/custom_interfaces)
[1.650s] Level 1:colcon.colcon_core.environment:create_environment_scripts_only(custom_interfaces)
[1.661s] Level 1:colcon.colcon_core.environment:checking '/home/sulieman/quadrotor_target_tracking/install/custom_interfaces' for CMake module files
[1.662s] Level 1:colcon.colcon_core.environment:checking '/home/sulieman/quadrotor_target_tracking/install/custom_interfaces' for CMake config files
[1.662s] Level 1:colcon.colcon_core.shell:create_environment_hook('custom_interfaces', 'cmake_prefix_path')
[1.674s] INFO:colcon.colcon_core.shell:Creating environment hook '/home/sulieman/quadrotor_target_tracking/install/custom_interfaces/share/custom_interfaces/hook/cmake_prefix_path.ps1'
[1.674s] INFO:colcon.colcon_core.shell:Creating environment descriptor '/home/sulieman/quadrotor_target_tracking/install/custom_interfaces/share/custom_interfaces/hook/cmake_prefix_path.dsv'
[1.674s] INFO:colcon.colcon_core.shell:Creating environment hook '/home/sulieman/quadrotor_target_tracking/install/custom_interfaces/share/custom_interfaces/hook/cmake_prefix_path.sh'
[1.675s] Level 1:colcon.colcon_core.environment:checking '/home/sulieman/quadrotor_target_tracking/install/custom_interfaces/lib'
[1.675s] Level 1:colcon.colcon_core.shell:create_environment_hook('custom_interfaces', 'ld_library_path_lib')
[1.687s] INFO:colcon.colcon_core.shell:Creating environment hook '/home/sulieman/quadrotor_target_tracking/install/custom_interfaces/share/custom_interfaces/hook/ld_library_path_lib.ps1'
[1.687s] INFO:colcon.colcon_core.shell:Creating environment descriptor '/home/sulieman/quadrotor_target_tracking/install/custom_interfaces/share/custom_interfaces/hook/ld_library_path_lib.dsv'
[1.688s] INFO:colcon.colcon_core.shell:Creating environment hook '/home/sulieman/quadrotor_target_tracking/install/custom_interfaces/share/custom_interfaces/hook/ld_library_path_lib.sh'
[1.688s] Level 1:colcon.colcon_core.environment:checking '/home/sulieman/quadrotor_target_tracking/install/custom_interfaces/bin'
[1.688s] Level 1:colcon.colcon_core.environment:checking '/home/sulieman/quadrotor_target_tracking/install/custom_interfaces/lib/pkgconfig/custom_interfaces.pc'
[1.688s] Level 1:colcon.colcon_core.environment:checking '/home/sulieman/quadrotor_target_tracking/install/custom_interfaces/lib/python3.10/site-packages'
[1.688s] Level 1:colcon.colcon_core.environment:checking '/home/sulieman/quadrotor_target_tracking/install/custom_interfaces/bin'
[1.700s] INFO:colcon.colcon_core.shell:Creating package script '/home/sulieman/quadrotor_target_tracking/install/custom_interfaces/share/custom_interfaces/package.ps1'
[1.701s] INFO:colcon.colcon_core.shell:Creating package descriptor '/home/sulieman/quadrotor_target_tracking/install/custom_interfaces/share/custom_interfaces/package.dsv'
[1.701s] INFO:colcon.colcon_core.shell:Creating package script '/home/sulieman/quadrotor_target_tracking/install/custom_interfaces/share/custom_interfaces/package.sh'
[1.701s] INFO:colcon.colcon_core.shell:Creating package script '/home/sulieman/quadrotor_target_tracking/install/custom_interfaces/share/custom_interfaces/package.bash'
[1.702s] INFO:colcon.colcon_core.shell:Creating package script '/home/sulieman/quadrotor_target_tracking/install/custom_interfaces/share/custom_interfaces/package.zsh'
[1.702s] Level 1:colcon.colcon_core.environment:create_file_with_runtime_dependencies(/home/sulieman/quadrotor_target_tracking/install/custom_interfaces/share/colcon-core/packages/custom_interfaces)
[1.885s] DEBUG:colcon.colcon_core.event_handler.log_command:Invoking command in '/home/sulieman/quadrotor_target_tracking/build/simulation': PYTHONPATH=/home/sulieman/quadrotor_target_tracking/build/simulation/prefix_override:/home/sulieman/quadrotor_target_tracking/install/simulation/lib/python3.10/site-packages:${PYTHONPATH} /usr/bin/python3 setup.py develop --editable --build-directory /home/sulieman/quadrotor_target_tracking/build/simulation/build --no-deps install_data
[1.887s] DEBUG:colcon.colcon_core.event_handler.log_command:Invoking command in '/home/sulieman/quadrotor_target_tracking/build/robots_description': PYTHONPATH=/home/sulieman/quadrotor_target_tracking/build/robots_description/prefix_override:/home/sulieman/quadrotor_target_tracking/install/robots_description/lib/python3.10/site-packages:${PYTHONPATH} /usr/bin/python3 setup.py develop --editable --build-directory /home/sulieman/quadrotor_target_tracking/build/robots_description/build --no-deps install_data
[2.340s] Level 1:colcon.colcon_core.shell:create_environment_hook('simulation', 'pythonpath_develop')
[2.340s] DEBUG:colcon.colcon_core.event_handler.log_command:Invoked command in '/home/sulieman/quadrotor_target_tracking/build/simulation' returned '0': PYTHONPATH=/home/sulieman/quadrotor_target_tracking/build/simulation/prefix_override:/home/sulieman/quadrotor_target_tracking/install/simulation/lib/python3.10/site-packages:${PYTHONPATH} /usr/bin/python3 setup.py develop --editable --build-directory /home/sulieman/quadrotor_target_tracking/build/simulation/build --no-deps install_data
[2.352s] INFO:colcon.colcon_core.shell:Creating environment hook '/home/sulieman/quadrotor_target_tracking/build/simulation/share/simulation/hook/pythonpath_develop.ps1'
[2.352s] INFO:colcon.colcon_core.shell:Creating environment descriptor '/home/sulieman/quadrotor_target_tracking/build/simulation/share/simulation/hook/pythonpath_develop.dsv'
[2.352s] INFO:colcon.colcon_core.shell:Creating environment hook '/home/sulieman/quadrotor_target_tracking/build/simulation/share/simulation/hook/pythonpath_develop.sh'
[2.364s] Level 1:colcon.colcon_core.environment:checking '/home/sulieman/quadrotor_target_tracking/install/simulation' for CMake module files
[2.364s] Level 1:colcon.colcon_core.environment:checking '/home/sulieman/quadrotor_target_tracking/install/simulation' for CMake config files
[2.364s] Level 1:colcon.colcon_core.environment:checking '/home/sulieman/quadrotor_target_tracking/install/simulation/lib'
[2.364s] Level 1:colcon.colcon_core.environment:checking '/home/sulieman/quadrotor_target_tracking/install/simulation/bin'
[2.365s] Level 1:colcon.colcon_core.environment:checking '/home/sulieman/quadrotor_target_tracking/install/simulation/lib/pkgconfig/simulation.pc'
[2.365s] Level 1:colcon.colcon_core.environment:checking '/home/sulieman/quadrotor_target_tracking/install/simulation/lib/python3.10/site-packages'
[2.365s] Level 1:colcon.colcon_core.shell:create_environment_hook('simulation', 'pythonpath')
[2.376s] INFO:colcon.colcon_core.shell:Creating environment hook '/home/sulieman/quadrotor_target_tracking/install/simulation/share/simulation/hook/pythonpath.ps1'
[2.376s] INFO:colcon.colcon_core.shell:Creating environment descriptor '/home/sulieman/quadrotor_target_tracking/install/simulation/share/simulation/hook/pythonpath.dsv'
[2.376s] INFO:colcon.colcon_core.shell:Creating environment hook '/home/sulieman/quadrotor_target_tracking/install/simulation/share/simulation/hook/pythonpath.sh'
[2.377s] Level 1:colcon.colcon_core.environment:checking '/home/sulieman/quadrotor_target_tracking/install/simulation/bin'
[2.377s] Level 1:colcon.colcon_core.environment:create_environment_scripts_only(simulation)
[2.388s] INFO:colcon.colcon_core.shell:Creating package script '/home/sulieman/quadrotor_target_tracking/install/simulation/share/simulation/package.ps1'
[2.388s] INFO:colcon.colcon_core.shell:Creating package descriptor '/home/sulieman/quadrotor_target_tracking/install/simulation/share/simulation/package.dsv'
[2.388s] INFO:colcon.colcon_core.shell:Creating package script '/home/sulieman/quadrotor_target_tracking/install/simulation/share/simulation/package.sh'
[2.388s] INFO:colcon.colcon_core.shell:Creating package script '/home/sulieman/quadrotor_target_tracking/install/simulation/share/simulation/package.bash'
[2.389s] INFO:colcon.colcon_core.shell:Creating package script '/home/sulieman/quadrotor_target_tracking/install/simulation/share/simulation/package.zsh'
[2.389s] Level 1:colcon.colcon_core.environment:create_file_with_runtime_dependencies(/home/sulieman/quadrotor_target_tracking/install/simulation/share/colcon-core/packages/simulation)
[2.390s] Level 1:colcon.colcon_core.shell:create_environment_hook('robots_description', 'pythonpath_develop')
[2.390s] DEBUG:colcon.colcon_core.event_handler.log_command:Invoked command in '/home/sulieman/quadrotor_target_tracking/build/robots_description' returned '0': PYTHONPATH=/home/sulieman/quadrotor_target_tracking/build/robots_description/prefix_override:/home/sulieman/quadrotor_target_tracking/install/robots_description/lib/python3.10/site-packages:${PYTHONPATH} /usr/bin/python3 setup.py develop --editable --build-directory /home/sulieman/quadrotor_target_tracking/build/robots_description/build --no-deps install_data
[2.402s] INFO:colcon.colcon_core.shell:Creating environment hook '/home/sulieman/quadrotor_target_tracking/build/robots_description/share/robots_description/hook/pythonpath_develop.ps1'
[2.402s] INFO:colcon.colcon_core.shell:Creating environment descriptor '/home/sulieman/quadrotor_target_tracking/build/robots_description/share/robots_description/hook/pythonpath_develop.dsv'
[2.402s] INFO:colcon.colcon_core.shell:Creating environment hook '/home/sulieman/quadrotor_target_tracking/build/robots_description/share/robots_description/hook/pythonpath_develop.sh'
[2.414s] Level 1:colcon.colcon_core.environment:checking '/home/sulieman/quadrotor_target_tracking/install/robots_description' for CMake module files
[2.415s] Level 1:colcon.colcon_core.environment:checking '/home/sulieman/quadrotor_target_tracking/install/robots_description' for CMake config files
[2.415s] Level 1:colcon.colcon_core.environment:checking '/home/sulieman/quadrotor_target_tracking/install/robots_description/lib'
[2.415s] Level 1:colcon.colcon_core.environment:checking '/home/sulieman/quadrotor_target_tracking/install/robots_description/bin'
[2.415s] Level 1:colcon.colcon_core.environment:checking '/home/sulieman/quadrotor_target_tracking/install/robots_description/lib/pkgconfig/robots_description.pc'
[2.415s] Level 1:colcon.colcon_core.environment:checking '/home/sulieman/quadrotor_target_tracking/install/robots_description/lib/python3.10/site-packages'
[2.415s] Level 1:colcon.colcon_core.shell:create_environment_hook('robots_description', 'pythonpath')
[2.426s] INFO:colcon.colcon_core.shell:Creating environment hook '/home/sulieman/quadrotor_target_tracking/install/robots_description/share/robots_description/hook/pythonpath.ps1'
[2.427s] INFO:colcon.colcon_core.shell:Creating environment descriptor '/home/sulieman/quadrotor_target_tracking/install/robots_description/share/robots_description/hook/pythonpath.dsv'
[2.427s] INFO:colcon.colcon_core.shell:Creating environment hook '/home/sulieman/quadrotor_target_tracking/install/robots_description/share/robots_description/hook/pythonpath.sh'
[2.427s] Level 1:colcon.colcon_core.environment:checking '/home/sulieman/quadrotor_target_tracking/install/robots_description/bin'
[2.427s] Level 1:colcon.colcon_core.environment:create_environment_scripts_only(robots_description)
[2.439s] INFO:colcon.colcon_core.shell:Creating package script '/home/sulieman/quadrotor_target_tracking/install/robots_description/share/robots_description/package.ps1'
[2.439s] INFO:colcon.colcon_core.shell:Creating package descriptor '/home/sulieman/quadrotor_target_tracking/install/robots_description/share/robots_description/package.dsv'
[2.439s] INFO:colcon.colcon_core.shell:Creating package script '/home/sulieman/quadrotor_target_tracking/install/robots_description/share/robots_description/package.sh'
[2.440s] INFO:colcon.colcon_core.shell:Creating package script '/home/sulieman/quadrotor_target_tracking/install/robots_description/share/robots_description/package.bash'
[2.440s] INFO:colcon.colcon_core.shell:Creating package script '/home/sulieman/quadrotor_target_tracking/install/robots_description/share/robots_description/package.zsh'
[2.440s] Level 1:colcon.colcon_core.environment:create_file_with_runtime_dependencies(/home/sulieman/quadrotor_target_tracking/install/robots_description/share/colcon-core/packages/robots_description)
[7.887s] DEBUG:colcon.colcon_core.event_handler.log_command:Invoked command in '/home/sulieman/quadrotor_target_tracking/build/quadrotor_control' returned '0': CMAKE_PREFIX_PATH=${CMAKE_PREFIX_PATH}:/home/sulieman/quadrotor_target_tracking/install/simulation:/opt/ros/humble /usr/bin/cmake --build /home/sulieman/quadrotor_target_tracking/build/quadrotor_control -- -j16 -l16
[7.903s] DEBUG:colcon.colcon_core.event_handler.log_command:Invoking command in '/home/sulieman/quadrotor_target_tracking/build/quadrotor_control': CMAKE_PREFIX_PATH=${CMAKE_PREFIX_PATH}:/home/sulieman/quadrotor_target_tracking/install/simulation:/opt/ros/humble /usr/bin/cmake --install /home/sulieman/quadrotor_target_tracking/build/quadrotor_control
[7.915s] Level 1:colcon.colcon_core.environment:create_environment_scripts_only(quadrotor_control)
[7.916s] DEBUG:colcon.colcon_core.event_handler.log_command:Invoked command in '/home/sulieman/quadrotor_target_tracking/build/quadrotor_control' returned '0': CMAKE_PREFIX_PATH=${CMAKE_PREFIX_PATH}:/home/sulieman/quadrotor_target_tracking/install/simulation:/opt/ros/humble /usr/bin/cmake --install /home/sulieman/quadrotor_target_tracking/build/quadrotor_control
[7.927s] Level 1:colcon.colcon_core.environment:checking '/home/sulieman/quadrotor_target_tracking/install/quadrotor_control' for CMake module files
[7.927s] Level 1:colcon.colcon_core.environment:checking '/home/sulieman/quadrotor_target_tracking/install/quadrotor_control' for CMake config files
[7.927s] Level 1:colcon.colcon_core.shell:create_environment_hook('quadrotor_control', 'cmake_prefix_path')
[7.945s] INFO:colcon.colcon_core.shell:Creating environment hook '/home/sulieman/quadrotor_target_tracking/install/quadrotor_control/share/quadrotor_control/hook/cmake_prefix_path.ps1'
[7.945s] INFO:colcon.colcon_core.shell:Creating environment descriptor '/home/sulieman/quadrotor_target_tracking/install/quadrotor_control/share/quadrotor_control/hook/cmake_prefix_path.dsv'
[7.945s] INFO:colcon.colcon_core.shell:Creating environment hook '/home/sulieman/quadrotor_target_tracking/install/quadrotor_control/share/quadrotor_control/hook/cmake_prefix_path.sh'
[7.946s] Level 1:colcon.colcon_core.environment:checking '/home/sulieman/quadrotor_target_tracking/install/quadrotor_control/lib'
[7.946s] Level 1:colcon.colcon_core.environment:checking '/home/sulieman/quadrotor_target_tracking/install/quadrotor_control/bin'
[7.946s] Level 1:colcon.colcon_core.environment:checking '/home/sulieman/quadrotor_target_tracking/install/quadrotor_control/lib/pkgconfig/quadrotor_control.pc'
[7.946s] Level 1:colcon.colcon_core.environment:checking '/home/sulieman/quadrotor_target_tracking/install/quadrotor_control/lib/python3.10/site-packages'
[7.946s] Level 1:colcon.colcon_core.environment:checking '/home/sulieman/quadrotor_target_tracking/install/quadrotor_control/bin'
[7.957s] INFO:colcon.colcon_core.shell:Creating package script '/home/sulieman/quadrotor_target_tracking/install/quadrotor_control/share/quadrotor_control/package.ps1'
[7.957s] INFO:colcon.colcon_core.shell:Creating package descriptor '/home/sulieman/quadrotor_target_tracking/install/quadrotor_control/share/quadrotor_control/package.dsv'
[7.958s] INFO:colcon.colcon_core.shell:Creating package script '/home/sulieman/quadrotor_target_tracking/install/quadrotor_control/share/quadrotor_control/package.sh'
[7.958s] INFO:colcon.colcon_core.shell:Creating package script '/home/sulieman/quadrotor_target_tracking/install/quadrotor_control/share/quadrotor_control/package.bash'
[7.958s] INFO:colcon.colcon_core.shell:Creating package script '/home/sulieman/quadrotor_target_tracking/install/quadrotor_control/share/quadrotor_control/package.zsh'
[7.958s] Level 1:colcon.colcon_core.environment:create_file_with_runtime_dependencies(/home/sulieman/quadrotor_target_tracking/install/quadrotor_control/share/colcon-core/packages/quadrotor_control)
[7.989s] Level 1:colcon.colcon_core.environment:create_environment_scripts_only(quadrotor_control)
[8.000s] Level 1:colcon.colcon_core.environment:checking '/home/sulieman/quadrotor_target_tracking/install/quadrotor_control' for CMake module files
[8.000s] Level 1:colcon.colcon_core.environment:checking '/home/sulieman/quadrotor_target_tracking/install/quadrotor_control' for CMake config files
[8.001s] Level 1:colcon.colcon_core.shell:create_environment_hook('quadrotor_control', 'cmake_prefix_path')
[8.012s] INFO:colcon.colcon_core.shell:Creating environment hook '/home/sulieman/quadrotor_target_tracking/install/quadrotor_control/share/quadrotor_control/hook/cmake_prefix_path.ps1'
[8.013s] INFO:colcon.colcon_core.shell:Creating environment descriptor '/home/sulieman/quadrotor_target_tracking/install/quadrotor_control/share/quadrotor_control/hook/cmake_prefix_path.dsv'
[8.013s] INFO:colcon.colcon_core.shell:Creating environment hook '/home/sulieman/quadrotor_target_tracking/install/quadrotor_control/share/quadrotor_control/hook/cmake_prefix_path.sh'
[8.013s] Level 1:colcon.colcon_core.environment:checking '/home/sulieman/quadrotor_target_tracking/install/quadrotor_control/lib'
[8.013s] Level 1:colcon.colcon_core.environment:checking '/home/sulieman/quadrotor_target_tracking/install/quadrotor_control/bin'
[8.013s] Level 1:colcon.colcon_core.environment:checking '/home/sulieman/quadrotor_target_tracking/install/quadrotor_control/lib/pkgconfig/quadrotor_control.pc'
[8.013s] Level 1:colcon.colcon_core.environment:checking '/home/sulieman/quadrotor_target_tracking/install/quadrotor_control/lib/python3.10/site-packages'
[8.014s] Level 1:colcon.colcon_core.environment:checking '/home/sulieman/quadrotor_target_tracking/install/quadrotor_control/bin'
[8.024s] INFO:colcon.colcon_core.shell:Creating package script '/home/sulieman/quadrotor_target_tracking/install/quadrotor_control/share/quadrotor_control/package.ps1'
[8.025s] INFO:colcon.colcon_core.shell:Creating package descriptor '/home/sulieman/quadrotor_target_tracking/install/quadrotor_control/share/quadrotor_control/package.dsv'
[8.025s] INFO:colcon.colcon_core.shell:Creating package script '/home/sulieman/quadrotor_target_tracking/install/quadrotor_control/share/quadrotor_control/package.sh'
[8.025s] INFO:colcon.colcon_core.shell:Creating package script '/home/sulieman/quadrotor_target_tracking/install/quadrotor_control/share/quadrotor_control/package.bash'
[8.025s] INFO:colcon.colcon_core.shell:Creating package script '/home/sulieman/quadrotor_target_tracking/install/quadrotor_control/share/quadrotor_control/package.zsh'
[8.025s] Level 1:colcon.colcon_core.environment:create_file_with_runtime_dependencies(/home/sulieman/quadrotor_target_tracking/install/quadrotor_control/share/colcon-core/packages/quadrotor_control)
[8.025s] DEBUG:colcon.colcon_parallel_executor.executor.parallel:closing loop
[8.025s] DEBUG:colcon.colcon_parallel_executor.executor.parallel:loop closed
[8.025s] DEBUG:colcon.colcon_parallel_executor.executor.parallel:run_until_complete finished with '0'
[8.026s] DEBUG:colcon.colcon_core.event_reactor:joining thread
[8.040s] INFO:colcon.colcon_core.plugin_system:Skipping extension 'colcon_notification.desktop_notification.terminal_notifier': Not used on non-Darwin systems
[8.040s] INFO:colcon.colcon_core.plugin_system:Skipping extension 'colcon_notification.desktop_notification.win32': Not used on non-Windows systems
[8.040s] INFO:colcon.colcon_notification.desktop_notification:Sending desktop notification using 'notify2'
[8.050s] DEBUG:colcon.colcon_core.event_reactor:joined thread
[8.064s] INFO:colcon.colcon_core.shell:Creating prefix script '/home/sulieman/quadrotor_target_tracking/install/local_setup.ps1'
[8.065s] INFO:colcon.colcon_core.shell:Creating prefix util module '/home/sulieman/quadrotor_target_tracking/install/_local_setup_util_ps1.py'
[8.066s] INFO:colcon.colcon_core.shell:Creating prefix chain script '/home/sulieman/quadrotor_target_tracking/install/setup.ps1'
[8.077s] INFO:colcon.colcon_core.shell:Creating prefix script '/home/sulieman/quadrotor_target_tracking/install/local_setup.sh'
[8.077s] INFO:colcon.colcon_core.shell:Creating prefix util module '/home/sulieman/quadrotor_target_tracking/install/_local_setup_util_sh.py'
[8.077s] INFO:colcon.colcon_core.shell:Creating prefix chain script '/home/sulieman/quadrotor_target_tracking/install/setup.sh'
[8.089s] INFO:colcon.colcon_core.shell:Creating prefix script '/home/sulieman/quadrotor_target_tracking/install/local_setup.bash'
[8.090s] INFO:colcon.colcon_core.shell:Creating prefix chain script '/home/sulieman/quadrotor_target_tracking/install/setup.bash'
[8.102s] INFO:colcon.colcon_core.shell:Creating prefix script '/home/sulieman/quadrotor_target_tracking/install/local_setup.zsh'
[8.102s] INFO:colcon.colcon_core.shell:Creating prefix chain script '/home/sulieman/quadrotor_target_tracking/install/setup.zsh'
